2022-04-22 13:01:12.844 INFO  [acme.Launcher@main] Starting Launcher using Java 1.8.0_281 on LAPTOP-222T00T7 with PID 240 (C:\Users\laura\Downloads\Workspace-22.0\Frameworks\Acme-Framework-22.3\target\classes started by laura in C:\Users\laura\git\Acme-Toolkits) 
2022-04-22 13:01:12.846 DEBUG [acme.Launcher@main] Running with Spring Boot v2.4.2, Spring v5.3.3 
2022-04-22 13:01:12.848 INFO  [acme.Launcher@main] The following profiles are active: development,default 
2022-04-22 13:01:17.329 DEBUG [org.apache.jasper.servlet.JasperInitializer@main] Initializing Jasper for context [application] 
2022-04-22 13:01:23.877 DEBUG [org.apache.jasper.servlet.JspServlet@main] Scratch dir for the JSP engine is: [C:\Users\laura\AppData\Local\Temp\tomcat.8080.2019078286531080707\work\Tomcat\localhost\acme-toolkits-1.0] 
2022-04-22 13:01:23.878 DEBUG [org.apache.jasper.servlet.JspServlet@main] IMPORTANT: Do not modify the generated servlets 
2022-04-22 13:01:23.907 INFO  [acme.Launcher@main] Started Launcher in 12.449 seconds (JVM running for 13.719) 
2022-04-22 13:01:23.918 DEBUG [acme.Launcher@main] Found classpath entry '/C:/Users/laura/git/Acme-Toolkits/target/test-classes/' 
2022-04-22 13:01:23.918 DEBUG [acme.Launcher@main] Found classpath entry '/C:/Users/laura/git/Acme-Toolkits/target/classes/' 
2022-04-22 13:01:23.918 DEBUG [acme.Launcher@main] Found classpath entry '/C:/Users/laura/Downloads/Workspace-22.0/Frameworks/Acme-Framework-22.3/target/classes/' 
2022-04-22 13:01:23.918 DEBUG [acme.Launcher@main] Found classpath entry '/C:/Users/laura/Downloads/Workspace-22.0/Frameworks/Acme-Framework-22.3/target/test-classes/' 
2022-04-22 13:01:23.919 DEBUG [acme.Launcher@main] Found classpath entry '/C:/Users/laura/.m2/repository/org/springframework/boot/spring-boot-starter-tomcat/2.4.2/spring-boot-starter-tomcat-2.4.2.jar' 
2022-04-22 13:01:23.919 DEBUG [acme.Launcher@main] Found classpath entry '/C:/Users/laura/.m2/repository/jakarta/annotation/jakarta.annotation-api/1.3.5/jakarta.annotation-api-1.3.5.jar' 
2022-04-22 13:01:23.919 DEBUG [acme.Launcher@main] Found classpath entry '/C:/Users/laura/.m2/repository/org/apache/tomcat/embed/tomcat-embed-core/9.0.41/tomcat-embed-core-9.0.41.jar' 
2022-04-22 13:01:23.919 DEBUG [acme.Launcher@main] Found classpath entry '/C:/Users/laura/.m2/repository/org/glassfish/jakarta.el/3.0.3/jakarta.el-3.0.3.jar' 
2022-04-22 13:01:23.920 DEBUG [acme.Launcher@main] Found classpath entry '/C:/Users/laura/.m2/repository/org/apache/tomcat/embed/tomcat-embed-websocket/9.0.41/tomcat-embed-websocket-9.0.41.jar' 
2022-04-22 13:01:23.920 DEBUG [acme.Launcher@main] Found classpath entry '/C:/Users/laura/.m2/repository/org/apache/tomcat/embed/tomcat-embed-jasper/9.0.41/tomcat-embed-jasper-9.0.41.jar' 
2022-04-22 13:01:23.921 DEBUG [acme.Launcher@main] Found classpath entry '/C:/Users/laura/.m2/repository/org/apache/tomcat/embed/tomcat-embed-el/9.0.41/tomcat-embed-el-9.0.41.jar' 
2022-04-22 13:01:23.921 DEBUG [acme.Launcher@main] Found classpath entry '/C:/Users/laura/.m2/repository/org/eclipse/jdt/ecj/3.18.0/ecj-3.18.0.jar' 
2022-04-22 13:01:23.921 DEBUG [acme.Launcher@main] Found classpath entry '/C:/Users/laura/.m2/repository/javax/servlet/jstl/1.2/jstl-1.2.jar' 
2022-04-22 13:01:23.922 DEBUG [acme.Launcher@main] Found classpath entry '/C:/Users/laura/.m2/repository/org/springframework/boot/spring-boot-starter-test/2.4.2/spring-boot-starter-test-2.4.2.jar' 
2022-04-22 13:01:23.922 DEBUG [acme.Launcher@main] Found classpath entry '/C:/Users/laura/.m2/repository/org/springframework/boot/spring-boot-starter/2.4.2/spring-boot-starter-2.4.2.jar' 
2022-04-22 13:01:23.922 DEBUG [acme.Launcher@main] Found classpath entry '/C:/Users/laura/.m2/repository/org/springframework/boot/spring-boot/2.4.2/spring-boot-2.4.2.jar' 
2022-04-22 13:01:23.923 DEBUG [acme.Launcher@main] Found classpath entry '/C:/Users/laura/.m2/repository/org/springframework/boot/spring-boot-autoconfigure/2.4.2/spring-boot-autoconfigure-2.4.2.jar' 
2022-04-22 13:01:23.923 DEBUG [acme.Launcher@main] Found classpath entry '/C:/Users/laura/.m2/repository/org/springframework/boot/spring-boot-starter-logging/2.4.2/spring-boot-starter-logging-2.4.2.jar' 
2022-04-22 13:01:23.923 DEBUG [acme.Launcher@main] Found classpath entry '/C:/Users/laura/.m2/repository/ch/qos/logback/logback-classic/1.2.3/logback-classic-1.2.3.jar' 
2022-04-22 13:01:23.923 DEBUG [acme.Launcher@main] Found classpath entry '/C:/Users/laura/.m2/repository/ch/qos/logback/logback-core/1.2.3/logback-core-1.2.3.jar' 
2022-04-22 13:01:23.923 DEBUG [acme.Launcher@main] Found classpath entry '/C:/Users/laura/.m2/repository/org/apache/logging/log4j/log4j-to-slf4j/2.13.3/log4j-to-slf4j-2.13.3.jar' 
2022-04-22 13:01:23.924 DEBUG [acme.Launcher@main] Found classpath entry '/C:/Users/laura/.m2/repository/org/apache/logging/log4j/log4j-api/2.13.3/log4j-api-2.13.3.jar' 
2022-04-22 13:01:23.924 DEBUG [acme.Launcher@main] Found classpath entry '/C:/Users/laura/.m2/repository/org/slf4j/jul-to-slf4j/1.7.30/jul-to-slf4j-1.7.30.jar' 
2022-04-22 13:01:23.924 DEBUG [acme.Launcher@main] Found classpath entry '/C:/Users/laura/.m2/repository/org/yaml/snakeyaml/1.27/snakeyaml-1.27.jar' 
2022-04-22 13:01:23.924 DEBUG [acme.Launcher@main] Found classpath entry '/C:/Users/laura/.m2/repository/org/springframework/boot/spring-boot-test/2.4.2/spring-boot-test-2.4.2.jar' 
2022-04-22 13:01:23.925 DEBUG [acme.Launcher@main] Found classpath entry '/C:/Users/laura/.m2/repository/org/springframework/boot/spring-boot-test-autoconfigure/2.4.2/spring-boot-test-autoconfigure-2.4.2.jar' 
2022-04-22 13:01:23.925 DEBUG [acme.Launcher@main] Found classpath entry '/C:/Users/laura/.m2/repository/com/jayway/jsonpath/json-path/2.4.0/json-path-2.4.0.jar' 
2022-04-22 13:01:23.925 DEBUG [acme.Launcher@main] Found classpath entry '/C:/Users/laura/.m2/repository/net/minidev/json-smart/2.3/json-smart-2.3.jar' 
2022-04-22 13:01:23.925 DEBUG [acme.Launcher@main] Found classpath entry '/C:/Users/laura/.m2/repository/net/minidev/accessors-smart/1.2/accessors-smart-1.2.jar' 
2022-04-22 13:01:23.926 DEBUG [acme.Launcher@main] Found classpath entry '/C:/Users/laura/.m2/repository/org/ow2/asm/asm/5.0.4/asm-5.0.4.jar' 
2022-04-22 13:01:23.926 DEBUG [acme.Launcher@main] Found classpath entry '/C:/Users/laura/.m2/repository/jakarta/xml/bind/jakarta.xml.bind-api/2.3.3/jakarta.xml.bind-api-2.3.3.jar' 
2022-04-22 13:01:23.926 DEBUG [acme.Launcher@main] Found classpath entry '/C:/Users/laura/.m2/repository/jakarta/activation/jakarta.activation-api/1.2.2/jakarta.activation-api-1.2.2.jar' 
2022-04-22 13:01:23.926 DEBUG [acme.Launcher@main] Found classpath entry '/C:/Users/laura/.m2/repository/org/assertj/assertj-core/3.18.1/assertj-core-3.18.1.jar' 
2022-04-22 13:01:23.926 DEBUG [acme.Launcher@main] Found classpath entry '/C:/Users/laura/.m2/repository/org/hamcrest/hamcrest/2.2/hamcrest-2.2.jar' 
2022-04-22 13:01:23.926 DEBUG [acme.Launcher@main] Found classpath entry '/C:/Users/laura/.m2/repository/org/junit/jupiter/junit-jupiter/5.7.0/junit-jupiter-5.7.0.jar' 
2022-04-22 13:01:23.927 DEBUG [acme.Launcher@main] Found classpath entry '/C:/Users/laura/.m2/repository/org/mockito/mockito-core/3.6.28/mockito-core-3.6.28.jar' 
2022-04-22 13:01:23.927 DEBUG [acme.Launcher@main] Found classpath entry '/C:/Users/laura/.m2/repository/net/bytebuddy/byte-buddy-agent/1.10.19/byte-buddy-agent-1.10.19.jar' 
2022-04-22 13:01:23.927 DEBUG [acme.Launcher@main] Found classpath entry '/C:/Users/laura/.m2/repository/org/objenesis/objenesis/3.1/objenesis-3.1.jar' 
2022-04-22 13:01:23.927 DEBUG [acme.Launcher@main] Found classpath entry '/C:/Users/laura/.m2/repository/org/mockito/mockito-junit-jupiter/3.6.28/mockito-junit-jupiter-3.6.28.jar' 
2022-04-22 13:01:23.927 DEBUG [acme.Launcher@main] Found classpath entry '/C:/Users/laura/.m2/repository/org/skyscreamer/jsonassert/1.5.0/jsonassert-1.5.0.jar' 
2022-04-22 13:01:23.928 DEBUG [acme.Launcher@main] Found classpath entry '/C:/Users/laura/.m2/repository/com/vaadin/external/google/android-json/0.0.20131108.vaadin1/android-json-0.0.20131108.vaadin1.jar' 
2022-04-22 13:01:23.928 DEBUG [acme.Launcher@main] Found classpath entry '/C:/Users/laura/.m2/repository/org/springframework/spring-core/5.3.3/spring-core-5.3.3.jar' 
2022-04-22 13:01:23.928 DEBUG [acme.Launcher@main] Found classpath entry '/C:/Users/laura/.m2/repository/org/springframework/spring-jcl/5.3.3/spring-jcl-5.3.3.jar' 
2022-04-22 13:01:23.929 DEBUG [acme.Launcher@main] Found classpath entry '/C:/Users/laura/.m2/repository/org/springframework/spring-test/5.3.3/spring-test-5.3.3.jar' 
2022-04-22 13:01:23.930 DEBUG [acme.Launcher@main] Found classpath entry '/C:/Users/laura/.m2/repository/org/xmlunit/xmlunit-core/2.7.0/xmlunit-core-2.7.0.jar' 
2022-04-22 13:01:23.931 DEBUG [acme.Launcher@main] Found classpath entry '/C:/Users/laura/.m2/repository/org/springframework/boot/spring-boot-starter-security/2.4.2/spring-boot-starter-security-2.4.2.jar' 
2022-04-22 13:01:23.931 DEBUG [acme.Launcher@main] Found classpath entry '/C:/Users/laura/.m2/repository/org/springframework/spring-aop/5.3.3/spring-aop-5.3.3.jar' 
2022-04-22 13:01:23.931 DEBUG [acme.Launcher@main] Found classpath entry '/C:/Users/laura/.m2/repository/org/springframework/security/spring-security-web/5.4.2/spring-security-web-5.4.2.jar' 
2022-04-22 13:01:23.932 DEBUG [acme.Launcher@main] Found classpath entry '/C:/Users/laura/.m2/repository/org/springframework/security/spring-security-core/5.4.2/spring-security-core-5.4.2.jar' 
2022-04-22 13:01:23.932 DEBUG [acme.Launcher@main] Found classpath entry '/C:/Users/laura/.m2/repository/org/springframework/spring-beans/5.3.3/spring-beans-5.3.3.jar' 
2022-04-22 13:01:23.932 DEBUG [acme.Launcher@main] Found classpath entry '/C:/Users/laura/.m2/repository/org/springframework/spring-context/5.3.3/spring-context-5.3.3.jar' 
2022-04-22 13:01:23.932 DEBUG [acme.Launcher@main] Found classpath entry '/C:/Users/laura/.m2/repository/org/springframework/spring-expression/5.3.3/spring-expression-5.3.3.jar' 
2022-04-22 13:01:23.932 DEBUG [acme.Launcher@main] Found classpath entry '/C:/Users/laura/.m2/repository/org/springframework/spring-web/5.3.3/spring-web-5.3.3.jar' 
2022-04-22 13:01:23.932 DEBUG [acme.Launcher@main] Found classpath entry '/C:/Users/laura/.m2/repository/org/springframework/security/spring-security-config/5.4.2/spring-security-config-5.4.2.jar' 
2022-04-22 13:01:23.933 DEBUG [acme.Launcher@main] Found classpath entry '/C:/Users/laura/.m2/repository/org/springframework/security/spring-security-taglibs/5.4.2/spring-security-taglibs-5.4.2.jar' 
2022-04-22 13:01:23.933 DEBUG [acme.Launcher@main] Found classpath entry '/C:/Users/laura/.m2/repository/org/springframework/security/spring-security-acl/5.4.2/spring-security-acl-5.4.2.jar' 
2022-04-22 13:01:23.933 DEBUG [acme.Launcher@main] Found classpath entry '/C:/Users/laura/.m2/repository/org/springframework/spring-jdbc/5.3.3/spring-jdbc-5.3.3.jar' 
2022-04-22 13:01:23.933 DEBUG [acme.Launcher@main] Found classpath entry '/C:/Users/laura/.m2/repository/org/springframework/spring-tx/5.3.3/spring-tx-5.3.3.jar' 
2022-04-22 13:01:23.933 DEBUG [acme.Launcher@main] Found classpath entry '/C:/Users/laura/.m2/repository/org/springframework/boot/spring-boot-starter-web/2.4.2/spring-boot-starter-web-2.4.2.jar' 
2022-04-22 13:01:23.934 DEBUG [acme.Launcher@main] Found classpath entry '/C:/Users/laura/.m2/repository/org/springframework/boot/spring-boot-starter-json/2.4.2/spring-boot-starter-json-2.4.2.jar' 
2022-04-22 13:01:23.934 DEBUG [acme.Launcher@main] Found classpath entry '/C:/Users/laura/.m2/repository/com/fasterxml/jackson/core/jackson-databind/2.11.4/jackson-databind-2.11.4.jar' 
2022-04-22 13:01:23.934 DEBUG [acme.Launcher@main] Found classpath entry '/C:/Users/laura/.m2/repository/com/fasterxml/jackson/core/jackson-annotations/2.11.4/jackson-annotations-2.11.4.jar' 
2022-04-22 13:01:23.934 DEBUG [acme.Launcher@main] Found classpath entry '/C:/Users/laura/.m2/repository/com/fasterxml/jackson/core/jackson-core/2.11.4/jackson-core-2.11.4.jar' 
2022-04-22 13:01:23.934 DEBUG [acme.Launcher@main] Found classpath entry '/C:/Users/laura/.m2/repository/com/fasterxml/jackson/datatype/jackson-datatype-jdk8/2.11.4/jackson-datatype-jdk8-2.11.4.jar' 
2022-04-22 13:01:23.935 DEBUG [acme.Launcher@main] Found classpath entry '/C:/Users/laura/.m2/repository/com/fasterxml/jackson/datatype/jackson-datatype-jsr310/2.11.4/jackson-datatype-jsr310-2.11.4.jar' 
2022-04-22 13:01:23.935 DEBUG [acme.Launcher@main] Found classpath entry '/C:/Users/laura/.m2/repository/com/fasterxml/jackson/module/jackson-module-parameter-names/2.11.4/jackson-module-parameter-names-2.11.4.jar' 
2022-04-22 13:01:23.935 DEBUG [acme.Launcher@main] Found classpath entry '/C:/Users/laura/.m2/repository/org/springframework/spring-webmvc/5.3.3/spring-webmvc-5.3.3.jar' 
2022-04-22 13:01:23.935 DEBUG [acme.Launcher@main] Found classpath entry '/C:/Users/laura/.m2/repository/org/apache/tiles/tiles-jsp/3.0.8/tiles-jsp-3.0.8.jar' 
2022-04-22 13:01:23.935 DEBUG [acme.Launcher@main] Found classpath entry '/C:/Users/laura/.m2/repository/org/apache/tiles/tiles-servlet/3.0.8/tiles-servlet-3.0.8.jar' 
2022-04-22 13:01:23.936 DEBUG [acme.Launcher@main] Found classpath entry '/C:/Users/laura/.m2/repository/org/apache/tiles/tiles-core/3.0.8/tiles-core-3.0.8.jar' 
2022-04-22 13:01:23.938 DEBUG [acme.Launcher@main] Found classpath entry '/C:/Users/laura/.m2/repository/commons-digester/commons-digester/2.0/commons-digester-2.0.jar' 
2022-04-22 13:01:23.938 DEBUG [acme.Launcher@main] Found classpath entry '/C:/Users/laura/.m2/repository/org/slf4j/jcl-over-slf4j/1.7.30/jcl-over-slf4j-1.7.30.jar' 
2022-04-22 13:01:23.938 DEBUG [acme.Launcher@main] Found classpath entry '/C:/Users/laura/.m2/repository/org/apache/tiles/tiles-request-servlet/1.0.7/tiles-request-servlet-1.0.7.jar' 
2022-04-22 13:01:23.938 DEBUG [acme.Launcher@main] Found classpath entry '/C:/Users/laura/.m2/repository/org/apache/tiles/tiles-template/3.0.8/tiles-template-3.0.8.jar' 
2022-04-22 13:01:23.938 DEBUG [acme.Launcher@main] Found classpath entry '/C:/Users/laura/.m2/repository/org/apache/tiles/tiles-api/3.0.8/tiles-api-3.0.8.jar' 
2022-04-22 13:01:23.938 DEBUG [acme.Launcher@main] Found classpath entry '/C:/Users/laura/.m2/repository/org/apache/tiles/tiles-autotag-core-runtime/1.2/tiles-autotag-core-runtime-1.2.jar' 
2022-04-22 13:01:23.939 DEBUG [acme.Launcher@main] Found classpath entry '/C:/Users/laura/.m2/repository/org/slf4j/slf4j-api/1.7.30/slf4j-api-1.7.30.jar' 
2022-04-22 13:01:23.939 DEBUG [acme.Launcher@main] Found classpath entry '/C:/Users/laura/.m2/repository/org/apache/tiles/tiles-request-jsp/1.0.7/tiles-request-jsp-1.0.7.jar' 
2022-04-22 13:01:23.939 DEBUG [acme.Launcher@main] Found classpath entry '/C:/Users/laura/.m2/repository/org/apache/tiles/tiles-request-api/1.0.7/tiles-request-api-1.0.7.jar' 
2022-04-22 13:01:23.939 DEBUG [acme.Launcher@main] Found classpath entry '/C:/Users/laura/.m2/repository/org/springframework/boot/spring-boot-starter-data-jpa/2.4.2/spring-boot-starter-data-jpa-2.4.2.jar' 
2022-04-22 13:01:23.940 DEBUG [acme.Launcher@main] Found classpath entry '/C:/Users/laura/.m2/repository/org/springframework/boot/spring-boot-starter-aop/2.4.2/spring-boot-starter-aop-2.4.2.jar' 
2022-04-22 13:01:23.941 DEBUG [acme.Launcher@main] Found classpath entry '/C:/Users/laura/.m2/repository/org/aspectj/aspectjweaver/1.9.6/aspectjweaver-1.9.6.jar' 
2022-04-22 13:01:23.941 DEBUG [acme.Launcher@main] Found classpath entry '/C:/Users/laura/.m2/repository/org/springframework/boot/spring-boot-starter-jdbc/2.4.2/spring-boot-starter-jdbc-2.4.2.jar' 
2022-04-22 13:01:23.941 DEBUG [acme.Launcher@main] Found classpath entry '/C:/Users/laura/.m2/repository/jakarta/transaction/jakarta.transaction-api/1.3.3/jakarta.transaction-api-1.3.3.jar' 
2022-04-22 13:01:23.941 DEBUG [acme.Launcher@main] Found classpath entry '/C:/Users/laura/.m2/repository/jakarta/persistence/jakarta.persistence-api/2.2.3/jakarta.persistence-api-2.2.3.jar' 
2022-04-22 13:01:23.942 DEBUG [acme.Launcher@main] Found classpath entry '/C:/Users/laura/.m2/repository/org/hibernate/hibernate-core/5.4.27.Final/hibernate-core-5.4.27.Final.jar' 
2022-04-22 13:01:23.942 DEBUG [acme.Launcher@main] Found classpath entry '/C:/Users/laura/.m2/repository/org/jboss/logging/jboss-logging/3.4.1.Final/jboss-logging-3.4.1.Final.jar' 
2022-04-22 13:01:23.942 DEBUG [acme.Launcher@main] Found classpath entry '/C:/Users/laura/.m2/repository/org/javassist/javassist/3.27.0-GA/javassist-3.27.0-GA.jar' 
2022-04-22 13:01:23.943 DEBUG [acme.Launcher@main] Found classpath entry '/C:/Users/laura/.m2/repository/antlr/antlr/2.7.7/antlr-2.7.7.jar' 
2022-04-22 13:01:23.943 DEBUG [acme.Launcher@main] Found classpath entry '/C:/Users/laura/.m2/repository/org/jboss/jandex/2.1.3.Final/jandex-2.1.3.Final.jar' 
2022-04-22 13:01:23.943 DEBUG [acme.Launcher@main] Found classpath entry '/C:/Users/laura/.m2/repository/com/fasterxml/classmate/1.5.1/classmate-1.5.1.jar' 
2022-04-22 13:01:23.943 DEBUG [acme.Launcher@main] Found classpath entry '/C:/Users/laura/.m2/repository/org/dom4j/dom4j/2.1.3/dom4j-2.1.3.jar' 
2022-04-22 13:01:23.944 DEBUG [acme.Launcher@main] Found classpath entry '/C:/Users/laura/.m2/repository/org/hibernate/common/hibernate-commons-annotations/5.1.2.Final/hibernate-commons-annotations-5.1.2.Final.jar' 
2022-04-22 13:01:23.945 DEBUG [acme.Launcher@main] Found classpath entry '/C:/Users/laura/.m2/repository/org/glassfish/jaxb/jaxb-runtime/2.3.3/jaxb-runtime-2.3.3.jar' 
2022-04-22 13:01:23.945 DEBUG [acme.Launcher@main] Found classpath entry '/C:/Users/laura/.m2/repository/org/glassfish/jaxb/txw2/2.3.3/txw2-2.3.3.jar' 
2022-04-22 13:01:23.945 DEBUG [acme.Launcher@main] Found classpath entry '/C:/Users/laura/.m2/repository/com/sun/istack/istack-commons-runtime/3.0.11/istack-commons-runtime-3.0.11.jar' 
2022-04-22 13:01:23.945 DEBUG [acme.Launcher@main] Found classpath entry '/C:/Users/laura/.m2/repository/com/sun/activation/jakarta.activation/1.2.2/jakarta.activation-1.2.2.jar' 
2022-04-22 13:01:23.946 DEBUG [acme.Launcher@main] Found classpath entry '/C:/Users/laura/.m2/repository/org/springframework/data/spring-data-jpa/2.4.3/spring-data-jpa-2.4.3.jar' 
2022-04-22 13:01:23.946 DEBUG [acme.Launcher@main] Found classpath entry '/C:/Users/laura/.m2/repository/org/springframework/data/spring-data-commons/2.4.3/spring-data-commons-2.4.3.jar' 
2022-04-22 13:01:23.947 DEBUG [acme.Launcher@main] Found classpath entry '/C:/Users/laura/.m2/repository/org/springframework/spring-orm/5.3.3/spring-orm-5.3.3.jar' 
2022-04-22 13:01:23.947 DEBUG [acme.Launcher@main] Found classpath entry '/C:/Users/laura/.m2/repository/org/springframework/spring-aspects/5.3.3/spring-aspects-5.3.3.jar' 
2022-04-22 13:01:23.947 DEBUG [acme.Launcher@main] Found classpath entry '/C:/Users/laura/.m2/repository/org/springframework/boot/spring-boot-starter-validation/2.4.2/spring-boot-starter-validation-2.4.2.jar' 
2022-04-22 13:01:23.948 DEBUG [acme.Launcher@main] Found classpath entry '/C:/Users/laura/.m2/repository/org/hibernate/validator/hibernate-validator/6.1.7.Final/hibernate-validator-6.1.7.Final.jar' 
2022-04-22 13:01:23.948 DEBUG [acme.Launcher@main] Found classpath entry '/C:/Users/laura/.m2/repository/jakarta/validation/jakarta.validation-api/2.0.2/jakarta.validation-api-2.0.2.jar' 
2022-04-22 13:01:23.948 DEBUG [acme.Launcher@main] Found classpath entry '/C:/Users/laura/.m2/repository/mysql/mysql-connector-java/8.0.22/mysql-connector-java-8.0.22.jar' 
2022-04-22 13:01:23.948 DEBUG [acme.Launcher@main] Found classpath entry '/C:/Users/laura/.m2/repository/com/zaxxer/HikariCP/3.4.5/HikariCP-3.4.5.jar' 
2022-04-22 13:01:23.949 DEBUG [acme.Launcher@main] Found classpath entry '/C:/Users/laura/.m2/repository/org/junit/jupiter/junit-jupiter-engine/5.7.0/junit-jupiter-engine-5.7.0.jar' 
2022-04-22 13:01:23.949 DEBUG [acme.Launcher@main] Found classpath entry '/C:/Users/laura/.m2/repository/org/apiguardian/apiguardian-api/1.1.0/apiguardian-api-1.1.0.jar' 
2022-04-22 13:01:23.949 DEBUG [acme.Launcher@main] Found classpath entry '/C:/Users/laura/.m2/repository/org/junit/platform/junit-platform-engine/1.7.0/junit-platform-engine-1.7.0.jar' 
2022-04-22 13:01:23.949 DEBUG [acme.Launcher@main] Found classpath entry '/C:/Users/laura/.m2/repository/org/junit/jupiter/junit-jupiter-api/5.7.0/junit-jupiter-api-5.7.0.jar' 
2022-04-22 13:01:23.949 DEBUG [acme.Launcher@main] Found classpath entry '/C:/Users/laura/.m2/repository/org/opentest4j/opentest4j/1.2.0/opentest4j-1.2.0.jar' 
2022-04-22 13:01:23.950 DEBUG [acme.Launcher@main] Found classpath entry '/C:/Users/laura/.m2/repository/org/junit/platform/junit-platform-commons/1.7.0/junit-platform-commons-1.7.0.jar' 
2022-04-22 13:01:23.951 DEBUG [acme.Launcher@main] Found classpath entry '/C:/Users/laura/.m2/repository/org/junit/jupiter/junit-jupiter-params/5.7.0/junit-jupiter-params-5.7.0.jar' 
2022-04-22 13:01:23.952 DEBUG [acme.Launcher@main] Found classpath entry '/C:/Users/laura/.m2/repository/org/junit/platform/junit-platform-launcher/1.7.0/junit-platform-launcher-1.7.0.jar' 
2022-04-22 13:01:23.952 DEBUG [acme.Launcher@main] Found classpath entry '/C:/Users/laura/.m2/repository/org/seleniumhq/selenium/selenium-java/3.141.59/selenium-java-3.141.59.jar' 
2022-04-22 13:01:23.952 DEBUG [acme.Launcher@main] Found classpath entry '/C:/Users/laura/.m2/repository/org/seleniumhq/selenium/selenium-api/3.141.59/selenium-api-3.141.59.jar' 
2022-04-22 13:01:23.952 DEBUG [acme.Launcher@main] Found classpath entry '/C:/Users/laura/.m2/repository/org/seleniumhq/selenium/selenium-chrome-driver/3.141.59/selenium-chrome-driver-3.141.59.jar' 
2022-04-22 13:01:23.952 DEBUG [acme.Launcher@main] Found classpath entry '/C:/Users/laura/.m2/repository/org/seleniumhq/selenium/selenium-edge-driver/3.141.59/selenium-edge-driver-3.141.59.jar' 
2022-04-22 13:01:23.952 DEBUG [acme.Launcher@main] Found classpath entry '/C:/Users/laura/.m2/repository/org/seleniumhq/selenium/selenium-firefox-driver/3.141.59/selenium-firefox-driver-3.141.59.jar' 
2022-04-22 13:01:23.953 DEBUG [acme.Launcher@main] Found classpath entry '/C:/Users/laura/.m2/repository/org/seleniumhq/selenium/selenium-ie-driver/3.141.59/selenium-ie-driver-3.141.59.jar' 
2022-04-22 13:01:23.953 DEBUG [acme.Launcher@main] Found classpath entry '/C:/Users/laura/.m2/repository/org/seleniumhq/selenium/selenium-opera-driver/3.141.59/selenium-opera-driver-3.141.59.jar' 
2022-04-22 13:01:23.953 DEBUG [acme.Launcher@main] Found classpath entry '/C:/Users/laura/.m2/repository/org/seleniumhq/selenium/selenium-remote-driver/3.141.59/selenium-remote-driver-3.141.59.jar' 
2022-04-22 13:01:23.953 DEBUG [acme.Launcher@main] Found classpath entry '/C:/Users/laura/.m2/repository/org/seleniumhq/selenium/selenium-safari-driver/3.141.59/selenium-safari-driver-3.141.59.jar' 
2022-04-22 13:01:23.953 DEBUG [acme.Launcher@main] Found classpath entry '/C:/Users/laura/.m2/repository/org/seleniumhq/selenium/selenium-support/3.141.59/selenium-support-3.141.59.jar' 
2022-04-22 13:01:23.953 DEBUG [acme.Launcher@main] Found classpath entry '/C:/Users/laura/.m2/repository/net/bytebuddy/byte-buddy/1.10.19/byte-buddy-1.10.19.jar' 
2022-04-22 13:01:23.953 DEBUG [acme.Launcher@main] Found classpath entry '/C:/Users/laura/.m2/repository/org/apache/commons/commons-exec/1.3/commons-exec-1.3.jar' 
2022-04-22 13:01:23.954 DEBUG [acme.Launcher@main] Found classpath entry '/C:/Users/laura/.m2/repository/com/google/guava/guava/25.0-jre/guava-25.0-jre.jar' 
2022-04-22 13:01:23.954 DEBUG [acme.Launcher@main] Found classpath entry '/C:/Users/laura/.m2/repository/com/google/code/findbugs/jsr305/1.3.9/jsr305-1.3.9.jar' 
2022-04-22 13:01:23.954 DEBUG [acme.Launcher@main] Found classpath entry '/C:/Users/laura/.m2/repository/org/checkerframework/checker-compat-qual/2.0.0/checker-compat-qual-2.0.0.jar' 
2022-04-22 13:01:23.954 DEBUG [acme.Launcher@main] Found classpath entry '/C:/Users/laura/.m2/repository/com/google/errorprone/error_prone_annotations/2.1.3/error_prone_annotations-2.1.3.jar' 
2022-04-22 13:01:23.954 DEBUG [acme.Launcher@main] Found classpath entry '/C:/Users/laura/.m2/repository/com/google/j2objc/j2objc-annotations/1.1/j2objc-annotations-1.1.jar' 
2022-04-22 13:01:23.954 DEBUG [acme.Launcher@main] Found classpath entry '/C:/Users/laura/.m2/repository/org/codehaus/mojo/animal-sniffer-annotations/1.14/animal-sniffer-annotations-1.14.jar' 
2022-04-22 13:01:23.957 DEBUG [acme.Launcher@main] Found classpath entry '/C:/Users/laura/.m2/repository/com/squareup/okhttp3/okhttp/3.14.9/okhttp-3.14.9.jar' 
2022-04-22 13:01:23.958 DEBUG [acme.Launcher@main] Found classpath entry '/C:/Users/laura/.m2/repository/com/squareup/okio/okio/1.14.0/okio-1.14.0.jar' 
2022-04-22 13:01:23.958 DEBUG [acme.Launcher@main] Found classpath entry '/C:/Users/laura/.m2/repository/org/apache/commons/commons-lang3/3.11/commons-lang3-3.11.jar' 
2022-04-22 13:01:23.958 DEBUG [acme.Launcher@main] Found classpath entry '/C:/Users/laura/.m2/repository/org/apache/commons/commons-text/1.8/commons-text-1.8.jar' 
2022-04-22 13:01:23.958 DEBUG [acme.Launcher@main] Found classpath entry '/C:/Users/laura/.m2/repository/commons-io/commons-io/2.6/commons-io-2.6.jar' 
2022-04-22 13:01:23.958 DEBUG [acme.Launcher@main] Found classpath entry '/C:/Users/laura/.m2/repository/commons-cli/commons-cli/1.4/commons-cli-1.4.jar' 
2022-04-22 13:01:23.959 DEBUG [acme.Launcher@main] Found classpath entry '/C:/Users/laura/.m2/repository/org/projectlombok/lombok/1.18.16/lombok-1.18.16.jar' 
2022-04-22 13:01:23.959 DEBUG [acme.Launcher@main] Found classpath entry '/C:/Users/laura/.m2/repository/com/opencsv/opencsv/5.4/opencsv-5.4.jar' 
2022-04-22 13:01:23.959 DEBUG [acme.Launcher@main] Found classpath entry '/C:/Users/laura/.m2/repository/commons-beanutils/commons-beanutils/1.9.4/commons-beanutils-1.9.4.jar' 
2022-04-22 13:01:23.959 DEBUG [acme.Launcher@main] Found classpath entry '/C:/Users/laura/.m2/repository/commons-logging/commons-logging/1.2/commons-logging-1.2.jar' 
2022-04-22 13:01:23.959 DEBUG [acme.Launcher@main] Found classpath entry '/C:/Users/laura/.m2/repository/commons-collections/commons-collections/3.2.2/commons-collections-3.2.2.jar' 
2022-04-22 13:01:23.959 DEBUG [acme.Launcher@main] Found classpath entry '/C:/Users/laura/.m2/repository/org/apache/commons/commons-collections4/4.4/commons-collections4-4.4.jar' 
2022-04-22 13:01:23.959 DEBUG [acme.Launcher@main] Found classpath entry '/C:/Users/laura/Downloads/Workspace-22.0/Tools/IDEs/eclipse-jee-2021-12-R/configuration/org.eclipse.osgi/418/0/.cp/lib/javaagent-shaded.jar' 
2022-04-22 13:01:24.117 DEBUG [acme.Launcher@main] Found entity class 'acme.entities.Configuration 
2022-04-22 13:01:24.117 DEBUG [acme.Launcher@main] Found entity class 'acme.entities.announcements.Announcement 
2022-04-22 13:01:24.117 DEBUG [acme.Launcher@main] Found entity class 'acme.entities.chirps.Chirp 
2022-04-22 13:01:24.118 DEBUG [acme.Launcher@main] Found entity class 'acme.entities.items.Item 
2022-04-22 13:01:24.118 DEBUG [acme.Launcher@main] Found entity class 'acme.entities.patronages.Patronage 
2022-04-22 13:01:24.118 DEBUG [acme.Launcher@main] Found entity class 'acme.entities.patronages.PatronageReport 
2022-04-22 13:01:24.118 DEBUG [acme.Launcher@main] Found entity class 'acme.entities.quantities.Quantity 
2022-04-22 13:01:24.118 DEBUG [acme.Launcher@main] Found entity class 'acme.entities.toolkits.Toolkit 
2022-04-22 13:01:24.119 DEBUG [acme.Launcher@main] Found entity class 'acme.roles.Consumer 
2022-04-22 13:01:24.119 DEBUG [acme.Launcher@main] Found entity class 'acme.roles.Inventor 
2022-04-22 13:01:24.119 DEBUG [acme.Launcher@main] Found entity class 'acme.roles.Patron 
2022-04-22 13:01:24.119 DEBUG [acme.Launcher@main] Found entity class 'acme.roles.Provider 
2022-04-22 13:01:24.119 DEBUG [acme.Launcher@main] Found entity class 'acme.framework.entities.UserAccount 
2022-04-22 13:01:24.119 DEBUG [acme.Launcher@main] Found entity class 'acme.framework.roles.Administrator 
2022-04-22 13:01:24.120 DEBUG [acme.Launcher@main] Found entity class 'acme.framework.roles.Anonymous 
2022-04-22 13:01:24.120 DEBUG [acme.Launcher@main] Found entity class 'acme.framework.roles.Any 
2022-04-22 13:01:24.120 DEBUG [acme.Launcher@main] Found entity class 'acme.framework.roles.Authenticated 
2022-04-22 13:01:24.130 INFO  [acme.Launcher@main] Running application (Standalone) 
2022-04-22 13:01:39.196 DEBUG [acme.framework.components.tiles.DynamicTilesView@http-nio-8080-exec-3] View name 'fragments/welcome', model {} 
2022-04-22 13:01:39.211 DEBUG [org.apache.tiles.definition.dao.BaseLocaleUrlDefinitionDAO@http-nio-8080-exec-3] File Resource file:/C:/Users/laura/git/Acme-Toolkits/target/classes/WEB-INF/views/master/tiles_en.xml at file:/C:/Users/laura/git/Acme-Toolkits/target/classes/WEB-INF/views/master/tiles_en.xml not found, continue 
2022-04-22 13:01:39.220 DEBUG [org.apache.jasper.servlet.JspServlet@http-nio-8080-exec-3] JspEngine --> /WEB-INF/views/master/page.jsp 
2022-04-22 13:01:39.221 DEBUG [org.apache.jasper.servlet.JspServlet@http-nio-8080-exec-3] ServletPath: /WEB-INF/views/master/page.jsp 
2022-04-22 13:01:39.221 DEBUG [org.apache.jasper.servlet.JspServlet@http-nio-8080-exec-3] PathInfo: null 
2022-04-22 13:01:39.223 DEBUG [org.apache.jasper.servlet.JspServlet@http-nio-8080-exec-3] RealPath: C:\Users\laura\git\Acme-Toolkits\target\classes\WEB-INF\views\master\page.jsp 
2022-04-22 13:01:39.224 DEBUG [org.apache.jasper.servlet.JspServlet@http-nio-8080-exec-3] RequestURI: /acme-toolkits-1.0/WEB-INF/views/master/page.jsp 
2022-04-22 13:01:39.225 DEBUG [org.apache.jasper.servlet.JspServlet@http-nio-8080-exec-3] QueryString: null 
2022-04-22 13:01:42.972 DEBUG [acme.framework.components.tiles.DynamicTilesView@http-nio-8080-exec-5] View name 'fragments/welcome', model {} 
2022-04-22 13:01:42.975 DEBUG [org.apache.jasper.servlet.JspServlet@http-nio-8080-exec-5] JspEngine --> /WEB-INF/views/master/page.jsp 
2022-04-22 13:01:42.976 DEBUG [org.apache.jasper.servlet.JspServlet@http-nio-8080-exec-5] ServletPath: /WEB-INF/views/master/page.jsp 
2022-04-22 13:01:42.977 DEBUG [org.apache.jasper.servlet.JspServlet@http-nio-8080-exec-5] PathInfo: null 
2022-04-22 13:01:42.979 DEBUG [org.apache.jasper.servlet.JspServlet@http-nio-8080-exec-5] RealPath: C:\Users\laura\git\Acme-Toolkits\target\classes\WEB-INF\views\master\page.jsp 
2022-04-22 13:01:42.979 DEBUG [org.apache.jasper.servlet.JspServlet@http-nio-8080-exec-5] RequestURI: /acme-toolkits-1.0/WEB-INF/views/master/page.jsp 
2022-04-22 13:01:42.980 DEBUG [org.apache.jasper.servlet.JspServlet@http-nio-8080-exec-5] QueryString: null 
2022-04-22 13:01:43.782 DEBUG [acme.framework.configuration.ExtendedMessageSource@http-nio-8080-exec-3] Loading properties [C:\Users\laura\git\Acme-Toolkits\target\classes\WEB-INF\views\administrator\configuration\messages-en.i18n] with encoding 'utf-8' 
2022-04-22 13:01:43.783 DEBUG [acme.framework.configuration.ExtendedMessageSource@http-nio-8080-exec-3] Loading properties [C:\Users\laura\git\Acme-Toolkits\target\classes\WEB-INF\views\administrator\user-account\messages-en.i18n] with encoding 'utf-8' 
2022-04-22 13:01:43.784 DEBUG [acme.framework.configuration.ExtendedMessageSource@http-nio-8080-exec-3] Loading properties [C:\Users\laura\git\Acme-Toolkits\target\classes\WEB-INF\views\anonymous\user-account\messages-en.i18n] with encoding 'utf-8' 
2022-04-22 13:01:43.784 DEBUG [acme.framework.configuration.ExtendedMessageSource@http-nio-8080-exec-3] Loading properties [C:\Users\laura\git\Acme-Toolkits\target\classes\WEB-INF\views\any\chirp\messages-en.i18n] with encoding 'utf-8' 
2022-04-22 13:01:43.785 DEBUG [acme.framework.configuration.ExtendedMessageSource@http-nio-8080-exec-3] Loading properties [C:\Users\laura\git\Acme-Toolkits\target\classes\WEB-INF\views\any\item\messages-en.i18n] with encoding 'utf-8' 
2022-04-22 13:01:43.787 DEBUG [acme.framework.configuration.ExtendedMessageSource@http-nio-8080-exec-3] Loading properties [C:\Users\laura\git\Acme-Toolkits\target\classes\WEB-INF\views\any\user-account\messages-en.i18n] with encoding 'utf-8' 
2022-04-22 13:01:43.790 DEBUG [acme.framework.configuration.ExtendedMessageSource@http-nio-8080-exec-3] Loading properties [C:\Users\laura\git\Acme-Toolkits\target\classes\WEB-INF\views\authenticated\consumer\messsages-en.i18n] with encoding 'utf-8' 
2022-04-22 13:01:43.791 DEBUG [acme.framework.configuration.ExtendedMessageSource@http-nio-8080-exec-3] Loading properties [C:\Users\laura\git\Acme-Toolkits\target\classes\WEB-INF\views\authenticated\provider\messsages-en.i18n] with encoding 'utf-8' 
2022-04-22 13:01:43.792 DEBUG [acme.framework.configuration.ExtendedMessageSource@http-nio-8080-exec-3] Loading properties [C:\Users\laura\git\Acme-Toolkits\target\classes\WEB-INF\views\authenticated\user-account\messages-en.i18n] with encoding 'utf-8' 
2022-04-22 13:01:43.793 DEBUG [acme.framework.configuration.ExtendedMessageSource@http-nio-8080-exec-3] Loading properties [C:\Users\laura\git\Acme-Toolkits\target\classes\WEB-INF\views\fragments\banner-en.i18n] with encoding 'utf-8' 
2022-04-22 13:01:43.793 DEBUG [acme.framework.configuration.ExtendedMessageSource@http-nio-8080-exec-3] Loading properties [C:\Users\laura\git\Acme-Toolkits\target\classes\WEB-INF\views\fragments\company-en.i18n] with encoding 'utf-8' 
2022-04-22 13:01:43.794 DEBUG [acme.framework.configuration.ExtendedMessageSource@http-nio-8080-exec-3] Loading properties [C:\Users\laura\git\Acme-Toolkits\target\classes\WEB-INF\views\fragments\footer-en.i18n] with encoding 'utf-8' 
2022-04-22 13:01:43.796 DEBUG [acme.framework.configuration.ExtendedMessageSource@http-nio-8080-exec-3] Loading properties [C:\Users\laura\git\Acme-Toolkits\target\classes\WEB-INF\views\fragments\license-en.i18n] with encoding 'utf-8' 
2022-04-22 13:01:43.797 DEBUG [acme.framework.configuration.ExtendedMessageSource@http-nio-8080-exec-3] Loading properties [C:\Users\laura\git\Acme-Toolkits\target\classes\WEB-INF\views\fragments\menu-en.i18n] with encoding 'utf-8' 
2022-04-22 13:01:43.797 DEBUG [acme.framework.configuration.ExtendedMessageSource@http-nio-8080-exec-3] Loading properties [C:\Users\laura\git\Acme-Toolkits\target\classes\WEB-INF\views\fragments\messages-en.i18n] with encoding 'utf-8' 
2022-04-22 13:01:43.798 DEBUG [acme.framework.configuration.ExtendedMessageSource@http-nio-8080-exec-3] Loading properties [C:\Users\laura\git\Acme-Toolkits\target\classes\WEB-INF\views\fragments\messsages-en.i18n] with encoding 'utf-8' 
2022-04-22 13:01:43.799 DEBUG [acme.framework.configuration.ExtendedMessageSource@http-nio-8080-exec-3] Loading properties [C:\Users\laura\git\Acme-Toolkits\target\classes\WEB-INF\views\fragments\title-en.i18n] with encoding 'utf-8' 
2022-04-22 13:01:43.800 DEBUG [acme.framework.configuration.ExtendedMessageSource@http-nio-8080-exec-3] Loading properties [C:\Users\laura\git\Acme-Toolkits\target\classes\WEB-INF\views\fragments\welcome-en.i18n] with encoding 'utf-8' 
2022-04-22 13:01:43.801 DEBUG [acme.framework.configuration.ExtendedMessageSource@http-nio-8080-exec-3] Loading properties [C:\Users\laura\git\Acme-Toolkits\target\classes\WEB-INF\views\inventor\item\messages-en.i18n] with encoding 'utf-8' 
2022-04-22 13:01:43.801 DEBUG [acme.framework.configuration.ExtendedMessageSource@http-nio-8080-exec-3] Loading properties [C:\Users\laura\git\Acme-Toolkits\target\classes\WEB-INF\views\inventor\patronage\messages-en.i18n] with encoding 'utf-8' 
2022-04-22 13:01:43.803 DEBUG [acme.framework.configuration.ExtendedMessageSource@http-nio-8080-exec-3] Loading properties [C:\Users\laura\git\Acme-Toolkits\target\classes\WEB-INF\views\inventor\patronage-report\messages-en.i18n] with encoding 'utf-8' 
2022-04-22 13:01:43.804 DEBUG [acme.framework.configuration.ExtendedMessageSource@http-nio-8080-exec-3] Loading properties [C:\Users\laura\git\Acme-Toolkits\target\classes\WEB-INF\views\inventor\toolkit\messages-en.i18n] with encoding 'utf-8' 
2022-04-22 13:01:43.805 DEBUG [acme.framework.configuration.ExtendedMessageSource@http-nio-8080-exec-3] Loading properties [C:\Users\laura\git\Acme-Toolkits\target\classes\WEB-INF\views\master\defaults-en.i18n] with encoding 'utf-8' 
2022-04-22 13:01:43.806 DEBUG [acme.framework.configuration.ExtendedMessageSource@http-nio-8080-exec-3] Loading properties [C:\Users\laura\git\Acme-Toolkits\target\classes\WEB-INF\views\master\master-en.i18n] with encoding 'utf-8' 
2022-04-22 13:01:43.808 DEBUG [acme.framework.configuration.ExtendedMessageSource@http-nio-8080-exec-3] Loading properties [C:\Users\laura\git\Acme-Toolkits\target\classes\WEB-INF\views\master\throwables-en.i18n] with encoding 'utf-8' 
2022-04-22 13:01:43.808 DEBUG [acme.framework.configuration.ExtendedMessageSource@http-nio-8080-exec-3] Loading properties [C:\Users\laura\git\Acme-Toolkits\target\classes\WEB-INF\views\master\validation-en.i18n] with encoding 'utf-8' 
2022-04-22 13:01:43.808 DEBUG [acme.framework.configuration.ExtendedMessageSource@http-nio-8080-exec-3] Loading properties [C:\Users\laura\git\Acme-Toolkits\target\classes\WEB-INF\views\patron\patronage\messages-en.i18n] with encoding 'utf-8' 
2022-04-22 13:01:43.809 DEBUG [acme.framework.configuration.ExtendedMessageSource@http-nio-8080-exec-3] Loading properties [C:\Users\laura\git\Acme-Toolkits\target\classes\WEB-INF\views\patron\patronage-report\messages-en.i18n] with encoding 'utf-8' 
2022-04-22 13:01:43.823 DEBUG [acme.framework.configuration.ExtendedMessageSource@http-nio-8080-exec-5] Loading properties [C:\Users\laura\git\Acme-Toolkits\target\classes\WEB-INF\views\administrator\configuration\messages-en.i18n] with encoding 'utf-8' 
2022-04-22 13:01:43.825 DEBUG [acme.framework.configuration.ExtendedMessageSource@http-nio-8080-exec-5] Loading properties [C:\Users\laura\git\Acme-Toolkits\target\classes\WEB-INF\views\administrator\user-account\messages-en.i18n] with encoding 'utf-8' 
2022-04-22 13:01:43.826 DEBUG [acme.framework.configuration.ExtendedMessageSource@http-nio-8080-exec-5] Loading properties [C:\Users\laura\git\Acme-Toolkits\target\classes\WEB-INF\views\anonymous\user-account\messages-en.i18n] with encoding 'utf-8' 
2022-04-22 13:01:43.828 DEBUG [acme.framework.configuration.ExtendedMessageSource@http-nio-8080-exec-5] Loading properties [C:\Users\laura\git\Acme-Toolkits\target\classes\WEB-INF\views\any\chirp\messages-en.i18n] with encoding 'utf-8' 
2022-04-22 13:01:43.828 DEBUG [acme.framework.configuration.ExtendedMessageSource@http-nio-8080-exec-5] Loading properties [C:\Users\laura\git\Acme-Toolkits\target\classes\WEB-INF\views\any\item\messages-en.i18n] with encoding 'utf-8' 
2022-04-22 13:01:43.829 DEBUG [acme.framework.configuration.ExtendedMessageSource@http-nio-8080-exec-5] Loading properties [C:\Users\laura\git\Acme-Toolkits\target\classes\WEB-INF\views\any\user-account\messages-en.i18n] with encoding 'utf-8' 
2022-04-22 13:01:43.829 DEBUG [acme.framework.configuration.ExtendedMessageSource@http-nio-8080-exec-5] Loading properties [C:\Users\laura\git\Acme-Toolkits\target\classes\WEB-INF\views\authenticated\consumer\messsages-en.i18n] with encoding 'utf-8' 
2022-04-22 13:01:43.830 DEBUG [acme.framework.configuration.ExtendedMessageSource@http-nio-8080-exec-5] Loading properties [C:\Users\laura\git\Acme-Toolkits\target\classes\WEB-INF\views\authenticated\provider\messsages-en.i18n] with encoding 'utf-8' 
2022-04-22 13:01:43.831 DEBUG [acme.framework.configuration.ExtendedMessageSource@http-nio-8080-exec-5] Loading properties [C:\Users\laura\git\Acme-Toolkits\target\classes\WEB-INF\views\authenticated\user-account\messages-en.i18n] with encoding 'utf-8' 
2022-04-22 13:01:43.833 DEBUG [acme.framework.configuration.ExtendedMessageSource@http-nio-8080-exec-5] Loading properties [C:\Users\laura\git\Acme-Toolkits\target\classes\WEB-INF\views\fragments\banner-en.i18n] with encoding 'utf-8' 
2022-04-22 13:01:43.833 DEBUG [acme.framework.configuration.ExtendedMessageSource@http-nio-8080-exec-5] Loading properties [C:\Users\laura\git\Acme-Toolkits\target\classes\WEB-INF\views\fragments\company-en.i18n] with encoding 'utf-8' 
2022-04-22 13:01:43.834 DEBUG [acme.framework.configuration.ExtendedMessageSource@http-nio-8080-exec-5] Loading properties [C:\Users\laura\git\Acme-Toolkits\target\classes\WEB-INF\views\fragments\footer-en.i18n] with encoding 'utf-8' 
2022-04-22 13:01:43.836 DEBUG [acme.framework.configuration.ExtendedMessageSource@http-nio-8080-exec-5] Loading properties [C:\Users\laura\git\Acme-Toolkits\target\classes\WEB-INF\views\fragments\license-en.i18n] with encoding 'utf-8' 
2022-04-22 13:01:43.837 DEBUG [acme.framework.configuration.ExtendedMessageSource@http-nio-8080-exec-5] Loading properties [C:\Users\laura\git\Acme-Toolkits\target\classes\WEB-INF\views\fragments\menu-en.i18n] with encoding 'utf-8' 
2022-04-22 13:01:43.838 DEBUG [acme.framework.configuration.ExtendedMessageSource@http-nio-8080-exec-5] Loading properties [C:\Users\laura\git\Acme-Toolkits\target\classes\WEB-INF\views\fragments\messages-en.i18n] with encoding 'utf-8' 
2022-04-22 13:01:43.839 DEBUG [acme.framework.configuration.ExtendedMessageSource@http-nio-8080-exec-5] Loading properties [C:\Users\laura\git\Acme-Toolkits\target\classes\WEB-INF\views\fragments\messsages-en.i18n] with encoding 'utf-8' 
2022-04-22 13:01:43.840 DEBUG [acme.framework.configuration.ExtendedMessageSource@http-nio-8080-exec-5] Loading properties [C:\Users\laura\git\Acme-Toolkits\target\classes\WEB-INF\views\fragments\title-en.i18n] with encoding 'utf-8' 
2022-04-22 13:01:43.841 DEBUG [acme.framework.configuration.ExtendedMessageSource@http-nio-8080-exec-5] Loading properties [C:\Users\laura\git\Acme-Toolkits\target\classes\WEB-INF\views\fragments\welcome-en.i18n] with encoding 'utf-8' 
2022-04-22 13:01:43.842 DEBUG [acme.framework.configuration.ExtendedMessageSource@http-nio-8080-exec-5] Loading properties [C:\Users\laura\git\Acme-Toolkits\target\classes\WEB-INF\views\inventor\item\messages-en.i18n] with encoding 'utf-8' 
2022-04-22 13:01:43.842 DEBUG [acme.framework.configuration.ExtendedMessageSource@http-nio-8080-exec-5] Loading properties [C:\Users\laura\git\Acme-Toolkits\target\classes\WEB-INF\views\inventor\patronage\messages-en.i18n] with encoding 'utf-8' 
2022-04-22 13:01:43.843 DEBUG [acme.framework.configuration.ExtendedMessageSource@http-nio-8080-exec-5] Loading properties [C:\Users\laura\git\Acme-Toolkits\target\classes\WEB-INF\views\inventor\patronage-report\messages-en.i18n] with encoding 'utf-8' 
2022-04-22 13:01:43.843 DEBUG [acme.framework.configuration.ExtendedMessageSource@http-nio-8080-exec-5] Loading properties [C:\Users\laura\git\Acme-Toolkits\target\classes\WEB-INF\views\inventor\toolkit\messages-en.i18n] with encoding 'utf-8' 
2022-04-22 13:01:43.844 DEBUG [acme.framework.configuration.ExtendedMessageSource@http-nio-8080-exec-5] Loading properties [C:\Users\laura\git\Acme-Toolkits\target\classes\WEB-INF\views\master\defaults-en.i18n] with encoding 'utf-8' 
2022-04-22 13:01:43.845 DEBUG [acme.framework.configuration.ExtendedMessageSource@http-nio-8080-exec-5] Loading properties [C:\Users\laura\git\Acme-Toolkits\target\classes\WEB-INF\views\master\master-en.i18n] with encoding 'utf-8' 
2022-04-22 13:01:43.845 DEBUG [acme.framework.configuration.ExtendedMessageSource@http-nio-8080-exec-5] Loading properties [C:\Users\laura\git\Acme-Toolkits\target\classes\WEB-INF\views\master\throwables-en.i18n] with encoding 'utf-8' 
2022-04-22 13:01:43.846 DEBUG [acme.framework.configuration.ExtendedMessageSource@http-nio-8080-exec-5] Loading properties [C:\Users\laura\git\Acme-Toolkits\target\classes\WEB-INF\views\master\validation-en.i18n] with encoding 'utf-8' 
2022-04-22 13:01:43.847 DEBUG [acme.framework.configuration.ExtendedMessageSource@http-nio-8080-exec-5] Loading properties [C:\Users\laura\git\Acme-Toolkits\target\classes\WEB-INF\views\patron\patronage\messages-en.i18n] with encoding 'utf-8' 
2022-04-22 13:01:43.848 DEBUG [acme.framework.configuration.ExtendedMessageSource@http-nio-8080-exec-5] Loading properties [C:\Users\laura\git\Acme-Toolkits\target\classes\WEB-INF\views\patron\patronage-report\messages-en.i18n] with encoding 'utf-8' 
2022-04-22 13:01:44.192 DEBUG [org.apache.jasper.servlet.JspServlet@http-nio-8080-exec-3] JspEngine --> /WEB-INF/views/fragments/welcome.jsp 
2022-04-22 13:01:44.192 DEBUG [org.apache.jasper.servlet.JspServlet@http-nio-8080-exec-5] JspEngine --> /WEB-INF/views/fragments/welcome.jsp 
2022-04-22 13:01:44.193 DEBUG [org.apache.jasper.servlet.JspServlet@http-nio-8080-exec-3] ServletPath: /WEB-INF/views/master/page.jsp 
2022-04-22 13:01:44.193 DEBUG [org.apache.jasper.servlet.JspServlet@http-nio-8080-exec-5] ServletPath: /WEB-INF/views/master/page.jsp 
2022-04-22 13:01:44.194 DEBUG [org.apache.jasper.servlet.JspServlet@http-nio-8080-exec-3] PathInfo: null 
2022-04-22 13:01:44.194 DEBUG [org.apache.jasper.servlet.JspServlet@http-nio-8080-exec-5] PathInfo: null 
2022-04-22 13:01:44.195 DEBUG [org.apache.jasper.servlet.JspServlet@http-nio-8080-exec-5] RealPath: C:\Users\laura\git\Acme-Toolkits\target\classes\WEB-INF\views\fragments\welcome.jsp 
2022-04-22 13:01:44.195 DEBUG [org.apache.jasper.servlet.JspServlet@http-nio-8080-exec-3] RealPath: C:\Users\laura\git\Acme-Toolkits\target\classes\WEB-INF\views\fragments\welcome.jsp 
2022-04-22 13:01:44.196 DEBUG [org.apache.jasper.servlet.JspServlet@http-nio-8080-exec-5] RequestURI: /acme-toolkits-1.0/WEB-INF/views/master/page.jsp 
2022-04-22 13:01:44.196 DEBUG [org.apache.jasper.servlet.JspServlet@http-nio-8080-exec-3] RequestURI: /acme-toolkits-1.0/WEB-INF/views/master/page.jsp 
2022-04-22 13:01:44.197 DEBUG [org.apache.jasper.servlet.JspServlet@http-nio-8080-exec-3] QueryString: null 
2022-04-22 13:01:44.197 DEBUG [org.apache.jasper.servlet.JspServlet@http-nio-8080-exec-5] QueryString: null 
2022-04-22 13:01:44.662 DEBUG [org.hibernate.SQL@http-nio-8080-exec-3] select useraccoun0_.id as id1_0_, useraccoun0_.version as version2_0_, useraccoun0_.enabled as enabled1_17_, useraccoun0_.identity as identity2_17_, useraccoun0_.password as password3_17_, useraccoun0_.username as username4_17_ from user_account useraccoun0_ where useraccoun0_.username=? 
2022-04-22 13:01:44.662 DEBUG [org.hibernate.SQL@http-nio-8080-exec-5] select useraccoun0_.id as id1_0_, useraccoun0_.version as version2_0_, useraccoun0_.enabled as enabled1_17_, useraccoun0_.identity as identity2_17_, useraccoun0_.password as password3_17_, useraccoun0_.username as username4_17_ from user_account useraccoun0_ where useraccoun0_.username=? 
2022-04-22 13:01:44.699 TRACE [org.hibernate.type.descriptor.sql.BasicBinder@http-nio-8080-exec-5] binding parameter [1] as [VARCHAR] - [anonymous] 
2022-04-22 13:01:44.699 TRACE [org.hibernate.type.descriptor.sql.BasicBinder@http-nio-8080-exec-3] binding parameter [1] as [VARCHAR] - [anonymous] 
2022-04-22 13:01:44.771 DEBUG [org.hibernate.SQL@http-nio-8080-exec-5] select roles0_.user_account_id as user_acc1_18_0_, roles0_.id as id1_18_0_, roles0_.id as id1_0_1_, roles0_.version as version2_0_1_, roles0_.user_account_id as user_acc1_18_1_, roles0_.company as company1_8_1_, roles0_.sector as sector2_8_1_, roles0_.company as company1_9_1_, roles0_.link as link2_9_1_, roles0_.statement as statemen3_9_1_, roles0_.company as company1_11_1_, roles0_.link as link2_11_1_, roles0_.statement as statemen3_11_1_, roles0_.company as company1_14_1_, roles0_.sector as sector2_14_1_, roles0_.clazz_ as clazz_1_ from ( select id, version, user_account_id, company, sector, null as link, null as statement, 10 as clazz_ from consumer union all select id, version, user_account_id, company, null as sector, link, statement, 11 as clazz_ from inventor union all select id, version, user_account_id, company, null as sector, link, statement, 12 as clazz_ from patron union all select id, version, user_account_id, company, sector, null as link, null as statement, 13 as clazz_ from provider union all select id, version, user_account_id, null as company, null as sector, null as link, null as statement, 15 as clazz_ from administrator union all select id, version, user_account_id, null as company, null as sector, null as link, null as statement, 16 as clazz_ from anonymous union all select id, version, user_account_id, null as company, null as sector, null as link, null as statement, 17 as clazz_ from any union all select id, version, user_account_id, null as company, null as sector, null as link, null as statement, 18 as clazz_ from authenticated ) roles0_ where roles0_.user_account_id=? 
2022-04-22 13:01:44.771 DEBUG [org.hibernate.SQL@http-nio-8080-exec-3] select roles0_.user_account_id as user_acc1_18_0_, roles0_.id as id1_18_0_, roles0_.id as id1_0_1_, roles0_.version as version2_0_1_, roles0_.user_account_id as user_acc1_18_1_, roles0_.company as company1_8_1_, roles0_.sector as sector2_8_1_, roles0_.company as company1_9_1_, roles0_.link as link2_9_1_, roles0_.statement as statemen3_9_1_, roles0_.company as company1_11_1_, roles0_.link as link2_11_1_, roles0_.statement as statemen3_11_1_, roles0_.company as company1_14_1_, roles0_.sector as sector2_14_1_, roles0_.clazz_ as clazz_1_ from ( select id, version, user_account_id, company, sector, null as link, null as statement, 10 as clazz_ from consumer union all select id, version, user_account_id, company, null as sector, link, statement, 11 as clazz_ from inventor union all select id, version, user_account_id, company, null as sector, link, statement, 12 as clazz_ from patron union all select id, version, user_account_id, company, sector, null as link, null as statement, 13 as clazz_ from provider union all select id, version, user_account_id, null as company, null as sector, null as link, null as statement, 15 as clazz_ from administrator union all select id, version, user_account_id, null as company, null as sector, null as link, null as statement, 16 as clazz_ from anonymous union all select id, version, user_account_id, null as company, null as sector, null as link, null as statement, 17 as clazz_ from any union all select id, version, user_account_id, null as company, null as sector, null as link, null as statement, 18 as clazz_ from authenticated ) roles0_ where roles0_.user_account_id=? 
2022-04-22 13:01:44.772 TRACE [org.hibernate.type.descriptor.sql.BasicBinder@http-nio-8080-exec-3] binding parameter [1] as [INTEGER] - [1] 
2022-04-22 13:01:44.773 TRACE [org.hibernate.type.descriptor.sql.BasicBinder@http-nio-8080-exec-5] binding parameter [1] as [INTEGER] - [1] 
2022-04-22 13:01:47.576 DEBUG [acme.framework.components.tiles.DynamicTilesView@http-nio-8080-exec-2] View name 'master/sign-in', model {username=, password=, remember=false} 
2022-04-22 13:01:47.578 DEBUG [org.apache.jasper.servlet.JspServlet@http-nio-8080-exec-2] JspEngine --> /WEB-INF/views/master/page.jsp 
2022-04-22 13:01:47.578 DEBUG [org.apache.jasper.servlet.JspServlet@http-nio-8080-exec-2] ServletPath: /WEB-INF/views/master/page.jsp 
2022-04-22 13:01:47.578 DEBUG [org.apache.jasper.servlet.JspServlet@http-nio-8080-exec-2] PathInfo: null 
2022-04-22 13:01:47.581 DEBUG [org.apache.jasper.servlet.JspServlet@http-nio-8080-exec-2] RealPath: C:\Users\laura\git\Acme-Toolkits\target\classes\WEB-INF\views\master\page.jsp 
2022-04-22 13:01:47.582 DEBUG [org.apache.jasper.servlet.JspServlet@http-nio-8080-exec-2] RequestURI: /acme-toolkits-1.0/WEB-INF/views/master/page.jsp 
2022-04-22 13:01:47.582 DEBUG [org.apache.jasper.servlet.JspServlet@http-nio-8080-exec-2] QueryString: null 
2022-04-22 13:01:47.802 DEBUG [org.apache.jasper.servlet.JspServlet@http-nio-8080-exec-2] JspEngine --> /WEB-INF/views/master/sign-in.jsp 
2022-04-22 13:01:47.802 DEBUG [org.apache.jasper.servlet.JspServlet@http-nio-8080-exec-2] ServletPath: /WEB-INF/views/master/page.jsp 
2022-04-22 13:01:47.803 DEBUG [org.apache.jasper.servlet.JspServlet@http-nio-8080-exec-2] PathInfo: null 
2022-04-22 13:01:47.803 DEBUG [org.apache.jasper.servlet.JspServlet@http-nio-8080-exec-2] RealPath: C:\Users\laura\git\Acme-Toolkits\target\classes\WEB-INF\views\master\sign-in.jsp 
2022-04-22 13:01:47.804 DEBUG [org.apache.jasper.servlet.JspServlet@http-nio-8080-exec-2] RequestURI: /acme-toolkits-1.0/WEB-INF/views/master/page.jsp 
2022-04-22 13:01:47.804 DEBUG [org.apache.jasper.servlet.JspServlet@http-nio-8080-exec-2] QueryString: null 
2022-04-22 13:01:51.935 DEBUG [org.hibernate.SQL@http-nio-8080-exec-2] select useraccoun0_.id as id1_0_, useraccoun0_.version as version2_0_, useraccoun0_.enabled as enabled1_17_, useraccoun0_.identity as identity2_17_, useraccoun0_.password as password3_17_, useraccoun0_.username as username4_17_ from user_account useraccoun0_ where useraccoun0_.username=? 
2022-04-22 13:01:51.937 TRACE [org.hibernate.type.descriptor.sql.BasicBinder@http-nio-8080-exec-2] binding parameter [1] as [VARCHAR] - [anonymous] 
2022-04-22 13:01:51.942 DEBUG [org.hibernate.SQL@http-nio-8080-exec-2] select roles0_.user_account_id as user_acc1_18_0_, roles0_.id as id1_18_0_, roles0_.id as id1_0_1_, roles0_.version as version2_0_1_, roles0_.user_account_id as user_acc1_18_1_, roles0_.company as company1_8_1_, roles0_.sector as sector2_8_1_, roles0_.company as company1_9_1_, roles0_.link as link2_9_1_, roles0_.statement as statemen3_9_1_, roles0_.company as company1_11_1_, roles0_.link as link2_11_1_, roles0_.statement as statemen3_11_1_, roles0_.company as company1_14_1_, roles0_.sector as sector2_14_1_, roles0_.clazz_ as clazz_1_ from ( select id, version, user_account_id, company, sector, null as link, null as statement, 10 as clazz_ from consumer union all select id, version, user_account_id, company, null as sector, link, statement, 11 as clazz_ from inventor union all select id, version, user_account_id, company, null as sector, link, statement, 12 as clazz_ from patron union all select id, version, user_account_id, company, sector, null as link, null as statement, 13 as clazz_ from provider union all select id, version, user_account_id, null as company, null as sector, null as link, null as statement, 15 as clazz_ from administrator union all select id, version, user_account_id, null as company, null as sector, null as link, null as statement, 16 as clazz_ from anonymous union all select id, version, user_account_id, null as company, null as sector, null as link, null as statement, 17 as clazz_ from any union all select id, version, user_account_id, null as company, null as sector, null as link, null as statement, 18 as clazz_ from authenticated ) roles0_ where roles0_.user_account_id=? 
2022-04-22 13:01:51.944 TRACE [org.hibernate.type.descriptor.sql.BasicBinder@http-nio-8080-exec-2] binding parameter [1] as [INTEGER] - [1] 
2022-04-22 13:01:53.630 DEBUG [org.hibernate.SQL@http-nio-8080-exec-10] select useraccoun0_.id as id1_0_, useraccoun0_.version as version2_0_, useraccoun0_.enabled as enabled1_17_, useraccoun0_.identity as identity2_17_, useraccoun0_.password as password3_17_, useraccoun0_.username as username4_17_ from user_account useraccoun0_ where useraccoun0_.username=? 
2022-04-22 13:01:53.631 TRACE [org.hibernate.type.descriptor.sql.BasicBinder@http-nio-8080-exec-10] binding parameter [1] as [VARCHAR] - [inventor1] 
2022-04-22 13:01:53.633 DEBUG [org.hibernate.SQL@http-nio-8080-exec-10] select roles0_.user_account_id as user_acc1_18_0_, roles0_.id as id1_18_0_, roles0_.id as id1_0_1_, roles0_.version as version2_0_1_, roles0_.user_account_id as user_acc1_18_1_, roles0_.company as company1_8_1_, roles0_.sector as sector2_8_1_, roles0_.company as company1_9_1_, roles0_.link as link2_9_1_, roles0_.statement as statemen3_9_1_, roles0_.company as company1_11_1_, roles0_.link as link2_11_1_, roles0_.statement as statemen3_11_1_, roles0_.company as company1_14_1_, roles0_.sector as sector2_14_1_, roles0_.clazz_ as clazz_1_ from ( select id, version, user_account_id, company, sector, null as link, null as statement, 10 as clazz_ from consumer union all select id, version, user_account_id, company, null as sector, link, statement, 11 as clazz_ from inventor union all select id, version, user_account_id, company, null as sector, link, statement, 12 as clazz_ from patron union all select id, version, user_account_id, company, sector, null as link, null as statement, 13 as clazz_ from provider union all select id, version, user_account_id, null as company, null as sector, null as link, null as statement, 15 as clazz_ from administrator union all select id, version, user_account_id, null as company, null as sector, null as link, null as statement, 16 as clazz_ from anonymous union all select id, version, user_account_id, null as company, null as sector, null as link, null as statement, 17 as clazz_ from any union all select id, version, user_account_id, null as company, null as sector, null as link, null as statement, 18 as clazz_ from authenticated ) roles0_ where roles0_.user_account_id=? 
2022-04-22 13:01:53.634 TRACE [org.hibernate.type.descriptor.sql.BasicBinder@http-nio-8080-exec-10] binding parameter [1] as [INTEGER] - [6] 
2022-04-22 13:01:53.653 DEBUG [acme.framework.components.tiles.DynamicTilesView@http-nio-8080-exec-1] View name 'fragments/welcome', model {} 
2022-04-22 13:01:53.655 DEBUG [org.apache.jasper.servlet.JspServlet@http-nio-8080-exec-1] JspEngine --> /WEB-INF/views/master/page.jsp 
2022-04-22 13:01:53.655 DEBUG [org.apache.jasper.servlet.JspServlet@http-nio-8080-exec-1] ServletPath: /WEB-INF/views/master/page.jsp 
2022-04-22 13:01:53.656 DEBUG [org.apache.jasper.servlet.JspServlet@http-nio-8080-exec-1] PathInfo: null 
2022-04-22 13:01:53.657 DEBUG [org.apache.jasper.servlet.JspServlet@http-nio-8080-exec-1] RealPath: C:\Users\laura\git\Acme-Toolkits\target\classes\WEB-INF\views\master\page.jsp 
2022-04-22 13:01:53.657 DEBUG [org.apache.jasper.servlet.JspServlet@http-nio-8080-exec-1] RequestURI: /acme-toolkits-1.0/WEB-INF/views/master/page.jsp 
2022-04-22 13:01:53.658 DEBUG [org.apache.jasper.servlet.JspServlet@http-nio-8080-exec-1] QueryString: null 
2022-04-22 13:01:53.887 DEBUG [org.apache.jasper.servlet.JspServlet@http-nio-8080-exec-1] JspEngine --> /WEB-INF/views/fragments/welcome.jsp 
2022-04-22 13:01:53.887 DEBUG [org.apache.jasper.servlet.JspServlet@http-nio-8080-exec-1] ServletPath: /WEB-INF/views/master/page.jsp 
2022-04-22 13:01:53.888 DEBUG [org.apache.jasper.servlet.JspServlet@http-nio-8080-exec-1] PathInfo: null 
2022-04-22 13:01:53.889 DEBUG [org.apache.jasper.servlet.JspServlet@http-nio-8080-exec-1] RealPath: C:\Users\laura\git\Acme-Toolkits\target\classes\WEB-INF\views\fragments\welcome.jsp 
2022-04-22 13:01:53.889 DEBUG [org.apache.jasper.servlet.JspServlet@http-nio-8080-exec-1] RequestURI: /acme-toolkits-1.0/WEB-INF/views/master/page.jsp 
2022-04-22 13:01:53.889 DEBUG [org.apache.jasper.servlet.JspServlet@http-nio-8080-exec-1] QueryString: null 
2022-04-22 13:01:57.060 DEBUG [acme.framework.controllers.AbstractController@http-nio-8080-exec-6] DISPATCHING GET /acme-toolkits-1.0/inventor/toolkit/list-mine-toolkits 
2022-04-22 13:01:57.060 DEBUG [acme.framework.controllers.AbstractController@http-nio-8080-exec-6] Command: list-mine-toolkits 
2022-04-22 13:01:57.060 DEBUG [acme.framework.controllers.AbstractController@http-nio-8080-exec-6] Model:   {} 
2022-04-22 13:01:57.060 DEBUG [acme.framework.controllers.AbstractController@http-nio-8080-exec-6] Locale:  en 
2022-04-22 13:01:57.097 DEBUG [org.hibernate.SQL@http-nio-8080-exec-6] select toolkit0_.id as id1_0_, toolkit0_.version as version2_0_, toolkit0_.assembly_note as assembly1_16_, toolkit0_.code as code2_16_, toolkit0_.description as descript3_16_, toolkit0_.draft as draft4_16_, toolkit0_.inventor_id as inventor7_16_, toolkit0_.optional_link as optional5_16_, toolkit0_.title as title6_16_ from toolkit toolkit0_ cross join inventor inventor1_ cross join user_account useraccoun2_ where toolkit0_.inventor_id=inventor1_.id and inventor1_.user_account_id=useraccoun2_.id and useraccoun2_.username=? 
2022-04-22 13:01:57.098 TRACE [org.hibernate.type.descriptor.sql.BasicBinder@http-nio-8080-exec-6] binding parameter [1] as [VARCHAR] - [inventor1] 
2022-04-22 13:01:57.101 DEBUG [org.hibernate.SQL@http-nio-8080-exec-6] select inventor0_.id as id1_0_0_, inventor0_.version as version2_0_0_, inventor0_.user_account_id as user_acc1_18_0_, inventor0_.company as company1_9_0_, inventor0_.link as link2_9_0_, inventor0_.statement as statemen3_9_0_, useraccoun1_.id as id1_0_1_, useraccoun1_.version as version2_0_1_, useraccoun1_.enabled as enabled1_17_1_, useraccoun1_.identity as identity2_17_1_, useraccoun1_.password as password3_17_1_, useraccoun1_.username as username4_17_1_ from inventor inventor0_ inner join user_account useraccoun1_ on inventor0_.user_account_id=useraccoun1_.id where inventor0_.id=? 
2022-04-22 13:01:57.101 TRACE [org.hibernate.type.descriptor.sql.BasicBinder@http-nio-8080-exec-6] binding parameter [1] as [INTEGER] - [10] 
2022-04-22 13:01:57.162 DEBUG [acme.framework.controllers.AbstractController@http-nio-8080-exec-6] SERVING GET /acme-toolkits-1.0/inventor/toolkit/list-mine-toolkits 
2022-04-22 13:01:57.163 DEBUG [acme.framework.controllers.AbstractController@http-nio-8080-exec-6] Result: ModelAndView [view="inventor/toolkit/list"; model={title[1]=Titulo 1, version[2]=0, version[1]=0, title[2]=Titulo 6, list$size=3, code[0]=ABC-333-B, version[0]=0, title[0]=Titulo 3, code[1]=ABC-111-A, id[1]=22, code[2]=ABC-666, id[0]=20, id[2]=25, command=list-mine-toolkits, principal=acme.framework.entities.Principal@202246e7}] 
2022-04-22 13:01:57.172 DEBUG [acme.framework.components.tiles.DynamicTilesView@http-nio-8080-exec-6] View name 'inventor/toolkit/list', model {title[1]=Titulo 1, version[2]=0, version[1]=0, title[2]=Titulo 6, list$size=3, code[0]=ABC-333-B, version[0]=0, title[0]=Titulo 3, code[1]=ABC-111-A, id[1]=22, code[2]=ABC-666, id[0]=20, id[2]=25, command=list-mine-toolkits, principal=acme.framework.entities.Principal@202246e7, org.springframework.validation.BindingResult.principal=org.springframework.validation.BeanPropertyBindingResult: 0 errors} 
2022-04-22 13:01:57.174 DEBUG [org.apache.jasper.servlet.JspServlet@http-nio-8080-exec-6] JspEngine --> /WEB-INF/views/master/page.jsp 
2022-04-22 13:01:57.174 DEBUG [org.apache.jasper.servlet.JspServlet@http-nio-8080-exec-6] ServletPath: /WEB-INF/views/master/page.jsp 
2022-04-22 13:01:57.175 DEBUG [org.apache.jasper.servlet.JspServlet@http-nio-8080-exec-6] PathInfo: null 
2022-04-22 13:01:57.175 DEBUG [org.apache.jasper.servlet.JspServlet@http-nio-8080-exec-6] RealPath: C:\Users\laura\git\Acme-Toolkits\target\classes\WEB-INF\views\master\page.jsp 
2022-04-22 13:01:57.175 DEBUG [org.apache.jasper.servlet.JspServlet@http-nio-8080-exec-6] RequestURI: /acme-toolkits-1.0/WEB-INF/views/master/page.jsp 
2022-04-22 13:01:57.176 DEBUG [org.apache.jasper.servlet.JspServlet@http-nio-8080-exec-6] QueryString: null 
2022-04-22 13:01:57.439 DEBUG [org.apache.jasper.servlet.JspServlet@http-nio-8080-exec-6] JspEngine --> /WEB-INF/views/inventor/toolkit/list.jsp 
2022-04-22 13:01:57.440 DEBUG [org.apache.jasper.servlet.JspServlet@http-nio-8080-exec-6] ServletPath: /WEB-INF/views/master/page.jsp 
2022-04-22 13:01:57.440 DEBUG [org.apache.jasper.servlet.JspServlet@http-nio-8080-exec-6] PathInfo: null 
2022-04-22 13:01:57.442 DEBUG [org.apache.jasper.servlet.JspServlet@http-nio-8080-exec-6] RealPath: C:\Users\laura\git\Acme-Toolkits\target\classes\WEB-INF\views\inventor\toolkit\list.jsp 
2022-04-22 13:01:57.442 DEBUG [org.apache.jasper.servlet.JspServlet@http-nio-8080-exec-6] RequestURI: /acme-toolkits-1.0/WEB-INF/views/master/page.jsp 
2022-04-22 13:01:57.443 DEBUG [org.apache.jasper.servlet.JspServlet@http-nio-8080-exec-6] QueryString: null 
2022-04-22 13:02:06.464 DEBUG [acme.framework.controllers.AbstractController@http-nio-8080-exec-7] DISPATCHING GET /acme-toolkits-1.0/inventor/toolkit/show 
2022-04-22 13:02:06.465 DEBUG [acme.framework.controllers.AbstractController@http-nio-8080-exec-7] Command: show 
2022-04-22 13:02:06.465 DEBUG [acme.framework.controllers.AbstractController@http-nio-8080-exec-7] Model:   {id=20} 
2022-04-22 13:02:06.465 DEBUG [acme.framework.controllers.AbstractController@http-nio-8080-exec-7] Locale:  en 
2022-04-22 13:02:06.476 DEBUG [org.hibernate.SQL@http-nio-8080-exec-7] select toolkit0_.id as id1_0_, toolkit0_.version as version2_0_, toolkit0_.assembly_note as assembly1_16_, toolkit0_.code as code2_16_, toolkit0_.description as descript3_16_, toolkit0_.draft as draft4_16_, toolkit0_.inventor_id as inventor7_16_, toolkit0_.optional_link as optional5_16_, toolkit0_.title as title6_16_ from toolkit toolkit0_ where toolkit0_.id=? 
2022-04-22 13:02:06.477 TRACE [org.hibernate.type.descriptor.sql.BasicBinder@http-nio-8080-exec-7] binding parameter [1] as [INTEGER] - [20] 
2022-04-22 13:02:06.479 DEBUG [org.hibernate.SQL@http-nio-8080-exec-7] select inventor0_.id as id1_0_0_, inventor0_.version as version2_0_0_, inventor0_.user_account_id as user_acc1_18_0_, inventor0_.company as company1_9_0_, inventor0_.link as link2_9_0_, inventor0_.statement as statemen3_9_0_, useraccoun1_.id as id1_0_1_, useraccoun1_.version as version2_0_1_, useraccoun1_.enabled as enabled1_17_1_, useraccoun1_.identity as identity2_17_1_, useraccoun1_.password as password3_17_1_, useraccoun1_.username as username4_17_1_ from inventor inventor0_ inner join user_account useraccoun1_ on inventor0_.user_account_id=useraccoun1_.id where inventor0_.id=? 
2022-04-22 13:02:06.479 TRACE [org.hibernate.type.descriptor.sql.BasicBinder@http-nio-8080-exec-7] binding parameter [1] as [INTEGER] - [10] 
2022-04-22 13:02:06.510 DEBUG [org.hibernate.SQL@http-nio-8080-exec-7] select toolkit0_.id as id1_0_, toolkit0_.version as version2_0_, toolkit0_.assembly_note as assembly1_16_, toolkit0_.code as code2_16_, toolkit0_.description as descript3_16_, toolkit0_.draft as draft4_16_, toolkit0_.inventor_id as inventor7_16_, toolkit0_.optional_link as optional5_16_, toolkit0_.title as title6_16_ from toolkit toolkit0_ where toolkit0_.id=? 
2022-04-22 13:02:06.511 TRACE [org.hibernate.type.descriptor.sql.BasicBinder@http-nio-8080-exec-7] binding parameter [1] as [INTEGER] - [20] 
2022-04-22 13:02:06.515 DEBUG [acme.framework.controllers.AbstractController@http-nio-8080-exec-7] SERVING GET /acme-toolkits-1.0/inventor/toolkit/show 
2022-04-22 13:02:06.515 DEBUG [acme.framework.controllers.AbstractController@http-nio-8080-exec-7] Result: ModelAndView [view="inventor/toolkit/form"; model={code=ABC-333-B, optionalLink=https://es.wikipedia.org/wiki/Montaje, description=Sample Toolkit, id=20, title=Titulo 3, assemblyNote=Nota de montaje 3, version=0, command=show, principal=acme.framework.entities.Principal@202246e7}] 
2022-04-22 13:02:06.516 DEBUG [acme.framework.components.tiles.DynamicTilesView@http-nio-8080-exec-7] View name 'inventor/toolkit/form', model {code=ABC-333-B, optionalLink=https://es.wikipedia.org/wiki/Montaje, description=Sample Toolkit, id=20, title=Titulo 3, assemblyNote=Nota de montaje 3, version=0, command=show, principal=acme.framework.entities.Principal@202246e7, org.springframework.validation.BindingResult.principal=org.springframework.validation.BeanPropertyBindingResult: 0 errors} 
2022-04-22 13:02:06.519 DEBUG [org.apache.jasper.servlet.JspServlet@http-nio-8080-exec-7] JspEngine --> /WEB-INF/views/master/page.jsp 
2022-04-22 13:02:06.521 DEBUG [org.apache.jasper.servlet.JspServlet@http-nio-8080-exec-7] ServletPath: /WEB-INF/views/master/page.jsp 
2022-04-22 13:02:06.522 DEBUG [org.apache.jasper.servlet.JspServlet@http-nio-8080-exec-7] PathInfo: null 
2022-04-22 13:02:06.523 DEBUG [org.apache.jasper.servlet.JspServlet@http-nio-8080-exec-7] RealPath: C:\Users\laura\git\Acme-Toolkits\target\classes\WEB-INF\views\master\page.jsp 
2022-04-22 13:02:06.524 DEBUG [org.apache.jasper.servlet.JspServlet@http-nio-8080-exec-7] RequestURI: /acme-toolkits-1.0/WEB-INF/views/master/page.jsp 
2022-04-22 13:02:06.524 DEBUG [org.apache.jasper.servlet.JspServlet@http-nio-8080-exec-7] QueryString: id=20 
2022-04-22 13:02:06.732 DEBUG [org.apache.jasper.servlet.JspServlet@http-nio-8080-exec-7] JspEngine --> /WEB-INF/views/inventor/toolkit/form.jsp 
2022-04-22 13:02:06.732 DEBUG [org.apache.jasper.servlet.JspServlet@http-nio-8080-exec-7] ServletPath: /WEB-INF/views/master/page.jsp 
2022-04-22 13:02:06.733 DEBUG [org.apache.jasper.servlet.JspServlet@http-nio-8080-exec-7] PathInfo: null 
2022-04-22 13:02:06.735 DEBUG [org.apache.jasper.servlet.JspServlet@http-nio-8080-exec-7] RealPath: C:\Users\laura\git\Acme-Toolkits\target\classes\WEB-INF\views\inventor\toolkit\form.jsp 
2022-04-22 13:02:06.735 DEBUG [org.apache.jasper.servlet.JspServlet@http-nio-8080-exec-7] RequestURI: /acme-toolkits-1.0/WEB-INF/views/master/page.jsp 
2022-04-22 13:02:06.736 DEBUG [org.apache.jasper.servlet.JspServlet@http-nio-8080-exec-7] QueryString: id=20 
2022-04-22 13:02:19.360 DEBUG [acme.framework.controllers.AbstractController@http-nio-8080-exec-10] DISPATCHING GET /acme-toolkits-1.0/inventor/toolkit/show 
2022-04-22 13:02:19.360 DEBUG [acme.framework.controllers.AbstractController@http-nio-8080-exec-10] Command: show 
2022-04-22 13:02:19.360 DEBUG [acme.framework.controllers.AbstractController@http-nio-8080-exec-10] Model:   {id=21} 
2022-04-22 13:02:19.360 DEBUG [acme.framework.controllers.AbstractController@http-nio-8080-exec-10] Locale:  en 
2022-04-22 13:02:19.362 DEBUG [org.hibernate.SQL@http-nio-8080-exec-10] select toolkit0_.id as id1_0_, toolkit0_.version as version2_0_, toolkit0_.assembly_note as assembly1_16_, toolkit0_.code as code2_16_, toolkit0_.description as descript3_16_, toolkit0_.draft as draft4_16_, toolkit0_.inventor_id as inventor7_16_, toolkit0_.optional_link as optional5_16_, toolkit0_.title as title6_16_ from toolkit toolkit0_ where toolkit0_.id=? 
2022-04-22 13:02:19.363 TRACE [org.hibernate.type.descriptor.sql.BasicBinder@http-nio-8080-exec-10] binding parameter [1] as [INTEGER] - [21] 
2022-04-22 13:02:19.364 DEBUG [org.hibernate.SQL@http-nio-8080-exec-10] select inventor0_.id as id1_0_0_, inventor0_.version as version2_0_0_, inventor0_.user_account_id as user_acc1_18_0_, inventor0_.company as company1_9_0_, inventor0_.link as link2_9_0_, inventor0_.statement as statemen3_9_0_, useraccoun1_.id as id1_0_1_, useraccoun1_.version as version2_0_1_, useraccoun1_.enabled as enabled1_17_1_, useraccoun1_.identity as identity2_17_1_, useraccoun1_.password as password3_17_1_, useraccoun1_.username as username4_17_1_ from inventor inventor0_ inner join user_account useraccoun1_ on inventor0_.user_account_id=useraccoun1_.id where inventor0_.id=? 
2022-04-22 13:02:19.368 TRACE [org.hibernate.type.descriptor.sql.BasicBinder@http-nio-8080-exec-10] binding parameter [1] as [INTEGER] - [8] 
2022-04-22 13:02:19.380 DEBUG [acme.framework.controllers.AbstractController@http-nio-8080-exec-10] SERVING GET /acme-toolkits-1.0/inventor/toolkit/show 
2022-04-22 13:02:19.381 DEBUG [acme.framework.controllers.AbstractController@http-nio-8080-exec-10] Result: ModelAndView [view="master/panic"; model={oops=java.lang.IllegalStateException: Access is not authorised}] 
2022-04-22 13:02:19.383 DEBUG [acme.framework.components.tiles.DynamicTilesView@http-nio-8080-exec-10] View name 'master/panic', model {oops=java.lang.IllegalStateException: Access is not authorised, org.springframework.validation.BindingResult.oops=org.springframework.validation.BeanPropertyBindingResult: 0 errors} 
2022-04-22 13:02:19.383 DEBUG [org.apache.jasper.servlet.JspServlet@http-nio-8080-exec-10] JspEngine --> /WEB-INF/views/master/page.jsp 
2022-04-22 13:02:19.384 DEBUG [org.apache.jasper.servlet.JspServlet@http-nio-8080-exec-10] ServletPath: /WEB-INF/views/master/page.jsp 
2022-04-22 13:02:19.384 DEBUG [org.apache.jasper.servlet.JspServlet@http-nio-8080-exec-10] PathInfo: null 
2022-04-22 13:02:19.385 DEBUG [org.apache.jasper.servlet.JspServlet@http-nio-8080-exec-10] RealPath: C:\Users\laura\git\Acme-Toolkits\target\classes\WEB-INF\views\master\page.jsp 
2022-04-22 13:02:19.385 DEBUG [org.apache.jasper.servlet.JspServlet@http-nio-8080-exec-10] RequestURI: /acme-toolkits-1.0/WEB-INF/views/master/page.jsp 
2022-04-22 13:02:19.385 DEBUG [org.apache.jasper.servlet.JspServlet@http-nio-8080-exec-10] QueryString: id=21 
2022-04-22 13:02:19.588 DEBUG [org.apache.jasper.servlet.JspServlet@http-nio-8080-exec-10] JspEngine --> /WEB-INF/views/master/panic.jsp 
2022-04-22 13:02:19.588 DEBUG [org.apache.jasper.servlet.JspServlet@http-nio-8080-exec-10] ServletPath: /WEB-INF/views/master/page.jsp 
2022-04-22 13:02:19.589 DEBUG [org.apache.jasper.servlet.JspServlet@http-nio-8080-exec-10] PathInfo: null 
2022-04-22 13:02:19.589 DEBUG [org.apache.jasper.servlet.JspServlet@http-nio-8080-exec-10] RealPath: C:\Users\laura\git\Acme-Toolkits\target\classes\WEB-INF\views\master\panic.jsp 
2022-04-22 13:02:19.590 DEBUG [org.apache.jasper.servlet.JspServlet@http-nio-8080-exec-10] RequestURI: /acme-toolkits-1.0/WEB-INF/views/master/page.jsp 
2022-04-22 13:02:19.590 DEBUG [org.apache.jasper.servlet.JspServlet@http-nio-8080-exec-10] QueryString: id=21 
2022-04-22 13:02:19.775 ERROR [org.apache.jsp.WEB_002dINF.views.master.panic_jsp@http-nio-8080-exec-10] HTTP GET /acme-toolkits-1.0/WEB-INF/views/master/page.jsp HTTP/1.1 
2022-04-22 13:02:19.775 ERROR [org.apache.jsp.WEB_002dINF.views.master.panic_jsp@http-nio-8080-exec-10] Status: 500 
2022-04-22 13:02:19.777 ERROR [org.apache.jsp.WEB_002dINF.views.master.panic_jsp@http-nio-8080-exec-10] Exception: acme.framework.helpers.Assert.state(Assert.java:45): Access is not authorised 
