2022-04-22 12:38:13.469 INFO  [acme.Launcher@main] Starting Launcher using Java 1.8.0_281 on LAPTOP-222T00T7 with PID 5412 (C:\Users\laura\Downloads\Workspace-22.0\Frameworks\Acme-Framework-22.3\target\classes started by laura in C:\Users\laura\git\Acme-Toolkits) 
2022-04-22 12:38:13.471 DEBUG [acme.Launcher@main] Running with Spring Boot v2.4.2, Spring v5.3.3 
2022-04-22 12:38:13.472 INFO  [acme.Launcher@main] The following profiles are active: development,default 
2022-04-22 12:38:17.398 DEBUG [org.apache.jasper.servlet.JasperInitializer@main] Initializing Jasper for context [application] 
2022-04-22 12:38:24.770 DEBUG [org.apache.jasper.servlet.JspServlet@main] Scratch dir for the JSP engine is: [C:\Users\laura\AppData\Local\Temp\tomcat.8080.920738973646234938\work\Tomcat\localhost\acme-toolkits-1.0] 
2022-04-22 12:38:24.771 DEBUG [org.apache.jasper.servlet.JspServlet@main] IMPORTANT: Do not modify the generated servlets 
2022-04-22 12:38:24.800 INFO  [acme.Launcher@main] Started Launcher in 12.306 seconds (JVM running for 13.302) 
2022-04-22 12:38:24.811 DEBUG [acme.Launcher@main] Found classpath entry '/C:/Users/laura/git/Acme-Toolkits/target/test-classes/' 
2022-04-22 12:38:24.812 DEBUG [acme.Launcher@main] Found classpath entry '/C:/Users/laura/git/Acme-Toolkits/target/classes/' 
2022-04-22 12:38:24.812 DEBUG [acme.Launcher@main] Found classpath entry '/C:/Users/laura/Downloads/Workspace-22.0/Frameworks/Acme-Framework-22.3/target/classes/' 
2022-04-22 12:38:24.812 DEBUG [acme.Launcher@main] Found classpath entry '/C:/Users/laura/Downloads/Workspace-22.0/Frameworks/Acme-Framework-22.3/target/test-classes/' 
2022-04-22 12:38:24.812 DEBUG [acme.Launcher@main] Found classpath entry '/C:/Users/laura/.m2/repository/org/springframework/boot/spring-boot-starter-tomcat/2.4.2/spring-boot-starter-tomcat-2.4.2.jar' 
2022-04-22 12:38:24.813 DEBUG [acme.Launcher@main] Found classpath entry '/C:/Users/laura/.m2/repository/jakarta/annotation/jakarta.annotation-api/1.3.5/jakarta.annotation-api-1.3.5.jar' 
2022-04-22 12:38:24.813 DEBUG [acme.Launcher@main] Found classpath entry '/C:/Users/laura/.m2/repository/org/apache/tomcat/embed/tomcat-embed-core/9.0.41/tomcat-embed-core-9.0.41.jar' 
2022-04-22 12:38:24.814 DEBUG [acme.Launcher@main] Found classpath entry '/C:/Users/laura/.m2/repository/org/glassfish/jakarta.el/3.0.3/jakarta.el-3.0.3.jar' 
2022-04-22 12:38:24.814 DEBUG [acme.Launcher@main] Found classpath entry '/C:/Users/laura/.m2/repository/org/apache/tomcat/embed/tomcat-embed-websocket/9.0.41/tomcat-embed-websocket-9.0.41.jar' 
2022-04-22 12:38:24.814 DEBUG [acme.Launcher@main] Found classpath entry '/C:/Users/laura/.m2/repository/org/apache/tomcat/embed/tomcat-embed-jasper/9.0.41/tomcat-embed-jasper-9.0.41.jar' 
2022-04-22 12:38:24.815 DEBUG [acme.Launcher@main] Found classpath entry '/C:/Users/laura/.m2/repository/org/apache/tomcat/embed/tomcat-embed-el/9.0.41/tomcat-embed-el-9.0.41.jar' 
2022-04-22 12:38:24.815 DEBUG [acme.Launcher@main] Found classpath entry '/C:/Users/laura/.m2/repository/org/eclipse/jdt/ecj/3.18.0/ecj-3.18.0.jar' 
2022-04-22 12:38:24.815 DEBUG [acme.Launcher@main] Found classpath entry '/C:/Users/laura/.m2/repository/javax/servlet/jstl/1.2/jstl-1.2.jar' 
2022-04-22 12:38:24.816 DEBUG [acme.Launcher@main] Found classpath entry '/C:/Users/laura/.m2/repository/org/springframework/boot/spring-boot-starter-test/2.4.2/spring-boot-starter-test-2.4.2.jar' 
2022-04-22 12:38:24.816 DEBUG [acme.Launcher@main] Found classpath entry '/C:/Users/laura/.m2/repository/org/springframework/boot/spring-boot-starter/2.4.2/spring-boot-starter-2.4.2.jar' 
2022-04-22 12:38:24.816 DEBUG [acme.Launcher@main] Found classpath entry '/C:/Users/laura/.m2/repository/org/springframework/boot/spring-boot/2.4.2/spring-boot-2.4.2.jar' 
2022-04-22 12:38:24.816 DEBUG [acme.Launcher@main] Found classpath entry '/C:/Users/laura/.m2/repository/org/springframework/boot/spring-boot-autoconfigure/2.4.2/spring-boot-autoconfigure-2.4.2.jar' 
2022-04-22 12:38:24.816 DEBUG [acme.Launcher@main] Found classpath entry '/C:/Users/laura/.m2/repository/org/springframework/boot/spring-boot-starter-logging/2.4.2/spring-boot-starter-logging-2.4.2.jar' 
2022-04-22 12:38:24.817 DEBUG [acme.Launcher@main] Found classpath entry '/C:/Users/laura/.m2/repository/ch/qos/logback/logback-classic/1.2.3/logback-classic-1.2.3.jar' 
2022-04-22 12:38:24.817 DEBUG [acme.Launcher@main] Found classpath entry '/C:/Users/laura/.m2/repository/ch/qos/logback/logback-core/1.2.3/logback-core-1.2.3.jar' 
2022-04-22 12:38:24.818 DEBUG [acme.Launcher@main] Found classpath entry '/C:/Users/laura/.m2/repository/org/apache/logging/log4j/log4j-to-slf4j/2.13.3/log4j-to-slf4j-2.13.3.jar' 
2022-04-22 12:38:24.818 DEBUG [acme.Launcher@main] Found classpath entry '/C:/Users/laura/.m2/repository/org/apache/logging/log4j/log4j-api/2.13.3/log4j-api-2.13.3.jar' 
2022-04-22 12:38:24.818 DEBUG [acme.Launcher@main] Found classpath entry '/C:/Users/laura/.m2/repository/org/slf4j/jul-to-slf4j/1.7.30/jul-to-slf4j-1.7.30.jar' 
2022-04-22 12:38:24.819 DEBUG [acme.Launcher@main] Found classpath entry '/C:/Users/laura/.m2/repository/org/yaml/snakeyaml/1.27/snakeyaml-1.27.jar' 
2022-04-22 12:38:24.819 DEBUG [acme.Launcher@main] Found classpath entry '/C:/Users/laura/.m2/repository/org/springframework/boot/spring-boot-test/2.4.2/spring-boot-test-2.4.2.jar' 
2022-04-22 12:38:24.819 DEBUG [acme.Launcher@main] Found classpath entry '/C:/Users/laura/.m2/repository/org/springframework/boot/spring-boot-test-autoconfigure/2.4.2/spring-boot-test-autoconfigure-2.4.2.jar' 
2022-04-22 12:38:24.819 DEBUG [acme.Launcher@main] Found classpath entry '/C:/Users/laura/.m2/repository/com/jayway/jsonpath/json-path/2.4.0/json-path-2.4.0.jar' 
2022-04-22 12:38:24.820 DEBUG [acme.Launcher@main] Found classpath entry '/C:/Users/laura/.m2/repository/net/minidev/json-smart/2.3/json-smart-2.3.jar' 
2022-04-22 12:38:24.820 DEBUG [acme.Launcher@main] Found classpath entry '/C:/Users/laura/.m2/repository/net/minidev/accessors-smart/1.2/accessors-smart-1.2.jar' 
2022-04-22 12:38:24.821 DEBUG [acme.Launcher@main] Found classpath entry '/C:/Users/laura/.m2/repository/org/ow2/asm/asm/5.0.4/asm-5.0.4.jar' 
2022-04-22 12:38:24.825 DEBUG [acme.Launcher@main] Found classpath entry '/C:/Users/laura/.m2/repository/jakarta/xml/bind/jakarta.xml.bind-api/2.3.3/jakarta.xml.bind-api-2.3.3.jar' 
2022-04-22 12:38:24.827 DEBUG [acme.Launcher@main] Found classpath entry '/C:/Users/laura/.m2/repository/jakarta/activation/jakarta.activation-api/1.2.2/jakarta.activation-api-1.2.2.jar' 
2022-04-22 12:38:24.828 DEBUG [acme.Launcher@main] Found classpath entry '/C:/Users/laura/.m2/repository/org/assertj/assertj-core/3.18.1/assertj-core-3.18.1.jar' 
2022-04-22 12:38:24.829 DEBUG [acme.Launcher@main] Found classpath entry '/C:/Users/laura/.m2/repository/org/hamcrest/hamcrest/2.2/hamcrest-2.2.jar' 
2022-04-22 12:38:24.829 DEBUG [acme.Launcher@main] Found classpath entry '/C:/Users/laura/.m2/repository/org/junit/jupiter/junit-jupiter/5.7.0/junit-jupiter-5.7.0.jar' 
2022-04-22 12:38:24.830 DEBUG [acme.Launcher@main] Found classpath entry '/C:/Users/laura/.m2/repository/org/mockito/mockito-core/3.6.28/mockito-core-3.6.28.jar' 
2022-04-22 12:38:24.831 DEBUG [acme.Launcher@main] Found classpath entry '/C:/Users/laura/.m2/repository/net/bytebuddy/byte-buddy-agent/1.10.19/byte-buddy-agent-1.10.19.jar' 
2022-04-22 12:38:24.831 DEBUG [acme.Launcher@main] Found classpath entry '/C:/Users/laura/.m2/repository/org/objenesis/objenesis/3.1/objenesis-3.1.jar' 
2022-04-22 12:38:24.831 DEBUG [acme.Launcher@main] Found classpath entry '/C:/Users/laura/.m2/repository/org/mockito/mockito-junit-jupiter/3.6.28/mockito-junit-jupiter-3.6.28.jar' 
2022-04-22 12:38:24.832 DEBUG [acme.Launcher@main] Found classpath entry '/C:/Users/laura/.m2/repository/org/skyscreamer/jsonassert/1.5.0/jsonassert-1.5.0.jar' 
2022-04-22 12:38:24.832 DEBUG [acme.Launcher@main] Found classpath entry '/C:/Users/laura/.m2/repository/com/vaadin/external/google/android-json/0.0.20131108.vaadin1/android-json-0.0.20131108.vaadin1.jar' 
2022-04-22 12:38:24.832 DEBUG [acme.Launcher@main] Found classpath entry '/C:/Users/laura/.m2/repository/org/springframework/spring-core/5.3.3/spring-core-5.3.3.jar' 
2022-04-22 12:38:24.833 DEBUG [acme.Launcher@main] Found classpath entry '/C:/Users/laura/.m2/repository/org/springframework/spring-jcl/5.3.3/spring-jcl-5.3.3.jar' 
2022-04-22 12:38:24.833 DEBUG [acme.Launcher@main] Found classpath entry '/C:/Users/laura/.m2/repository/org/springframework/spring-test/5.3.3/spring-test-5.3.3.jar' 
2022-04-22 12:38:24.833 DEBUG [acme.Launcher@main] Found classpath entry '/C:/Users/laura/.m2/repository/org/xmlunit/xmlunit-core/2.7.0/xmlunit-core-2.7.0.jar' 
2022-04-22 12:38:24.833 DEBUG [acme.Launcher@main] Found classpath entry '/C:/Users/laura/.m2/repository/org/springframework/boot/spring-boot-starter-security/2.4.2/spring-boot-starter-security-2.4.2.jar' 
2022-04-22 12:38:24.834 DEBUG [acme.Launcher@main] Found classpath entry '/C:/Users/laura/.m2/repository/org/springframework/spring-aop/5.3.3/spring-aop-5.3.3.jar' 
2022-04-22 12:38:24.834 DEBUG [acme.Launcher@main] Found classpath entry '/C:/Users/laura/.m2/repository/org/springframework/security/spring-security-web/5.4.2/spring-security-web-5.4.2.jar' 
2022-04-22 12:38:24.835 DEBUG [acme.Launcher@main] Found classpath entry '/C:/Users/laura/.m2/repository/org/springframework/security/spring-security-core/5.4.2/spring-security-core-5.4.2.jar' 
2022-04-22 12:38:24.835 DEBUG [acme.Launcher@main] Found classpath entry '/C:/Users/laura/.m2/repository/org/springframework/spring-beans/5.3.3/spring-beans-5.3.3.jar' 
2022-04-22 12:38:24.835 DEBUG [acme.Launcher@main] Found classpath entry '/C:/Users/laura/.m2/repository/org/springframework/spring-context/5.3.3/spring-context-5.3.3.jar' 
2022-04-22 12:38:24.835 DEBUG [acme.Launcher@main] Found classpath entry '/C:/Users/laura/.m2/repository/org/springframework/spring-expression/5.3.3/spring-expression-5.3.3.jar' 
2022-04-22 12:38:24.836 DEBUG [acme.Launcher@main] Found classpath entry '/C:/Users/laura/.m2/repository/org/springframework/spring-web/5.3.3/spring-web-5.3.3.jar' 
2022-04-22 12:38:24.836 DEBUG [acme.Launcher@main] Found classpath entry '/C:/Users/laura/.m2/repository/org/springframework/security/spring-security-config/5.4.2/spring-security-config-5.4.2.jar' 
2022-04-22 12:38:24.837 DEBUG [acme.Launcher@main] Found classpath entry '/C:/Users/laura/.m2/repository/org/springframework/security/spring-security-taglibs/5.4.2/spring-security-taglibs-5.4.2.jar' 
2022-04-22 12:38:24.837 DEBUG [acme.Launcher@main] Found classpath entry '/C:/Users/laura/.m2/repository/org/springframework/security/spring-security-acl/5.4.2/spring-security-acl-5.4.2.jar' 
2022-04-22 12:38:24.838 DEBUG [acme.Launcher@main] Found classpath entry '/C:/Users/laura/.m2/repository/org/springframework/spring-jdbc/5.3.3/spring-jdbc-5.3.3.jar' 
2022-04-22 12:38:24.838 DEBUG [acme.Launcher@main] Found classpath entry '/C:/Users/laura/.m2/repository/org/springframework/spring-tx/5.3.3/spring-tx-5.3.3.jar' 
2022-04-22 12:38:24.839 DEBUG [acme.Launcher@main] Found classpath entry '/C:/Users/laura/.m2/repository/org/springframework/boot/spring-boot-starter-web/2.4.2/spring-boot-starter-web-2.4.2.jar' 
2022-04-22 12:38:24.839 DEBUG [acme.Launcher@main] Found classpath entry '/C:/Users/laura/.m2/repository/org/springframework/boot/spring-boot-starter-json/2.4.2/spring-boot-starter-json-2.4.2.jar' 
2022-04-22 12:38:24.839 DEBUG [acme.Launcher@main] Found classpath entry '/C:/Users/laura/.m2/repository/com/fasterxml/jackson/core/jackson-databind/2.11.4/jackson-databind-2.11.4.jar' 
2022-04-22 12:38:24.840 DEBUG [acme.Launcher@main] Found classpath entry '/C:/Users/laura/.m2/repository/com/fasterxml/jackson/core/jackson-annotations/2.11.4/jackson-annotations-2.11.4.jar' 
2022-04-22 12:38:24.840 DEBUG [acme.Launcher@main] Found classpath entry '/C:/Users/laura/.m2/repository/com/fasterxml/jackson/core/jackson-core/2.11.4/jackson-core-2.11.4.jar' 
2022-04-22 12:38:24.840 DEBUG [acme.Launcher@main] Found classpath entry '/C:/Users/laura/.m2/repository/com/fasterxml/jackson/datatype/jackson-datatype-jdk8/2.11.4/jackson-datatype-jdk8-2.11.4.jar' 
2022-04-22 12:38:24.841 DEBUG [acme.Launcher@main] Found classpath entry '/C:/Users/laura/.m2/repository/com/fasterxml/jackson/datatype/jackson-datatype-jsr310/2.11.4/jackson-datatype-jsr310-2.11.4.jar' 
2022-04-22 12:38:24.841 DEBUG [acme.Launcher@main] Found classpath entry '/C:/Users/laura/.m2/repository/com/fasterxml/jackson/module/jackson-module-parameter-names/2.11.4/jackson-module-parameter-names-2.11.4.jar' 
2022-04-22 12:38:24.841 DEBUG [acme.Launcher@main] Found classpath entry '/C:/Users/laura/.m2/repository/org/springframework/spring-webmvc/5.3.3/spring-webmvc-5.3.3.jar' 
2022-04-22 12:38:24.841 DEBUG [acme.Launcher@main] Found classpath entry '/C:/Users/laura/.m2/repository/org/apache/tiles/tiles-jsp/3.0.8/tiles-jsp-3.0.8.jar' 
2022-04-22 12:38:24.842 DEBUG [acme.Launcher@main] Found classpath entry '/C:/Users/laura/.m2/repository/org/apache/tiles/tiles-servlet/3.0.8/tiles-servlet-3.0.8.jar' 
2022-04-22 12:38:24.842 DEBUG [acme.Launcher@main] Found classpath entry '/C:/Users/laura/.m2/repository/org/apache/tiles/tiles-core/3.0.8/tiles-core-3.0.8.jar' 
2022-04-22 12:38:24.842 DEBUG [acme.Launcher@main] Found classpath entry '/C:/Users/laura/.m2/repository/commons-digester/commons-digester/2.0/commons-digester-2.0.jar' 
2022-04-22 12:38:24.842 DEBUG [acme.Launcher@main] Found classpath entry '/C:/Users/laura/.m2/repository/org/slf4j/jcl-over-slf4j/1.7.30/jcl-over-slf4j-1.7.30.jar' 
2022-04-22 12:38:24.843 DEBUG [acme.Launcher@main] Found classpath entry '/C:/Users/laura/.m2/repository/org/apache/tiles/tiles-request-servlet/1.0.7/tiles-request-servlet-1.0.7.jar' 
2022-04-22 12:38:24.843 DEBUG [acme.Launcher@main] Found classpath entry '/C:/Users/laura/.m2/repository/org/apache/tiles/tiles-template/3.0.8/tiles-template-3.0.8.jar' 
2022-04-22 12:38:24.843 DEBUG [acme.Launcher@main] Found classpath entry '/C:/Users/laura/.m2/repository/org/apache/tiles/tiles-api/3.0.8/tiles-api-3.0.8.jar' 
2022-04-22 12:38:24.843 DEBUG [acme.Launcher@main] Found classpath entry '/C:/Users/laura/.m2/repository/org/apache/tiles/tiles-autotag-core-runtime/1.2/tiles-autotag-core-runtime-1.2.jar' 
2022-04-22 12:38:24.844 DEBUG [acme.Launcher@main] Found classpath entry '/C:/Users/laura/.m2/repository/org/slf4j/slf4j-api/1.7.30/slf4j-api-1.7.30.jar' 
2022-04-22 12:38:24.844 DEBUG [acme.Launcher@main] Found classpath entry '/C:/Users/laura/.m2/repository/org/apache/tiles/tiles-request-jsp/1.0.7/tiles-request-jsp-1.0.7.jar' 
2022-04-22 12:38:24.844 DEBUG [acme.Launcher@main] Found classpath entry '/C:/Users/laura/.m2/repository/org/apache/tiles/tiles-request-api/1.0.7/tiles-request-api-1.0.7.jar' 
2022-04-22 12:38:24.844 DEBUG [acme.Launcher@main] Found classpath entry '/C:/Users/laura/.m2/repository/org/springframework/boot/spring-boot-starter-data-jpa/2.4.2/spring-boot-starter-data-jpa-2.4.2.jar' 
2022-04-22 12:38:24.845 DEBUG [acme.Launcher@main] Found classpath entry '/C:/Users/laura/.m2/repository/org/springframework/boot/spring-boot-starter-aop/2.4.2/spring-boot-starter-aop-2.4.2.jar' 
2022-04-22 12:38:24.845 DEBUG [acme.Launcher@main] Found classpath entry '/C:/Users/laura/.m2/repository/org/aspectj/aspectjweaver/1.9.6/aspectjweaver-1.9.6.jar' 
2022-04-22 12:38:24.846 DEBUG [acme.Launcher@main] Found classpath entry '/C:/Users/laura/.m2/repository/org/springframework/boot/spring-boot-starter-jdbc/2.4.2/spring-boot-starter-jdbc-2.4.2.jar' 
2022-04-22 12:38:24.846 DEBUG [acme.Launcher@main] Found classpath entry '/C:/Users/laura/.m2/repository/jakarta/transaction/jakarta.transaction-api/1.3.3/jakarta.transaction-api-1.3.3.jar' 
2022-04-22 12:38:24.846 DEBUG [acme.Launcher@main] Found classpath entry '/C:/Users/laura/.m2/repository/jakarta/persistence/jakarta.persistence-api/2.2.3/jakarta.persistence-api-2.2.3.jar' 
2022-04-22 12:38:24.847 DEBUG [acme.Launcher@main] Found classpath entry '/C:/Users/laura/.m2/repository/org/hibernate/hibernate-core/5.4.27.Final/hibernate-core-5.4.27.Final.jar' 
2022-04-22 12:38:24.847 DEBUG [acme.Launcher@main] Found classpath entry '/C:/Users/laura/.m2/repository/org/jboss/logging/jboss-logging/3.4.1.Final/jboss-logging-3.4.1.Final.jar' 
2022-04-22 12:38:24.848 DEBUG [acme.Launcher@main] Found classpath entry '/C:/Users/laura/.m2/repository/org/javassist/javassist/3.27.0-GA/javassist-3.27.0-GA.jar' 
2022-04-22 12:38:24.848 DEBUG [acme.Launcher@main] Found classpath entry '/C:/Users/laura/.m2/repository/antlr/antlr/2.7.7/antlr-2.7.7.jar' 
2022-04-22 12:38:24.849 DEBUG [acme.Launcher@main] Found classpath entry '/C:/Users/laura/.m2/repository/org/jboss/jandex/2.1.3.Final/jandex-2.1.3.Final.jar' 
2022-04-22 12:38:24.849 DEBUG [acme.Launcher@main] Found classpath entry '/C:/Users/laura/.m2/repository/com/fasterxml/classmate/1.5.1/classmate-1.5.1.jar' 
2022-04-22 12:38:24.850 DEBUG [acme.Launcher@main] Found classpath entry '/C:/Users/laura/.m2/repository/org/dom4j/dom4j/2.1.3/dom4j-2.1.3.jar' 
2022-04-22 12:38:24.850 DEBUG [acme.Launcher@main] Found classpath entry '/C:/Users/laura/.m2/repository/org/hibernate/common/hibernate-commons-annotations/5.1.2.Final/hibernate-commons-annotations-5.1.2.Final.jar' 
2022-04-22 12:38:24.851 DEBUG [acme.Launcher@main] Found classpath entry '/C:/Users/laura/.m2/repository/org/glassfish/jaxb/jaxb-runtime/2.3.3/jaxb-runtime-2.3.3.jar' 
2022-04-22 12:38:24.851 DEBUG [acme.Launcher@main] Found classpath entry '/C:/Users/laura/.m2/repository/org/glassfish/jaxb/txw2/2.3.3/txw2-2.3.3.jar' 
2022-04-22 12:38:24.851 DEBUG [acme.Launcher@main] Found classpath entry '/C:/Users/laura/.m2/repository/com/sun/istack/istack-commons-runtime/3.0.11/istack-commons-runtime-3.0.11.jar' 
2022-04-22 12:38:24.851 DEBUG [acme.Launcher@main] Found classpath entry '/C:/Users/laura/.m2/repository/com/sun/activation/jakarta.activation/1.2.2/jakarta.activation-1.2.2.jar' 
2022-04-22 12:38:24.851 DEBUG [acme.Launcher@main] Found classpath entry '/C:/Users/laura/.m2/repository/org/springframework/data/spring-data-jpa/2.4.3/spring-data-jpa-2.4.3.jar' 
2022-04-22 12:38:24.852 DEBUG [acme.Launcher@main] Found classpath entry '/C:/Users/laura/.m2/repository/org/springframework/data/spring-data-commons/2.4.3/spring-data-commons-2.4.3.jar' 
2022-04-22 12:38:24.852 DEBUG [acme.Launcher@main] Found classpath entry '/C:/Users/laura/.m2/repository/org/springframework/spring-orm/5.3.3/spring-orm-5.3.3.jar' 
2022-04-22 12:38:24.852 DEBUG [acme.Launcher@main] Found classpath entry '/C:/Users/laura/.m2/repository/org/springframework/spring-aspects/5.3.3/spring-aspects-5.3.3.jar' 
2022-04-22 12:38:24.853 DEBUG [acme.Launcher@main] Found classpath entry '/C:/Users/laura/.m2/repository/org/springframework/boot/spring-boot-starter-validation/2.4.2/spring-boot-starter-validation-2.4.2.jar' 
2022-04-22 12:38:24.853 DEBUG [acme.Launcher@main] Found classpath entry '/C:/Users/laura/.m2/repository/org/hibernate/validator/hibernate-validator/6.1.7.Final/hibernate-validator-6.1.7.Final.jar' 
2022-04-22 12:38:24.853 DEBUG [acme.Launcher@main] Found classpath entry '/C:/Users/laura/.m2/repository/jakarta/validation/jakarta.validation-api/2.0.2/jakarta.validation-api-2.0.2.jar' 
2022-04-22 12:38:24.853 DEBUG [acme.Launcher@main] Found classpath entry '/C:/Users/laura/.m2/repository/mysql/mysql-connector-java/8.0.22/mysql-connector-java-8.0.22.jar' 
2022-04-22 12:38:24.853 DEBUG [acme.Launcher@main] Found classpath entry '/C:/Users/laura/.m2/repository/com/zaxxer/HikariCP/3.4.5/HikariCP-3.4.5.jar' 
2022-04-22 12:38:24.853 DEBUG [acme.Launcher@main] Found classpath entry '/C:/Users/laura/.m2/repository/org/junit/jupiter/junit-jupiter-engine/5.7.0/junit-jupiter-engine-5.7.0.jar' 
2022-04-22 12:38:24.854 DEBUG [acme.Launcher@main] Found classpath entry '/C:/Users/laura/.m2/repository/org/apiguardian/apiguardian-api/1.1.0/apiguardian-api-1.1.0.jar' 
2022-04-22 12:38:24.854 DEBUG [acme.Launcher@main] Found classpath entry '/C:/Users/laura/.m2/repository/org/junit/platform/junit-platform-engine/1.7.0/junit-platform-engine-1.7.0.jar' 
2022-04-22 12:38:24.854 DEBUG [acme.Launcher@main] Found classpath entry '/C:/Users/laura/.m2/repository/org/junit/jupiter/junit-jupiter-api/5.7.0/junit-jupiter-api-5.7.0.jar' 
2022-04-22 12:38:24.854 DEBUG [acme.Launcher@main] Found classpath entry '/C:/Users/laura/.m2/repository/org/opentest4j/opentest4j/1.2.0/opentest4j-1.2.0.jar' 
2022-04-22 12:38:24.855 DEBUG [acme.Launcher@main] Found classpath entry '/C:/Users/laura/.m2/repository/org/junit/platform/junit-platform-commons/1.7.0/junit-platform-commons-1.7.0.jar' 
2022-04-22 12:38:24.855 DEBUG [acme.Launcher@main] Found classpath entry '/C:/Users/laura/.m2/repository/org/junit/jupiter/junit-jupiter-params/5.7.0/junit-jupiter-params-5.7.0.jar' 
2022-04-22 12:38:24.855 DEBUG [acme.Launcher@main] Found classpath entry '/C:/Users/laura/.m2/repository/org/junit/platform/junit-platform-launcher/1.7.0/junit-platform-launcher-1.7.0.jar' 
2022-04-22 12:38:24.856 DEBUG [acme.Launcher@main] Found classpath entry '/C:/Users/laura/.m2/repository/org/seleniumhq/selenium/selenium-java/3.141.59/selenium-java-3.141.59.jar' 
2022-04-22 12:38:24.856 DEBUG [acme.Launcher@main] Found classpath entry '/C:/Users/laura/.m2/repository/org/seleniumhq/selenium/selenium-api/3.141.59/selenium-api-3.141.59.jar' 
2022-04-22 12:38:24.856 DEBUG [acme.Launcher@main] Found classpath entry '/C:/Users/laura/.m2/repository/org/seleniumhq/selenium/selenium-chrome-driver/3.141.59/selenium-chrome-driver-3.141.59.jar' 
2022-04-22 12:38:24.857 DEBUG [acme.Launcher@main] Found classpath entry '/C:/Users/laura/.m2/repository/org/seleniumhq/selenium/selenium-edge-driver/3.141.59/selenium-edge-driver-3.141.59.jar' 
2022-04-22 12:38:24.858 DEBUG [acme.Launcher@main] Found classpath entry '/C:/Users/laura/.m2/repository/org/seleniumhq/selenium/selenium-firefox-driver/3.141.59/selenium-firefox-driver-3.141.59.jar' 
2022-04-22 12:38:24.858 DEBUG [acme.Launcher@main] Found classpath entry '/C:/Users/laura/.m2/repository/org/seleniumhq/selenium/selenium-ie-driver/3.141.59/selenium-ie-driver-3.141.59.jar' 
2022-04-22 12:38:24.859 DEBUG [acme.Launcher@main] Found classpath entry '/C:/Users/laura/.m2/repository/org/seleniumhq/selenium/selenium-opera-driver/3.141.59/selenium-opera-driver-3.141.59.jar' 
2022-04-22 12:38:24.861 DEBUG [acme.Launcher@main] Found classpath entry '/C:/Users/laura/.m2/repository/org/seleniumhq/selenium/selenium-remote-driver/3.141.59/selenium-remote-driver-3.141.59.jar' 
2022-04-22 12:38:24.861 DEBUG [acme.Launcher@main] Found classpath entry '/C:/Users/laura/.m2/repository/org/seleniumhq/selenium/selenium-safari-driver/3.141.59/selenium-safari-driver-3.141.59.jar' 
2022-04-22 12:38:24.862 DEBUG [acme.Launcher@main] Found classpath entry '/C:/Users/laura/.m2/repository/org/seleniumhq/selenium/selenium-support/3.141.59/selenium-support-3.141.59.jar' 
2022-04-22 12:38:24.862 DEBUG [acme.Launcher@main] Found classpath entry '/C:/Users/laura/.m2/repository/net/bytebuddy/byte-buddy/1.10.19/byte-buddy-1.10.19.jar' 
2022-04-22 12:38:24.862 DEBUG [acme.Launcher@main] Found classpath entry '/C:/Users/laura/.m2/repository/org/apache/commons/commons-exec/1.3/commons-exec-1.3.jar' 
2022-04-22 12:38:24.863 DEBUG [acme.Launcher@main] Found classpath entry '/C:/Users/laura/.m2/repository/com/google/guava/guava/25.0-jre/guava-25.0-jre.jar' 
2022-04-22 12:38:24.863 DEBUG [acme.Launcher@main] Found classpath entry '/C:/Users/laura/.m2/repository/com/google/code/findbugs/jsr305/1.3.9/jsr305-1.3.9.jar' 
2022-04-22 12:38:24.863 DEBUG [acme.Launcher@main] Found classpath entry '/C:/Users/laura/.m2/repository/org/checkerframework/checker-compat-qual/2.0.0/checker-compat-qual-2.0.0.jar' 
2022-04-22 12:38:24.863 DEBUG [acme.Launcher@main] Found classpath entry '/C:/Users/laura/.m2/repository/com/google/errorprone/error_prone_annotations/2.1.3/error_prone_annotations-2.1.3.jar' 
2022-04-22 12:38:24.864 DEBUG [acme.Launcher@main] Found classpath entry '/C:/Users/laura/.m2/repository/com/google/j2objc/j2objc-annotations/1.1/j2objc-annotations-1.1.jar' 
2022-04-22 12:38:24.865 DEBUG [acme.Launcher@main] Found classpath entry '/C:/Users/laura/.m2/repository/org/codehaus/mojo/animal-sniffer-annotations/1.14/animal-sniffer-annotations-1.14.jar' 
2022-04-22 12:38:24.865 DEBUG [acme.Launcher@main] Found classpath entry '/C:/Users/laura/.m2/repository/com/squareup/okhttp3/okhttp/3.14.9/okhttp-3.14.9.jar' 
2022-04-22 12:38:24.866 DEBUG [acme.Launcher@main] Found classpath entry '/C:/Users/laura/.m2/repository/com/squareup/okio/okio/1.14.0/okio-1.14.0.jar' 
2022-04-22 12:38:24.866 DEBUG [acme.Launcher@main] Found classpath entry '/C:/Users/laura/.m2/repository/org/apache/commons/commons-lang3/3.11/commons-lang3-3.11.jar' 
2022-04-22 12:38:24.866 DEBUG [acme.Launcher@main] Found classpath entry '/C:/Users/laura/.m2/repository/org/apache/commons/commons-text/1.8/commons-text-1.8.jar' 
2022-04-22 12:38:24.866 DEBUG [acme.Launcher@main] Found classpath entry '/C:/Users/laura/.m2/repository/commons-io/commons-io/2.6/commons-io-2.6.jar' 
2022-04-22 12:38:24.867 DEBUG [acme.Launcher@main] Found classpath entry '/C:/Users/laura/.m2/repository/commons-cli/commons-cli/1.4/commons-cli-1.4.jar' 
2022-04-22 12:38:24.867 DEBUG [acme.Launcher@main] Found classpath entry '/C:/Users/laura/.m2/repository/org/projectlombok/lombok/1.18.16/lombok-1.18.16.jar' 
2022-04-22 12:38:24.868 DEBUG [acme.Launcher@main] Found classpath entry '/C:/Users/laura/.m2/repository/com/opencsv/opencsv/5.4/opencsv-5.4.jar' 
2022-04-22 12:38:24.868 DEBUG [acme.Launcher@main] Found classpath entry '/C:/Users/laura/.m2/repository/commons-beanutils/commons-beanutils/1.9.4/commons-beanutils-1.9.4.jar' 
2022-04-22 12:38:24.868 DEBUG [acme.Launcher@main] Found classpath entry '/C:/Users/laura/.m2/repository/commons-logging/commons-logging/1.2/commons-logging-1.2.jar' 
2022-04-22 12:38:24.868 DEBUG [acme.Launcher@main] Found classpath entry '/C:/Users/laura/.m2/repository/commons-collections/commons-collections/3.2.2/commons-collections-3.2.2.jar' 
2022-04-22 12:38:24.868 DEBUG [acme.Launcher@main] Found classpath entry '/C:/Users/laura/.m2/repository/org/apache/commons/commons-collections4/4.4/commons-collections4-4.4.jar' 
2022-04-22 12:38:24.868 DEBUG [acme.Launcher@main] Found classpath entry '/C:/Users/laura/Downloads/Workspace-22.0/Tools/IDEs/eclipse-jee-2021-12-R/configuration/org.eclipse.osgi/418/0/.cp/lib/javaagent-shaded.jar' 
2022-04-22 12:38:25.008 DEBUG [acme.Launcher@main] Found entity class 'acme.entities.Configuration 
2022-04-22 12:38:25.009 DEBUG [acme.Launcher@main] Found entity class 'acme.entities.announcements.Announcement 
2022-04-22 12:38:25.009 DEBUG [acme.Launcher@main] Found entity class 'acme.entities.chirps.Chirp 
2022-04-22 12:38:25.009 DEBUG [acme.Launcher@main] Found entity class 'acme.entities.items.Item 
2022-04-22 12:38:25.009 DEBUG [acme.Launcher@main] Found entity class 'acme.entities.patronages.Patronage 
2022-04-22 12:38:25.010 DEBUG [acme.Launcher@main] Found entity class 'acme.entities.patronages.PatronageReport 
2022-04-22 12:38:25.010 DEBUG [acme.Launcher@main] Found entity class 'acme.entities.quantities.Quantity 
2022-04-22 12:38:25.010 DEBUG [acme.Launcher@main] Found entity class 'acme.entities.toolkits.Toolkit 
2022-04-22 12:38:25.010 DEBUG [acme.Launcher@main] Found entity class 'acme.roles.Consumer 
2022-04-22 12:38:25.010 DEBUG [acme.Launcher@main] Found entity class 'acme.roles.Inventor 
2022-04-22 12:38:25.010 DEBUG [acme.Launcher@main] Found entity class 'acme.roles.Patron 
2022-04-22 12:38:25.011 DEBUG [acme.Launcher@main] Found entity class 'acme.roles.Provider 
2022-04-22 12:38:25.011 DEBUG [acme.Launcher@main] Found entity class 'acme.framework.entities.UserAccount 
2022-04-22 12:38:25.011 DEBUG [acme.Launcher@main] Found entity class 'acme.framework.roles.Administrator 
2022-04-22 12:38:25.011 DEBUG [acme.Launcher@main] Found entity class 'acme.framework.roles.Anonymous 
2022-04-22 12:38:25.011 DEBUG [acme.Launcher@main] Found entity class 'acme.framework.roles.Any 
2022-04-22 12:38:25.011 DEBUG [acme.Launcher@main] Found entity class 'acme.framework.roles.Authenticated 
2022-04-22 12:38:25.018 INFO  [acme.Launcher@main] Running application (Standalone) 
2022-04-22 12:38:34.764 DEBUG [acme.framework.components.tiles.DynamicTilesView@http-nio-8080-exec-2] View name 'fragments/welcome', model {} 
2022-04-22 12:38:34.783 DEBUG [org.apache.tiles.definition.dao.BaseLocaleUrlDefinitionDAO@http-nio-8080-exec-2] File Resource file:/C:/Users/laura/git/Acme-Toolkits/target/classes/WEB-INF/views/master/tiles_en.xml at file:/C:/Users/laura/git/Acme-Toolkits/target/classes/WEB-INF/views/master/tiles_en.xml not found, continue 
2022-04-22 12:38:34.792 DEBUG [org.apache.jasper.servlet.JspServlet@http-nio-8080-exec-2] JspEngine --> /WEB-INF/views/master/page.jsp 
2022-04-22 12:38:34.792 DEBUG [org.apache.jasper.servlet.JspServlet@http-nio-8080-exec-2] ServletPath: /WEB-INF/views/master/page.jsp 
2022-04-22 12:38:34.793 DEBUG [org.apache.jasper.servlet.JspServlet@http-nio-8080-exec-2] PathInfo: null 
2022-04-22 12:38:34.794 DEBUG [org.apache.jasper.servlet.JspServlet@http-nio-8080-exec-2] RealPath: C:\Users\laura\git\Acme-Toolkits\target\classes\WEB-INF\views\master\page.jsp 
2022-04-22 12:38:34.794 DEBUG [org.apache.jasper.servlet.JspServlet@http-nio-8080-exec-2] RequestURI: /acme-toolkits-1.0/WEB-INF/views/master/page.jsp 
2022-04-22 12:38:34.795 DEBUG [org.apache.jasper.servlet.JspServlet@http-nio-8080-exec-2] QueryString: null 
2022-04-22 12:38:38.510 DEBUG [acme.framework.components.tiles.DynamicTilesView@http-nio-8080-exec-5] View name 'fragments/welcome', model {} 
2022-04-22 12:38:38.513 DEBUG [org.apache.jasper.servlet.JspServlet@http-nio-8080-exec-5] JspEngine --> /WEB-INF/views/master/page.jsp 
2022-04-22 12:38:38.514 DEBUG [org.apache.jasper.servlet.JspServlet@http-nio-8080-exec-5] ServletPath: /WEB-INF/views/master/page.jsp 
2022-04-22 12:38:38.515 DEBUG [org.apache.jasper.servlet.JspServlet@http-nio-8080-exec-5] PathInfo: null 
2022-04-22 12:38:38.516 DEBUG [org.apache.jasper.servlet.JspServlet@http-nio-8080-exec-5] RealPath: C:\Users\laura\git\Acme-Toolkits\target\classes\WEB-INF\views\master\page.jsp 
2022-04-22 12:38:38.517 DEBUG [org.apache.jasper.servlet.JspServlet@http-nio-8080-exec-5] RequestURI: /acme-toolkits-1.0/WEB-INF/views/master/page.jsp 
2022-04-22 12:38:38.517 DEBUG [org.apache.jasper.servlet.JspServlet@http-nio-8080-exec-5] QueryString: null 
2022-04-22 12:38:39.277 DEBUG [acme.framework.configuration.ExtendedMessageSource@http-nio-8080-exec-2] Loading properties [C:\Users\laura\git\Acme-Toolkits\target\classes\WEB-INF\views\administrator\configuration\messages-en.i18n] with encoding 'utf-8' 
2022-04-22 12:38:39.277 DEBUG [acme.framework.configuration.ExtendedMessageSource@http-nio-8080-exec-2] Loading properties [C:\Users\laura\git\Acme-Toolkits\target\classes\WEB-INF\views\administrator\user-account\messages-en.i18n] with encoding 'utf-8' 
2022-04-22 12:38:39.278 DEBUG [acme.framework.configuration.ExtendedMessageSource@http-nio-8080-exec-2] Loading properties [C:\Users\laura\git\Acme-Toolkits\target\classes\WEB-INF\views\anonymous\user-account\messages-en.i18n] with encoding 'utf-8' 
2022-04-22 12:38:39.279 DEBUG [acme.framework.configuration.ExtendedMessageSource@http-nio-8080-exec-2] Loading properties [C:\Users\laura\git\Acme-Toolkits\target\classes\WEB-INF\views\any\chirp\messages-en.i18n] with encoding 'utf-8' 
2022-04-22 12:38:39.279 DEBUG [acme.framework.configuration.ExtendedMessageSource@http-nio-8080-exec-2] Loading properties [C:\Users\laura\git\Acme-Toolkits\target\classes\WEB-INF\views\any\item\messages-en.i18n] with encoding 'utf-8' 
2022-04-22 12:38:39.280 DEBUG [acme.framework.configuration.ExtendedMessageSource@http-nio-8080-exec-2] Loading properties [C:\Users\laura\git\Acme-Toolkits\target\classes\WEB-INF\views\any\user-account\messages-en.i18n] with encoding 'utf-8' 
2022-04-22 12:38:39.281 DEBUG [acme.framework.configuration.ExtendedMessageSource@http-nio-8080-exec-2] Loading properties [C:\Users\laura\git\Acme-Toolkits\target\classes\WEB-INF\views\authenticated\consumer\messsages-en.i18n] with encoding 'utf-8' 
2022-04-22 12:38:39.281 DEBUG [acme.framework.configuration.ExtendedMessageSource@http-nio-8080-exec-2] Loading properties [C:\Users\laura\git\Acme-Toolkits\target\classes\WEB-INF\views\authenticated\provider\messsages-en.i18n] with encoding 'utf-8' 
2022-04-22 12:38:39.282 DEBUG [acme.framework.configuration.ExtendedMessageSource@http-nio-8080-exec-2] Loading properties [C:\Users\laura\git\Acme-Toolkits\target\classes\WEB-INF\views\authenticated\user-account\messages-en.i18n] with encoding 'utf-8' 
2022-04-22 12:38:39.282 DEBUG [acme.framework.configuration.ExtendedMessageSource@http-nio-8080-exec-2] Loading properties [C:\Users\laura\git\Acme-Toolkits\target\classes\WEB-INF\views\fragments\banner-en.i18n] with encoding 'utf-8' 
2022-04-22 12:38:39.283 DEBUG [acme.framework.configuration.ExtendedMessageSource@http-nio-8080-exec-2] Loading properties [C:\Users\laura\git\Acme-Toolkits\target\classes\WEB-INF\views\fragments\company-en.i18n] with encoding 'utf-8' 
2022-04-22 12:38:39.284 DEBUG [acme.framework.configuration.ExtendedMessageSource@http-nio-8080-exec-2] Loading properties [C:\Users\laura\git\Acme-Toolkits\target\classes\WEB-INF\views\fragments\footer-en.i18n] with encoding 'utf-8' 
2022-04-22 12:38:39.285 DEBUG [acme.framework.configuration.ExtendedMessageSource@http-nio-8080-exec-2] Loading properties [C:\Users\laura\git\Acme-Toolkits\target\classes\WEB-INF\views\fragments\license-en.i18n] with encoding 'utf-8' 
2022-04-22 12:38:39.286 DEBUG [acme.framework.configuration.ExtendedMessageSource@http-nio-8080-exec-2] Loading properties [C:\Users\laura\git\Acme-Toolkits\target\classes\WEB-INF\views\fragments\menu-en.i18n] with encoding 'utf-8' 
2022-04-22 12:38:39.287 DEBUG [acme.framework.configuration.ExtendedMessageSource@http-nio-8080-exec-2] Loading properties [C:\Users\laura\git\Acme-Toolkits\target\classes\WEB-INF\views\fragments\messages-en.i18n] with encoding 'utf-8' 
2022-04-22 12:38:39.287 DEBUG [acme.framework.configuration.ExtendedMessageSource@http-nio-8080-exec-2] Loading properties [C:\Users\laura\git\Acme-Toolkits\target\classes\WEB-INF\views\fragments\messsages-en.i18n] with encoding 'utf-8' 
2022-04-22 12:38:39.288 DEBUG [acme.framework.configuration.ExtendedMessageSource@http-nio-8080-exec-2] Loading properties [C:\Users\laura\git\Acme-Toolkits\target\classes\WEB-INF\views\fragments\title-en.i18n] with encoding 'utf-8' 
2022-04-22 12:38:39.289 DEBUG [acme.framework.configuration.ExtendedMessageSource@http-nio-8080-exec-2] Loading properties [C:\Users\laura\git\Acme-Toolkits\target\classes\WEB-INF\views\fragments\welcome-en.i18n] with encoding 'utf-8' 
2022-04-22 12:38:39.289 DEBUG [acme.framework.configuration.ExtendedMessageSource@http-nio-8080-exec-2] Loading properties [C:\Users\laura\git\Acme-Toolkits\target\classes\WEB-INF\views\inventor\item\messages-en.i18n] with encoding 'utf-8' 
2022-04-22 12:38:39.290 DEBUG [acme.framework.configuration.ExtendedMessageSource@http-nio-8080-exec-2] Loading properties [C:\Users\laura\git\Acme-Toolkits\target\classes\WEB-INF\views\inventor\patronage\messages-en.i18n] with encoding 'utf-8' 
2022-04-22 12:38:39.290 DEBUG [acme.framework.configuration.ExtendedMessageSource@http-nio-8080-exec-2] Loading properties [C:\Users\laura\git\Acme-Toolkits\target\classes\WEB-INF\views\inventor\patronage-report\messages-en.i18n] with encoding 'utf-8' 
2022-04-22 12:38:39.291 DEBUG [acme.framework.configuration.ExtendedMessageSource@http-nio-8080-exec-2] Loading properties [C:\Users\laura\git\Acme-Toolkits\target\classes\WEB-INF\views\master\defaults-en.i18n] with encoding 'utf-8' 
2022-04-22 12:38:39.292 DEBUG [acme.framework.configuration.ExtendedMessageSource@http-nio-8080-exec-2] Loading properties [C:\Users\laura\git\Acme-Toolkits\target\classes\WEB-INF\views\master\master-en.i18n] with encoding 'utf-8' 
2022-04-22 12:38:39.293 DEBUG [acme.framework.configuration.ExtendedMessageSource@http-nio-8080-exec-2] Loading properties [C:\Users\laura\git\Acme-Toolkits\target\classes\WEB-INF\views\master\throwables-en.i18n] with encoding 'utf-8' 
2022-04-22 12:38:39.295 DEBUG [acme.framework.configuration.ExtendedMessageSource@http-nio-8080-exec-2] Loading properties [C:\Users\laura\git\Acme-Toolkits\target\classes\WEB-INF\views\master\validation-en.i18n] with encoding 'utf-8' 
2022-04-22 12:38:39.298 DEBUG [acme.framework.configuration.ExtendedMessageSource@http-nio-8080-exec-2] Loading properties [C:\Users\laura\git\Acme-Toolkits\target\classes\WEB-INF\views\patron\patronage\messages-en.i18n] with encoding 'utf-8' 
2022-04-22 12:38:39.298 DEBUG [acme.framework.configuration.ExtendedMessageSource@http-nio-8080-exec-2] Loading properties [C:\Users\laura\git\Acme-Toolkits\target\classes\WEB-INF\views\patron\patronage-report\messages-en.i18n] with encoding 'utf-8' 
2022-04-22 12:38:39.314 DEBUG [acme.framework.configuration.ExtendedMessageSource@http-nio-8080-exec-5] Loading properties [C:\Users\laura\git\Acme-Toolkits\target\classes\WEB-INF\views\administrator\configuration\messages-en.i18n] with encoding 'utf-8' 
2022-04-22 12:38:39.315 DEBUG [acme.framework.configuration.ExtendedMessageSource@http-nio-8080-exec-5] Loading properties [C:\Users\laura\git\Acme-Toolkits\target\classes\WEB-INF\views\administrator\user-account\messages-en.i18n] with encoding 'utf-8' 
2022-04-22 12:38:39.316 DEBUG [acme.framework.configuration.ExtendedMessageSource@http-nio-8080-exec-5] Loading properties [C:\Users\laura\git\Acme-Toolkits\target\classes\WEB-INF\views\anonymous\user-account\messages-en.i18n] with encoding 'utf-8' 
2022-04-22 12:38:39.317 DEBUG [acme.framework.configuration.ExtendedMessageSource@http-nio-8080-exec-5] Loading properties [C:\Users\laura\git\Acme-Toolkits\target\classes\WEB-INF\views\any\chirp\messages-en.i18n] with encoding 'utf-8' 
2022-04-22 12:38:39.318 DEBUG [acme.framework.configuration.ExtendedMessageSource@http-nio-8080-exec-5] Loading properties [C:\Users\laura\git\Acme-Toolkits\target\classes\WEB-INF\views\any\item\messages-en.i18n] with encoding 'utf-8' 
2022-04-22 12:38:39.318 DEBUG [acme.framework.configuration.ExtendedMessageSource@http-nio-8080-exec-5] Loading properties [C:\Users\laura\git\Acme-Toolkits\target\classes\WEB-INF\views\any\user-account\messages-en.i18n] with encoding 'utf-8' 
2022-04-22 12:38:39.319 DEBUG [acme.framework.configuration.ExtendedMessageSource@http-nio-8080-exec-5] Loading properties [C:\Users\laura\git\Acme-Toolkits\target\classes\WEB-INF\views\authenticated\consumer\messsages-en.i18n] with encoding 'utf-8' 
2022-04-22 12:38:39.319 DEBUG [acme.framework.configuration.ExtendedMessageSource@http-nio-8080-exec-5] Loading properties [C:\Users\laura\git\Acme-Toolkits\target\classes\WEB-INF\views\authenticated\provider\messsages-en.i18n] with encoding 'utf-8' 
2022-04-22 12:38:39.320 DEBUG [acme.framework.configuration.ExtendedMessageSource@http-nio-8080-exec-5] Loading properties [C:\Users\laura\git\Acme-Toolkits\target\classes\WEB-INF\views\authenticated\user-account\messages-en.i18n] with encoding 'utf-8' 
2022-04-22 12:38:39.321 DEBUG [acme.framework.configuration.ExtendedMessageSource@http-nio-8080-exec-5] Loading properties [C:\Users\laura\git\Acme-Toolkits\target\classes\WEB-INF\views\fragments\banner-en.i18n] with encoding 'utf-8' 
2022-04-22 12:38:39.321 DEBUG [acme.framework.configuration.ExtendedMessageSource@http-nio-8080-exec-5] Loading properties [C:\Users\laura\git\Acme-Toolkits\target\classes\WEB-INF\views\fragments\company-en.i18n] with encoding 'utf-8' 
2022-04-22 12:38:39.322 DEBUG [acme.framework.configuration.ExtendedMessageSource@http-nio-8080-exec-5] Loading properties [C:\Users\laura\git\Acme-Toolkits\target\classes\WEB-INF\views\fragments\footer-en.i18n] with encoding 'utf-8' 
2022-04-22 12:38:39.323 DEBUG [acme.framework.configuration.ExtendedMessageSource@http-nio-8080-exec-5] Loading properties [C:\Users\laura\git\Acme-Toolkits\target\classes\WEB-INF\views\fragments\license-en.i18n] with encoding 'utf-8' 
2022-04-22 12:38:39.323 DEBUG [acme.framework.configuration.ExtendedMessageSource@http-nio-8080-exec-5] Loading properties [C:\Users\laura\git\Acme-Toolkits\target\classes\WEB-INF\views\fragments\menu-en.i18n] with encoding 'utf-8' 
2022-04-22 12:38:39.324 DEBUG [acme.framework.configuration.ExtendedMessageSource@http-nio-8080-exec-5] Loading properties [C:\Users\laura\git\Acme-Toolkits\target\classes\WEB-INF\views\fragments\messages-en.i18n] with encoding 'utf-8' 
2022-04-22 12:38:39.325 DEBUG [acme.framework.configuration.ExtendedMessageSource@http-nio-8080-exec-5] Loading properties [C:\Users\laura\git\Acme-Toolkits\target\classes\WEB-INF\views\fragments\messsages-en.i18n] with encoding 'utf-8' 
2022-04-22 12:38:39.326 DEBUG [acme.framework.configuration.ExtendedMessageSource@http-nio-8080-exec-5] Loading properties [C:\Users\laura\git\Acme-Toolkits\target\classes\WEB-INF\views\fragments\title-en.i18n] with encoding 'utf-8' 
2022-04-22 12:38:39.327 DEBUG [acme.framework.configuration.ExtendedMessageSource@http-nio-8080-exec-5] Loading properties [C:\Users\laura\git\Acme-Toolkits\target\classes\WEB-INF\views\fragments\welcome-en.i18n] with encoding 'utf-8' 
2022-04-22 12:38:39.329 DEBUG [acme.framework.configuration.ExtendedMessageSource@http-nio-8080-exec-5] Loading properties [C:\Users\laura\git\Acme-Toolkits\target\classes\WEB-INF\views\inventor\item\messages-en.i18n] with encoding 'utf-8' 
2022-04-22 12:38:39.331 DEBUG [acme.framework.configuration.ExtendedMessageSource@http-nio-8080-exec-5] Loading properties [C:\Users\laura\git\Acme-Toolkits\target\classes\WEB-INF\views\inventor\patronage\messages-en.i18n] with encoding 'utf-8' 
2022-04-22 12:38:39.333 DEBUG [acme.framework.configuration.ExtendedMessageSource@http-nio-8080-exec-5] Loading properties [C:\Users\laura\git\Acme-Toolkits\target\classes\WEB-INF\views\inventor\patronage-report\messages-en.i18n] with encoding 'utf-8' 
2022-04-22 12:38:39.334 DEBUG [acme.framework.configuration.ExtendedMessageSource@http-nio-8080-exec-5] Loading properties [C:\Users\laura\git\Acme-Toolkits\target\classes\WEB-INF\views\master\defaults-en.i18n] with encoding 'utf-8' 
2022-04-22 12:38:39.335 DEBUG [acme.framework.configuration.ExtendedMessageSource@http-nio-8080-exec-5] Loading properties [C:\Users\laura\git\Acme-Toolkits\target\classes\WEB-INF\views\master\master-en.i18n] with encoding 'utf-8' 
2022-04-22 12:38:39.337 DEBUG [acme.framework.configuration.ExtendedMessageSource@http-nio-8080-exec-5] Loading properties [C:\Users\laura\git\Acme-Toolkits\target\classes\WEB-INF\views\master\throwables-en.i18n] with encoding 'utf-8' 
2022-04-22 12:38:39.338 DEBUG [acme.framework.configuration.ExtendedMessageSource@http-nio-8080-exec-5] Loading properties [C:\Users\laura\git\Acme-Toolkits\target\classes\WEB-INF\views\master\validation-en.i18n] with encoding 'utf-8' 
2022-04-22 12:38:39.339 DEBUG [acme.framework.configuration.ExtendedMessageSource@http-nio-8080-exec-5] Loading properties [C:\Users\laura\git\Acme-Toolkits\target\classes\WEB-INF\views\patron\patronage\messages-en.i18n] with encoding 'utf-8' 
2022-04-22 12:38:39.340 DEBUG [acme.framework.configuration.ExtendedMessageSource@http-nio-8080-exec-5] Loading properties [C:\Users\laura\git\Acme-Toolkits\target\classes\WEB-INF\views\patron\patronage-report\messages-en.i18n] with encoding 'utf-8' 
2022-04-22 12:38:39.691 DEBUG [org.apache.jasper.servlet.JspServlet@http-nio-8080-exec-2] JspEngine --> /WEB-INF/views/fragments/welcome.jsp 
2022-04-22 12:38:39.691 DEBUG [org.apache.jasper.servlet.JspServlet@http-nio-8080-exec-5] JspEngine --> /WEB-INF/views/fragments/welcome.jsp 
2022-04-22 12:38:39.691 DEBUG [org.apache.jasper.servlet.JspServlet@http-nio-8080-exec-2] ServletPath: /WEB-INF/views/master/page.jsp 
2022-04-22 12:38:39.691 DEBUG [org.apache.jasper.servlet.JspServlet@http-nio-8080-exec-5] ServletPath: /WEB-INF/views/master/page.jsp 
2022-04-22 12:38:39.692 DEBUG [org.apache.jasper.servlet.JspServlet@http-nio-8080-exec-2] PathInfo: null 
2022-04-22 12:38:39.692 DEBUG [org.apache.jasper.servlet.JspServlet@http-nio-8080-exec-5] PathInfo: null 
2022-04-22 12:38:39.694 DEBUG [org.apache.jasper.servlet.JspServlet@http-nio-8080-exec-2] RealPath: C:\Users\laura\git\Acme-Toolkits\target\classes\WEB-INF\views\fragments\welcome.jsp 
2022-04-22 12:38:39.694 DEBUG [org.apache.jasper.servlet.JspServlet@http-nio-8080-exec-5] RealPath: C:\Users\laura\git\Acme-Toolkits\target\classes\WEB-INF\views\fragments\welcome.jsp 
2022-04-22 12:38:39.695 DEBUG [org.apache.jasper.servlet.JspServlet@http-nio-8080-exec-5] RequestURI: /acme-toolkits-1.0/WEB-INF/views/master/page.jsp 
2022-04-22 12:38:39.695 DEBUG [org.apache.jasper.servlet.JspServlet@http-nio-8080-exec-2] RequestURI: /acme-toolkits-1.0/WEB-INF/views/master/page.jsp 
2022-04-22 12:38:39.695 DEBUG [org.apache.jasper.servlet.JspServlet@http-nio-8080-exec-5] QueryString: null 
2022-04-22 12:38:39.695 DEBUG [org.apache.jasper.servlet.JspServlet@http-nio-8080-exec-2] QueryString: null 
2022-04-22 12:38:40.300 DEBUG [org.hibernate.SQL@http-nio-8080-exec-5] select useraccoun0_.id as id1_0_, useraccoun0_.version as version2_0_, useraccoun0_.enabled as enabled1_17_, useraccoun0_.identity as identity2_17_, useraccoun0_.password as password3_17_, useraccoun0_.username as username4_17_ from user_account useraccoun0_ where useraccoun0_.username=? 
2022-04-22 12:38:40.300 DEBUG [org.hibernate.SQL@http-nio-8080-exec-2] select useraccoun0_.id as id1_0_, useraccoun0_.version as version2_0_, useraccoun0_.enabled as enabled1_17_, useraccoun0_.identity as identity2_17_, useraccoun0_.password as password3_17_, useraccoun0_.username as username4_17_ from user_account useraccoun0_ where useraccoun0_.username=? 
2022-04-22 12:38:40.336 TRACE [org.hibernate.type.descriptor.sql.BasicBinder@http-nio-8080-exec-5] binding parameter [1] as [VARCHAR] - [anonymous] 
2022-04-22 12:38:40.336 TRACE [org.hibernate.type.descriptor.sql.BasicBinder@http-nio-8080-exec-2] binding parameter [1] as [VARCHAR] - [anonymous] 
2022-04-22 12:38:40.417 DEBUG [org.hibernate.SQL@http-nio-8080-exec-2] select roles0_.user_account_id as user_acc1_18_0_, roles0_.id as id1_18_0_, roles0_.id as id1_0_1_, roles0_.version as version2_0_1_, roles0_.user_account_id as user_acc1_18_1_, roles0_.company as company1_8_1_, roles0_.sector as sector2_8_1_, roles0_.company as company1_9_1_, roles0_.link as link2_9_1_, roles0_.statement as statemen3_9_1_, roles0_.company as company1_11_1_, roles0_.link as link2_11_1_, roles0_.statement as statemen3_11_1_, roles0_.company as company1_14_1_, roles0_.sector as sector2_14_1_, roles0_.clazz_ as clazz_1_ from ( select id, version, user_account_id, company, sector, null as link, null as statement, 10 as clazz_ from consumer union all select id, version, user_account_id, company, null as sector, link, statement, 11 as clazz_ from inventor union all select id, version, user_account_id, company, null as sector, link, statement, 12 as clazz_ from patron union all select id, version, user_account_id, company, sector, null as link, null as statement, 13 as clazz_ from provider union all select id, version, user_account_id, null as company, null as sector, null as link, null as statement, 15 as clazz_ from administrator union all select id, version, user_account_id, null as company, null as sector, null as link, null as statement, 16 as clazz_ from anonymous union all select id, version, user_account_id, null as company, null as sector, null as link, null as statement, 17 as clazz_ from any union all select id, version, user_account_id, null as company, null as sector, null as link, null as statement, 18 as clazz_ from authenticated ) roles0_ where roles0_.user_account_id=? 
2022-04-22 12:38:40.417 DEBUG [org.hibernate.SQL@http-nio-8080-exec-5] select roles0_.user_account_id as user_acc1_18_0_, roles0_.id as id1_18_0_, roles0_.id as id1_0_1_, roles0_.version as version2_0_1_, roles0_.user_account_id as user_acc1_18_1_, roles0_.company as company1_8_1_, roles0_.sector as sector2_8_1_, roles0_.company as company1_9_1_, roles0_.link as link2_9_1_, roles0_.statement as statemen3_9_1_, roles0_.company as company1_11_1_, roles0_.link as link2_11_1_, roles0_.statement as statemen3_11_1_, roles0_.company as company1_14_1_, roles0_.sector as sector2_14_1_, roles0_.clazz_ as clazz_1_ from ( select id, version, user_account_id, company, sector, null as link, null as statement, 10 as clazz_ from consumer union all select id, version, user_account_id, company, null as sector, link, statement, 11 as clazz_ from inventor union all select id, version, user_account_id, company, null as sector, link, statement, 12 as clazz_ from patron union all select id, version, user_account_id, company, sector, null as link, null as statement, 13 as clazz_ from provider union all select id, version, user_account_id, null as company, null as sector, null as link, null as statement, 15 as clazz_ from administrator union all select id, version, user_account_id, null as company, null as sector, null as link, null as statement, 16 as clazz_ from anonymous union all select id, version, user_account_id, null as company, null as sector, null as link, null as statement, 17 as clazz_ from any union all select id, version, user_account_id, null as company, null as sector, null as link, null as statement, 18 as clazz_ from authenticated ) roles0_ where roles0_.user_account_id=? 
2022-04-22 12:38:40.418 TRACE [org.hibernate.type.descriptor.sql.BasicBinder@http-nio-8080-exec-5] binding parameter [1] as [INTEGER] - [13] 
2022-04-22 12:38:40.418 TRACE [org.hibernate.type.descriptor.sql.BasicBinder@http-nio-8080-exec-2] binding parameter [1] as [INTEGER] - [13] 
2022-04-22 12:38:54.670 DEBUG [acme.framework.components.tiles.DynamicTilesView@http-nio-8080-exec-10] View name 'master/sign-in', model {username=, password=, remember=false} 
2022-04-22 12:38:54.671 DEBUG [org.apache.jasper.servlet.JspServlet@http-nio-8080-exec-10] JspEngine --> /WEB-INF/views/master/page.jsp 
2022-04-22 12:38:54.672 DEBUG [org.apache.jasper.servlet.JspServlet@http-nio-8080-exec-10] ServletPath: /WEB-INF/views/master/page.jsp 
2022-04-22 12:38:54.672 DEBUG [org.apache.jasper.servlet.JspServlet@http-nio-8080-exec-10] PathInfo: null 
2022-04-22 12:38:54.674 DEBUG [org.apache.jasper.servlet.JspServlet@http-nio-8080-exec-10] RealPath: C:\Users\laura\git\Acme-Toolkits\target\classes\WEB-INF\views\master\page.jsp 
2022-04-22 12:38:54.675 DEBUG [org.apache.jasper.servlet.JspServlet@http-nio-8080-exec-10] RequestURI: /acme-toolkits-1.0/WEB-INF/views/master/page.jsp 
2022-04-22 12:38:54.675 DEBUG [org.apache.jasper.servlet.JspServlet@http-nio-8080-exec-10] QueryString: null 
2022-04-22 12:38:54.853 DEBUG [org.apache.jasper.servlet.JspServlet@http-nio-8080-exec-10] JspEngine --> /WEB-INF/views/master/sign-in.jsp 
2022-04-22 12:38:54.854 DEBUG [org.apache.jasper.servlet.JspServlet@http-nio-8080-exec-10] ServletPath: /WEB-INF/views/master/page.jsp 
2022-04-22 12:38:54.854 DEBUG [org.apache.jasper.servlet.JspServlet@http-nio-8080-exec-10] PathInfo: null 
2022-04-22 12:38:54.855 DEBUG [org.apache.jasper.servlet.JspServlet@http-nio-8080-exec-10] RealPath: C:\Users\laura\git\Acme-Toolkits\target\classes\WEB-INF\views\master\sign-in.jsp 
2022-04-22 12:38:54.856 DEBUG [org.apache.jasper.servlet.JspServlet@http-nio-8080-exec-10] RequestURI: /acme-toolkits-1.0/WEB-INF/views/master/page.jsp 
2022-04-22 12:38:54.856 DEBUG [org.apache.jasper.servlet.JspServlet@http-nio-8080-exec-10] QueryString: null 
2022-04-22 12:38:56.739 DEBUG [org.hibernate.SQL@http-nio-8080-exec-10] select useraccoun0_.id as id1_0_, useraccoun0_.version as version2_0_, useraccoun0_.enabled as enabled1_17_, useraccoun0_.identity as identity2_17_, useraccoun0_.password as password3_17_, useraccoun0_.username as username4_17_ from user_account useraccoun0_ where useraccoun0_.username=? 
2022-04-22 12:38:56.740 TRACE [org.hibernate.type.descriptor.sql.BasicBinder@http-nio-8080-exec-10] binding parameter [1] as [VARCHAR] - [anonymous] 
2022-04-22 12:38:56.741 DEBUG [org.hibernate.SQL@http-nio-8080-exec-10] select roles0_.user_account_id as user_acc1_18_0_, roles0_.id as id1_18_0_, roles0_.id as id1_0_1_, roles0_.version as version2_0_1_, roles0_.user_account_id as user_acc1_18_1_, roles0_.company as company1_8_1_, roles0_.sector as sector2_8_1_, roles0_.company as company1_9_1_, roles0_.link as link2_9_1_, roles0_.statement as statemen3_9_1_, roles0_.company as company1_11_1_, roles0_.link as link2_11_1_, roles0_.statement as statemen3_11_1_, roles0_.company as company1_14_1_, roles0_.sector as sector2_14_1_, roles0_.clazz_ as clazz_1_ from ( select id, version, user_account_id, company, sector, null as link, null as statement, 10 as clazz_ from consumer union all select id, version, user_account_id, company, null as sector, link, statement, 11 as clazz_ from inventor union all select id, version, user_account_id, company, null as sector, link, statement, 12 as clazz_ from patron union all select id, version, user_account_id, company, sector, null as link, null as statement, 13 as clazz_ from provider union all select id, version, user_account_id, null as company, null as sector, null as link, null as statement, 15 as clazz_ from administrator union all select id, version, user_account_id, null as company, null as sector, null as link, null as statement, 16 as clazz_ from anonymous union all select id, version, user_account_id, null as company, null as sector, null as link, null as statement, 17 as clazz_ from any union all select id, version, user_account_id, null as company, null as sector, null as link, null as statement, 18 as clazz_ from authenticated ) roles0_ where roles0_.user_account_id=? 
2022-04-22 12:38:56.742 TRACE [org.hibernate.type.descriptor.sql.BasicBinder@http-nio-8080-exec-10] binding parameter [1] as [INTEGER] - [13] 
2022-04-22 12:40:48.555 DEBUG [org.hibernate.SQL@http-nio-8080-exec-5] select useraccoun0_.id as id1_0_, useraccoun0_.version as version2_0_, useraccoun0_.enabled as enabled1_17_, useraccoun0_.identity as identity2_17_, useraccoun0_.password as password3_17_, useraccoun0_.username as username4_17_ from user_account useraccoun0_ where useraccoun0_.username=? 
2022-04-22 12:40:48.557 TRACE [org.hibernate.type.descriptor.sql.BasicBinder@http-nio-8080-exec-5] binding parameter [1] as [VARCHAR] - [inventor1] 
2022-04-22 12:40:48.563 DEBUG [org.hibernate.SQL@http-nio-8080-exec-5] select roles0_.user_account_id as user_acc1_18_0_, roles0_.id as id1_18_0_, roles0_.id as id1_0_1_, roles0_.version as version2_0_1_, roles0_.user_account_id as user_acc1_18_1_, roles0_.company as company1_8_1_, roles0_.sector as sector2_8_1_, roles0_.company as company1_9_1_, roles0_.link as link2_9_1_, roles0_.statement as statemen3_9_1_, roles0_.company as company1_11_1_, roles0_.link as link2_11_1_, roles0_.statement as statemen3_11_1_, roles0_.company as company1_14_1_, roles0_.sector as sector2_14_1_, roles0_.clazz_ as clazz_1_ from ( select id, version, user_account_id, company, sector, null as link, null as statement, 10 as clazz_ from consumer union all select id, version, user_account_id, company, null as sector, link, statement, 11 as clazz_ from inventor union all select id, version, user_account_id, company, null as sector, link, statement, 12 as clazz_ from patron union all select id, version, user_account_id, company, sector, null as link, null as statement, 13 as clazz_ from provider union all select id, version, user_account_id, null as company, null as sector, null as link, null as statement, 15 as clazz_ from administrator union all select id, version, user_account_id, null as company, null as sector, null as link, null as statement, 16 as clazz_ from anonymous union all select id, version, user_account_id, null as company, null as sector, null as link, null as statement, 17 as clazz_ from any union all select id, version, user_account_id, null as company, null as sector, null as link, null as statement, 18 as clazz_ from authenticated ) roles0_ where roles0_.user_account_id=? 
2022-04-22 12:40:48.564 TRACE [org.hibernate.type.descriptor.sql.BasicBinder@http-nio-8080-exec-5] binding parameter [1] as [INTEGER] - [18] 
2022-04-22 12:40:48.593 DEBUG [acme.framework.components.tiles.DynamicTilesView@http-nio-8080-exec-1] View name 'fragments/welcome', model {} 
2022-04-22 12:40:48.595 DEBUG [org.apache.jasper.servlet.JspServlet@http-nio-8080-exec-1] JspEngine --> /WEB-INF/views/master/page.jsp 
2022-04-22 12:40:48.595 DEBUG [org.apache.jasper.servlet.JspServlet@http-nio-8080-exec-1] ServletPath: /WEB-INF/views/master/page.jsp 
2022-04-22 12:40:48.596 DEBUG [org.apache.jasper.servlet.JspServlet@http-nio-8080-exec-1] PathInfo: null 
2022-04-22 12:40:48.598 DEBUG [org.apache.jasper.servlet.JspServlet@http-nio-8080-exec-1] RealPath: C:\Users\laura\git\Acme-Toolkits\target\classes\WEB-INF\views\master\page.jsp 
2022-04-22 12:40:48.599 DEBUG [org.apache.jasper.servlet.JspServlet@http-nio-8080-exec-1] RequestURI: /acme-toolkits-1.0/WEB-INF/views/master/page.jsp 
2022-04-22 12:40:48.599 DEBUG [org.apache.jasper.servlet.JspServlet@http-nio-8080-exec-1] QueryString: null 
2022-04-22 12:40:48.817 DEBUG [org.apache.jasper.servlet.JspServlet@http-nio-8080-exec-1] JspEngine --> /WEB-INF/views/fragments/welcome.jsp 
2022-04-22 12:40:48.818 DEBUG [org.apache.jasper.servlet.JspServlet@http-nio-8080-exec-1] ServletPath: /WEB-INF/views/master/page.jsp 
2022-04-22 12:40:48.818 DEBUG [org.apache.jasper.servlet.JspServlet@http-nio-8080-exec-1] PathInfo: null 
2022-04-22 12:40:48.819 DEBUG [org.apache.jasper.servlet.JspServlet@http-nio-8080-exec-1] RealPath: C:\Users\laura\git\Acme-Toolkits\target\classes\WEB-INF\views\fragments\welcome.jsp 
2022-04-22 12:40:48.819 DEBUG [org.apache.jasper.servlet.JspServlet@http-nio-8080-exec-1] RequestURI: /acme-toolkits-1.0/WEB-INF/views/master/page.jsp 
2022-04-22 12:40:48.820 DEBUG [org.apache.jasper.servlet.JspServlet@http-nio-8080-exec-1] QueryString: null 
