2022-04-30 19:46:22.128 INFO  [acme.Launcher@main] Starting Launcher using Java 1.8.0_281 on LAPTOP-222T00T7 with PID 6620 (C:\Users\laura\Downloads\Workspace-22.0\Frameworks\Acme-Framework-22.5\target\classes started by laura in C:\Users\laura\Downloads\Workspace-22.0\Projects\Acme-Toolkits) 
2022-04-30 19:46:22.131 DEBUG [acme.Launcher@main] Running with Spring Boot v2.4.2, Spring v5.3.3 
2022-04-30 19:46:22.140 INFO  [acme.Launcher@main] The following profiles are active: development,default 
2022-04-30 19:46:29.205 DEBUG [org.apache.jasper.servlet.JasperInitializer@main] Initializing Jasper for context [application] 
2022-04-30 19:46:45.844 DEBUG [org.apache.jasper.servlet.JspServlet@main] Scratch dir for the JSP engine is: [C:\Users\laura\AppData\Local\Temp\tomcat.8080.4679096929001563257\work\Tomcat\localhost\acme-toolkits-1.0] 
2022-04-30 19:46:45.845 DEBUG [org.apache.jasper.servlet.JspServlet@main] IMPORTANT: Do not modify the generated servlets 
2022-04-30 19:46:45.879 INFO  [acme.Launcher@main] Started Launcher in 25.607 seconds (JVM running for 28.215) 
2022-04-30 19:46:45.899 DEBUG [acme.Launcher@main] Found classpath entry '/C:/Users/laura/Downloads/Workspace-22.0/Projects/Acme-Toolkits/target/test-classes/' 
2022-04-30 19:46:45.901 DEBUG [acme.Launcher@main] Found classpath entry '/C:/Users/laura/Downloads/Workspace-22.0/Projects/Acme-Toolkits/target/classes/' 
2022-04-30 19:46:45.901 DEBUG [acme.Launcher@main] Found classpath entry '/C:/Users/laura/Downloads/Workspace-22.0/Frameworks/Acme-Framework-22.5/target/classes/' 
2022-04-30 19:46:45.901 DEBUG [acme.Launcher@main] Found classpath entry '/C:/Users/laura/Downloads/Workspace-22.0/Frameworks/Acme-Framework-22.5/target/test-classes/' 
2022-04-30 19:46:45.902 DEBUG [acme.Launcher@main] Found classpath entry '/C:/Users/laura/.m2/repository/org/springframework/boot/spring-boot-starter-tomcat/2.4.2/spring-boot-starter-tomcat-2.4.2.jar' 
2022-04-30 19:46:45.903 DEBUG [acme.Launcher@main] Found classpath entry '/C:/Users/laura/.m2/repository/jakarta/annotation/jakarta.annotation-api/1.3.5/jakarta.annotation-api-1.3.5.jar' 
2022-04-30 19:46:45.905 DEBUG [acme.Launcher@main] Found classpath entry '/C:/Users/laura/.m2/repository/org/apache/tomcat/embed/tomcat-embed-core/9.0.41/tomcat-embed-core-9.0.41.jar' 
2022-04-30 19:46:45.905 DEBUG [acme.Launcher@main] Found classpath entry '/C:/Users/laura/.m2/repository/org/glassfish/jakarta.el/3.0.3/jakarta.el-3.0.3.jar' 
2022-04-30 19:46:45.905 DEBUG [acme.Launcher@main] Found classpath entry '/C:/Users/laura/.m2/repository/org/apache/tomcat/embed/tomcat-embed-websocket/9.0.41/tomcat-embed-websocket-9.0.41.jar' 
2022-04-30 19:46:45.907 DEBUG [acme.Launcher@main] Found classpath entry '/C:/Users/laura/.m2/repository/org/apache/tomcat/embed/tomcat-embed-jasper/9.0.41/tomcat-embed-jasper-9.0.41.jar' 
2022-04-30 19:46:45.907 DEBUG [acme.Launcher@main] Found classpath entry '/C:/Users/laura/.m2/repository/org/apache/tomcat/embed/tomcat-embed-el/9.0.41/tomcat-embed-el-9.0.41.jar' 
2022-04-30 19:46:45.908 DEBUG [acme.Launcher@main] Found classpath entry '/C:/Users/laura/.m2/repository/org/eclipse/jdt/ecj/3.18.0/ecj-3.18.0.jar' 
2022-04-30 19:46:45.910 DEBUG [acme.Launcher@main] Found classpath entry '/C:/Users/laura/.m2/repository/javax/servlet/jstl/1.2/jstl-1.2.jar' 
2022-04-30 19:46:45.910 DEBUG [acme.Launcher@main] Found classpath entry '/C:/Users/laura/.m2/repository/org/springframework/boot/spring-boot-starter-test/2.4.2/spring-boot-starter-test-2.4.2.jar' 
2022-04-30 19:46:45.910 DEBUG [acme.Launcher@main] Found classpath entry '/C:/Users/laura/.m2/repository/org/springframework/boot/spring-boot-starter/2.4.2/spring-boot-starter-2.4.2.jar' 
2022-04-30 19:46:45.911 DEBUG [acme.Launcher@main] Found classpath entry '/C:/Users/laura/.m2/repository/org/springframework/boot/spring-boot/2.4.2/spring-boot-2.4.2.jar' 
2022-04-30 19:46:45.912 DEBUG [acme.Launcher@main] Found classpath entry '/C:/Users/laura/.m2/repository/org/springframework/boot/spring-boot-autoconfigure/2.4.2/spring-boot-autoconfigure-2.4.2.jar' 
2022-04-30 19:46:45.912 DEBUG [acme.Launcher@main] Found classpath entry '/C:/Users/laura/.m2/repository/org/springframework/boot/spring-boot-starter-logging/2.4.2/spring-boot-starter-logging-2.4.2.jar' 
2022-04-30 19:46:45.913 DEBUG [acme.Launcher@main] Found classpath entry '/C:/Users/laura/.m2/repository/ch/qos/logback/logback-classic/1.2.3/logback-classic-1.2.3.jar' 
2022-04-30 19:46:45.917 DEBUG [acme.Launcher@main] Found classpath entry '/C:/Users/laura/.m2/repository/ch/qos/logback/logback-core/1.2.3/logback-core-1.2.3.jar' 
2022-04-30 19:46:45.919 DEBUG [acme.Launcher@main] Found classpath entry '/C:/Users/laura/.m2/repository/org/apache/logging/log4j/log4j-to-slf4j/2.13.3/log4j-to-slf4j-2.13.3.jar' 
2022-04-30 19:46:45.922 DEBUG [acme.Launcher@main] Found classpath entry '/C:/Users/laura/.m2/repository/org/apache/logging/log4j/log4j-api/2.13.3/log4j-api-2.13.3.jar' 
2022-04-30 19:46:45.922 DEBUG [acme.Launcher@main] Found classpath entry '/C:/Users/laura/.m2/repository/org/slf4j/jul-to-slf4j/1.7.30/jul-to-slf4j-1.7.30.jar' 
2022-04-30 19:46:45.923 DEBUG [acme.Launcher@main] Found classpath entry '/C:/Users/laura/.m2/repository/org/yaml/snakeyaml/1.27/snakeyaml-1.27.jar' 
2022-04-30 19:46:45.923 DEBUG [acme.Launcher@main] Found classpath entry '/C:/Users/laura/.m2/repository/org/springframework/boot/spring-boot-test/2.4.2/spring-boot-test-2.4.2.jar' 
2022-04-30 19:46:45.923 DEBUG [acme.Launcher@main] Found classpath entry '/C:/Users/laura/.m2/repository/org/springframework/boot/spring-boot-test-autoconfigure/2.4.2/spring-boot-test-autoconfigure-2.4.2.jar' 
2022-04-30 19:46:45.923 DEBUG [acme.Launcher@main] Found classpath entry '/C:/Users/laura/.m2/repository/com/jayway/jsonpath/json-path/2.4.0/json-path-2.4.0.jar' 
2022-04-30 19:46:45.924 DEBUG [acme.Launcher@main] Found classpath entry '/C:/Users/laura/.m2/repository/net/minidev/json-smart/2.3/json-smart-2.3.jar' 
2022-04-30 19:46:45.924 DEBUG [acme.Launcher@main] Found classpath entry '/C:/Users/laura/.m2/repository/net/minidev/accessors-smart/1.2/accessors-smart-1.2.jar' 
2022-04-30 19:46:45.925 DEBUG [acme.Launcher@main] Found classpath entry '/C:/Users/laura/.m2/repository/org/ow2/asm/asm/5.0.4/asm-5.0.4.jar' 
2022-04-30 19:46:45.925 DEBUG [acme.Launcher@main] Found classpath entry '/C:/Users/laura/.m2/repository/jakarta/xml/bind/jakarta.xml.bind-api/2.3.3/jakarta.xml.bind-api-2.3.3.jar' 
2022-04-30 19:46:45.926 DEBUG [acme.Launcher@main] Found classpath entry '/C:/Users/laura/.m2/repository/jakarta/activation/jakarta.activation-api/1.2.2/jakarta.activation-api-1.2.2.jar' 
2022-04-30 19:46:45.926 DEBUG [acme.Launcher@main] Found classpath entry '/C:/Users/laura/.m2/repository/org/assertj/assertj-core/3.18.1/assertj-core-3.18.1.jar' 
2022-04-30 19:46:45.926 DEBUG [acme.Launcher@main] Found classpath entry '/C:/Users/laura/.m2/repository/org/hamcrest/hamcrest/2.2/hamcrest-2.2.jar' 
2022-04-30 19:46:45.927 DEBUG [acme.Launcher@main] Found classpath entry '/C:/Users/laura/.m2/repository/org/junit/jupiter/junit-jupiter/5.7.0/junit-jupiter-5.7.0.jar' 
2022-04-30 19:46:45.927 DEBUG [acme.Launcher@main] Found classpath entry '/C:/Users/laura/.m2/repository/org/mockito/mockito-core/3.6.28/mockito-core-3.6.28.jar' 
2022-04-30 19:46:45.928 DEBUG [acme.Launcher@main] Found classpath entry '/C:/Users/laura/.m2/repository/net/bytebuddy/byte-buddy-agent/1.10.19/byte-buddy-agent-1.10.19.jar' 
2022-04-30 19:46:45.928 DEBUG [acme.Launcher@main] Found classpath entry '/C:/Users/laura/.m2/repository/org/objenesis/objenesis/3.1/objenesis-3.1.jar' 
2022-04-30 19:46:45.929 DEBUG [acme.Launcher@main] Found classpath entry '/C:/Users/laura/.m2/repository/org/mockito/mockito-junit-jupiter/3.6.28/mockito-junit-jupiter-3.6.28.jar' 
2022-04-30 19:46:45.929 DEBUG [acme.Launcher@main] Found classpath entry '/C:/Users/laura/.m2/repository/org/skyscreamer/jsonassert/1.5.0/jsonassert-1.5.0.jar' 
2022-04-30 19:46:45.930 DEBUG [acme.Launcher@main] Found classpath entry '/C:/Users/laura/.m2/repository/com/vaadin/external/google/android-json/0.0.20131108.vaadin1/android-json-0.0.20131108.vaadin1.jar' 
2022-04-30 19:46:45.930 DEBUG [acme.Launcher@main] Found classpath entry '/C:/Users/laura/.m2/repository/org/springframework/spring-core/5.3.3/spring-core-5.3.3.jar' 
2022-04-30 19:46:45.931 DEBUG [acme.Launcher@main] Found classpath entry '/C:/Users/laura/.m2/repository/org/springframework/spring-jcl/5.3.3/spring-jcl-5.3.3.jar' 
2022-04-30 19:46:45.931 DEBUG [acme.Launcher@main] Found classpath entry '/C:/Users/laura/.m2/repository/org/springframework/spring-test/5.3.3/spring-test-5.3.3.jar' 
2022-04-30 19:46:45.932 DEBUG [acme.Launcher@main] Found classpath entry '/C:/Users/laura/.m2/repository/org/xmlunit/xmlunit-core/2.7.0/xmlunit-core-2.7.0.jar' 
2022-04-30 19:46:45.932 DEBUG [acme.Launcher@main] Found classpath entry '/C:/Users/laura/.m2/repository/org/springframework/boot/spring-boot-starter-security/2.4.2/spring-boot-starter-security-2.4.2.jar' 
2022-04-30 19:46:45.933 DEBUG [acme.Launcher@main] Found classpath entry '/C:/Users/laura/.m2/repository/org/springframework/spring-aop/5.3.3/spring-aop-5.3.3.jar' 
2022-04-30 19:46:45.933 DEBUG [acme.Launcher@main] Found classpath entry '/C:/Users/laura/.m2/repository/org/springframework/security/spring-security-web/5.4.2/spring-security-web-5.4.2.jar' 
2022-04-30 19:46:45.933 DEBUG [acme.Launcher@main] Found classpath entry '/C:/Users/laura/.m2/repository/org/springframework/security/spring-security-core/5.4.2/spring-security-core-5.4.2.jar' 
2022-04-30 19:46:45.934 DEBUG [acme.Launcher@main] Found classpath entry '/C:/Users/laura/.m2/repository/org/springframework/spring-beans/5.3.3/spring-beans-5.3.3.jar' 
2022-04-30 19:46:45.934 DEBUG [acme.Launcher@main] Found classpath entry '/C:/Users/laura/.m2/repository/org/springframework/spring-context/5.3.3/spring-context-5.3.3.jar' 
2022-04-30 19:46:45.935 DEBUG [acme.Launcher@main] Found classpath entry '/C:/Users/laura/.m2/repository/org/springframework/spring-expression/5.3.3/spring-expression-5.3.3.jar' 
2022-04-30 19:46:45.936 DEBUG [acme.Launcher@main] Found classpath entry '/C:/Users/laura/.m2/repository/org/springframework/spring-web/5.3.3/spring-web-5.3.3.jar' 
2022-04-30 19:46:45.939 DEBUG [acme.Launcher@main] Found classpath entry '/C:/Users/laura/.m2/repository/org/springframework/security/spring-security-config/5.4.2/spring-security-config-5.4.2.jar' 
2022-04-30 19:46:45.940 DEBUG [acme.Launcher@main] Found classpath entry '/C:/Users/laura/.m2/repository/org/springframework/security/spring-security-taglibs/5.4.2/spring-security-taglibs-5.4.2.jar' 
2022-04-30 19:46:45.940 DEBUG [acme.Launcher@main] Found classpath entry '/C:/Users/laura/.m2/repository/org/springframework/security/spring-security-acl/5.4.2/spring-security-acl-5.4.2.jar' 
2022-04-30 19:46:45.941 DEBUG [acme.Launcher@main] Found classpath entry '/C:/Users/laura/.m2/repository/org/springframework/spring-jdbc/5.3.3/spring-jdbc-5.3.3.jar' 
2022-04-30 19:46:45.941 DEBUG [acme.Launcher@main] Found classpath entry '/C:/Users/laura/.m2/repository/org/springframework/spring-tx/5.3.3/spring-tx-5.3.3.jar' 
2022-04-30 19:46:45.941 DEBUG [acme.Launcher@main] Found classpath entry '/C:/Users/laura/.m2/repository/org/springframework/boot/spring-boot-starter-web/2.4.2/spring-boot-starter-web-2.4.2.jar' 
2022-04-30 19:46:45.941 DEBUG [acme.Launcher@main] Found classpath entry '/C:/Users/laura/.m2/repository/org/springframework/boot/spring-boot-starter-json/2.4.2/spring-boot-starter-json-2.4.2.jar' 
2022-04-30 19:46:45.942 DEBUG [acme.Launcher@main] Found classpath entry '/C:/Users/laura/.m2/repository/com/fasterxml/jackson/core/jackson-databind/2.11.4/jackson-databind-2.11.4.jar' 
2022-04-30 19:46:45.942 DEBUG [acme.Launcher@main] Found classpath entry '/C:/Users/laura/.m2/repository/com/fasterxml/jackson/core/jackson-annotations/2.11.4/jackson-annotations-2.11.4.jar' 
2022-04-30 19:46:45.942 DEBUG [acme.Launcher@main] Found classpath entry '/C:/Users/laura/.m2/repository/com/fasterxml/jackson/core/jackson-core/2.11.4/jackson-core-2.11.4.jar' 
2022-04-30 19:46:45.943 DEBUG [acme.Launcher@main] Found classpath entry '/C:/Users/laura/.m2/repository/com/fasterxml/jackson/datatype/jackson-datatype-jdk8/2.11.4/jackson-datatype-jdk8-2.11.4.jar' 
2022-04-30 19:46:45.943 DEBUG [acme.Launcher@main] Found classpath entry '/C:/Users/laura/.m2/repository/com/fasterxml/jackson/datatype/jackson-datatype-jsr310/2.11.4/jackson-datatype-jsr310-2.11.4.jar' 
2022-04-30 19:46:45.943 DEBUG [acme.Launcher@main] Found classpath entry '/C:/Users/laura/.m2/repository/com/fasterxml/jackson/module/jackson-module-parameter-names/2.11.4/jackson-module-parameter-names-2.11.4.jar' 
2022-04-30 19:46:45.944 DEBUG [acme.Launcher@main] Found classpath entry '/C:/Users/laura/.m2/repository/org/springframework/spring-webmvc/5.3.3/spring-webmvc-5.3.3.jar' 
2022-04-30 19:46:45.944 DEBUG [acme.Launcher@main] Found classpath entry '/C:/Users/laura/.m2/repository/org/apache/tiles/tiles-jsp/3.0.8/tiles-jsp-3.0.8.jar' 
2022-04-30 19:46:45.944 DEBUG [acme.Launcher@main] Found classpath entry '/C:/Users/laura/.m2/repository/org/apache/tiles/tiles-servlet/3.0.8/tiles-servlet-3.0.8.jar' 
2022-04-30 19:46:45.944 DEBUG [acme.Launcher@main] Found classpath entry '/C:/Users/laura/.m2/repository/org/apache/tiles/tiles-core/3.0.8/tiles-core-3.0.8.jar' 
2022-04-30 19:46:45.945 DEBUG [acme.Launcher@main] Found classpath entry '/C:/Users/laura/.m2/repository/commons-digester/commons-digester/2.0/commons-digester-2.0.jar' 
2022-04-30 19:46:45.945 DEBUG [acme.Launcher@main] Found classpath entry '/C:/Users/laura/.m2/repository/org/slf4j/jcl-over-slf4j/1.7.30/jcl-over-slf4j-1.7.30.jar' 
2022-04-30 19:46:45.945 DEBUG [acme.Launcher@main] Found classpath entry '/C:/Users/laura/.m2/repository/org/apache/tiles/tiles-request-servlet/1.0.7/tiles-request-servlet-1.0.7.jar' 
2022-04-30 19:46:45.945 DEBUG [acme.Launcher@main] Found classpath entry '/C:/Users/laura/.m2/repository/org/apache/tiles/tiles-template/3.0.8/tiles-template-3.0.8.jar' 
2022-04-30 19:46:45.946 DEBUG [acme.Launcher@main] Found classpath entry '/C:/Users/laura/.m2/repository/org/apache/tiles/tiles-api/3.0.8/tiles-api-3.0.8.jar' 
2022-04-30 19:46:45.946 DEBUG [acme.Launcher@main] Found classpath entry '/C:/Users/laura/.m2/repository/org/apache/tiles/tiles-autotag-core-runtime/1.2/tiles-autotag-core-runtime-1.2.jar' 
2022-04-30 19:46:45.947 DEBUG [acme.Launcher@main] Found classpath entry '/C:/Users/laura/.m2/repository/org/slf4j/slf4j-api/1.7.30/slf4j-api-1.7.30.jar' 
2022-04-30 19:46:45.947 DEBUG [acme.Launcher@main] Found classpath entry '/C:/Users/laura/.m2/repository/org/apache/tiles/tiles-request-jsp/1.0.7/tiles-request-jsp-1.0.7.jar' 
2022-04-30 19:46:45.947 DEBUG [acme.Launcher@main] Found classpath entry '/C:/Users/laura/.m2/repository/org/apache/tiles/tiles-request-api/1.0.7/tiles-request-api-1.0.7.jar' 
2022-04-30 19:46:45.948 DEBUG [acme.Launcher@main] Found classpath entry '/C:/Users/laura/.m2/repository/org/springframework/boot/spring-boot-starter-data-jpa/2.4.2/spring-boot-starter-data-jpa-2.4.2.jar' 
2022-04-30 19:46:45.948 DEBUG [acme.Launcher@main] Found classpath entry '/C:/Users/laura/.m2/repository/org/springframework/boot/spring-boot-starter-aop/2.4.2/spring-boot-starter-aop-2.4.2.jar' 
2022-04-30 19:46:45.948 DEBUG [acme.Launcher@main] Found classpath entry '/C:/Users/laura/.m2/repository/org/aspectj/aspectjweaver/1.9.6/aspectjweaver-1.9.6.jar' 
2022-04-30 19:46:45.949 DEBUG [acme.Launcher@main] Found classpath entry '/C:/Users/laura/.m2/repository/org/springframework/boot/spring-boot-starter-jdbc/2.4.2/spring-boot-starter-jdbc-2.4.2.jar' 
2022-04-30 19:46:45.949 DEBUG [acme.Launcher@main] Found classpath entry '/C:/Users/laura/.m2/repository/jakarta/transaction/jakarta.transaction-api/1.3.3/jakarta.transaction-api-1.3.3.jar' 
2022-04-30 19:46:45.949 DEBUG [acme.Launcher@main] Found classpath entry '/C:/Users/laura/.m2/repository/jakarta/persistence/jakarta.persistence-api/2.2.3/jakarta.persistence-api-2.2.3.jar' 
2022-04-30 19:46:45.949 DEBUG [acme.Launcher@main] Found classpath entry '/C:/Users/laura/.m2/repository/org/hibernate/hibernate-core/5.4.27.Final/hibernate-core-5.4.27.Final.jar' 
2022-04-30 19:46:45.950 DEBUG [acme.Launcher@main] Found classpath entry '/C:/Users/laura/.m2/repository/org/jboss/logging/jboss-logging/3.4.1.Final/jboss-logging-3.4.1.Final.jar' 
2022-04-30 19:46:45.950 DEBUG [acme.Launcher@main] Found classpath entry '/C:/Users/laura/.m2/repository/org/javassist/javassist/3.27.0-GA/javassist-3.27.0-GA.jar' 
2022-04-30 19:46:45.950 DEBUG [acme.Launcher@main] Found classpath entry '/C:/Users/laura/.m2/repository/antlr/antlr/2.7.7/antlr-2.7.7.jar' 
2022-04-30 19:46:45.951 DEBUG [acme.Launcher@main] Found classpath entry '/C:/Users/laura/.m2/repository/org/jboss/jandex/2.1.3.Final/jandex-2.1.3.Final.jar' 
2022-04-30 19:46:45.951 DEBUG [acme.Launcher@main] Found classpath entry '/C:/Users/laura/.m2/repository/com/fasterxml/classmate/1.5.1/classmate-1.5.1.jar' 
2022-04-30 19:46:45.951 DEBUG [acme.Launcher@main] Found classpath entry '/C:/Users/laura/.m2/repository/org/dom4j/dom4j/2.1.3/dom4j-2.1.3.jar' 
2022-04-30 19:46:45.951 DEBUG [acme.Launcher@main] Found classpath entry '/C:/Users/laura/.m2/repository/org/hibernate/common/hibernate-commons-annotations/5.1.2.Final/hibernate-commons-annotations-5.1.2.Final.jar' 
2022-04-30 19:46:45.952 DEBUG [acme.Launcher@main] Found classpath entry '/C:/Users/laura/.m2/repository/org/glassfish/jaxb/jaxb-runtime/2.3.3/jaxb-runtime-2.3.3.jar' 
2022-04-30 19:46:45.952 DEBUG [acme.Launcher@main] Found classpath entry '/C:/Users/laura/.m2/repository/org/glassfish/jaxb/txw2/2.3.3/txw2-2.3.3.jar' 
2022-04-30 19:46:45.952 DEBUG [acme.Launcher@main] Found classpath entry '/C:/Users/laura/.m2/repository/com/sun/istack/istack-commons-runtime/3.0.11/istack-commons-runtime-3.0.11.jar' 
2022-04-30 19:46:45.952 DEBUG [acme.Launcher@main] Found classpath entry '/C:/Users/laura/.m2/repository/com/sun/activation/jakarta.activation/1.2.2/jakarta.activation-1.2.2.jar' 
2022-04-30 19:46:45.953 DEBUG [acme.Launcher@main] Found classpath entry '/C:/Users/laura/.m2/repository/org/springframework/data/spring-data-jpa/2.4.3/spring-data-jpa-2.4.3.jar' 
2022-04-30 19:46:45.953 DEBUG [acme.Launcher@main] Found classpath entry '/C:/Users/laura/.m2/repository/org/springframework/data/spring-data-commons/2.4.3/spring-data-commons-2.4.3.jar' 
2022-04-30 19:46:45.953 DEBUG [acme.Launcher@main] Found classpath entry '/C:/Users/laura/.m2/repository/org/springframework/spring-orm/5.3.3/spring-orm-5.3.3.jar' 
2022-04-30 19:46:45.953 DEBUG [acme.Launcher@main] Found classpath entry '/C:/Users/laura/.m2/repository/org/springframework/spring-aspects/5.3.3/spring-aspects-5.3.3.jar' 
2022-04-30 19:46:45.953 DEBUG [acme.Launcher@main] Found classpath entry '/C:/Users/laura/.m2/repository/org/springframework/boot/spring-boot-starter-validation/2.4.2/spring-boot-starter-validation-2.4.2.jar' 
2022-04-30 19:46:45.954 DEBUG [acme.Launcher@main] Found classpath entry '/C:/Users/laura/.m2/repository/org/hibernate/validator/hibernate-validator/6.1.7.Final/hibernate-validator-6.1.7.Final.jar' 
2022-04-30 19:46:45.954 DEBUG [acme.Launcher@main] Found classpath entry '/C:/Users/laura/.m2/repository/jakarta/validation/jakarta.validation-api/2.0.2/jakarta.validation-api-2.0.2.jar' 
2022-04-30 19:46:45.954 DEBUG [acme.Launcher@main] Found classpath entry '/C:/Users/laura/.m2/repository/mysql/mysql-connector-java/8.0.22/mysql-connector-java-8.0.22.jar' 
2022-04-30 19:46:45.954 DEBUG [acme.Launcher@main] Found classpath entry '/C:/Users/laura/.m2/repository/com/zaxxer/HikariCP/3.4.5/HikariCP-3.4.5.jar' 
2022-04-30 19:46:45.955 DEBUG [acme.Launcher@main] Found classpath entry '/C:/Users/laura/.m2/repository/org/junit/jupiter/junit-jupiter-engine/5.7.0/junit-jupiter-engine-5.7.0.jar' 
2022-04-30 19:46:45.955 DEBUG [acme.Launcher@main] Found classpath entry '/C:/Users/laura/.m2/repository/org/apiguardian/apiguardian-api/1.1.0/apiguardian-api-1.1.0.jar' 
2022-04-30 19:46:45.956 DEBUG [acme.Launcher@main] Found classpath entry '/C:/Users/laura/.m2/repository/org/junit/platform/junit-platform-engine/1.7.0/junit-platform-engine-1.7.0.jar' 
2022-04-30 19:46:45.956 DEBUG [acme.Launcher@main] Found classpath entry '/C:/Users/laura/.m2/repository/org/junit/jupiter/junit-jupiter-api/5.7.0/junit-jupiter-api-5.7.0.jar' 
2022-04-30 19:46:45.956 DEBUG [acme.Launcher@main] Found classpath entry '/C:/Users/laura/.m2/repository/org/opentest4j/opentest4j/1.2.0/opentest4j-1.2.0.jar' 
2022-04-30 19:46:45.957 DEBUG [acme.Launcher@main] Found classpath entry '/C:/Users/laura/.m2/repository/org/junit/platform/junit-platform-commons/1.7.0/junit-platform-commons-1.7.0.jar' 
2022-04-30 19:46:45.957 DEBUG [acme.Launcher@main] Found classpath entry '/C:/Users/laura/.m2/repository/org/junit/jupiter/junit-jupiter-params/5.7.0/junit-jupiter-params-5.7.0.jar' 
2022-04-30 19:46:45.957 DEBUG [acme.Launcher@main] Found classpath entry '/C:/Users/laura/.m2/repository/org/junit/platform/junit-platform-launcher/1.7.0/junit-platform-launcher-1.7.0.jar' 
2022-04-30 19:46:45.957 DEBUG [acme.Launcher@main] Found classpath entry '/C:/Users/laura/.m2/repository/org/seleniumhq/selenium/selenium-java/3.141.59/selenium-java-3.141.59.jar' 
2022-04-30 19:46:45.958 DEBUG [acme.Launcher@main] Found classpath entry '/C:/Users/laura/.m2/repository/org/seleniumhq/selenium/selenium-api/3.141.59/selenium-api-3.141.59.jar' 
2022-04-30 19:46:45.958 DEBUG [acme.Launcher@main] Found classpath entry '/C:/Users/laura/.m2/repository/org/seleniumhq/selenium/selenium-chrome-driver/3.141.59/selenium-chrome-driver-3.141.59.jar' 
2022-04-30 19:46:45.958 DEBUG [acme.Launcher@main] Found classpath entry '/C:/Users/laura/.m2/repository/org/seleniumhq/selenium/selenium-edge-driver/3.141.59/selenium-edge-driver-3.141.59.jar' 
2022-04-30 19:46:45.959 DEBUG [acme.Launcher@main] Found classpath entry '/C:/Users/laura/.m2/repository/org/seleniumhq/selenium/selenium-firefox-driver/3.141.59/selenium-firefox-driver-3.141.59.jar' 
2022-04-30 19:46:45.959 DEBUG [acme.Launcher@main] Found classpath entry '/C:/Users/laura/.m2/repository/org/seleniumhq/selenium/selenium-ie-driver/3.141.59/selenium-ie-driver-3.141.59.jar' 
2022-04-30 19:46:45.959 DEBUG [acme.Launcher@main] Found classpath entry '/C:/Users/laura/.m2/repository/org/seleniumhq/selenium/selenium-opera-driver/3.141.59/selenium-opera-driver-3.141.59.jar' 
2022-04-30 19:46:45.959 DEBUG [acme.Launcher@main] Found classpath entry '/C:/Users/laura/.m2/repository/org/seleniumhq/selenium/selenium-remote-driver/3.141.59/selenium-remote-driver-3.141.59.jar' 
2022-04-30 19:46:45.960 DEBUG [acme.Launcher@main] Found classpath entry '/C:/Users/laura/.m2/repository/org/seleniumhq/selenium/selenium-safari-driver/3.141.59/selenium-safari-driver-3.141.59.jar' 
2022-04-30 19:46:45.960 DEBUG [acme.Launcher@main] Found classpath entry '/C:/Users/laura/.m2/repository/org/seleniumhq/selenium/selenium-support/3.141.59/selenium-support-3.141.59.jar' 
2022-04-30 19:46:45.960 DEBUG [acme.Launcher@main] Found classpath entry '/C:/Users/laura/.m2/repository/net/bytebuddy/byte-buddy/1.10.19/byte-buddy-1.10.19.jar' 
2022-04-30 19:46:45.960 DEBUG [acme.Launcher@main] Found classpath entry '/C:/Users/laura/.m2/repository/org/apache/commons/commons-exec/1.3/commons-exec-1.3.jar' 
2022-04-30 19:46:45.961 DEBUG [acme.Launcher@main] Found classpath entry '/C:/Users/laura/.m2/repository/com/google/guava/guava/25.0-jre/guava-25.0-jre.jar' 
2022-04-30 19:46:45.961 DEBUG [acme.Launcher@main] Found classpath entry '/C:/Users/laura/.m2/repository/com/google/code/findbugs/jsr305/1.3.9/jsr305-1.3.9.jar' 
2022-04-30 19:46:45.961 DEBUG [acme.Launcher@main] Found classpath entry '/C:/Users/laura/.m2/repository/org/checkerframework/checker-compat-qual/2.0.0/checker-compat-qual-2.0.0.jar' 
2022-04-30 19:46:45.961 DEBUG [acme.Launcher@main] Found classpath entry '/C:/Users/laura/.m2/repository/com/google/errorprone/error_prone_annotations/2.1.3/error_prone_annotations-2.1.3.jar' 
2022-04-30 19:46:45.962 DEBUG [acme.Launcher@main] Found classpath entry '/C:/Users/laura/.m2/repository/com/google/j2objc/j2objc-annotations/1.1/j2objc-annotations-1.1.jar' 
2022-04-30 19:46:45.962 DEBUG [acme.Launcher@main] Found classpath entry '/C:/Users/laura/.m2/repository/org/codehaus/mojo/animal-sniffer-annotations/1.14/animal-sniffer-annotations-1.14.jar' 
2022-04-30 19:46:45.962 DEBUG [acme.Launcher@main] Found classpath entry '/C:/Users/laura/.m2/repository/com/squareup/okhttp3/okhttp/3.14.9/okhttp-3.14.9.jar' 
2022-04-30 19:46:45.962 DEBUG [acme.Launcher@main] Found classpath entry '/C:/Users/laura/.m2/repository/com/squareup/okio/okio/1.14.0/okio-1.14.0.jar' 
2022-04-30 19:46:45.963 DEBUG [acme.Launcher@main] Found classpath entry '/C:/Users/laura/.m2/repository/org/apache/commons/commons-lang3/3.11/commons-lang3-3.11.jar' 
2022-04-30 19:46:45.963 DEBUG [acme.Launcher@main] Found classpath entry '/C:/Users/laura/.m2/repository/org/apache/commons/commons-text/1.8/commons-text-1.8.jar' 
2022-04-30 19:46:45.963 DEBUG [acme.Launcher@main] Found classpath entry '/C:/Users/laura/.m2/repository/commons-io/commons-io/2.6/commons-io-2.6.jar' 
2022-04-30 19:46:45.963 DEBUG [acme.Launcher@main] Found classpath entry '/C:/Users/laura/.m2/repository/commons-cli/commons-cli/1.4/commons-cli-1.4.jar' 
2022-04-30 19:46:45.964 DEBUG [acme.Launcher@main] Found classpath entry '/C:/Users/laura/.m2/repository/org/projectlombok/lombok/1.18.16/lombok-1.18.16.jar' 
2022-04-30 19:46:45.964 DEBUG [acme.Launcher@main] Found classpath entry '/C:/Users/laura/.m2/repository/com/opencsv/opencsv/5.4/opencsv-5.4.jar' 
2022-04-30 19:46:45.964 DEBUG [acme.Launcher@main] Found classpath entry '/C:/Users/laura/.m2/repository/commons-beanutils/commons-beanutils/1.9.4/commons-beanutils-1.9.4.jar' 
2022-04-30 19:46:45.965 DEBUG [acme.Launcher@main] Found classpath entry '/C:/Users/laura/.m2/repository/commons-logging/commons-logging/1.2/commons-logging-1.2.jar' 
2022-04-30 19:46:45.965 DEBUG [acme.Launcher@main] Found classpath entry '/C:/Users/laura/.m2/repository/commons-collections/commons-collections/3.2.2/commons-collections-3.2.2.jar' 
2022-04-30 19:46:45.965 DEBUG [acme.Launcher@main] Found classpath entry '/C:/Users/laura/.m2/repository/org/apache/commons/commons-collections4/4.4/commons-collections4-4.4.jar' 
2022-04-30 19:46:45.965 DEBUG [acme.Launcher@main] Found classpath entry '/C:/Users/laura/Downloads/Workspace-22.0/Tools/IDEs/eclipse-jee-2021-12-R/configuration/org.eclipse.osgi/418/0/.cp/lib/javaagent-shaded.jar' 
2022-04-30 19:46:46.228 DEBUG [acme.Launcher@main] Found entity class 'acme.entities.Configuration 
2022-04-30 19:46:46.228 DEBUG [acme.Launcher@main] Found entity class 'acme.entities.announcements.Announcement 
2022-04-30 19:46:46.229 DEBUG [acme.Launcher@main] Found entity class 'acme.entities.chirps.Chirp 
2022-04-30 19:46:46.229 DEBUG [acme.Launcher@main] Found entity class 'acme.entities.items.Item 
2022-04-30 19:46:46.229 DEBUG [acme.Launcher@main] Found entity class 'acme.entities.patronages.Patronage 
2022-04-30 19:46:46.229 DEBUG [acme.Launcher@main] Found entity class 'acme.entities.patronages.PatronageReport 
2022-04-30 19:46:46.229 DEBUG [acme.Launcher@main] Found entity class 'acme.entities.quantities.Quantity 
2022-04-30 19:46:46.229 DEBUG [acme.Launcher@main] Found entity class 'acme.entities.toolkits.Toolkit 
2022-04-30 19:46:46.229 DEBUG [acme.Launcher@main] Found entity class 'acme.roles.Consumer 
2022-04-30 19:46:46.229 DEBUG [acme.Launcher@main] Found entity class 'acme.roles.Inventor 
2022-04-30 19:46:46.229 DEBUG [acme.Launcher@main] Found entity class 'acme.roles.Patron 
2022-04-30 19:46:46.229 DEBUG [acme.Launcher@main] Found entity class 'acme.roles.Provider 
2022-04-30 19:46:46.229 DEBUG [acme.Launcher@main] Found entity class 'acme.framework.entities.UserAccount 
2022-04-30 19:46:46.229 DEBUG [acme.Launcher@main] Found entity class 'acme.framework.roles.Administrator 
2022-04-30 19:46:46.230 DEBUG [acme.Launcher@main] Found entity class 'acme.framework.roles.Anonymous 
2022-04-30 19:46:46.230 DEBUG [acme.Launcher@main] Found entity class 'acme.framework.roles.Any 
2022-04-30 19:46:46.230 DEBUG [acme.Launcher@main] Found entity class 'acme.framework.roles.Authenticated 
2022-04-30 19:46:46.238 INFO  [acme.Launcher@main] Running application (Standalone) 
2022-04-30 19:46:49.784 DEBUG [acme.framework.components.tiles.DynamicTilesView@http-nio-8080-exec-3] View name 'fragments/welcome', model {} 
2022-04-30 19:46:49.818 DEBUG [org.apache.tiles.definition.dao.BaseLocaleUrlDefinitionDAO@http-nio-8080-exec-3] File Resource file:/C:/Users/laura/Downloads/Workspace-22.0/Projects/Acme-Toolkits/target/classes/WEB-INF/views/master/tiles_en.xml at file:/C:/Users/laura/Downloads/Workspace-22.0/Projects/Acme-Toolkits/target/classes/WEB-INF/views/master/tiles_en.xml not found, continue 
2022-04-30 19:46:49.866 DEBUG [org.apache.jasper.servlet.JspServlet@http-nio-8080-exec-3] JspEngine --> /WEB-INF/views/master/page.jsp 
2022-04-30 19:46:49.868 DEBUG [org.apache.jasper.servlet.JspServlet@http-nio-8080-exec-3] ServletPath: /WEB-INF/views/master/page.jsp 
2022-04-30 19:46:49.869 DEBUG [org.apache.jasper.servlet.JspServlet@http-nio-8080-exec-3] PathInfo: null 
2022-04-30 19:46:49.872 DEBUG [org.apache.jasper.servlet.JspServlet@http-nio-8080-exec-3] RealPath: C:\Users\laura\Downloads\Workspace-22.0\Projects\Acme-Toolkits\target\classes\WEB-INF\views\master\page.jsp 
2022-04-30 19:46:49.874 DEBUG [org.apache.jasper.servlet.JspServlet@http-nio-8080-exec-3] RequestURI: /acme-toolkits-1.0/WEB-INF/views/master/page.jsp 
2022-04-30 19:46:49.874 DEBUG [org.apache.jasper.servlet.JspServlet@http-nio-8080-exec-3] QueryString: null 
2022-04-30 19:46:51.462 DEBUG [acme.framework.components.tiles.DynamicTilesView@http-nio-8080-exec-8] View name 'fragments/welcome', model {} 
2022-04-30 19:46:51.464 DEBUG [org.apache.jasper.servlet.JspServlet@http-nio-8080-exec-8] JspEngine --> /WEB-INF/views/master/page.jsp 
2022-04-30 19:46:51.465 DEBUG [org.apache.jasper.servlet.JspServlet@http-nio-8080-exec-8] ServletPath: /WEB-INF/views/master/page.jsp 
2022-04-30 19:46:51.467 DEBUG [org.apache.jasper.servlet.JspServlet@http-nio-8080-exec-8] PathInfo: null 
2022-04-30 19:46:51.470 DEBUG [org.apache.jasper.servlet.JspServlet@http-nio-8080-exec-8] RealPath: C:\Users\laura\Downloads\Workspace-22.0\Projects\Acme-Toolkits\target\classes\WEB-INF\views\master\page.jsp 
2022-04-30 19:46:51.471 DEBUG [org.apache.jasper.servlet.JspServlet@http-nio-8080-exec-8] RequestURI: /acme-toolkits-1.0/WEB-INF/views/master/page.jsp 
2022-04-30 19:46:51.472 DEBUG [org.apache.jasper.servlet.JspServlet@http-nio-8080-exec-8] QueryString: null 
2022-04-30 19:46:58.318 DEBUG [acme.framework.configuration.ExtendedMessageSource@http-nio-8080-exec-8] Loading properties [C:\Users\laura\Downloads\Workspace-22.0\Projects\Acme-Toolkits\target\classes\WEB-INF\views\administrator\administrator-dashboard\messages-en.i18n] with encoding 'utf-8' 
2022-04-30 19:46:58.321 DEBUG [acme.framework.configuration.ExtendedMessageSource@http-nio-8080-exec-8] Loading properties [C:\Users\laura\Downloads\Workspace-22.0\Projects\Acme-Toolkits\target\classes\WEB-INF\views\administrator\configuration\messages-en.i18n] with encoding 'utf-8' 
2022-04-30 19:46:58.322 DEBUG [acme.framework.configuration.ExtendedMessageSource@http-nio-8080-exec-8] Loading properties [C:\Users\laura\Downloads\Workspace-22.0\Projects\Acme-Toolkits\target\classes\WEB-INF\views\administrator\user-account\messages-en.i18n] with encoding 'utf-8' 
2022-04-30 19:46:58.325 DEBUG [acme.framework.configuration.ExtendedMessageSource@http-nio-8080-exec-8] Loading properties [C:\Users\laura\Downloads\Workspace-22.0\Projects\Acme-Toolkits\target\classes\WEB-INF\views\anonymous\user-account\messages-en.i18n] with encoding 'utf-8' 
2022-04-30 19:46:58.326 DEBUG [acme.framework.configuration.ExtendedMessageSource@http-nio-8080-exec-8] Loading properties [C:\Users\laura\Downloads\Workspace-22.0\Projects\Acme-Toolkits\target\classes\WEB-INF\views\any\chirp\messages-en.i18n] with encoding 'utf-8' 
2022-04-30 19:46:58.330 DEBUG [acme.framework.configuration.ExtendedMessageSource@http-nio-8080-exec-8] Loading properties [C:\Users\laura\Downloads\Workspace-22.0\Projects\Acme-Toolkits\target\classes\WEB-INF\views\any\item\messages-en.i18n] with encoding 'utf-8' 
2022-04-30 19:46:58.333 DEBUG [acme.framework.configuration.ExtendedMessageSource@http-nio-8080-exec-8] Loading properties [C:\Users\laura\Downloads\Workspace-22.0\Projects\Acme-Toolkits\target\classes\WEB-INF\views\any\toolkit\messages-en.i18n] with encoding 'utf-8' 
2022-04-30 19:46:58.335 DEBUG [acme.framework.configuration.ExtendedMessageSource@http-nio-8080-exec-8] Loading properties [C:\Users\laura\Downloads\Workspace-22.0\Projects\Acme-Toolkits\target\classes\WEB-INF\views\any\user-account\messages-en.i18n] with encoding 'utf-8' 
2022-04-30 19:46:58.336 DEBUG [acme.framework.configuration.ExtendedMessageSource@http-nio-8080-exec-8] Loading properties [C:\Users\laura\Downloads\Workspace-22.0\Projects\Acme-Toolkits\target\classes\WEB-INF\views\authenticated\announcement\messages-en.i18n] with encoding 'utf-8' 
2022-04-30 19:46:58.337 DEBUG [acme.framework.configuration.ExtendedMessageSource@http-nio-8080-exec-8] Loading properties [C:\Users\laura\Downloads\Workspace-22.0\Projects\Acme-Toolkits\target\classes\WEB-INF\views\authenticated\configuration\messages-en.i18n] with encoding 'utf-8' 
2022-04-30 19:46:58.339 DEBUG [acme.framework.configuration.ExtendedMessageSource@http-nio-8080-exec-8] Loading properties [C:\Users\laura\Downloads\Workspace-22.0\Projects\Acme-Toolkits\target\classes\WEB-INF\views\authenticated\consumer\messsages-en.i18n] with encoding 'utf-8' 
2022-04-30 19:46:58.340 DEBUG [acme.framework.configuration.ExtendedMessageSource@http-nio-8080-exec-8] Loading properties [C:\Users\laura\Downloads\Workspace-22.0\Projects\Acme-Toolkits\target\classes\WEB-INF\views\authenticated\provider\messsages-en.i18n] with encoding 'utf-8' 
2022-04-30 19:46:58.342 DEBUG [acme.framework.configuration.ExtendedMessageSource@http-nio-8080-exec-8] Loading properties [C:\Users\laura\Downloads\Workspace-22.0\Projects\Acme-Toolkits\target\classes\WEB-INF\views\authenticated\user-account\messages-en.i18n] with encoding 'utf-8' 
2022-04-30 19:46:58.343 DEBUG [acme.framework.configuration.ExtendedMessageSource@http-nio-8080-exec-8] Loading properties [C:\Users\laura\Downloads\Workspace-22.0\Projects\Acme-Toolkits\target\classes\WEB-INF\views\fragments\banner-en.i18n] with encoding 'utf-8' 
2022-04-30 19:46:58.350 DEBUG [acme.framework.configuration.ExtendedMessageSource@http-nio-8080-exec-8] Loading properties [C:\Users\laura\Downloads\Workspace-22.0\Projects\Acme-Toolkits\target\classes\WEB-INF\views\fragments\company-en.i18n] with encoding 'utf-8' 
2022-04-30 19:46:58.351 DEBUG [acme.framework.configuration.ExtendedMessageSource@http-nio-8080-exec-8] Loading properties [C:\Users\laura\Downloads\Workspace-22.0\Projects\Acme-Toolkits\target\classes\WEB-INF\views\fragments\footer-en.i18n] with encoding 'utf-8' 
2022-04-30 19:46:58.353 DEBUG [acme.framework.configuration.ExtendedMessageSource@http-nio-8080-exec-8] Loading properties [C:\Users\laura\Downloads\Workspace-22.0\Projects\Acme-Toolkits\target\classes\WEB-INF\views\fragments\license-en.i18n] with encoding 'utf-8' 
2022-04-30 19:46:58.354 DEBUG [acme.framework.configuration.ExtendedMessageSource@http-nio-8080-exec-8] Loading properties [C:\Users\laura\Downloads\Workspace-22.0\Projects\Acme-Toolkits\target\classes\WEB-INF\views\fragments\menu-en.i18n] with encoding 'utf-8' 
2022-04-30 19:46:58.356 DEBUG [acme.framework.configuration.ExtendedMessageSource@http-nio-8080-exec-8] Loading properties [C:\Users\laura\Downloads\Workspace-22.0\Projects\Acme-Toolkits\target\classes\WEB-INF\views\fragments\messsages-en.i18n] with encoding 'utf-8' 
2022-04-30 19:46:58.357 DEBUG [acme.framework.configuration.ExtendedMessageSource@http-nio-8080-exec-8] Loading properties [C:\Users\laura\Downloads\Workspace-22.0\Projects\Acme-Toolkits\target\classes\WEB-INF\views\fragments\title-en.i18n] with encoding 'utf-8' 
2022-04-30 19:46:58.360 DEBUG [acme.framework.configuration.ExtendedMessageSource@http-nio-8080-exec-8] Loading properties [C:\Users\laura\Downloads\Workspace-22.0\Projects\Acme-Toolkits\target\classes\WEB-INF\views\fragments\welcome-en.i18n] with encoding 'utf-8' 
2022-04-30 19:46:58.361 DEBUG [acme.framework.configuration.ExtendedMessageSource@http-nio-8080-exec-8] Loading properties [C:\Users\laura\Downloads\Workspace-22.0\Projects\Acme-Toolkits\target\classes\WEB-INF\views\inventor\item\messages-en.i18n] with encoding 'utf-8' 
2022-04-30 19:46:58.363 DEBUG [acme.framework.configuration.ExtendedMessageSource@http-nio-8080-exec-8] Loading properties [C:\Users\laura\Downloads\Workspace-22.0\Projects\Acme-Toolkits\target\classes\WEB-INF\views\inventor\patronage\messages-en.i18n] with encoding 'utf-8' 
2022-04-30 19:46:58.364 DEBUG [acme.framework.configuration.ExtendedMessageSource@http-nio-8080-exec-8] Loading properties [C:\Users\laura\Downloads\Workspace-22.0\Projects\Acme-Toolkits\target\classes\WEB-INF\views\inventor\patronage-report\messages-en.i18n] with encoding 'utf-8' 
2022-04-30 19:46:58.366 DEBUG [acme.framework.configuration.ExtendedMessageSource@http-nio-8080-exec-8] Loading properties [C:\Users\laura\Downloads\Workspace-22.0\Projects\Acme-Toolkits\target\classes\WEB-INF\views\inventor\toolkit\messages-en.i18n] with encoding 'utf-8' 
2022-04-30 19:46:58.368 DEBUG [acme.framework.configuration.ExtendedMessageSource@http-nio-8080-exec-8] Loading properties [C:\Users\laura\Downloads\Workspace-22.0\Projects\Acme-Toolkits\target\classes\WEB-INF\views\master\defaults-en.i18n] with encoding 'utf-8' 
2022-04-30 19:46:58.370 DEBUG [acme.framework.configuration.ExtendedMessageSource@http-nio-8080-exec-8] Loading properties [C:\Users\laura\Downloads\Workspace-22.0\Projects\Acme-Toolkits\target\classes\WEB-INF\views\master\master-en.i18n] with encoding 'utf-8' 
2022-04-30 19:46:58.371 DEBUG [acme.framework.configuration.ExtendedMessageSource@http-nio-8080-exec-8] Loading properties [C:\Users\laura\Downloads\Workspace-22.0\Projects\Acme-Toolkits\target\classes\WEB-INF\views\master\throwables-en.i18n] with encoding 'utf-8' 
2022-04-30 19:46:58.372 DEBUG [acme.framework.configuration.ExtendedMessageSource@http-nio-8080-exec-8] Loading properties [C:\Users\laura\Downloads\Workspace-22.0\Projects\Acme-Toolkits\target\classes\WEB-INF\views\master\validation-en.i18n] with encoding 'utf-8' 
2022-04-30 19:46:58.373 DEBUG [acme.framework.configuration.ExtendedMessageSource@http-nio-8080-exec-8] Loading properties [C:\Users\laura\Downloads\Workspace-22.0\Projects\Acme-Toolkits\target\classes\WEB-INF\views\patron\patron-dashboard\messages-en.i18n] with encoding 'utf-8' 
2022-04-30 19:46:58.375 DEBUG [acme.framework.configuration.ExtendedMessageSource@http-nio-8080-exec-8] Loading properties [C:\Users\laura\Downloads\Workspace-22.0\Projects\Acme-Toolkits\target\classes\WEB-INF\views\patron\patronage\messages-en.i18n] with encoding 'utf-8' 
2022-04-30 19:46:58.376 DEBUG [acme.framework.configuration.ExtendedMessageSource@http-nio-8080-exec-8] Loading properties [C:\Users\laura\Downloads\Workspace-22.0\Projects\Acme-Toolkits\target\classes\WEB-INF\views\patron\patronage-report\messages-en.i18n] with encoding 'utf-8' 
2022-04-30 19:46:58.403 DEBUG [acme.framework.configuration.ExtendedMessageSource@http-nio-8080-exec-3] Loading properties [C:\Users\laura\Downloads\Workspace-22.0\Projects\Acme-Toolkits\target\classes\WEB-INF\views\administrator\administrator-dashboard\messages-en.i18n] with encoding 'utf-8' 
2022-04-30 19:46:58.404 DEBUG [acme.framework.configuration.ExtendedMessageSource@http-nio-8080-exec-3] Loading properties [C:\Users\laura\Downloads\Workspace-22.0\Projects\Acme-Toolkits\target\classes\WEB-INF\views\administrator\configuration\messages-en.i18n] with encoding 'utf-8' 
2022-04-30 19:46:58.406 DEBUG [acme.framework.configuration.ExtendedMessageSource@http-nio-8080-exec-3] Loading properties [C:\Users\laura\Downloads\Workspace-22.0\Projects\Acme-Toolkits\target\classes\WEB-INF\views\administrator\user-account\messages-en.i18n] with encoding 'utf-8' 
2022-04-30 19:46:58.407 DEBUG [acme.framework.configuration.ExtendedMessageSource@http-nio-8080-exec-3] Loading properties [C:\Users\laura\Downloads\Workspace-22.0\Projects\Acme-Toolkits\target\classes\WEB-INF\views\anonymous\user-account\messages-en.i18n] with encoding 'utf-8' 
2022-04-30 19:46:58.408 DEBUG [acme.framework.configuration.ExtendedMessageSource@http-nio-8080-exec-3] Loading properties [C:\Users\laura\Downloads\Workspace-22.0\Projects\Acme-Toolkits\target\classes\WEB-INF\views\any\chirp\messages-en.i18n] with encoding 'utf-8' 
2022-04-30 19:46:58.409 DEBUG [acme.framework.configuration.ExtendedMessageSource@http-nio-8080-exec-3] Loading properties [C:\Users\laura\Downloads\Workspace-22.0\Projects\Acme-Toolkits\target\classes\WEB-INF\views\any\item\messages-en.i18n] with encoding 'utf-8' 
2022-04-30 19:46:58.411 DEBUG [acme.framework.configuration.ExtendedMessageSource@http-nio-8080-exec-3] Loading properties [C:\Users\laura\Downloads\Workspace-22.0\Projects\Acme-Toolkits\target\classes\WEB-INF\views\any\toolkit\messages-en.i18n] with encoding 'utf-8' 
2022-04-30 19:46:58.412 DEBUG [acme.framework.configuration.ExtendedMessageSource@http-nio-8080-exec-3] Loading properties [C:\Users\laura\Downloads\Workspace-22.0\Projects\Acme-Toolkits\target\classes\WEB-INF\views\any\user-account\messages-en.i18n] with encoding 'utf-8' 
2022-04-30 19:46:58.413 DEBUG [acme.framework.configuration.ExtendedMessageSource@http-nio-8080-exec-3] Loading properties [C:\Users\laura\Downloads\Workspace-22.0\Projects\Acme-Toolkits\target\classes\WEB-INF\views\authenticated\announcement\messages-en.i18n] with encoding 'utf-8' 
2022-04-30 19:46:58.414 DEBUG [acme.framework.configuration.ExtendedMessageSource@http-nio-8080-exec-3] Loading properties [C:\Users\laura\Downloads\Workspace-22.0\Projects\Acme-Toolkits\target\classes\WEB-INF\views\authenticated\configuration\messages-en.i18n] with encoding 'utf-8' 
2022-04-30 19:46:58.415 DEBUG [acme.framework.configuration.ExtendedMessageSource@http-nio-8080-exec-3] Loading properties [C:\Users\laura\Downloads\Workspace-22.0\Projects\Acme-Toolkits\target\classes\WEB-INF\views\authenticated\consumer\messsages-en.i18n] with encoding 'utf-8' 
2022-04-30 19:46:58.416 DEBUG [acme.framework.configuration.ExtendedMessageSource@http-nio-8080-exec-3] Loading properties [C:\Users\laura\Downloads\Workspace-22.0\Projects\Acme-Toolkits\target\classes\WEB-INF\views\authenticated\provider\messsages-en.i18n] with encoding 'utf-8' 
2022-04-30 19:46:58.418 DEBUG [acme.framework.configuration.ExtendedMessageSource@http-nio-8080-exec-3] Loading properties [C:\Users\laura\Downloads\Workspace-22.0\Projects\Acme-Toolkits\target\classes\WEB-INF\views\authenticated\user-account\messages-en.i18n] with encoding 'utf-8' 
2022-04-30 19:46:58.419 DEBUG [acme.framework.configuration.ExtendedMessageSource@http-nio-8080-exec-3] Loading properties [C:\Users\laura\Downloads\Workspace-22.0\Projects\Acme-Toolkits\target\classes\WEB-INF\views\fragments\banner-en.i18n] with encoding 'utf-8' 
2022-04-30 19:46:58.420 DEBUG [acme.framework.configuration.ExtendedMessageSource@http-nio-8080-exec-3] Loading properties [C:\Users\laura\Downloads\Workspace-22.0\Projects\Acme-Toolkits\target\classes\WEB-INF\views\fragments\company-en.i18n] with encoding 'utf-8' 
2022-04-30 19:46:58.421 DEBUG [acme.framework.configuration.ExtendedMessageSource@http-nio-8080-exec-3] Loading properties [C:\Users\laura\Downloads\Workspace-22.0\Projects\Acme-Toolkits\target\classes\WEB-INF\views\fragments\footer-en.i18n] with encoding 'utf-8' 
2022-04-30 19:46:58.422 DEBUG [acme.framework.configuration.ExtendedMessageSource@http-nio-8080-exec-3] Loading properties [C:\Users\laura\Downloads\Workspace-22.0\Projects\Acme-Toolkits\target\classes\WEB-INF\views\fragments\license-en.i18n] with encoding 'utf-8' 
2022-04-30 19:46:58.422 DEBUG [acme.framework.configuration.ExtendedMessageSource@http-nio-8080-exec-3] Loading properties [C:\Users\laura\Downloads\Workspace-22.0\Projects\Acme-Toolkits\target\classes\WEB-INF\views\fragments\menu-en.i18n] with encoding 'utf-8' 
2022-04-30 19:46:58.423 DEBUG [acme.framework.configuration.ExtendedMessageSource@http-nio-8080-exec-3] Loading properties [C:\Users\laura\Downloads\Workspace-22.0\Projects\Acme-Toolkits\target\classes\WEB-INF\views\fragments\messsages-en.i18n] with encoding 'utf-8' 
2022-04-30 19:46:58.425 DEBUG [acme.framework.configuration.ExtendedMessageSource@http-nio-8080-exec-3] Loading properties [C:\Users\laura\Downloads\Workspace-22.0\Projects\Acme-Toolkits\target\classes\WEB-INF\views\fragments\title-en.i18n] with encoding 'utf-8' 
2022-04-30 19:46:58.426 DEBUG [acme.framework.configuration.ExtendedMessageSource@http-nio-8080-exec-3] Loading properties [C:\Users\laura\Downloads\Workspace-22.0\Projects\Acme-Toolkits\target\classes\WEB-INF\views\fragments\welcome-en.i18n] with encoding 'utf-8' 
2022-04-30 19:46:58.428 DEBUG [acme.framework.configuration.ExtendedMessageSource@http-nio-8080-exec-3] Loading properties [C:\Users\laura\Downloads\Workspace-22.0\Projects\Acme-Toolkits\target\classes\WEB-INF\views\inventor\item\messages-en.i18n] with encoding 'utf-8' 
2022-04-30 19:46:58.430 DEBUG [acme.framework.configuration.ExtendedMessageSource@http-nio-8080-exec-3] Loading properties [C:\Users\laura\Downloads\Workspace-22.0\Projects\Acme-Toolkits\target\classes\WEB-INF\views\inventor\patronage\messages-en.i18n] with encoding 'utf-8' 
2022-04-30 19:46:58.431 DEBUG [acme.framework.configuration.ExtendedMessageSource@http-nio-8080-exec-3] Loading properties [C:\Users\laura\Downloads\Workspace-22.0\Projects\Acme-Toolkits\target\classes\WEB-INF\views\inventor\patronage-report\messages-en.i18n] with encoding 'utf-8' 
2022-04-30 19:46:58.433 DEBUG [acme.framework.configuration.ExtendedMessageSource@http-nio-8080-exec-3] Loading properties [C:\Users\laura\Downloads\Workspace-22.0\Projects\Acme-Toolkits\target\classes\WEB-INF\views\inventor\toolkit\messages-en.i18n] with encoding 'utf-8' 
2022-04-30 19:46:58.435 DEBUG [acme.framework.configuration.ExtendedMessageSource@http-nio-8080-exec-3] Loading properties [C:\Users\laura\Downloads\Workspace-22.0\Projects\Acme-Toolkits\target\classes\WEB-INF\views\master\defaults-en.i18n] with encoding 'utf-8' 
2022-04-30 19:46:58.436 DEBUG [acme.framework.configuration.ExtendedMessageSource@http-nio-8080-exec-3] Loading properties [C:\Users\laura\Downloads\Workspace-22.0\Projects\Acme-Toolkits\target\classes\WEB-INF\views\master\master-en.i18n] with encoding 'utf-8' 
2022-04-30 19:46:58.437 DEBUG [acme.framework.configuration.ExtendedMessageSource@http-nio-8080-exec-3] Loading properties [C:\Users\laura\Downloads\Workspace-22.0\Projects\Acme-Toolkits\target\classes\WEB-INF\views\master\throwables-en.i18n] with encoding 'utf-8' 
2022-04-30 19:46:58.439 DEBUG [acme.framework.configuration.ExtendedMessageSource@http-nio-8080-exec-3] Loading properties [C:\Users\laura\Downloads\Workspace-22.0\Projects\Acme-Toolkits\target\classes\WEB-INF\views\master\validation-en.i18n] with encoding 'utf-8' 
2022-04-30 19:46:58.440 DEBUG [acme.framework.configuration.ExtendedMessageSource@http-nio-8080-exec-3] Loading properties [C:\Users\laura\Downloads\Workspace-22.0\Projects\Acme-Toolkits\target\classes\WEB-INF\views\patron\patron-dashboard\messages-en.i18n] with encoding 'utf-8' 
2022-04-30 19:46:58.442 DEBUG [acme.framework.configuration.ExtendedMessageSource@http-nio-8080-exec-3] Loading properties [C:\Users\laura\Downloads\Workspace-22.0\Projects\Acme-Toolkits\target\classes\WEB-INF\views\patron\patronage\messages-en.i18n] with encoding 'utf-8' 
2022-04-30 19:46:58.443 DEBUG [acme.framework.configuration.ExtendedMessageSource@http-nio-8080-exec-3] Loading properties [C:\Users\laura\Downloads\Workspace-22.0\Projects\Acme-Toolkits\target\classes\WEB-INF\views\patron\patronage-report\messages-en.i18n] with encoding 'utf-8' 
2022-04-30 19:46:59.014 DEBUG [org.apache.jasper.servlet.JspServlet@http-nio-8080-exec-8] JspEngine --> /WEB-INF/views/fragments/welcome.jsp 
2022-04-30 19:46:59.014 DEBUG [org.apache.jasper.servlet.JspServlet@http-nio-8080-exec-3] JspEngine --> /WEB-INF/views/fragments/welcome.jsp 
2022-04-30 19:46:59.015 DEBUG [org.apache.jasper.servlet.JspServlet@http-nio-8080-exec-3] ServletPath: /WEB-INF/views/master/page.jsp 
2022-04-30 19:46:59.014 DEBUG [org.apache.jasper.servlet.JspServlet@http-nio-8080-exec-8] ServletPath: /WEB-INF/views/master/page.jsp 
2022-04-30 19:46:59.016 DEBUG [org.apache.jasper.servlet.JspServlet@http-nio-8080-exec-8] PathInfo: null 
2022-04-30 19:46:59.016 DEBUG [org.apache.jasper.servlet.JspServlet@http-nio-8080-exec-3] PathInfo: null 
2022-04-30 19:46:59.020 DEBUG [org.apache.jasper.servlet.JspServlet@http-nio-8080-exec-3] RealPath: C:\Users\laura\Downloads\Workspace-22.0\Projects\Acme-Toolkits\target\classes\WEB-INF\views\fragments\welcome.jsp 
2022-04-30 19:46:59.020 DEBUG [org.apache.jasper.servlet.JspServlet@http-nio-8080-exec-8] RealPath: C:\Users\laura\Downloads\Workspace-22.0\Projects\Acme-Toolkits\target\classes\WEB-INF\views\fragments\welcome.jsp 
2022-04-30 19:46:59.021 DEBUG [org.apache.jasper.servlet.JspServlet@http-nio-8080-exec-8] RequestURI: /acme-toolkits-1.0/WEB-INF/views/master/page.jsp 
2022-04-30 19:46:59.021 DEBUG [org.apache.jasper.servlet.JspServlet@http-nio-8080-exec-3] RequestURI: /acme-toolkits-1.0/WEB-INF/views/master/page.jsp 
2022-04-30 19:46:59.022 DEBUG [org.apache.jasper.servlet.JspServlet@http-nio-8080-exec-8] QueryString: null 
2022-04-30 19:46:59.023 DEBUG [org.apache.jasper.servlet.JspServlet@http-nio-8080-exec-3] QueryString: null 
2022-04-30 19:46:59.912 DEBUG [org.hibernate.SQL@http-nio-8080-exec-8] select useraccoun0_.id as id1_0_, useraccoun0_.version as version2_0_, useraccoun0_.enabled as enabled1_17_, useraccoun0_.identity as identity2_17_, useraccoun0_.password as password3_17_, useraccoun0_.username as username4_17_ from user_account useraccoun0_ where useraccoun0_.username=? 
2022-04-30 19:46:59.912 DEBUG [org.hibernate.SQL@http-nio-8080-exec-3] select useraccoun0_.id as id1_0_, useraccoun0_.version as version2_0_, useraccoun0_.enabled as enabled1_17_, useraccoun0_.identity as identity2_17_, useraccoun0_.password as password3_17_, useraccoun0_.username as username4_17_ from user_account useraccoun0_ where useraccoun0_.username=? 
2022-04-30 19:46:59.979 TRACE [org.hibernate.type.descriptor.sql.BasicBinder@http-nio-8080-exec-3] binding parameter [1] as [VARCHAR] - [anonymous] 
2022-04-30 19:46:59.979 TRACE [org.hibernate.type.descriptor.sql.BasicBinder@http-nio-8080-exec-8] binding parameter [1] as [VARCHAR] - [anonymous] 
2022-04-30 19:47:00.151 DEBUG [org.hibernate.SQL@http-nio-8080-exec-3] select roles0_.user_account_id as user_acc1_18_0_, roles0_.id as id1_18_0_, roles0_.id as id1_0_1_, roles0_.version as version2_0_1_, roles0_.user_account_id as user_acc1_18_1_, roles0_.company as company1_8_1_, roles0_.sector as sector2_8_1_, roles0_.company as company1_9_1_, roles0_.link as link2_9_1_, roles0_.statement as statemen3_9_1_, roles0_.company as company1_11_1_, roles0_.link as link2_11_1_, roles0_.statement as statemen3_11_1_, roles0_.company as company1_14_1_, roles0_.sector as sector2_14_1_, roles0_.clazz_ as clazz_1_ from ( select id, version, user_account_id, company, sector, null as link, null as statement, 10 as clazz_ from consumer union all select id, version, user_account_id, company, null as sector, link, statement, 11 as clazz_ from inventor union all select id, version, user_account_id, company, null as sector, link, statement, 12 as clazz_ from patron union all select id, version, user_account_id, company, sector, null as link, null as statement, 13 as clazz_ from provider union all select id, version, user_account_id, null as company, null as sector, null as link, null as statement, 15 as clazz_ from administrator union all select id, version, user_account_id, null as company, null as sector, null as link, null as statement, 16 as clazz_ from anonymous union all select id, version, user_account_id, null as company, null as sector, null as link, null as statement, 17 as clazz_ from any union all select id, version, user_account_id, null as company, null as sector, null as link, null as statement, 18 as clazz_ from authenticated ) roles0_ where roles0_.user_account_id=? 
2022-04-30 19:47:00.151 DEBUG [org.hibernate.SQL@http-nio-8080-exec-8] select roles0_.user_account_id as user_acc1_18_0_, roles0_.id as id1_18_0_, roles0_.id as id1_0_1_, roles0_.version as version2_0_1_, roles0_.user_account_id as user_acc1_18_1_, roles0_.company as company1_8_1_, roles0_.sector as sector2_8_1_, roles0_.company as company1_9_1_, roles0_.link as link2_9_1_, roles0_.statement as statemen3_9_1_, roles0_.company as company1_11_1_, roles0_.link as link2_11_1_, roles0_.statement as statemen3_11_1_, roles0_.company as company1_14_1_, roles0_.sector as sector2_14_1_, roles0_.clazz_ as clazz_1_ from ( select id, version, user_account_id, company, sector, null as link, null as statement, 10 as clazz_ from consumer union all select id, version, user_account_id, company, null as sector, link, statement, 11 as clazz_ from inventor union all select id, version, user_account_id, company, null as sector, link, statement, 12 as clazz_ from patron union all select id, version, user_account_id, company, sector, null as link, null as statement, 13 as clazz_ from provider union all select id, version, user_account_id, null as company, null as sector, null as link, null as statement, 15 as clazz_ from administrator union all select id, version, user_account_id, null as company, null as sector, null as link, null as statement, 16 as clazz_ from anonymous union all select id, version, user_account_id, null as company, null as sector, null as link, null as statement, 17 as clazz_ from any union all select id, version, user_account_id, null as company, null as sector, null as link, null as statement, 18 as clazz_ from authenticated ) roles0_ where roles0_.user_account_id=? 
2022-04-30 19:47:00.154 TRACE [org.hibernate.type.descriptor.sql.BasicBinder@http-nio-8080-exec-3] binding parameter [1] as [INTEGER] - [1] 
2022-04-30 19:47:00.154 TRACE [org.hibernate.type.descriptor.sql.BasicBinder@http-nio-8080-exec-8] binding parameter [1] as [INTEGER] - [1] 
2022-04-30 19:47:04.716 DEBUG [acme.framework.controllers.AbstractController@http-nio-8080-exec-1] DISPATCHING GET /acme-toolkits-1.0/any/chirp/list-recent 
2022-04-30 19:47:04.716 DEBUG [acme.framework.controllers.AbstractController@http-nio-8080-exec-1] Command: list-recent 
2022-04-30 19:47:04.716 DEBUG [acme.framework.controllers.AbstractController@http-nio-8080-exec-1] Model:   {} 
2022-04-30 19:47:04.716 DEBUG [acme.framework.controllers.AbstractController@http-nio-8080-exec-1] Locale:  en 
2022-04-30 19:47:04.746 DEBUG [org.hibernate.SQL@http-nio-8080-exec-1] select useraccoun0_.id as id1_0_, useraccoun0_.version as version2_0_, useraccoun0_.enabled as enabled1_17_, useraccoun0_.identity as identity2_17_, useraccoun0_.password as password3_17_, useraccoun0_.username as username4_17_ from user_account useraccoun0_ where useraccoun0_.username=? 
2022-04-30 19:47:04.747 TRACE [org.hibernate.type.descriptor.sql.BasicBinder@http-nio-8080-exec-1] binding parameter [1] as [VARCHAR] - [anonymous] 
2022-04-30 19:47:04.751 DEBUG [org.hibernate.SQL@http-nio-8080-exec-1] select roles0_.user_account_id as user_acc1_18_0_, roles0_.id as id1_18_0_, roles0_.id as id1_0_1_, roles0_.version as version2_0_1_, roles0_.user_account_id as user_acc1_18_1_, roles0_.company as company1_8_1_, roles0_.sector as sector2_8_1_, roles0_.company as company1_9_1_, roles0_.link as link2_9_1_, roles0_.statement as statemen3_9_1_, roles0_.company as company1_11_1_, roles0_.link as link2_11_1_, roles0_.statement as statemen3_11_1_, roles0_.company as company1_14_1_, roles0_.sector as sector2_14_1_, roles0_.clazz_ as clazz_1_ from ( select id, version, user_account_id, company, sector, null as link, null as statement, 10 as clazz_ from consumer union all select id, version, user_account_id, company, null as sector, link, statement, 11 as clazz_ from inventor union all select id, version, user_account_id, company, null as sector, link, statement, 12 as clazz_ from patron union all select id, version, user_account_id, company, sector, null as link, null as statement, 13 as clazz_ from provider union all select id, version, user_account_id, null as company, null as sector, null as link, null as statement, 15 as clazz_ from administrator union all select id, version, user_account_id, null as company, null as sector, null as link, null as statement, 16 as clazz_ from anonymous union all select id, version, user_account_id, null as company, null as sector, null as link, null as statement, 17 as clazz_ from any union all select id, version, user_account_id, null as company, null as sector, null as link, null as statement, 18 as clazz_ from authenticated ) roles0_ where roles0_.user_account_id=? 
2022-04-30 19:47:04.753 TRACE [org.hibernate.type.descriptor.sql.BasicBinder@http-nio-8080-exec-1] binding parameter [1] as [INTEGER] - [1] 
2022-04-30 19:47:04.852 DEBUG [org.hibernate.SQL@http-nio-8080-exec-1] select chirp0_.id as id1_0_, chirp0_.version as version2_0_, chirp0_.author as author1_6_, chirp0_.body as body2_6_, chirp0_.creation_moment as creation3_6_, chirp0_.email as email4_6_, chirp0_.title as title5_6_ from chirp chirp0_ where chirp0_.creation_moment>? 
2022-04-30 19:47:04.855 TRACE [org.hibernate.type.descriptor.sql.BasicBinder@http-nio-8080-exec-1] binding parameter [1] as [TIMESTAMP] - [Wed Mar 30 19:47:04 CEST 2022] 
2022-04-30 19:47:04.913 DEBUG [acme.framework.controllers.AbstractController@http-nio-8080-exec-1] SERVING GET /acme-toolkits-1.0/any/chirp/list-recent 
2022-04-30 19:47:04.914 DEBUG [acme.framework.controllers.AbstractController@http-nio-8080-exec-1] Result: ModelAndView [view="any/chirp/list"; model={body[1]=Body 13, title[3]=sss, body[3]=ssss, version[3]=0, title[1]=Title 13, version[1]=0, author[3]=nsdmaskeup, list$size=4, author[1]=Author 13, email[1]=email@13.com, creationMoment[3]=2022-04-30 19:07:29.0, email[3]=Laurasalgadobravo@gmail.com, creationMoment[1]=2022-04-20 19:00:00.0, id[1]=44, id[3]=83, body[0]=Body 14, body[2]=Body 12, version[2]=0, title[2]=Title 12, author[2]=Author 12, author[0]=Author 14, email[0]=email@14.com, email[2]=email@12.com, creationMoment[2]=2022-04-02 12:00:00.0, version[0]=0, creationMoment[0]=2022-04-20 19:00:00.0, title[0]=Title 14, id[0]=42, id[2]=46, command=list-recent, principal=acme.framework.entities.Principal@71f6f1e7}] 
2022-04-30 19:47:04.929 DEBUG [acme.framework.components.tiles.DynamicTilesView@http-nio-8080-exec-1] View name 'any/chirp/list', model {body[1]=Body 13, title[3]=sss, body[3]=ssss, version[3]=0, title[1]=Title 13, version[1]=0, author[3]=nsdmaskeup, list$size=4, author[1]=Author 13, email[1]=email@13.com, creationMoment[3]=2022-04-30 19:07:29.0, email[3]=Laurasalgadobravo@gmail.com, creationMoment[1]=2022-04-20 19:00:00.0, id[1]=44, id[3]=83, body[0]=Body 14, body[2]=Body 12, version[2]=0, title[2]=Title 12, author[2]=Author 12, author[0]=Author 14, email[0]=email@14.com, email[2]=email@12.com, creationMoment[2]=2022-04-02 12:00:00.0, version[0]=0, creationMoment[0]=2022-04-20 19:00:00.0, title[0]=Title 14, id[0]=42, id[2]=46, command=list-recent, principal=acme.framework.entities.Principal@71f6f1e7, org.springframework.validation.BindingResult.principal=org.springframework.validation.BeanPropertyBindingResult: 0 errors} 
2022-04-30 19:47:04.932 DEBUG [org.apache.jasper.servlet.JspServlet@http-nio-8080-exec-1] JspEngine --> /WEB-INF/views/master/page.jsp 
2022-04-30 19:47:04.933 DEBUG [org.apache.jasper.servlet.JspServlet@http-nio-8080-exec-1] ServletPath: /WEB-INF/views/master/page.jsp 
2022-04-30 19:47:04.934 DEBUG [org.apache.jasper.servlet.JspServlet@http-nio-8080-exec-1] PathInfo: null 
2022-04-30 19:47:04.938 DEBUG [org.apache.jasper.servlet.JspServlet@http-nio-8080-exec-1] RealPath: C:\Users\laura\Downloads\Workspace-22.0\Projects\Acme-Toolkits\target\classes\WEB-INF\views\master\page.jsp 
2022-04-30 19:47:04.940 DEBUG [org.apache.jasper.servlet.JspServlet@http-nio-8080-exec-1] RequestURI: /acme-toolkits-1.0/WEB-INF/views/master/page.jsp 
2022-04-30 19:47:04.941 DEBUG [org.apache.jasper.servlet.JspServlet@http-nio-8080-exec-1] QueryString: null 
2022-04-30 19:47:05.587 DEBUG [org.apache.jasper.servlet.JspServlet@http-nio-8080-exec-1] JspEngine --> /WEB-INF/views/any/chirp/list.jsp 
2022-04-30 19:47:05.588 DEBUG [org.apache.jasper.servlet.JspServlet@http-nio-8080-exec-1] ServletPath: /WEB-INF/views/master/page.jsp 
2022-04-30 19:47:05.590 DEBUG [org.apache.jasper.servlet.JspServlet@http-nio-8080-exec-1] PathInfo: null 
2022-04-30 19:47:05.594 DEBUG [org.apache.jasper.servlet.JspServlet@http-nio-8080-exec-1] RealPath: C:\Users\laura\Downloads\Workspace-22.0\Projects\Acme-Toolkits\target\classes\WEB-INF\views\any\chirp\list.jsp 
2022-04-30 19:47:05.595 DEBUG [org.apache.jasper.servlet.JspServlet@http-nio-8080-exec-1] RequestURI: /acme-toolkits-1.0/WEB-INF/views/master/page.jsp 
2022-04-30 19:47:05.596 DEBUG [org.apache.jasper.servlet.JspServlet@http-nio-8080-exec-1] QueryString: null 
2022-04-30 19:47:08.454 DEBUG [org.hibernate.SQL@http-nio-8080-exec-1] select useraccoun0_.id as id1_0_, useraccoun0_.version as version2_0_, useraccoun0_.enabled as enabled1_17_, useraccoun0_.identity as identity2_17_, useraccoun0_.password as password3_17_, useraccoun0_.username as username4_17_ from user_account useraccoun0_ where useraccoun0_.username=? 
2022-04-30 19:47:08.456 TRACE [org.hibernate.type.descriptor.sql.BasicBinder@http-nio-8080-exec-1] binding parameter [1] as [VARCHAR] - [anonymous] 
2022-04-30 19:47:08.459 DEBUG [org.hibernate.SQL@http-nio-8080-exec-1] select roles0_.user_account_id as user_acc1_18_0_, roles0_.id as id1_18_0_, roles0_.id as id1_0_1_, roles0_.version as version2_0_1_, roles0_.user_account_id as user_acc1_18_1_, roles0_.company as company1_8_1_, roles0_.sector as sector2_8_1_, roles0_.company as company1_9_1_, roles0_.link as link2_9_1_, roles0_.statement as statemen3_9_1_, roles0_.company as company1_11_1_, roles0_.link as link2_11_1_, roles0_.statement as statemen3_11_1_, roles0_.company as company1_14_1_, roles0_.sector as sector2_14_1_, roles0_.clazz_ as clazz_1_ from ( select id, version, user_account_id, company, sector, null as link, null as statement, 10 as clazz_ from consumer union all select id, version, user_account_id, company, null as sector, link, statement, 11 as clazz_ from inventor union all select id, version, user_account_id, company, null as sector, link, statement, 12 as clazz_ from patron union all select id, version, user_account_id, company, sector, null as link, null as statement, 13 as clazz_ from provider union all select id, version, user_account_id, null as company, null as sector, null as link, null as statement, 15 as clazz_ from administrator union all select id, version, user_account_id, null as company, null as sector, null as link, null as statement, 16 as clazz_ from anonymous union all select id, version, user_account_id, null as company, null as sector, null as link, null as statement, 17 as clazz_ from any union all select id, version, user_account_id, null as company, null as sector, null as link, null as statement, 18 as clazz_ from authenticated ) roles0_ where roles0_.user_account_id=? 
2022-04-30 19:47:08.461 TRACE [org.hibernate.type.descriptor.sql.BasicBinder@http-nio-8080-exec-1] binding parameter [1] as [INTEGER] - [1] 
