2022-03-28 00:07:27.952 INFO  [acme.Launcher@main] Starting Launcher using Java 1.8.0_281 on LAPTOP-222T00T7 with PID 11612 (C:\Users\laura\Downloads\Workspace-22.0\Frameworks\Acme-Framework-22.2\target\classes started by laura in C:\Users\laura\Downloads\Workspace-22.0\Projects\Acme-Toolkits) 
2022-03-28 00:07:27.953 DEBUG [acme.Launcher@main] Running with Spring Boot v2.4.2, Spring v5.3.3 
2022-03-28 00:07:27.955 INFO  [acme.Launcher@main] The following profiles are active: development,default 
2022-03-28 00:07:31.952 DEBUG [org.apache.jasper.servlet.JasperInitializer@main] Initializing Jasper for context [application] 
2022-03-28 00:07:39.930 DEBUG [org.apache.jasper.servlet.JspServlet@main] Scratch dir for the JSP engine is: [C:\Users\laura\AppData\Local\Temp\tomcat.8080.732828371741097006\work\Tomcat\localhost\acme-toolkits-1.0] 
2022-03-28 00:07:39.934 DEBUG [org.apache.jasper.servlet.JspServlet@main] IMPORTANT: Do not modify the generated servlets 
2022-03-28 00:07:39.967 INFO  [acme.Launcher@main] Started Launcher in 12.984 seconds (JVM running for 14.086) 
2022-03-28 00:07:39.979 DEBUG [acme.Launcher@main] Found classpath entry '/C:/Users/laura/Downloads/Workspace-22.0/Projects/Acme-Toolkits/target/test-classes/' 
2022-03-28 00:07:39.980 DEBUG [acme.Launcher@main] Found classpath entry '/C:/Users/laura/Downloads/Workspace-22.0/Projects/Acme-Toolkits/target/classes/' 
2022-03-28 00:07:39.980 DEBUG [acme.Launcher@main] Found classpath entry '/C:/Users/laura/Downloads/Workspace-22.0/Frameworks/Acme-Framework-22.2/target/classes/' 
2022-03-28 00:07:39.981 DEBUG [acme.Launcher@main] Found classpath entry '/C:/Users/laura/Downloads/Workspace-22.0/Frameworks/Acme-Framework-22.2/target/test-classes/' 
2022-03-28 00:07:39.982 DEBUG [acme.Launcher@main] Found classpath entry '/C:/Users/laura/.m2/repository/org/springframework/boot/spring-boot-starter-tomcat/2.4.2/spring-boot-starter-tomcat-2.4.2.jar' 
2022-03-28 00:07:39.983 DEBUG [acme.Launcher@main] Found classpath entry '/C:/Users/laura/.m2/repository/jakarta/annotation/jakarta.annotation-api/1.3.5/jakarta.annotation-api-1.3.5.jar' 
2022-03-28 00:07:39.984 DEBUG [acme.Launcher@main] Found classpath entry '/C:/Users/laura/.m2/repository/org/apache/tomcat/embed/tomcat-embed-core/9.0.41/tomcat-embed-core-9.0.41.jar' 
2022-03-28 00:07:39.984 DEBUG [acme.Launcher@main] Found classpath entry '/C:/Users/laura/.m2/repository/org/glassfish/jakarta.el/3.0.3/jakarta.el-3.0.3.jar' 
2022-03-28 00:07:39.984 DEBUG [acme.Launcher@main] Found classpath entry '/C:/Users/laura/.m2/repository/org/apache/tomcat/embed/tomcat-embed-websocket/9.0.41/tomcat-embed-websocket-9.0.41.jar' 
2022-03-28 00:07:39.984 DEBUG [acme.Launcher@main] Found classpath entry '/C:/Users/laura/.m2/repository/org/apache/tomcat/embed/tomcat-embed-jasper/9.0.41/tomcat-embed-jasper-9.0.41.jar' 
2022-03-28 00:07:39.985 DEBUG [acme.Launcher@main] Found classpath entry '/C:/Users/laura/.m2/repository/org/apache/tomcat/embed/tomcat-embed-el/9.0.41/tomcat-embed-el-9.0.41.jar' 
2022-03-28 00:07:39.985 DEBUG [acme.Launcher@main] Found classpath entry '/C:/Users/laura/.m2/repository/org/eclipse/jdt/ecj/3.18.0/ecj-3.18.0.jar' 
2022-03-28 00:07:39.985 DEBUG [acme.Launcher@main] Found classpath entry '/C:/Users/laura/.m2/repository/javax/servlet/jstl/1.2/jstl-1.2.jar' 
2022-03-28 00:07:39.985 DEBUG [acme.Launcher@main] Found classpath entry '/C:/Users/laura/.m2/repository/org/springframework/boot/spring-boot-starter-test/2.4.2/spring-boot-starter-test-2.4.2.jar' 
2022-03-28 00:07:39.986 DEBUG [acme.Launcher@main] Found classpath entry '/C:/Users/laura/.m2/repository/org/springframework/boot/spring-boot-starter/2.4.2/spring-boot-starter-2.4.2.jar' 
2022-03-28 00:07:39.986 DEBUG [acme.Launcher@main] Found classpath entry '/C:/Users/laura/.m2/repository/org/springframework/boot/spring-boot/2.4.2/spring-boot-2.4.2.jar' 
2022-03-28 00:07:39.986 DEBUG [acme.Launcher@main] Found classpath entry '/C:/Users/laura/.m2/repository/org/springframework/boot/spring-boot-autoconfigure/2.4.2/spring-boot-autoconfigure-2.4.2.jar' 
2022-03-28 00:07:39.987 DEBUG [acme.Launcher@main] Found classpath entry '/C:/Users/laura/.m2/repository/org/springframework/boot/spring-boot-starter-logging/2.4.2/spring-boot-starter-logging-2.4.2.jar' 
2022-03-28 00:07:39.987 DEBUG [acme.Launcher@main] Found classpath entry '/C:/Users/laura/.m2/repository/ch/qos/logback/logback-classic/1.2.3/logback-classic-1.2.3.jar' 
2022-03-28 00:07:39.987 DEBUG [acme.Launcher@main] Found classpath entry '/C:/Users/laura/.m2/repository/ch/qos/logback/logback-core/1.2.3/logback-core-1.2.3.jar' 
2022-03-28 00:07:39.988 DEBUG [acme.Launcher@main] Found classpath entry '/C:/Users/laura/.m2/repository/org/apache/logging/log4j/log4j-to-slf4j/2.13.3/log4j-to-slf4j-2.13.3.jar' 
2022-03-28 00:07:39.988 DEBUG [acme.Launcher@main] Found classpath entry '/C:/Users/laura/.m2/repository/org/apache/logging/log4j/log4j-api/2.13.3/log4j-api-2.13.3.jar' 
2022-03-28 00:07:39.989 DEBUG [acme.Launcher@main] Found classpath entry '/C:/Users/laura/.m2/repository/org/slf4j/jul-to-slf4j/1.7.30/jul-to-slf4j-1.7.30.jar' 
2022-03-28 00:07:39.990 DEBUG [acme.Launcher@main] Found classpath entry '/C:/Users/laura/.m2/repository/org/yaml/snakeyaml/1.27/snakeyaml-1.27.jar' 
2022-03-28 00:07:39.990 DEBUG [acme.Launcher@main] Found classpath entry '/C:/Users/laura/.m2/repository/org/springframework/boot/spring-boot-test/2.4.2/spring-boot-test-2.4.2.jar' 
2022-03-28 00:07:39.990 DEBUG [acme.Launcher@main] Found classpath entry '/C:/Users/laura/.m2/repository/org/springframework/boot/spring-boot-test-autoconfigure/2.4.2/spring-boot-test-autoconfigure-2.4.2.jar' 
2022-03-28 00:07:39.990 DEBUG [acme.Launcher@main] Found classpath entry '/C:/Users/laura/.m2/repository/com/jayway/jsonpath/json-path/2.4.0/json-path-2.4.0.jar' 
2022-03-28 00:07:39.991 DEBUG [acme.Launcher@main] Found classpath entry '/C:/Users/laura/.m2/repository/net/minidev/json-smart/2.3/json-smart-2.3.jar' 
2022-03-28 00:07:39.991 DEBUG [acme.Launcher@main] Found classpath entry '/C:/Users/laura/.m2/repository/net/minidev/accessors-smart/1.2/accessors-smart-1.2.jar' 
2022-03-28 00:07:39.991 DEBUG [acme.Launcher@main] Found classpath entry '/C:/Users/laura/.m2/repository/org/ow2/asm/asm/5.0.4/asm-5.0.4.jar' 
2022-03-28 00:07:39.991 DEBUG [acme.Launcher@main] Found classpath entry '/C:/Users/laura/.m2/repository/jakarta/xml/bind/jakarta.xml.bind-api/2.3.3/jakarta.xml.bind-api-2.3.3.jar' 
2022-03-28 00:07:39.992 DEBUG [acme.Launcher@main] Found classpath entry '/C:/Users/laura/.m2/repository/jakarta/activation/jakarta.activation-api/1.2.2/jakarta.activation-api-1.2.2.jar' 
2022-03-28 00:07:39.992 DEBUG [acme.Launcher@main] Found classpath entry '/C:/Users/laura/.m2/repository/org/assertj/assertj-core/3.18.1/assertj-core-3.18.1.jar' 
2022-03-28 00:07:39.992 DEBUG [acme.Launcher@main] Found classpath entry '/C:/Users/laura/.m2/repository/org/hamcrest/hamcrest/2.2/hamcrest-2.2.jar' 
2022-03-28 00:07:39.993 DEBUG [acme.Launcher@main] Found classpath entry '/C:/Users/laura/.m2/repository/org/junit/jupiter/junit-jupiter/5.7.0/junit-jupiter-5.7.0.jar' 
2022-03-28 00:07:39.993 DEBUG [acme.Launcher@main] Found classpath entry '/C:/Users/laura/.m2/repository/org/mockito/mockito-core/3.6.28/mockito-core-3.6.28.jar' 
2022-03-28 00:07:39.994 DEBUG [acme.Launcher@main] Found classpath entry '/C:/Users/laura/.m2/repository/net/bytebuddy/byte-buddy-agent/1.10.19/byte-buddy-agent-1.10.19.jar' 
2022-03-28 00:07:39.994 DEBUG [acme.Launcher@main] Found classpath entry '/C:/Users/laura/.m2/repository/org/objenesis/objenesis/3.1/objenesis-3.1.jar' 
2022-03-28 00:07:39.994 DEBUG [acme.Launcher@main] Found classpath entry '/C:/Users/laura/.m2/repository/org/mockito/mockito-junit-jupiter/3.6.28/mockito-junit-jupiter-3.6.28.jar' 
2022-03-28 00:07:39.994 DEBUG [acme.Launcher@main] Found classpath entry '/C:/Users/laura/.m2/repository/org/skyscreamer/jsonassert/1.5.0/jsonassert-1.5.0.jar' 
2022-03-28 00:07:39.995 DEBUG [acme.Launcher@main] Found classpath entry '/C:/Users/laura/.m2/repository/com/vaadin/external/google/android-json/0.0.20131108.vaadin1/android-json-0.0.20131108.vaadin1.jar' 
2022-03-28 00:07:39.995 DEBUG [acme.Launcher@main] Found classpath entry '/C:/Users/laura/.m2/repository/org/springframework/spring-core/5.3.3/spring-core-5.3.3.jar' 
2022-03-28 00:07:39.995 DEBUG [acme.Launcher@main] Found classpath entry '/C:/Users/laura/.m2/repository/org/springframework/spring-jcl/5.3.3/spring-jcl-5.3.3.jar' 
2022-03-28 00:07:39.996 DEBUG [acme.Launcher@main] Found classpath entry '/C:/Users/laura/.m2/repository/org/springframework/spring-test/5.3.3/spring-test-5.3.3.jar' 
2022-03-28 00:07:39.996 DEBUG [acme.Launcher@main] Found classpath entry '/C:/Users/laura/.m2/repository/org/xmlunit/xmlunit-core/2.7.0/xmlunit-core-2.7.0.jar' 
2022-03-28 00:07:39.996 DEBUG [acme.Launcher@main] Found classpath entry '/C:/Users/laura/.m2/repository/org/springframework/boot/spring-boot-starter-security/2.4.2/spring-boot-starter-security-2.4.2.jar' 
2022-03-28 00:07:39.996 DEBUG [acme.Launcher@main] Found classpath entry '/C:/Users/laura/.m2/repository/org/springframework/spring-aop/5.3.3/spring-aop-5.3.3.jar' 
2022-03-28 00:07:39.997 DEBUG [acme.Launcher@main] Found classpath entry '/C:/Users/laura/.m2/repository/org/springframework/security/spring-security-web/5.4.2/spring-security-web-5.4.2.jar' 
2022-03-28 00:07:39.997 DEBUG [acme.Launcher@main] Found classpath entry '/C:/Users/laura/.m2/repository/org/springframework/security/spring-security-core/5.4.2/spring-security-core-5.4.2.jar' 
2022-03-28 00:07:39.998 DEBUG [acme.Launcher@main] Found classpath entry '/C:/Users/laura/.m2/repository/org/springframework/spring-beans/5.3.3/spring-beans-5.3.3.jar' 
2022-03-28 00:07:39.998 DEBUG [acme.Launcher@main] Found classpath entry '/C:/Users/laura/.m2/repository/org/springframework/spring-context/5.3.3/spring-context-5.3.3.jar' 
2022-03-28 00:07:39.998 DEBUG [acme.Launcher@main] Found classpath entry '/C:/Users/laura/.m2/repository/org/springframework/spring-expression/5.3.3/spring-expression-5.3.3.jar' 
2022-03-28 00:07:39.998 DEBUG [acme.Launcher@main] Found classpath entry '/C:/Users/laura/.m2/repository/org/springframework/spring-web/5.3.3/spring-web-5.3.3.jar' 
2022-03-28 00:07:39.999 DEBUG [acme.Launcher@main] Found classpath entry '/C:/Users/laura/.m2/repository/org/springframework/security/spring-security-config/5.4.2/spring-security-config-5.4.2.jar' 
2022-03-28 00:07:39.999 DEBUG [acme.Launcher@main] Found classpath entry '/C:/Users/laura/.m2/repository/org/springframework/security/spring-security-taglibs/5.4.2/spring-security-taglibs-5.4.2.jar' 
2022-03-28 00:07:40 DEBUG [acme.Launcher@main] Found classpath entry '/C:/Users/laura/.m2/repository/org/springframework/security/spring-security-acl/5.4.2/spring-security-acl-5.4.2.jar' 
2022-03-28 00:07:40 DEBUG [acme.Launcher@main] Found classpath entry '/C:/Users/laura/.m2/repository/org/springframework/spring-jdbc/5.3.3/spring-jdbc-5.3.3.jar' 
2022-03-28 00:07:40.001 DEBUG [acme.Launcher@main] Found classpath entry '/C:/Users/laura/.m2/repository/org/springframework/spring-tx/5.3.3/spring-tx-5.3.3.jar' 
2022-03-28 00:07:40.001 DEBUG [acme.Launcher@main] Found classpath entry '/C:/Users/laura/.m2/repository/org/springframework/boot/spring-boot-starter-web/2.4.2/spring-boot-starter-web-2.4.2.jar' 
2022-03-28 00:07:40.002 DEBUG [acme.Launcher@main] Found classpath entry '/C:/Users/laura/.m2/repository/org/springframework/boot/spring-boot-starter-json/2.4.2/spring-boot-starter-json-2.4.2.jar' 
2022-03-28 00:07:40.002 DEBUG [acme.Launcher@main] Found classpath entry '/C:/Users/laura/.m2/repository/com/fasterxml/jackson/core/jackson-databind/2.11.4/jackson-databind-2.11.4.jar' 
2022-03-28 00:07:40.003 DEBUG [acme.Launcher@main] Found classpath entry '/C:/Users/laura/.m2/repository/com/fasterxml/jackson/core/jackson-annotations/2.11.4/jackson-annotations-2.11.4.jar' 
2022-03-28 00:07:40.003 DEBUG [acme.Launcher@main] Found classpath entry '/C:/Users/laura/.m2/repository/com/fasterxml/jackson/core/jackson-core/2.11.4/jackson-core-2.11.4.jar' 
2022-03-28 00:07:40.003 DEBUG [acme.Launcher@main] Found classpath entry '/C:/Users/laura/.m2/repository/com/fasterxml/jackson/datatype/jackson-datatype-jdk8/2.11.4/jackson-datatype-jdk8-2.11.4.jar' 
2022-03-28 00:07:40.003 DEBUG [acme.Launcher@main] Found classpath entry '/C:/Users/laura/.m2/repository/com/fasterxml/jackson/datatype/jackson-datatype-jsr310/2.11.4/jackson-datatype-jsr310-2.11.4.jar' 
2022-03-28 00:07:40.003 DEBUG [acme.Launcher@main] Found classpath entry '/C:/Users/laura/.m2/repository/com/fasterxml/jackson/module/jackson-module-parameter-names/2.11.4/jackson-module-parameter-names-2.11.4.jar' 
2022-03-28 00:07:40.004 DEBUG [acme.Launcher@main] Found classpath entry '/C:/Users/laura/.m2/repository/org/springframework/spring-webmvc/5.3.3/spring-webmvc-5.3.3.jar' 
2022-03-28 00:07:40.004 DEBUG [acme.Launcher@main] Found classpath entry '/C:/Users/laura/.m2/repository/org/apache/tiles/tiles-jsp/3.0.8/tiles-jsp-3.0.8.jar' 
2022-03-28 00:07:40.004 DEBUG [acme.Launcher@main] Found classpath entry '/C:/Users/laura/.m2/repository/org/apache/tiles/tiles-servlet/3.0.8/tiles-servlet-3.0.8.jar' 
2022-03-28 00:07:40.004 DEBUG [acme.Launcher@main] Found classpath entry '/C:/Users/laura/.m2/repository/org/apache/tiles/tiles-core/3.0.8/tiles-core-3.0.8.jar' 
2022-03-28 00:07:40.004 DEBUG [acme.Launcher@main] Found classpath entry '/C:/Users/laura/.m2/repository/commons-digester/commons-digester/2.0/commons-digester-2.0.jar' 
2022-03-28 00:07:40.004 DEBUG [acme.Launcher@main] Found classpath entry '/C:/Users/laura/.m2/repository/org/slf4j/jcl-over-slf4j/1.7.30/jcl-over-slf4j-1.7.30.jar' 
2022-03-28 00:07:40.005 DEBUG [acme.Launcher@main] Found classpath entry '/C:/Users/laura/.m2/repository/org/apache/tiles/tiles-request-servlet/1.0.7/tiles-request-servlet-1.0.7.jar' 
2022-03-28 00:07:40.005 DEBUG [acme.Launcher@main] Found classpath entry '/C:/Users/laura/.m2/repository/org/apache/tiles/tiles-template/3.0.8/tiles-template-3.0.8.jar' 
2022-03-28 00:07:40.006 DEBUG [acme.Launcher@main] Found classpath entry '/C:/Users/laura/.m2/repository/org/apache/tiles/tiles-api/3.0.8/tiles-api-3.0.8.jar' 
2022-03-28 00:07:40.006 DEBUG [acme.Launcher@main] Found classpath entry '/C:/Users/laura/.m2/repository/org/apache/tiles/tiles-autotag-core-runtime/1.2/tiles-autotag-core-runtime-1.2.jar' 
2022-03-28 00:07:40.006 DEBUG [acme.Launcher@main] Found classpath entry '/C:/Users/laura/.m2/repository/org/slf4j/slf4j-api/1.7.30/slf4j-api-1.7.30.jar' 
2022-03-28 00:07:40.007 DEBUG [acme.Launcher@main] Found classpath entry '/C:/Users/laura/.m2/repository/org/apache/tiles/tiles-request-jsp/1.0.7/tiles-request-jsp-1.0.7.jar' 
2022-03-28 00:07:40.007 DEBUG [acme.Launcher@main] Found classpath entry '/C:/Users/laura/.m2/repository/org/apache/tiles/tiles-request-api/1.0.7/tiles-request-api-1.0.7.jar' 
2022-03-28 00:07:40.007 DEBUG [acme.Launcher@main] Found classpath entry '/C:/Users/laura/.m2/repository/org/springframework/boot/spring-boot-starter-data-jpa/2.4.2/spring-boot-starter-data-jpa-2.4.2.jar' 
2022-03-28 00:07:40.008 DEBUG [acme.Launcher@main] Found classpath entry '/C:/Users/laura/.m2/repository/org/springframework/boot/spring-boot-starter-aop/2.4.2/spring-boot-starter-aop-2.4.2.jar' 
2022-03-28 00:07:40.008 DEBUG [acme.Launcher@main] Found classpath entry '/C:/Users/laura/.m2/repository/org/aspectj/aspectjweaver/1.9.6/aspectjweaver-1.9.6.jar' 
2022-03-28 00:07:40.010 DEBUG [acme.Launcher@main] Found classpath entry '/C:/Users/laura/.m2/repository/org/springframework/boot/spring-boot-starter-jdbc/2.4.2/spring-boot-starter-jdbc-2.4.2.jar' 
2022-03-28 00:07:40.010 DEBUG [acme.Launcher@main] Found classpath entry '/C:/Users/laura/.m2/repository/jakarta/transaction/jakarta.transaction-api/1.3.3/jakarta.transaction-api-1.3.3.jar' 
2022-03-28 00:07:40.010 DEBUG [acme.Launcher@main] Found classpath entry '/C:/Users/laura/.m2/repository/jakarta/persistence/jakarta.persistence-api/2.2.3/jakarta.persistence-api-2.2.3.jar' 
2022-03-28 00:07:40.010 DEBUG [acme.Launcher@main] Found classpath entry '/C:/Users/laura/.m2/repository/org/hibernate/hibernate-core/5.4.27.Final/hibernate-core-5.4.27.Final.jar' 
2022-03-28 00:07:40.010 DEBUG [acme.Launcher@main] Found classpath entry '/C:/Users/laura/.m2/repository/org/jboss/logging/jboss-logging/3.4.1.Final/jboss-logging-3.4.1.Final.jar' 
2022-03-28 00:07:40.011 DEBUG [acme.Launcher@main] Found classpath entry '/C:/Users/laura/.m2/repository/org/javassist/javassist/3.27.0-GA/javassist-3.27.0-GA.jar' 
2022-03-28 00:07:40.011 DEBUG [acme.Launcher@main] Found classpath entry '/C:/Users/laura/.m2/repository/antlr/antlr/2.7.7/antlr-2.7.7.jar' 
2022-03-28 00:07:40.011 DEBUG [acme.Launcher@main] Found classpath entry '/C:/Users/laura/.m2/repository/org/jboss/jandex/2.1.3.Final/jandex-2.1.3.Final.jar' 
2022-03-28 00:07:40.011 DEBUG [acme.Launcher@main] Found classpath entry '/C:/Users/laura/.m2/repository/com/fasterxml/classmate/1.5.1/classmate-1.5.1.jar' 
2022-03-28 00:07:40.012 DEBUG [acme.Launcher@main] Found classpath entry '/C:/Users/laura/.m2/repository/org/dom4j/dom4j/2.1.3/dom4j-2.1.3.jar' 
2022-03-28 00:07:40.012 DEBUG [acme.Launcher@main] Found classpath entry '/C:/Users/laura/.m2/repository/org/hibernate/common/hibernate-commons-annotations/5.1.2.Final/hibernate-commons-annotations-5.1.2.Final.jar' 
2022-03-28 00:07:40.012 DEBUG [acme.Launcher@main] Found classpath entry '/C:/Users/laura/.m2/repository/org/glassfish/jaxb/jaxb-runtime/2.3.3/jaxb-runtime-2.3.3.jar' 
2022-03-28 00:07:40.012 DEBUG [acme.Launcher@main] Found classpath entry '/C:/Users/laura/.m2/repository/org/glassfish/jaxb/txw2/2.3.3/txw2-2.3.3.jar' 
2022-03-28 00:07:40.012 DEBUG [acme.Launcher@main] Found classpath entry '/C:/Users/laura/.m2/repository/com/sun/istack/istack-commons-runtime/3.0.11/istack-commons-runtime-3.0.11.jar' 
2022-03-28 00:07:40.012 DEBUG [acme.Launcher@main] Found classpath entry '/C:/Users/laura/.m2/repository/com/sun/activation/jakarta.activation/1.2.2/jakarta.activation-1.2.2.jar' 
2022-03-28 00:07:40.013 DEBUG [acme.Launcher@main] Found classpath entry '/C:/Users/laura/.m2/repository/org/springframework/data/spring-data-jpa/2.4.3/spring-data-jpa-2.4.3.jar' 
2022-03-28 00:07:40.013 DEBUG [acme.Launcher@main] Found classpath entry '/C:/Users/laura/.m2/repository/org/springframework/data/spring-data-commons/2.4.3/spring-data-commons-2.4.3.jar' 
2022-03-28 00:07:40.013 DEBUG [acme.Launcher@main] Found classpath entry '/C:/Users/laura/.m2/repository/org/springframework/spring-orm/5.3.3/spring-orm-5.3.3.jar' 
2022-03-28 00:07:40.013 DEBUG [acme.Launcher@main] Found classpath entry '/C:/Users/laura/.m2/repository/org/springframework/spring-aspects/5.3.3/spring-aspects-5.3.3.jar' 
2022-03-28 00:07:40.013 DEBUG [acme.Launcher@main] Found classpath entry '/C:/Users/laura/.m2/repository/org/springframework/boot/spring-boot-starter-validation/2.4.2/spring-boot-starter-validation-2.4.2.jar' 
2022-03-28 00:07:40.013 DEBUG [acme.Launcher@main] Found classpath entry '/C:/Users/laura/.m2/repository/org/hibernate/validator/hibernate-validator/6.1.7.Final/hibernate-validator-6.1.7.Final.jar' 
2022-03-28 00:07:40.014 DEBUG [acme.Launcher@main] Found classpath entry '/C:/Users/laura/.m2/repository/jakarta/validation/jakarta.validation-api/2.0.2/jakarta.validation-api-2.0.2.jar' 
2022-03-28 00:07:40.014 DEBUG [acme.Launcher@main] Found classpath entry '/C:/Users/laura/.m2/repository/mysql/mysql-connector-java/8.0.22/mysql-connector-java-8.0.22.jar' 
2022-03-28 00:07:40.015 DEBUG [acme.Launcher@main] Found classpath entry '/C:/Users/laura/.m2/repository/com/zaxxer/HikariCP/3.4.5/HikariCP-3.4.5.jar' 
2022-03-28 00:07:40.015 DEBUG [acme.Launcher@main] Found classpath entry '/C:/Users/laura/.m2/repository/org/junit/jupiter/junit-jupiter-engine/5.7.0/junit-jupiter-engine-5.7.0.jar' 
2022-03-28 00:07:40.016 DEBUG [acme.Launcher@main] Found classpath entry '/C:/Users/laura/.m2/repository/org/apiguardian/apiguardian-api/1.1.0/apiguardian-api-1.1.0.jar' 
2022-03-28 00:07:40.017 DEBUG [acme.Launcher@main] Found classpath entry '/C:/Users/laura/.m2/repository/org/junit/platform/junit-platform-engine/1.7.0/junit-platform-engine-1.7.0.jar' 
2022-03-28 00:07:40.017 DEBUG [acme.Launcher@main] Found classpath entry '/C:/Users/laura/.m2/repository/org/junit/jupiter/junit-jupiter-api/5.7.0/junit-jupiter-api-5.7.0.jar' 
2022-03-28 00:07:40.017 DEBUG [acme.Launcher@main] Found classpath entry '/C:/Users/laura/.m2/repository/org/opentest4j/opentest4j/1.2.0/opentest4j-1.2.0.jar' 
2022-03-28 00:07:40.017 DEBUG [acme.Launcher@main] Found classpath entry '/C:/Users/laura/.m2/repository/org/junit/platform/junit-platform-commons/1.7.0/junit-platform-commons-1.7.0.jar' 
2022-03-28 00:07:40.017 DEBUG [acme.Launcher@main] Found classpath entry '/C:/Users/laura/.m2/repository/org/junit/jupiter/junit-jupiter-params/5.7.0/junit-jupiter-params-5.7.0.jar' 
2022-03-28 00:07:40.017 DEBUG [acme.Launcher@main] Found classpath entry '/C:/Users/laura/.m2/repository/org/junit/platform/junit-platform-launcher/1.7.0/junit-platform-launcher-1.7.0.jar' 
2022-03-28 00:07:40.018 DEBUG [acme.Launcher@main] Found classpath entry '/C:/Users/laura/.m2/repository/org/seleniumhq/selenium/selenium-java/3.141.59/selenium-java-3.141.59.jar' 
2022-03-28 00:07:40.018 DEBUG [acme.Launcher@main] Found classpath entry '/C:/Users/laura/.m2/repository/org/seleniumhq/selenium/selenium-api/3.141.59/selenium-api-3.141.59.jar' 
2022-03-28 00:07:40.018 DEBUG [acme.Launcher@main] Found classpath entry '/C:/Users/laura/.m2/repository/org/seleniumhq/selenium/selenium-chrome-driver/3.141.59/selenium-chrome-driver-3.141.59.jar' 
2022-03-28 00:07:40.018 DEBUG [acme.Launcher@main] Found classpath entry '/C:/Users/laura/.m2/repository/org/seleniumhq/selenium/selenium-edge-driver/3.141.59/selenium-edge-driver-3.141.59.jar' 
2022-03-28 00:07:40.019 DEBUG [acme.Launcher@main] Found classpath entry '/C:/Users/laura/.m2/repository/org/seleniumhq/selenium/selenium-firefox-driver/3.141.59/selenium-firefox-driver-3.141.59.jar' 
2022-03-28 00:07:40.019 DEBUG [acme.Launcher@main] Found classpath entry '/C:/Users/laura/.m2/repository/org/seleniumhq/selenium/selenium-ie-driver/3.141.59/selenium-ie-driver-3.141.59.jar' 
2022-03-28 00:07:40.019 DEBUG [acme.Launcher@main] Found classpath entry '/C:/Users/laura/.m2/repository/org/seleniumhq/selenium/selenium-opera-driver/3.141.59/selenium-opera-driver-3.141.59.jar' 
2022-03-28 00:07:40.019 DEBUG [acme.Launcher@main] Found classpath entry '/C:/Users/laura/.m2/repository/org/seleniumhq/selenium/selenium-remote-driver/3.141.59/selenium-remote-driver-3.141.59.jar' 
2022-03-28 00:07:40.019 DEBUG [acme.Launcher@main] Found classpath entry '/C:/Users/laura/.m2/repository/org/seleniumhq/selenium/selenium-safari-driver/3.141.59/selenium-safari-driver-3.141.59.jar' 
2022-03-28 00:07:40.019 DEBUG [acme.Launcher@main] Found classpath entry '/C:/Users/laura/.m2/repository/org/seleniumhq/selenium/selenium-support/3.141.59/selenium-support-3.141.59.jar' 
2022-03-28 00:07:40.019 DEBUG [acme.Launcher@main] Found classpath entry '/C:/Users/laura/.m2/repository/net/bytebuddy/byte-buddy/1.10.19/byte-buddy-1.10.19.jar' 
2022-03-28 00:07:40.019 DEBUG [acme.Launcher@main] Found classpath entry '/C:/Users/laura/.m2/repository/org/apache/commons/commons-exec/1.3/commons-exec-1.3.jar' 
2022-03-28 00:07:40.019 DEBUG [acme.Launcher@main] Found classpath entry '/C:/Users/laura/.m2/repository/com/google/guava/guava/25.0-jre/guava-25.0-jre.jar' 
2022-03-28 00:07:40.020 DEBUG [acme.Launcher@main] Found classpath entry '/C:/Users/laura/.m2/repository/com/google/code/findbugs/jsr305/1.3.9/jsr305-1.3.9.jar' 
2022-03-28 00:07:40.020 DEBUG [acme.Launcher@main] Found classpath entry '/C:/Users/laura/.m2/repository/org/checkerframework/checker-compat-qual/2.0.0/checker-compat-qual-2.0.0.jar' 
2022-03-28 00:07:40.020 DEBUG [acme.Launcher@main] Found classpath entry '/C:/Users/laura/.m2/repository/com/google/errorprone/error_prone_annotations/2.1.3/error_prone_annotations-2.1.3.jar' 
2022-03-28 00:07:40.020 DEBUG [acme.Launcher@main] Found classpath entry '/C:/Users/laura/.m2/repository/com/google/j2objc/j2objc-annotations/1.1/j2objc-annotations-1.1.jar' 
2022-03-28 00:07:40.020 DEBUG [acme.Launcher@main] Found classpath entry '/C:/Users/laura/.m2/repository/org/codehaus/mojo/animal-sniffer-annotations/1.14/animal-sniffer-annotations-1.14.jar' 
2022-03-28 00:07:40.021 DEBUG [acme.Launcher@main] Found classpath entry '/C:/Users/laura/.m2/repository/com/squareup/okhttp3/okhttp/3.14.9/okhttp-3.14.9.jar' 
2022-03-28 00:07:40.021 DEBUG [acme.Launcher@main] Found classpath entry '/C:/Users/laura/.m2/repository/com/squareup/okio/okio/1.14.0/okio-1.14.0.jar' 
2022-03-28 00:07:40.021 DEBUG [acme.Launcher@main] Found classpath entry '/C:/Users/laura/.m2/repository/org/apache/commons/commons-lang3/3.11/commons-lang3-3.11.jar' 
2022-03-28 00:07:40.021 DEBUG [acme.Launcher@main] Found classpath entry '/C:/Users/laura/.m2/repository/org/apache/commons/commons-text/1.8/commons-text-1.8.jar' 
2022-03-28 00:07:40.021 DEBUG [acme.Launcher@main] Found classpath entry '/C:/Users/laura/.m2/repository/commons-io/commons-io/2.6/commons-io-2.6.jar' 
2022-03-28 00:07:40.022 DEBUG [acme.Launcher@main] Found classpath entry '/C:/Users/laura/.m2/repository/commons-cli/commons-cli/1.4/commons-cli-1.4.jar' 
2022-03-28 00:07:40.022 DEBUG [acme.Launcher@main] Found classpath entry '/C:/Users/laura/.m2/repository/org/projectlombok/lombok/1.18.16/lombok-1.18.16.jar' 
2022-03-28 00:07:40.022 DEBUG [acme.Launcher@main] Found classpath entry '/C:/Users/laura/.m2/repository/com/opencsv/opencsv/5.4/opencsv-5.4.jar' 
2022-03-28 00:07:40.022 DEBUG [acme.Launcher@main] Found classpath entry '/C:/Users/laura/.m2/repository/commons-beanutils/commons-beanutils/1.9.4/commons-beanutils-1.9.4.jar' 
2022-03-28 00:07:40.022 DEBUG [acme.Launcher@main] Found classpath entry '/C:/Users/laura/.m2/repository/commons-logging/commons-logging/1.2/commons-logging-1.2.jar' 
2022-03-28 00:07:40.022 DEBUG [acme.Launcher@main] Found classpath entry '/C:/Users/laura/.m2/repository/commons-collections/commons-collections/3.2.2/commons-collections-3.2.2.jar' 
2022-03-28 00:07:40.023 DEBUG [acme.Launcher@main] Found classpath entry '/C:/Users/laura/.m2/repository/org/apache/commons/commons-collections4/4.4/commons-collections4-4.4.jar' 
2022-03-28 00:07:40.023 DEBUG [acme.Launcher@main] Found classpath entry '/C:/Users/laura/Downloads/Workspace-22.0/Tools/IDEs/eclipse-jee-2021-12-R/configuration/org.eclipse.osgi/418/0/.cp/lib/javaagent-shaded.jar' 
2022-03-28 00:07:40.104 DEBUG [acme.Launcher@main] Found entity class 'acme.entities.Configuration 
2022-03-28 00:07:40.104 DEBUG [acme.Launcher@main] Found entity class 'acme.entities.announcements.Announcement 
2022-03-28 00:07:40.104 DEBUG [acme.Launcher@main] Found entity class 'acme.entities.chirps.Chirp 
2022-03-28 00:07:40.104 DEBUG [acme.Launcher@main] Found entity class 'acme.entities.items.Item 
2022-03-28 00:07:40.104 DEBUG [acme.Launcher@main] Found entity class 'acme.entities.patronages.Patronage 
2022-03-28 00:07:40.105 DEBUG [acme.Launcher@main] Found entity class 'acme.entities.patronages.PatronageReport 
2022-03-28 00:07:40.105 DEBUG [acme.Launcher@main] Found entity class 'acme.entities.quantities.Quantity 
2022-03-28 00:07:40.105 DEBUG [acme.Launcher@main] Found entity class 'acme.entities.toolkits.Toolkit 
2022-03-28 00:07:40.105 DEBUG [acme.Launcher@main] Found entity class 'acme.roles.Consumer 
2022-03-28 00:07:40.105 DEBUG [acme.Launcher@main] Found entity class 'acme.roles.Inventor 
2022-03-28 00:07:40.105 DEBUG [acme.Launcher@main] Found entity class 'acme.roles.Patron 
2022-03-28 00:07:40.105 DEBUG [acme.Launcher@main] Found entity class 'acme.roles.Provider 
2022-03-28 00:07:40.105 DEBUG [acme.Launcher@main] Found entity class 'acme.framework.entities.UserAccount 
2022-03-28 00:07:40.105 DEBUG [acme.Launcher@main] Found entity class 'acme.framework.roles.Administrator 
2022-03-28 00:07:40.105 DEBUG [acme.Launcher@main] Found entity class 'acme.framework.roles.Anonymous 
2022-03-28 00:07:40.105 DEBUG [acme.Launcher@main] Found entity class 'acme.framework.roles.Authenticated 
2022-03-28 00:07:40.114 INFO  [acme.Launcher@main] Running application (Standalone) 
2022-03-28 00:07:59.151 DEBUG [acme.framework.components.tiles.DynamicTilesView@http-nio-8080-exec-3] View name 'fragments/welcome', model {} 
2022-03-28 00:07:59.178 DEBUG [org.apache.tiles.definition.dao.BaseLocaleUrlDefinitionDAO@http-nio-8080-exec-3] File Resource file:/C:/Users/laura/Downloads/Workspace-22.0/Projects/Acme-Toolkits/target/classes/WEB-INF/views/master/tiles_en.xml at file:/C:/Users/laura/Downloads/Workspace-22.0/Projects/Acme-Toolkits/target/classes/WEB-INF/views/master/tiles_en.xml not found, continue 
2022-03-28 00:07:59.190 DEBUG [org.apache.jasper.servlet.JspServlet@http-nio-8080-exec-3] JspEngine --> /WEB-INF/views/master/page.jsp 
2022-03-28 00:07:59.191 DEBUG [org.apache.jasper.servlet.JspServlet@http-nio-8080-exec-3] ServletPath: /WEB-INF/views/master/page.jsp 
2022-03-28 00:07:59.192 DEBUG [org.apache.jasper.servlet.JspServlet@http-nio-8080-exec-3] PathInfo: null 
2022-03-28 00:07:59.195 DEBUG [org.apache.jasper.servlet.JspServlet@http-nio-8080-exec-3] RealPath: C:\Users\laura\Downloads\Workspace-22.0\Projects\Acme-Toolkits\target\classes\WEB-INF\views\master\page.jsp 
2022-03-28 00:07:59.196 DEBUG [org.apache.jasper.servlet.JspServlet@http-nio-8080-exec-3] RequestURI: /acme-toolkits-1.0/WEB-INF/views/master/page.jsp 
2022-03-28 00:07:59.196 DEBUG [org.apache.jasper.servlet.JspServlet@http-nio-8080-exec-3] QueryString: null 
2022-03-28 00:08:04.154 DEBUG [acme.framework.configuration.ExtendedMessageSource@http-nio-8080-exec-3] Loading properties [C:\Users\laura\Downloads\Workspace-22.0\Projects\Acme-Toolkits\target\classes\WEB-INF\views\administrator\chirp\messages-en.i18n] with encoding 'utf-8' 
2022-03-28 00:08:04.155 DEBUG [acme.framework.configuration.ExtendedMessageSource@http-nio-8080-exec-3] Loading properties [C:\Users\laura\Downloads\Workspace-22.0\Projects\Acme-Toolkits\target\classes\WEB-INF\views\administrator\configuration\messages-en.i18n] with encoding 'utf-8' 
2022-03-28 00:08:04.156 DEBUG [acme.framework.configuration.ExtendedMessageSource@http-nio-8080-exec-3] Loading properties [C:\Users\laura\Downloads\Workspace-22.0\Projects\Acme-Toolkits\target\classes\WEB-INF\views\administrator\user-account\messages-en.i18n] with encoding 'utf-8' 
2022-03-28 00:08:04.159 DEBUG [acme.framework.configuration.ExtendedMessageSource@http-nio-8080-exec-3] Loading properties [C:\Users\laura\Downloads\Workspace-22.0\Projects\Acme-Toolkits\target\classes\WEB-INF\views\anonymous\chirp\messages-en.i18n] with encoding 'utf-8' 
2022-03-28 00:08:04.161 DEBUG [acme.framework.configuration.ExtendedMessageSource@http-nio-8080-exec-3] Loading properties [C:\Users\laura\Downloads\Workspace-22.0\Projects\Acme-Toolkits\target\classes\WEB-INF\views\anonymous\user-account\messages-en.i18n] with encoding 'utf-8' 
2022-03-28 00:08:04.162 DEBUG [acme.framework.configuration.ExtendedMessageSource@http-nio-8080-exec-3] Loading properties [C:\Users\laura\Downloads\Workspace-22.0\Projects\Acme-Toolkits\target\classes\WEB-INF\views\authenticated\consumer\messsages-en.i18n] with encoding 'utf-8' 
2022-03-28 00:08:04.163 DEBUG [acme.framework.configuration.ExtendedMessageSource@http-nio-8080-exec-3] Loading properties [C:\Users\laura\Downloads\Workspace-22.0\Projects\Acme-Toolkits\target\classes\WEB-INF\views\authenticated\provider\messsages-en.i18n] with encoding 'utf-8' 
2022-03-28 00:08:04.164 DEBUG [acme.framework.configuration.ExtendedMessageSource@http-nio-8080-exec-3] Loading properties [C:\Users\laura\Downloads\Workspace-22.0\Projects\Acme-Toolkits\target\classes\WEB-INF\views\authenticated\user-account\messages-en.i18n] with encoding 'utf-8' 
2022-03-28 00:08:04.165 DEBUG [acme.framework.configuration.ExtendedMessageSource@http-nio-8080-exec-3] Loading properties [C:\Users\laura\Downloads\Workspace-22.0\Projects\Acme-Toolkits\target\classes\WEB-INF\views\fragments\banner-en.i18n] with encoding 'utf-8' 
2022-03-28 00:08:04.165 DEBUG [acme.framework.configuration.ExtendedMessageSource@http-nio-8080-exec-3] Loading properties [C:\Users\laura\Downloads\Workspace-22.0\Projects\Acme-Toolkits\target\classes\WEB-INF\views\fragments\company-en.i18n] with encoding 'utf-8' 
2022-03-28 00:08:04.166 DEBUG [acme.framework.configuration.ExtendedMessageSource@http-nio-8080-exec-3] Loading properties [C:\Users\laura\Downloads\Workspace-22.0\Projects\Acme-Toolkits\target\classes\WEB-INF\views\fragments\footer-en.i18n] with encoding 'utf-8' 
2022-03-28 00:08:04.167 DEBUG [acme.framework.configuration.ExtendedMessageSource@http-nio-8080-exec-3] Loading properties [C:\Users\laura\Downloads\Workspace-22.0\Projects\Acme-Toolkits\target\classes\WEB-INF\views\fragments\license-en.i18n] with encoding 'utf-8' 
2022-03-28 00:08:04.167 DEBUG [acme.framework.configuration.ExtendedMessageSource@http-nio-8080-exec-3] Loading properties [C:\Users\laura\Downloads\Workspace-22.0\Projects\Acme-Toolkits\target\classes\WEB-INF\views\fragments\menu-en.i18n] with encoding 'utf-8' 
2022-03-28 00:08:04.168 DEBUG [acme.framework.configuration.ExtendedMessageSource@http-nio-8080-exec-3] Loading properties [C:\Users\laura\Downloads\Workspace-22.0\Projects\Acme-Toolkits\target\classes\WEB-INF\views\fragments\messsages-en.i18n] with encoding 'utf-8' 
2022-03-28 00:08:04.169 DEBUG [acme.framework.configuration.ExtendedMessageSource@http-nio-8080-exec-3] Loading properties [C:\Users\laura\Downloads\Workspace-22.0\Projects\Acme-Toolkits\target\classes\WEB-INF\views\fragments\title-en.i18n] with encoding 'utf-8' 
2022-03-28 00:08:04.170 DEBUG [acme.framework.configuration.ExtendedMessageSource@http-nio-8080-exec-3] Loading properties [C:\Users\laura\Downloads\Workspace-22.0\Projects\Acme-Toolkits\target\classes\WEB-INF\views\fragments\welcome-en.i18n] with encoding 'utf-8' 
2022-03-28 00:08:04.171 DEBUG [acme.framework.configuration.ExtendedMessageSource@http-nio-8080-exec-3] Loading properties [C:\Users\laura\Downloads\Workspace-22.0\Projects\Acme-Toolkits\target\classes\WEB-INF\views\master\defaults-en.i18n] with encoding 'utf-8' 
2022-03-28 00:08:04.172 DEBUG [acme.framework.configuration.ExtendedMessageSource@http-nio-8080-exec-3] Loading properties [C:\Users\laura\Downloads\Workspace-22.0\Projects\Acme-Toolkits\target\classes\WEB-INF\views\master\master-en.i18n] with encoding 'utf-8' 
2022-03-28 00:08:04.173 DEBUG [acme.framework.configuration.ExtendedMessageSource@http-nio-8080-exec-3] Loading properties [C:\Users\laura\Downloads\Workspace-22.0\Projects\Acme-Toolkits\target\classes\WEB-INF\views\master\throwables-en.i18n] with encoding 'utf-8' 
2022-03-28 00:08:04.174 DEBUG [acme.framework.configuration.ExtendedMessageSource@http-nio-8080-exec-3] Loading properties [C:\Users\laura\Downloads\Workspace-22.0\Projects\Acme-Toolkits\target\classes\WEB-INF\views\master\validation-en.i18n] with encoding 'utf-8' 
2022-03-28 00:08:04.467 DEBUG [org.apache.jasper.servlet.JspServlet@http-nio-8080-exec-3] JspEngine --> /WEB-INF/views/fragments/welcome.jsp 
2022-03-28 00:08:04.468 DEBUG [org.apache.jasper.servlet.JspServlet@http-nio-8080-exec-3] ServletPath: /WEB-INF/views/master/page.jsp 
2022-03-28 00:08:04.469 DEBUG [org.apache.jasper.servlet.JspServlet@http-nio-8080-exec-3] PathInfo: null 
2022-03-28 00:08:04.471 DEBUG [org.apache.jasper.servlet.JspServlet@http-nio-8080-exec-3] RealPath: C:\Users\laura\Downloads\Workspace-22.0\Projects\Acme-Toolkits\target\classes\WEB-INF\views\fragments\welcome.jsp 
2022-03-28 00:08:04.471 DEBUG [org.apache.jasper.servlet.JspServlet@http-nio-8080-exec-3] RequestURI: /acme-toolkits-1.0/WEB-INF/views/master/page.jsp 
2022-03-28 00:08:04.472 DEBUG [org.apache.jasper.servlet.JspServlet@http-nio-8080-exec-3] QueryString: null 
2022-03-28 00:08:04.987 DEBUG [org.hibernate.SQL@http-nio-8080-exec-3] select useraccoun0_.id as id1_0_, useraccoun0_.version as version2_0_, useraccoun0_.enabled as enabled1_16_, useraccoun0_.identity as identity2_16_, useraccoun0_.password as password3_16_, useraccoun0_.username as username4_16_ from user_account useraccoun0_ where useraccoun0_.username=? 
2022-03-28 00:08:05.033 TRACE [org.hibernate.type.descriptor.sql.BasicBinder@http-nio-8080-exec-3] binding parameter [1] as [VARCHAR] - [anonymous] 
2022-03-28 00:08:05.116 DEBUG [org.hibernate.SQL@http-nio-8080-exec-3] select roles0_.user_account_id as user_acc1_17_0_, roles0_.id as id1_17_0_, roles0_.id as id1_0_1_, roles0_.version as version2_0_1_, roles0_.user_account_id as user_acc1_17_1_, roles0_.company as company1_7_1_, roles0_.sector as sector2_7_1_, roles0_.company as company1_8_1_, roles0_.link as link2_8_1_, roles0_.statement as statemen3_8_1_, roles0_.company as company1_10_1_, roles0_.link as link2_10_1_, roles0_.statement as statemen3_10_1_, roles0_.company as company1_13_1_, roles0_.sector as sector2_13_1_, roles0_.clazz_ as clazz_1_ from ( select id, version, user_account_id, company, sector, null as link, null as statement, 10 as clazz_ from consumer union all select id, version, user_account_id, company, null as sector, link, statement, 11 as clazz_ from inventor union all select id, version, user_account_id, company, null as sector, link, statement, 12 as clazz_ from patron union all select id, version, user_account_id, company, sector, null as link, null as statement, 13 as clazz_ from provider union all select id, version, user_account_id, null as company, null as sector, null as link, null as statement, 15 as clazz_ from administrator union all select id, version, user_account_id, null as company, null as sector, null as link, null as statement, 16 as clazz_ from anonymous union all select id, version, user_account_id, null as company, null as sector, null as link, null as statement, 17 as clazz_ from authenticated ) roles0_ where roles0_.user_account_id=? 
2022-03-28 00:08:05.117 TRACE [org.hibernate.type.descriptor.sql.BasicBinder@http-nio-8080-exec-3] binding parameter [1] as [INTEGER] - [1] 
2022-03-28 00:08:08.815 DEBUG [acme.framework.components.tiles.DynamicTilesView@http-nio-8080-exec-4] View name 'master/sign-in', model {username=, password=, remember=false} 
2022-03-28 00:08:08.816 DEBUG [org.apache.jasper.servlet.JspServlet@http-nio-8080-exec-4] JspEngine --> /WEB-INF/views/master/page.jsp 
2022-03-28 00:08:08.817 DEBUG [org.apache.jasper.servlet.JspServlet@http-nio-8080-exec-4] ServletPath: /WEB-INF/views/master/page.jsp 
2022-03-28 00:08:08.817 DEBUG [org.apache.jasper.servlet.JspServlet@http-nio-8080-exec-4] PathInfo: null 
2022-03-28 00:08:08.818 DEBUG [org.apache.jasper.servlet.JspServlet@http-nio-8080-exec-4] RealPath: C:\Users\laura\Downloads\Workspace-22.0\Projects\Acme-Toolkits\target\classes\WEB-INF\views\master\page.jsp 
2022-03-28 00:08:08.818 DEBUG [org.apache.jasper.servlet.JspServlet@http-nio-8080-exec-4] RequestURI: /acme-toolkits-1.0/WEB-INF/views/master/page.jsp 
2022-03-28 00:08:08.819 DEBUG [org.apache.jasper.servlet.JspServlet@http-nio-8080-exec-4] QueryString: null 
2022-03-28 00:08:08.977 DEBUG [org.apache.jasper.servlet.JspServlet@http-nio-8080-exec-4] JspEngine --> /WEB-INF/views/master/sign-in.jsp 
2022-03-28 00:08:08.978 DEBUG [org.apache.jasper.servlet.JspServlet@http-nio-8080-exec-4] ServletPath: /WEB-INF/views/master/page.jsp 
2022-03-28 00:08:08.978 DEBUG [org.apache.jasper.servlet.JspServlet@http-nio-8080-exec-4] PathInfo: null 
2022-03-28 00:08:08.979 DEBUG [org.apache.jasper.servlet.JspServlet@http-nio-8080-exec-4] RealPath: C:\Users\laura\Downloads\Workspace-22.0\Projects\Acme-Toolkits\target\classes\WEB-INF\views\master\sign-in.jsp 
2022-03-28 00:08:08.979 DEBUG [org.apache.jasper.servlet.JspServlet@http-nio-8080-exec-4] RequestURI: /acme-toolkits-1.0/WEB-INF/views/master/page.jsp 
2022-03-28 00:08:08.980 DEBUG [org.apache.jasper.servlet.JspServlet@http-nio-8080-exec-4] QueryString: null 
2022-03-28 00:08:10.893 DEBUG [org.hibernate.SQL@http-nio-8080-exec-4] select useraccoun0_.id as id1_0_, useraccoun0_.version as version2_0_, useraccoun0_.enabled as enabled1_16_, useraccoun0_.identity as identity2_16_, useraccoun0_.password as password3_16_, useraccoun0_.username as username4_16_ from user_account useraccoun0_ where useraccoun0_.username=? 
2022-03-28 00:08:10.894 TRACE [org.hibernate.type.descriptor.sql.BasicBinder@http-nio-8080-exec-4] binding parameter [1] as [VARCHAR] - [anonymous] 
2022-03-28 00:08:10.896 DEBUG [org.hibernate.SQL@http-nio-8080-exec-4] select roles0_.user_account_id as user_acc1_17_0_, roles0_.id as id1_17_0_, roles0_.id as id1_0_1_, roles0_.version as version2_0_1_, roles0_.user_account_id as user_acc1_17_1_, roles0_.company as company1_7_1_, roles0_.sector as sector2_7_1_, roles0_.company as company1_8_1_, roles0_.link as link2_8_1_, roles0_.statement as statemen3_8_1_, roles0_.company as company1_10_1_, roles0_.link as link2_10_1_, roles0_.statement as statemen3_10_1_, roles0_.company as company1_13_1_, roles0_.sector as sector2_13_1_, roles0_.clazz_ as clazz_1_ from ( select id, version, user_account_id, company, sector, null as link, null as statement, 10 as clazz_ from consumer union all select id, version, user_account_id, company, null as sector, link, statement, 11 as clazz_ from inventor union all select id, version, user_account_id, company, null as sector, link, statement, 12 as clazz_ from patron union all select id, version, user_account_id, company, sector, null as link, null as statement, 13 as clazz_ from provider union all select id, version, user_account_id, null as company, null as sector, null as link, null as statement, 15 as clazz_ from administrator union all select id, version, user_account_id, null as company, null as sector, null as link, null as statement, 16 as clazz_ from anonymous union all select id, version, user_account_id, null as company, null as sector, null as link, null as statement, 17 as clazz_ from authenticated ) roles0_ where roles0_.user_account_id=? 
2022-03-28 00:08:10.897 TRACE [org.hibernate.type.descriptor.sql.BasicBinder@http-nio-8080-exec-4] binding parameter [1] as [INTEGER] - [1] 
2022-03-28 00:08:12.691 DEBUG [org.hibernate.SQL@http-nio-8080-exec-5] select useraccoun0_.id as id1_0_, useraccoun0_.version as version2_0_, useraccoun0_.enabled as enabled1_16_, useraccoun0_.identity as identity2_16_, useraccoun0_.password as password3_16_, useraccoun0_.username as username4_16_ from user_account useraccoun0_ where useraccoun0_.username=? 
2022-03-28 00:08:12.694 TRACE [org.hibernate.type.descriptor.sql.BasicBinder@http-nio-8080-exec-5] binding parameter [1] as [VARCHAR] - [administrator] 
2022-03-28 00:08:12.696 DEBUG [org.hibernate.SQL@http-nio-8080-exec-5] select roles0_.user_account_id as user_acc1_17_0_, roles0_.id as id1_17_0_, roles0_.id as id1_0_1_, roles0_.version as version2_0_1_, roles0_.user_account_id as user_acc1_17_1_, roles0_.company as company1_7_1_, roles0_.sector as sector2_7_1_, roles0_.company as company1_8_1_, roles0_.link as link2_8_1_, roles0_.statement as statemen3_8_1_, roles0_.company as company1_10_1_, roles0_.link as link2_10_1_, roles0_.statement as statemen3_10_1_, roles0_.company as company1_13_1_, roles0_.sector as sector2_13_1_, roles0_.clazz_ as clazz_1_ from ( select id, version, user_account_id, company, sector, null as link, null as statement, 10 as clazz_ from consumer union all select id, version, user_account_id, company, null as sector, link, statement, 11 as clazz_ from inventor union all select id, version, user_account_id, company, null as sector, link, statement, 12 as clazz_ from patron union all select id, version, user_account_id, company, sector, null as link, null as statement, 13 as clazz_ from provider union all select id, version, user_account_id, null as company, null as sector, null as link, null as statement, 15 as clazz_ from administrator union all select id, version, user_account_id, null as company, null as sector, null as link, null as statement, 16 as clazz_ from anonymous union all select id, version, user_account_id, null as company, null as sector, null as link, null as statement, 17 as clazz_ from authenticated ) roles0_ where roles0_.user_account_id=? 
2022-03-28 00:08:12.696 TRACE [org.hibernate.type.descriptor.sql.BasicBinder@http-nio-8080-exec-5] binding parameter [1] as [INTEGER] - [5] 
2022-03-28 00:08:12.720 DEBUG [acme.framework.components.tiles.DynamicTilesView@http-nio-8080-exec-7] View name 'fragments/welcome', model {} 
2022-03-28 00:08:12.723 DEBUG [org.apache.jasper.servlet.JspServlet@http-nio-8080-exec-7] JspEngine --> /WEB-INF/views/master/page.jsp 
2022-03-28 00:08:12.723 DEBUG [org.apache.jasper.servlet.JspServlet@http-nio-8080-exec-7] ServletPath: /WEB-INF/views/master/page.jsp 
2022-03-28 00:08:12.724 DEBUG [org.apache.jasper.servlet.JspServlet@http-nio-8080-exec-7] PathInfo: null 
2022-03-28 00:08:12.725 DEBUG [org.apache.jasper.servlet.JspServlet@http-nio-8080-exec-7] RealPath: C:\Users\laura\Downloads\Workspace-22.0\Projects\Acme-Toolkits\target\classes\WEB-INF\views\master\page.jsp 
2022-03-28 00:08:12.725 DEBUG [org.apache.jasper.servlet.JspServlet@http-nio-8080-exec-7] RequestURI: /acme-toolkits-1.0/WEB-INF/views/master/page.jsp 
2022-03-28 00:08:12.725 DEBUG [org.apache.jasper.servlet.JspServlet@http-nio-8080-exec-7] QueryString: null 
2022-03-28 00:08:12.878 DEBUG [org.apache.jasper.servlet.JspServlet@http-nio-8080-exec-7] JspEngine --> /WEB-INF/views/fragments/welcome.jsp 
2022-03-28 00:08:12.879 DEBUG [org.apache.jasper.servlet.JspServlet@http-nio-8080-exec-7] ServletPath: /WEB-INF/views/master/page.jsp 
2022-03-28 00:08:12.879 DEBUG [org.apache.jasper.servlet.JspServlet@http-nio-8080-exec-7] PathInfo: null 
2022-03-28 00:08:12.881 DEBUG [org.apache.jasper.servlet.JspServlet@http-nio-8080-exec-7] RealPath: C:\Users\laura\Downloads\Workspace-22.0\Projects\Acme-Toolkits\target\classes\WEB-INF\views\fragments\welcome.jsp 
2022-03-28 00:08:12.881 DEBUG [org.apache.jasper.servlet.JspServlet@http-nio-8080-exec-7] RequestURI: /acme-toolkits-1.0/WEB-INF/views/master/page.jsp 
2022-03-28 00:08:12.882 DEBUG [org.apache.jasper.servlet.JspServlet@http-nio-8080-exec-7] QueryString: null 
2022-03-28 00:08:16.998 DEBUG [acme.framework.controllers.AbstractController@http-nio-8080-exec-5] DISPATCHING GET /acme-toolkits-1.0/administrator/chirp/list-recent 
2022-03-28 00:08:16.999 DEBUG [acme.framework.controllers.AbstractController@http-nio-8080-exec-5] Command: list-recent 
2022-03-28 00:08:16.999 DEBUG [acme.framework.controllers.AbstractController@http-nio-8080-exec-5] Model:   {} 
2022-03-28 00:08:17 DEBUG [acme.framework.controllers.AbstractController@http-nio-8080-exec-5] Locale:  en 
2022-03-28 00:08:17.036 DEBUG [org.hibernate.SQL@http-nio-8080-exec-5] select chirp0_.id as id1_0_, chirp0_.version as version2_0_, chirp0_.author as author1_5_, chirp0_.body as body2_5_, chirp0_.creation_moment as creation3_5_, chirp0_.email as email4_5_, chirp0_.title as title5_5_ from chirp chirp0_ where chirp0_.creation_moment>? 
2022-03-28 00:08:17.040 TRACE [org.hibernate.type.descriptor.sql.BasicBinder@http-nio-8080-exec-5] binding parameter [1] as [TIMESTAMP] - [Mon Feb 28 00:08:17 CET 2022] 
2022-03-28 00:08:17.090 DEBUG [acme.framework.controllers.AbstractController@http-nio-8080-exec-5] SERVING GET /acme-toolkits-1.0/administrator/chirp/list-recent 
2022-03-28 00:08:17.090 DEBUG [acme.framework.controllers.AbstractController@http-nio-8080-exec-5] Result: ModelAndView [view="administrator/chirp/list"; model={body[0]=Body 11, body[1]=Body 12, title[1]=Title 12, version[1]=0, list$size=2, author[0]=Author 11, author[1]=Author 12, email[0]=email@11.com, email[1]=email@12.com, version[0]=0, creationMoment[1]=2022-02-28 19:00:00.0, creationMoment[0]=2022-03-19 10:30:00.0, title[0]=Title 11, id[1]=19, id[0]=13, command=list-recent, principal=acme.framework.entities.Principal@68b95e4}] 
2022-03-28 00:08:17.095 DEBUG [acme.framework.components.tiles.DynamicTilesView@http-nio-8080-exec-5] View name 'administrator/chirp/list', model {body[0]=Body 11, body[1]=Body 12, title[1]=Title 12, version[1]=0, list$size=2, author[0]=Author 11, author[1]=Author 12, email[0]=email@11.com, email[1]=email@12.com, version[0]=0, creationMoment[1]=2022-02-28 19:00:00.0, creationMoment[0]=2022-03-19 10:30:00.0, title[0]=Title 11, id[1]=19, id[0]=13, command=list-recent, principal=acme.framework.entities.Principal@68b95e4, org.springframework.validation.BindingResult.principal=org.springframework.validation.BeanPropertyBindingResult: 0 errors} 
2022-03-28 00:08:17.096 DEBUG [org.apache.jasper.servlet.JspServlet@http-nio-8080-exec-5] JspEngine --> /WEB-INF/views/master/page.jsp 
2022-03-28 00:08:17.096 DEBUG [org.apache.jasper.servlet.JspServlet@http-nio-8080-exec-5] ServletPath: /WEB-INF/views/master/page.jsp 
2022-03-28 00:08:17.096 DEBUG [org.apache.jasper.servlet.JspServlet@http-nio-8080-exec-5] PathInfo: null 
2022-03-28 00:08:17.097 DEBUG [org.apache.jasper.servlet.JspServlet@http-nio-8080-exec-5] RealPath: C:\Users\laura\Downloads\Workspace-22.0\Projects\Acme-Toolkits\target\classes\WEB-INF\views\master\page.jsp 
2022-03-28 00:08:17.097 DEBUG [org.apache.jasper.servlet.JspServlet@http-nio-8080-exec-5] RequestURI: /acme-toolkits-1.0/WEB-INF/views/master/page.jsp 
2022-03-28 00:08:17.098 DEBUG [org.apache.jasper.servlet.JspServlet@http-nio-8080-exec-5] QueryString: null 
2022-03-28 00:08:17.278 DEBUG [org.apache.jasper.servlet.JspServlet@http-nio-8080-exec-5] JspEngine --> /WEB-INF/views/administrator/chirp/list.jsp 
2022-03-28 00:08:17.278 DEBUG [org.apache.jasper.servlet.JspServlet@http-nio-8080-exec-5] ServletPath: /WEB-INF/views/master/page.jsp 
2022-03-28 00:08:17.279 DEBUG [org.apache.jasper.servlet.JspServlet@http-nio-8080-exec-5] PathInfo: null 
2022-03-28 00:08:17.280 DEBUG [org.apache.jasper.servlet.JspServlet@http-nio-8080-exec-5] RealPath: C:\Users\laura\Downloads\Workspace-22.0\Projects\Acme-Toolkits\target\classes\WEB-INF\views\administrator\chirp\list.jsp 
2022-03-28 00:08:17.280 DEBUG [org.apache.jasper.servlet.JspServlet@http-nio-8080-exec-5] RequestURI: /acme-toolkits-1.0/WEB-INF/views/master/page.jsp 
2022-03-28 00:08:17.280 DEBUG [org.apache.jasper.servlet.JspServlet@http-nio-8080-exec-5] QueryString: null 
2022-03-28 00:08:23.981 DEBUG [acme.framework.components.tiles.DynamicTilesView@http-nio-8080-exec-1] View name 'fragments/welcome', model {} 
2022-03-28 00:08:23.989 DEBUG [org.apache.tiles.definition.dao.BaseLocaleUrlDefinitionDAO@http-nio-8080-exec-1] File Resource file:/C:/Users/laura/Downloads/Workspace-22.0/Projects/Acme-Toolkits/target/classes/WEB-INF/views/master/tiles_es.xml at file:/C:/Users/laura/Downloads/Workspace-22.0/Projects/Acme-Toolkits/target/classes/WEB-INF/views/master/tiles_es.xml not found, continue 
2022-03-28 00:08:23.989 DEBUG [org.apache.jasper.servlet.JspServlet@http-nio-8080-exec-1] JspEngine --> /WEB-INF/views/master/page.jsp 
2022-03-28 00:08:23.990 DEBUG [org.apache.jasper.servlet.JspServlet@http-nio-8080-exec-1] ServletPath: /WEB-INF/views/master/page.jsp 
2022-03-28 00:08:23.990 DEBUG [org.apache.jasper.servlet.JspServlet@http-nio-8080-exec-1] PathInfo: null 
2022-03-28 00:08:23.991 DEBUG [org.apache.jasper.servlet.JspServlet@http-nio-8080-exec-1] RealPath: C:\Users\laura\Downloads\Workspace-22.0\Projects\Acme-Toolkits\target\classes\WEB-INF\views\master\page.jsp 
2022-03-28 00:08:23.991 DEBUG [org.apache.jasper.servlet.JspServlet@http-nio-8080-exec-1] RequestURI: /acme-toolkits-1.0/WEB-INF/views/master/page.jsp 
2022-03-28 00:08:23.992 DEBUG [org.apache.jasper.servlet.JspServlet@http-nio-8080-exec-1] QueryString: null 
2022-03-28 00:08:24.002 DEBUG [acme.framework.configuration.ExtendedMessageSource@http-nio-8080-exec-1] Loading properties [C:\Users\laura\Downloads\Workspace-22.0\Projects\Acme-Toolkits\target\classes\WEB-INF\views\administrator\chirp\messages-en.i18n] with encoding 'utf-8' 
2022-03-28 00:08:24.003 DEBUG [acme.framework.configuration.ExtendedMessageSource@http-nio-8080-exec-1] Loading properties [C:\Users\laura\Downloads\Workspace-22.0\Projects\Acme-Toolkits\target\classes\WEB-INF\views\administrator\configuration\messages-en.i18n] with encoding 'utf-8' 
2022-03-28 00:08:24.003 DEBUG [acme.framework.configuration.ExtendedMessageSource@http-nio-8080-exec-1] Loading properties [C:\Users\laura\Downloads\Workspace-22.0\Projects\Acme-Toolkits\target\classes\WEB-INF\views\administrator\user-account\messages-en.i18n] with encoding 'utf-8' 
2022-03-28 00:08:24.004 DEBUG [acme.framework.configuration.ExtendedMessageSource@http-nio-8080-exec-1] Loading properties [C:\Users\laura\Downloads\Workspace-22.0\Projects\Acme-Toolkits\target\classes\WEB-INF\views\anonymous\chirp\messages-en.i18n] with encoding 'utf-8' 
2022-03-28 00:08:24.005 DEBUG [acme.framework.configuration.ExtendedMessageSource@http-nio-8080-exec-1] Loading properties [C:\Users\laura\Downloads\Workspace-22.0\Projects\Acme-Toolkits\target\classes\WEB-INF\views\anonymous\user-account\messages-en.i18n] with encoding 'utf-8' 
2022-03-28 00:08:24.006 DEBUG [acme.framework.configuration.ExtendedMessageSource@http-nio-8080-exec-1] Loading properties [C:\Users\laura\Downloads\Workspace-22.0\Projects\Acme-Toolkits\target\classes\WEB-INF\views\authenticated\consumer\messsages-en.i18n] with encoding 'utf-8' 
2022-03-28 00:08:24.007 DEBUG [acme.framework.configuration.ExtendedMessageSource@http-nio-8080-exec-1] Loading properties [C:\Users\laura\Downloads\Workspace-22.0\Projects\Acme-Toolkits\target\classes\WEB-INF\views\authenticated\provider\messsages-en.i18n] with encoding 'utf-8' 
2022-03-28 00:08:24.007 DEBUG [acme.framework.configuration.ExtendedMessageSource@http-nio-8080-exec-1] Loading properties [C:\Users\laura\Downloads\Workspace-22.0\Projects\Acme-Toolkits\target\classes\WEB-INF\views\authenticated\user-account\messages-en.i18n] with encoding 'utf-8' 
2022-03-28 00:08:24.008 DEBUG [acme.framework.configuration.ExtendedMessageSource@http-nio-8080-exec-1] Loading properties [C:\Users\laura\Downloads\Workspace-22.0\Projects\Acme-Toolkits\target\classes\WEB-INF\views\fragments\banner-en.i18n] with encoding 'utf-8' 
2022-03-28 00:08:24.009 DEBUG [acme.framework.configuration.ExtendedMessageSource@http-nio-8080-exec-1] Loading properties [C:\Users\laura\Downloads\Workspace-22.0\Projects\Acme-Toolkits\target\classes\WEB-INF\views\fragments\company-en.i18n] with encoding 'utf-8' 
2022-03-28 00:08:24.009 DEBUG [acme.framework.configuration.ExtendedMessageSource@http-nio-8080-exec-1] Loading properties [C:\Users\laura\Downloads\Workspace-22.0\Projects\Acme-Toolkits\target\classes\WEB-INF\views\fragments\footer-en.i18n] with encoding 'utf-8' 
2022-03-28 00:08:24.010 DEBUG [acme.framework.configuration.ExtendedMessageSource@http-nio-8080-exec-1] Loading properties [C:\Users\laura\Downloads\Workspace-22.0\Projects\Acme-Toolkits\target\classes\WEB-INF\views\fragments\license-en.i18n] with encoding 'utf-8' 
2022-03-28 00:08:24.010 DEBUG [acme.framework.configuration.ExtendedMessageSource@http-nio-8080-exec-1] Loading properties [C:\Users\laura\Downloads\Workspace-22.0\Projects\Acme-Toolkits\target\classes\WEB-INF\views\fragments\menu-en.i18n] with encoding 'utf-8' 
2022-03-28 00:08:24.011 DEBUG [acme.framework.configuration.ExtendedMessageSource@http-nio-8080-exec-1] Loading properties [C:\Users\laura\Downloads\Workspace-22.0\Projects\Acme-Toolkits\target\classes\WEB-INF\views\fragments\messsages-en.i18n] with encoding 'utf-8' 
2022-03-28 00:08:24.012 DEBUG [acme.framework.configuration.ExtendedMessageSource@http-nio-8080-exec-1] Loading properties [C:\Users\laura\Downloads\Workspace-22.0\Projects\Acme-Toolkits\target\classes\WEB-INF\views\fragments\title-en.i18n] with encoding 'utf-8' 
2022-03-28 00:08:24.014 DEBUG [acme.framework.configuration.ExtendedMessageSource@http-nio-8080-exec-1] Loading properties [C:\Users\laura\Downloads\Workspace-22.0\Projects\Acme-Toolkits\target\classes\WEB-INF\views\fragments\welcome-en.i18n] with encoding 'utf-8' 
2022-03-28 00:08:24.015 DEBUG [acme.framework.configuration.ExtendedMessageSource@http-nio-8080-exec-1] Loading properties [C:\Users\laura\Downloads\Workspace-22.0\Projects\Acme-Toolkits\target\classes\WEB-INF\views\master\defaults-en.i18n] with encoding 'utf-8' 
2022-03-28 00:08:24.016 DEBUG [acme.framework.configuration.ExtendedMessageSource@http-nio-8080-exec-1] Loading properties [C:\Users\laura\Downloads\Workspace-22.0\Projects\Acme-Toolkits\target\classes\WEB-INF\views\master\master-en.i18n] with encoding 'utf-8' 
2022-03-28 00:08:24.016 DEBUG [acme.framework.configuration.ExtendedMessageSource@http-nio-8080-exec-1] Loading properties [C:\Users\laura\Downloads\Workspace-22.0\Projects\Acme-Toolkits\target\classes\WEB-INF\views\master\throwables-en.i18n] with encoding 'utf-8' 
2022-03-28 00:08:24.017 DEBUG [acme.framework.configuration.ExtendedMessageSource@http-nio-8080-exec-1] Loading properties [C:\Users\laura\Downloads\Workspace-22.0\Projects\Acme-Toolkits\target\classes\WEB-INF\views\master\validation-en.i18n] with encoding 'utf-8' 
2022-03-28 00:08:24.024 DEBUG [acme.framework.configuration.ExtendedMessageSource@http-nio-8080-exec-1] Loading properties [C:\Users\laura\Downloads\Workspace-22.0\Projects\Acme-Toolkits\target\classes\WEB-INF\views\administrator\chirp\messages-es.i18n] with encoding 'utf-8' 
2022-03-28 00:08:24.025 DEBUG [acme.framework.configuration.ExtendedMessageSource@http-nio-8080-exec-1] Loading properties [C:\Users\laura\Downloads\Workspace-22.0\Projects\Acme-Toolkits\target\classes\WEB-INF\views\administrator\configuration\messages-es.i18n] with encoding 'utf-8' 
2022-03-28 00:08:24.025 DEBUG [acme.framework.configuration.ExtendedMessageSource@http-nio-8080-exec-1] Loading properties [C:\Users\laura\Downloads\Workspace-22.0\Projects\Acme-Toolkits\target\classes\WEB-INF\views\administrator\user-account\messages-es.i18n] with encoding 'utf-8' 
2022-03-28 00:08:24.027 DEBUG [acme.framework.configuration.ExtendedMessageSource@http-nio-8080-exec-1] Loading properties [C:\Users\laura\Downloads\Workspace-22.0\Projects\Acme-Toolkits\target\classes\WEB-INF\views\anonymous\chirp\messages-es.i18n] with encoding 'utf-8' 
2022-03-28 00:08:24.028 DEBUG [acme.framework.configuration.ExtendedMessageSource@http-nio-8080-exec-1] Loading properties [C:\Users\laura\Downloads\Workspace-22.0\Projects\Acme-Toolkits\target\classes\WEB-INF\views\anonymous\user-account\messages-es.i18n] with encoding 'utf-8' 
2022-03-28 00:08:24.030 DEBUG [acme.framework.configuration.ExtendedMessageSource@http-nio-8080-exec-1] Loading properties [C:\Users\laura\Downloads\Workspace-22.0\Projects\Acme-Toolkits\target\classes\WEB-INF\views\authenticated\consumer\messsages-es.i18n] with encoding 'utf-8' 
2022-03-28 00:08:24.031 DEBUG [acme.framework.configuration.ExtendedMessageSource@http-nio-8080-exec-1] Loading properties [C:\Users\laura\Downloads\Workspace-22.0\Projects\Acme-Toolkits\target\classes\WEB-INF\views\authenticated\provider\messsages-es.i18n] with encoding 'utf-8' 
2022-03-28 00:08:24.032 DEBUG [acme.framework.configuration.ExtendedMessageSource@http-nio-8080-exec-1] Loading properties [C:\Users\laura\Downloads\Workspace-22.0\Projects\Acme-Toolkits\target\classes\WEB-INF\views\authenticated\user-account\messages-es.i18n] with encoding 'utf-8' 
2022-03-28 00:08:24.033 DEBUG [acme.framework.configuration.ExtendedMessageSource@http-nio-8080-exec-1] Loading properties [C:\Users\laura\Downloads\Workspace-22.0\Projects\Acme-Toolkits\target\classes\WEB-INF\views\fragments\banner-es.i18n] with encoding 'utf-8' 
2022-03-28 00:08:24.034 DEBUG [acme.framework.configuration.ExtendedMessageSource@http-nio-8080-exec-1] Loading properties [C:\Users\laura\Downloads\Workspace-22.0\Projects\Acme-Toolkits\target\classes\WEB-INF\views\fragments\company-es.i18n] with encoding 'utf-8' 
2022-03-28 00:08:24.034 DEBUG [acme.framework.configuration.ExtendedMessageSource@http-nio-8080-exec-1] Loading properties [C:\Users\laura\Downloads\Workspace-22.0\Projects\Acme-Toolkits\target\classes\WEB-INF\views\fragments\footer-es.i18n] with encoding 'utf-8' 
2022-03-28 00:08:24.035 DEBUG [acme.framework.configuration.ExtendedMessageSource@http-nio-8080-exec-1] Loading properties [C:\Users\laura\Downloads\Workspace-22.0\Projects\Acme-Toolkits\target\classes\WEB-INF\views\fragments\license-es.i18n] with encoding 'utf-8' 
2022-03-28 00:08:24.036 DEBUG [acme.framework.configuration.ExtendedMessageSource@http-nio-8080-exec-1] Loading properties [C:\Users\laura\Downloads\Workspace-22.0\Projects\Acme-Toolkits\target\classes\WEB-INF\views\fragments\menu-es.i18n] with encoding 'utf-8' 
2022-03-28 00:08:24.036 DEBUG [acme.framework.configuration.ExtendedMessageSource@http-nio-8080-exec-1] Loading properties [C:\Users\laura\Downloads\Workspace-22.0\Projects\Acme-Toolkits\target\classes\WEB-INF\views\fragments\messsages-es.i18n] with encoding 'utf-8' 
2022-03-28 00:08:24.037 DEBUG [acme.framework.configuration.ExtendedMessageSource@http-nio-8080-exec-1] Loading properties [C:\Users\laura\Downloads\Workspace-22.0\Projects\Acme-Toolkits\target\classes\WEB-INF\views\fragments\title-es.i18n] with encoding 'utf-8' 
2022-03-28 00:08:24.038 DEBUG [acme.framework.configuration.ExtendedMessageSource@http-nio-8080-exec-1] Loading properties [C:\Users\laura\Downloads\Workspace-22.0\Projects\Acme-Toolkits\target\classes\WEB-INF\views\fragments\welcome-es.i18n] with encoding 'utf-8' 
2022-03-28 00:08:24.039 DEBUG [acme.framework.configuration.ExtendedMessageSource@http-nio-8080-exec-1] Loading properties [C:\Users\laura\Downloads\Workspace-22.0\Projects\Acme-Toolkits\target\classes\WEB-INF\views\master\defaults-es.i18n] with encoding 'utf-8' 
2022-03-28 00:08:24.041 DEBUG [acme.framework.configuration.ExtendedMessageSource@http-nio-8080-exec-1] Loading properties [C:\Users\laura\Downloads\Workspace-22.0\Projects\Acme-Toolkits\target\classes\WEB-INF\views\master\master-es.i18n] with encoding 'utf-8' 
2022-03-28 00:08:24.042 DEBUG [acme.framework.configuration.ExtendedMessageSource@http-nio-8080-exec-1] Loading properties [C:\Users\laura\Downloads\Workspace-22.0\Projects\Acme-Toolkits\target\classes\WEB-INF\views\master\throwables-es.i18n] with encoding 'utf-8' 
2022-03-28 00:08:24.043 DEBUG [acme.framework.configuration.ExtendedMessageSource@http-nio-8080-exec-1] Loading properties [C:\Users\laura\Downloads\Workspace-22.0\Projects\Acme-Toolkits\target\classes\WEB-INF\views\master\validation-es.i18n] with encoding 'utf-8' 
2022-03-28 00:08:24.190 DEBUG [org.apache.jasper.servlet.JspServlet@http-nio-8080-exec-1] JspEngine --> /WEB-INF/views/fragments/welcome.jsp 
2022-03-28 00:08:24.190 DEBUG [org.apache.jasper.servlet.JspServlet@http-nio-8080-exec-1] ServletPath: /WEB-INF/views/master/page.jsp 
2022-03-28 00:08:24.190 DEBUG [org.apache.jasper.servlet.JspServlet@http-nio-8080-exec-1] PathInfo: null 
2022-03-28 00:08:24.192 DEBUG [org.apache.jasper.servlet.JspServlet@http-nio-8080-exec-1] RealPath: C:\Users\laura\Downloads\Workspace-22.0\Projects\Acme-Toolkits\target\classes\WEB-INF\views\fragments\welcome.jsp 
2022-03-28 00:08:24.192 DEBUG [org.apache.jasper.servlet.JspServlet@http-nio-8080-exec-1] RequestURI: /acme-toolkits-1.0/WEB-INF/views/master/page.jsp 
2022-03-28 00:08:24.192 DEBUG [org.apache.jasper.servlet.JspServlet@http-nio-8080-exec-1] QueryString: null 
2022-03-28 00:08:28.429 DEBUG [acme.framework.controllers.AbstractController@http-nio-8080-exec-8] DISPATCHING GET /acme-toolkits-1.0/administrator/chirp/list-recent 
2022-03-28 00:08:28.430 DEBUG [acme.framework.controllers.AbstractController@http-nio-8080-exec-8] Command: list-recent 
2022-03-28 00:08:28.430 DEBUG [acme.framework.controllers.AbstractController@http-nio-8080-exec-8] Model:   {} 
2022-03-28 00:08:28.430 DEBUG [acme.framework.controllers.AbstractController@http-nio-8080-exec-8] Locale:  es 
2022-03-28 00:08:28.432 DEBUG [org.hibernate.SQL@http-nio-8080-exec-8] select chirp0_.id as id1_0_, chirp0_.version as version2_0_, chirp0_.author as author1_5_, chirp0_.body as body2_5_, chirp0_.creation_moment as creation3_5_, chirp0_.email as email4_5_, chirp0_.title as title5_5_ from chirp chirp0_ where chirp0_.creation_moment>? 
2022-03-28 00:08:28.433 TRACE [org.hibernate.type.descriptor.sql.BasicBinder@http-nio-8080-exec-8] binding parameter [1] as [TIMESTAMP] - [Mon Feb 28 00:08:28 CET 2022] 
2022-03-28 00:08:28.437 DEBUG [acme.framework.controllers.AbstractController@http-nio-8080-exec-8] SERVING GET /acme-toolkits-1.0/administrator/chirp/list-recent 
2022-03-28 00:08:28.437 DEBUG [acme.framework.controllers.AbstractController@http-nio-8080-exec-8] Result: ModelAndView [view="administrator/chirp/list"; model={body[0]=Body 11, body[1]=Body 12, title[1]=Title 12, version[1]=0, list$size=2, author[0]=Author 11, author[1]=Author 12, email[0]=email@11.com, email[1]=email@12.com, version[0]=0, creationMoment[1]=2022-02-28 19:00:00.0, creationMoment[0]=2022-03-19 10:30:00.0, title[0]=Title 11, id[1]=19, id[0]=13, command=list-recent, principal=acme.framework.entities.Principal@68b95e4}] 
2022-03-28 00:08:28.438 DEBUG [acme.framework.components.tiles.DynamicTilesView@http-nio-8080-exec-8] View name 'administrator/chirp/list', model {body[0]=Body 11, body[1]=Body 12, title[1]=Title 12, version[1]=0, list$size=2, author[0]=Author 11, author[1]=Author 12, email[0]=email@11.com, email[1]=email@12.com, version[0]=0, creationMoment[1]=2022-02-28 19:00:00.0, creationMoment[0]=2022-03-19 10:30:00.0, title[0]=Title 11, id[1]=19, id[0]=13, command=list-recent, principal=acme.framework.entities.Principal@68b95e4, org.springframework.validation.BindingResult.principal=org.springframework.validation.BeanPropertyBindingResult: 0 errors} 
2022-03-28 00:08:28.439 DEBUG [org.apache.jasper.servlet.JspServlet@http-nio-8080-exec-8] JspEngine --> /WEB-INF/views/master/page.jsp 
2022-03-28 00:08:28.439 DEBUG [org.apache.jasper.servlet.JspServlet@http-nio-8080-exec-8] ServletPath: /WEB-INF/views/master/page.jsp 
2022-03-28 00:08:28.439 DEBUG [org.apache.jasper.servlet.JspServlet@http-nio-8080-exec-8] PathInfo: null 
2022-03-28 00:08:28.440 DEBUG [org.apache.jasper.servlet.JspServlet@http-nio-8080-exec-8] RealPath: C:\Users\laura\Downloads\Workspace-22.0\Projects\Acme-Toolkits\target\classes\WEB-INF\views\master\page.jsp 
2022-03-28 00:08:28.440 DEBUG [org.apache.jasper.servlet.JspServlet@http-nio-8080-exec-8] RequestURI: /acme-toolkits-1.0/WEB-INF/views/master/page.jsp 
2022-03-28 00:08:28.440 DEBUG [org.apache.jasper.servlet.JspServlet@http-nio-8080-exec-8] QueryString: null 
2022-03-28 00:08:28.647 DEBUG [org.apache.jasper.servlet.JspServlet@http-nio-8080-exec-8] JspEngine --> /WEB-INF/views/administrator/chirp/list.jsp 
2022-03-28 00:08:28.648 DEBUG [org.apache.jasper.servlet.JspServlet@http-nio-8080-exec-8] ServletPath: /WEB-INF/views/master/page.jsp 
2022-03-28 00:08:28.648 DEBUG [org.apache.jasper.servlet.JspServlet@http-nio-8080-exec-8] PathInfo: null 
2022-03-28 00:08:28.649 DEBUG [org.apache.jasper.servlet.JspServlet@http-nio-8080-exec-8] RealPath: C:\Users\laura\Downloads\Workspace-22.0\Projects\Acme-Toolkits\target\classes\WEB-INF\views\administrator\chirp\list.jsp 
2022-03-28 00:08:28.650 DEBUG [org.apache.jasper.servlet.JspServlet@http-nio-8080-exec-8] RequestURI: /acme-toolkits-1.0/WEB-INF/views/master/page.jsp 
2022-03-28 00:08:28.650 DEBUG [org.apache.jasper.servlet.JspServlet@http-nio-8080-exec-8] QueryString: null 
