1649329048868	geckodriver	INFO	Listening on 127.0.0.1:17791
console.warn: SearchSettings: "get: No settings file exists, new profile?" (new NotFoundError("Could not open the file at C:\\Users\\laura\\AppData\\Local\\Temp\\rust_mozprofile2ddlHC\\search.json.mozlz4", (void 0)))
console.warn: LoginRecipes: "getRecipes: falling back to a synchronous message for:" "http://localhost:8081"
console.warn: LoginRecipes: "getRecipes: falling back to a synchronous message for:" "http:/Jav/locaaScript error: resource://gre/modules/LoginManagerParent.jsm, line 136: TypeError: gRecipelhost:8081"
Manager is null
console.warn: LoginRecipes: "getRJavaScript error:ecipes: falling back to a synchronous message for: reso" "http://localhurcoe://gre/msotd:u8l0e8s1/"LoginM
anagerPaconsolrent.jesm, li.warn: Logine 136n:Rec TypipeseErr:or:  gRecipeManager i"ges nulltRecipe
sJav: faScrallinipt g baerrock tr: ro a esousyncrce:hron//grous e/momessdules/aLoginMangae for:" "gerParhttpent.://lojsm, lincale 136host: Ty:808peEr1"
ror: gRecipeManager is null
console.warn: LoginRecipes: "getRecipes: falling back to a synchronous message for:"J "http:/a/localvaScrhost:ipt erro8081r: "reso
urce://gre/modules/LoginManagerParent.jsm, line 136: TypeError: gRecipeManager is null
console.warn: LoginRecipes: "getRecipes: fallinJagvaScr back to a synchronous message for:" "http://localihpots te:r8r081"
or: resource://gre/modules/LoginManagerParent.jsm, line 136: TypeError: gRecipeManager is null
console.warn: LoginRecipes: "getRecipes: falling back to a synchronous message for:" "http://localhost:8081"
JavaScript error: resource://gre/modules/LoginManagerParent.jsm, line 136: TypeError: gRecipeManager is null
console.warn: LoginRecipes: "getRecipes: faJlalvaScriinpgt  error: rebsaocuk to rac es:y/n/cghrreo/nmooudsu lmeess/sLaoggei nfMoarn:a"g e"rhPtatrpe:n/t/.ljoscma,l hloisnt:e8 018316": 
TypeError: gRecipeManager is null
console.warn: LoginRecipes: "getRecipes: falling back to a synchronous message for:" "http://localhost:8081"
JavaScript error: resource://gre/modules/LoginManagerParent.jsm, line 136: TypeError: gRecipeManager is null
console.warn: LoginRecipes: "getRecipes: falling back to a synchronous mesJavaSsage for:"cript error:  "reshttp://loourcec:a//gre/modlules/LoginManagerParenth.ojsstm:,8 0l8i1n"e
 136: TypeError: gRecipeManager is null
console.warn: LoginRecipes: "getRecipes: falling back to a synchronous message for:" "http://localhost:8081"JavaScript error: reso
urce://gre/modules/LoginManagerParent.jsm, line 136: TypeError: gRecipeManager is null
console.warn: LoginRecipes: "getRecipes: falling back to a synchronous message for:" "JavaShcript tetrpr:o/r: /locralhostesou:80rce:8/1/gre/modules/LoginManagerPare"nt.jsm
, line 136: TypeError: gRecipeManager is null
console.warn: LoginRecipes: "getRecipes: falling back to a synchronous message for:" "http://localhost:8081"
JavaScript error: resource://gre/modules/LoginManagerParent.jsm, line 136: TypeError: gRecipeManager is null
console.warn: LoginRecipes: "getRecipes: falJavaScript error:lin rg beasock uto a rscynchre://gre/modules/LooginManagerParnentous. jmsesms,a line 136: TypeError: gRecgiepeManager  for:" "http://locais null
lhost:8081"
console.warn: LoginRecipes: "getRecipes: falling back to a synchronous message for:" "http://localhost:8081"
JavaScript error: resource://gre/modules/LoginManagerParent.jsm, line 136: TypeError: gRecipeManager is null
console.warn: LoginRecipes: "getRecipes: falling back toJ a synchroavaScrnioputs  errmessor: age resoufor:" "htrtp:/c/el:o//gre/modulecs/Lalhost:8081"oginManagerParent.jsm, line 136: Type
Error: gRecipeManager is null
console.warn: LoginRecipes: "getRecipes: falling back to a synchronous message for:" "http://localhost:8081"
JavaScript error: resource://gre/modules/LoginManagerParent.jsm, line 136: TypeError: gRecipeManager is null
console.warn: LoginRecipes: "getRecipes: falling bJaacvka Stcor iap t error:s yrnecshource://grroen/omuosdules/ LmoginManeagesrsPage for:arent.jsm", li n"eh 136: TypetErrtor: gRpe:c/ipeMa/nager ilocs nualhost:ll
8081"
console.warn: LoginRecipes: "getRecipes: falling back to a synchronous messJaavge for:" "http://localhost:8081"
aScript error: resource://gre/modules/LoginManagerParent.jsm, line 136: TypeError: gRecipeManager is null
console.warn: LoginRecipes: "getRecipes: falling back to a synchronousJavaScr impt erroressage for:" "http:://l resoourccalhoe://sgt:8081"
re/modules/LoginManagerParent.jsm, line 136: TypeError: gRecipeManager is null
console.warn: LoginRecipes: "getRecipes: falling back to a synchronous message for:" "http://localhost:JavaS8c081"
ript error: resource://gre/modules/LoginManagerParent.jsm, line 136: TypeError: gRecipeManager is null
console.warn: LoginRecipes: "getRecipes: falling back to a synchronous message for:" "http://localhost:8081"
JavaScript error: resource://gre/modules/LoginManagerParent.jsm, line 136: TypeError: gRecipeManager is null
console.warn: LoginRecipes: "getRecipes: falling back to a synchronous message for:" "http://localhost:8081"
JavaScript error: resource://gre/modules/LoginManagerParent.jsm, line 136: TypeError: gRecipeManager is null
console.warn: LoginRecipes: "getRecipes: falling back to aJa synchronous mvaScriessage for:"p t" htterrorp://: relocalhsourost:ce://gr8081"
e/modules/LoginManagerParent.jsm, line 136: TypeError: gRecipeManager is null
console.warn: LoginRecipes: "getRecipes: falling back to a synchronous message for:" "http://localhost:8081"
JavaScript error: resource://gre/modules/LoginManagerParent.jsm, line 136: TypeError: gRecipeManager is null
console.warn: LoginRecipes: "getRecipes: falling back to a synchronous message for:" "http://localhost:8081"
JavaScript error: resource://gre/modules/LoginManagerParent.jsm, line 136: TypeError: gRecipeManager is null
console.warn: LoginRecipes: "getRecipes: falling back to a synchronouJavaScript erros messager: res ofuorrce::" "//grhe/modules/LoginManagerParent.tjtp:/sm,/localhost:808 1l"in
e 136: TypeError: gRecipeManager is null
console.warn: LoginRecipes: "getRecipes: falling back to a synchronous JavaScmessagripte fo errr:" or: r"httesoup:/rce:/localhost:8081"
//gre/modules/LoginManagerParent.jsm, line 136: TypeError: gRecipeManager is null
console.warn: LoginRecipes: "getRecipes: falling back to a synchronous message for:" "http://localhost:8081"
JavaScript error: resource://gre/modules/LoginManagerParent.jsm, line 136: TypeError: gRecipeManager is null
console.warn: LoginRecipes: "getRecipes: falling back to a synchronous message for:" "http://localhost:8081"
JavaScript error: resource://gre/modules/LoginManagerParent.jsm, line 136: TypeError: gRecipeManager is null
console.warn: LoginRecipes: "getRecipes: falling back to a synchronous message forJ:a"va Script e"rhrtotr: resourpc:e/:/loca//gre/modules/LoginManagerParent.jsm, line 136: TypeError: gRecipeManalghost:e8081"
r is null
console.warn: LoginRecipes: "getRecipes: falling back tJavaScripto  ear syrnocrh:r orneosource://gre/umodsule s/LoginManagerParent.jsm, limnees s136: TypeErraoge for:"r :" hgtRecipteManagpe:r/ /ils noull
calhost:8081"
console.warn: LoginRecipes: "getRecipes: falling back to a synchronous message for:" "http://localhost:8081"
JavaScript error: resource://gre/modules/LoginManagerParent.jsm, line 136: TypeError: gRecipeManager is null
console.warn: LoginRecipes: "getRecipes: falling back to a synchronous message for:" "http://localhost:8081"
JavaScript error: resource://gre/modules/LoginManagerParent.jsm, line 136: TypeError: gRecipeManager is null
console.warn: LoginRecipes: "getRecipes: falling back to a synchronous message JavaScfor:ript " "httperror:://l resocaourclhoes:t/:/gre/modul80e8s1"
/LoginManagerParent.jsm, line 136: TypeError: gRecipeManager is null
console.warn: LoginRecipes: "getRecipes: fallJavaScripit erng baror:ck t reso aourc synec:h/r/ognrouse/modules/ messLage foor:g" "ihttp://localhost:8081"
nManagerParent.jsm, line 136: TypeError: gRecipeManager is null
console.warn: LoginRecipes: "getRecipes: falling back to a synchronous message for:" "http://localhost:8081"
JavaScript error: resource://gre/modules/LoginManagerParent.jsm, line 136: TypeError: gRecipeManager is null
console.warn: LoginRecipes: "getRecipes: falling back to a synchJavaScrrionoupt error:s messa gre feor:" "http://localhost:808s1"
ource://gre/modules/LoginManagerParent.jsm, line 136: TypeError: gRecipeManager is null
console.warn: LoginRecipes: "getRecipes: falling back to a synchronous message for:" "hJavaScttp://localhript ost:8081"
error: resource://gre/modules/LoginManagerParent.jsm, line 136: TypeError: gRecipeManager is null
console.warn: LoginRecipes: "getRecipes: falling back to a synchronous message for:" J"ahvtaSctrippt err://or: locresoalhosurcet:80://g81"
re/modules/LoginManagerParent.jsm, line 136: TypeError: gRecipeManager is null
console.warn: LoginRecipes: "getRecipes: falling back to a synchronous message for:" "http://localhost:8081"
JavaScript error: resource://gre/modules/LoginManagerParent.jsm, line 136: TypeError: gRecipeManager is null
console.warn: LoginRecipes: "getRecipes: falling back to a synchronJavaScous riptmessage err foor: rresource://gre/module:" "htts/Lp://loginocaManalhost:8gerP081"aren
t.jsm, line 136: TypeError: gRecipeManager is null
console.warn: LoginRecipes: "getRecipes: falling back to a synchronous message for:" "http://locaJlahostvaScript error:: 8resource://0gre8/mo1dul"es/LoginManage
rParent.jsm, line 136: TypeError: gRecipeManager is null
console.warn: LoginRecipes: "getRecipes: falling back to a synchronous message for:"JavaScript er "httpror://l: reocalsourhostce:://gre/modules/LoginManag8e0r81"
Parent.jsm, line 136: TypeError: gRecipeManager is null
console.warn: LoginRecipes: "getRecipes: falling back to a synchronous message for:" "http://localhost:8081"
JavaScript error: resource://gre/modules/LoginManagerParent.jsm, line 136: TypeError: gRecipeManager is null
console.warn: LoginRecipes: "getRecipes:Jav afSacrilpt lerrionrg back t:o  resao usynchronous rmcees://gre/modsuage folr:"e "http:s//l/ocalhost:80L8oginManagerParent.j1"sm
, line 136: TypeError: gRecipeManager is null
console.warn: LoginRecipes: "getRecipes: falling back to a synchronous message for:" "http://localhJoasvaScriptt:8081 erro"
r: resource://gre/modules/LoginManagerParent.jsm, line 136: TypeError: gRecipeManager is null
console.warn: LoginRecipes: JavaS"cgetRercipes: fiapt erlror: rlinesourg backce://gre/ moduto a lsynches/LoginMraonagerParenous message font.r:" "httjp://slocam, linlhoste 136::8081" TypeErro
r: gRecipeManager is null
console.warn: LoginRecipes: "getRecipes: falling back to a synchronous message for:" "http://locJaalhost:8081va"Script err
or: resource://gre/modules/LoginManagerParent.jsm, line 136: TypeError: gRecipeManager is null
console.warn: LoginRecipes: "getRecipes: falJalvianSgc riptb aerrorc: resource://gre/modules/LoginManakg etroP a synchronouasr ent.mesjssage fmo,r :" "httlp:ine 13//localho6: TypeErrors:t gReci:p8eMana0g8er is nul1l"

console.warn: LoginRecipes: "getRecipes: falling back to a synchronous message for:" JavaSc"ripthttp error: reso://ulocalhorst:808c1e://gr"
e/modules/LoginManagerParent.jsm, line 136: TypeError: gRecipeManager is null
console.warn: LoginRecipes: "getRecipes: falling back to a synchronous JmavaScreiptssage  error: resourfor:" "ce:h//gttp://re/lmoduloecsa/lLhoogsitn:M80a8n1a"gerParent
.jsm, line 136: TypeError: gRecipeManager is null
console.warn: LoginRecipes: "getRecipes: falling back to a synchronous message for:" "http://localhost:8081"
JavaScript error: resource://gre/modules/LoginManagerParent.jsm, line 136: TypeError: gRecipeManager is null
console.warn: LoginRecipes: "getRecipes: falling back to a synJavacShroncriopt error: resource://greu/s messmage for:o"d "htutp:les//localho/st:8081Login"Mana
gerParent.jsm, line 136: TypeError: gRecipeManager is null
console.warn: LoginRecipes: "getRecipes: falling back to a synchronous message for:" "JavaScript ehrrotr: resource://gtpre/://modloculealhos/Lst:ogin808M1"
anagerParent.jsm, line 136: TypeError: gRecipeManager is null
console.warn: LoginRecipes: "getRecipJeasv: fallianSg back to a synchrcript error:o resonuorucs message for:" "hettp://lo:calhost:8081"
//gre/modules/LoginManagerParent.jsm, line 136: TypeError: gRecipeManager is null

###!!! [Parent][PGPUParent] Error: RunMessage(msgname=PGPU::Msg_ShutdownVR) Channel closing: too late to send/recv, messages will be lost

