1649328558505	geckodriver	INFO	Listening on 127.0.0.1:36921
console.warn: SearchSettings: "get: No settings file exists, new profile?" (new NotFoundError("Could not open the file at C:\\Users\\laura\\AppData\\Local\\Temp\\rust_mozprofileX1bPDc\\search.json.mozlz4", (void 0)))
console.warn: LoginRecipes: "getRecipes: falling back to a synchronous message for:" "http://localhost:8081"
console.warn: LoginRecipes: "getRecipes: falling back to a synchronous message for:" "http://localhost:8081"
JavaScript error: resource://gre/modules/LoginManagerParent.jsm, line 136: TypeError: gRecipeManager is null
console.warn: LoginRecipes: "getRecipes: falling back toJavaScript  a synchronous message for:" "http://localhoserrotr: r:808eso1"
urce://gre/modules/LoginManagerParent.jsm, line 136: TypeError: gRecipeManager is null
console.warn: LoginRecipes: "getRecipes: falJavaSlcirnigp tb aecrk to a rsoyrn:c hresource://grer/omnous moduesslaesg/Loe fgoinMar:"nage "httrParent.jsm,p://localhos linet:8 136:081" Typ
eError: gRecipeManager is null
console.warn: LoginRecipes: "getRecipes: falling back to a synchronous message for:" "http://localhost:8081"
JavaScript error: resource://gre/modules/LoginManagerParent.jsm, line 136: TypeError: gRecipeManager is null
console.warn: LoginRecipes: "getRecipes: falling back to a synJavaSccrhirpt error: orneosuosu rmcees:s/a/gger ef/omro:d"u "http://localhoslte:s/Lo8g0i8n1M"an
agerParent.jsm, line 136: TypeError: gRecipeManager is null
console.warn: LoginRecipes: "getRecipes: falling back to a synchronoJavaScusript err moerssage : resforource:" "://grhttp:/e/localhost/modul:80es/Lo81"gin
ManagerParent.jsm, line 136: TypeError: gRecipeManager is null
console.warn: LoginRecipes: "getRecipes: falling back to a syJnchavaScrirpt error: resoourncouse:/ /grme/modeuless/Losgagei nforManagerParent.j:sm, line"  1"36: Thytptep://localhost:80Error: 81"
gRecipeManager is null
console.warn: LoginRecipes: "getRecipes: falling back to a synchronous mJavaeSssage cfroirpt er:r"o r":h trteps:ource:///gre//locmoduales/LolghionManagserParentt:.jsm, l8i0n8e1" 136: 
TypeError: gRecipeManager is null
console.warn: LoginRecipes: "getRecipes: falling back to a synchronousJavaScript  messearge for:r" "httor: presourc://locea:lhost:8/0/8g1r"e/modul
es/LoginManagerParent.jsm, line 136: TypeError: gRecipeManager is null
console.warn: LoginRecipes: "getRecipes: falling back to a synchronousJavaScri pmessagt error: eresour cfore://gre:/"m o"dhutlteps://L/olgoicnaMlahnoasgte:r8081"
Parent.jsm, line 136: TypeError: gRecipeManager is null
console.warn: LoginRecipes: "getRecipes: falling back to aJav synaScripchront error: ous mesrseasgoeu rfcoer::"//gre "htt/modp:/ules//lLocaoginlhostMana:808gerP1"
arent.jsm, line 136: TypeError: gRecipeManager is null
console.warn: LoginRecipes: "getRecipes: falling back to a synchronous message for:" "http://localhost:8081"
JavaScript error: resource://gre/modules/LoginManagerParent.jsm, line 136: TypeError: gRecipeManager is null
console.warn: LoginRecipes: "getRecipes: falJlaivaSncript ergr obrack to: r esoaurc e://gre/modules/LoginManagesryPnacrent.jsm, lhirne 136: TypeEorror: gRecipeManager is null
nous message for:" "http://localhost:8081"
console.warn: LoginRecipes: "getRecipes: falling back to a synchronous message for:" "http://localhost:8081"Ja
vaScript error: resource://gre/modules/LoginManagerParent.jsm, line 136: TypeError: gRecipeManager is null
console.warn: LoginRecipes: "getRecipes: falling back to a sJynachrovanSocripus messagt error:e  rfeor:"source://gre/modules/LoginManagerParent.jsm, line 136:  T"yhpttp://localhoseErrort:: gRe8081"
cipeManager is null
console.warn: LoginRecipes: "getRecipes: falling back to a synchronous message for:" "http://localhost:8081"
JavaScript error: resource://gre/modules/LoginManagerParent.jsm, line 136: TypeError: gRecipeManager is null
console.warn: LoginRecipes: "getRecipes: falling back to a synchronous message for:" "http://loJcaalhvost:80a8S1c"
ript error: resource://gre/modules/LoginManagerParent.jsm, line 136: TypeError: gRecipeManager is null
console.warn: LoginRecipes: "getRecipes: falling back to a synchronous message for:" "http://localhost:8Ja0vaS81"
cript error: resource://gre/modules/LoginManagerParent.jsm, line 136: TypeError: gRecipeManager is null
console.warn: LoginRecipes: "getRecipes: falling back to a JavaScsynchriptrono errus or: mesresosageurce fo:r:" "http://localhost:8081"
//gre/modules/LoginManagerParent.jsm, line 136: TypeError: gRecipeManager is null
console.warn: LoginRecipes: "getRecipes: falling back to a synchronous message for:" "http://localhost:8081"
JavaScript error: resource://gre/modules/LoginManagerParent.jsm, line 136: TypeError: gRecipeManager is null
console.warn: LoginRecipes: "getRecipes: falling baJavaSccripkt  error: tro aesourc synchroneo:u/s/gre/ modules/LoginManmagerParent.jsm, line e1s36:s aTgyep foeError: gRecipeMarn:a"ger  "htis ntup:/ll
/localhost:8081"
console.warn: LoginRecipes: "getRecipes: falling back to a synchronous message for:" JavaScript er"rorh: rttp:/e/solurce://gre/modules/LoginManagerPaorcalhosent.jtsm, lin:e 1836:0 Ty8peE1rro"r: gRecipeMa
nager is null
console.warn: LoginRecipes: "getRecipes: falJlavaSing baccript errok to ar synchr:o renous soumessrceage ://gfror:" "he/mttp://localhost:8081"odules
/LoginManagerParent.jsm, line 136: TypeError: gRecipeManager is null
console.warn: LoginRecipes: "getRecipes: falling back to a synchronous message for:" "http://localhost:8081"
JavaScript error: resource://gre/modules/LoginManagerParent.jsm, line 136: TypeError: gRecipeManager is null
console.warn: LoginRecipes: "getRecipes: falling baJavaScript erck to a syror: rnchresouonource:s me//grses/age fmoord:ules/LoginMana"g e"rhParettp://localhnots.jsm, line 136: Tt:8ypeError: 0gRecip8eManag1er is "null

console.warn: LoginRecipes: "getRecipes: falling back to a synchronous message for:" "http://localhost:8081"
JavaScript error: resource://gre/modules/LoginManagerParent.jsm, line 136: TypeError: gRecipeManager is null
console.warn: LoginRecipes: "getRecipes: falling back to a synchrJavaoSnous mceriptssa ge efor:"r r"ohrt:t p://lorceaslohuorscte::8/0/8gre/1"
modules/LoginManagerParent.jsm, line 136: TypeError: gRecipeManager is null
console.warn: LoginRecipes: "getRecipes: falling back to a synchronous message for:" "http://localhost:8081"
JavaScript error: resource://gre/modules/LoginManagerParent.jsm, line 136: TypeError: gRecipeManager is null
console.warn: LoginRecipes: "getRecipes: fallJavinga back Sto a csynrcihprto neorurso rmessage for:": reso "httpurc://localhoes:t//g:8081"
re/modules/LoginManagerParent.jsm, line 136: TypeError: gRecipeManager is null
console.warn: LoginRecipes: "getRecipes: falling back JtavaScripot e rar or:s yresourcne://gcre/moduhlesr/oLoginMannaoguesrParen tme.ssage forj:s"m, l i"nhettp://l ocalh1ost:83081"
6: TypeError: gRecipeManager is null
console.warn: LoginRecipes: "getRecipesJavaScript error::  fallirnegsource back:// gtre/modou lae synchronous messs/ageL ofor:g"i n"Mhattp://lnocalhosat:808g1er"
Parent.jsm, line 136: TypeError: gRecipeManager is null
console.warn: LoginRecipes: "getRecipes: falling back to a synchronous message for:" "http://localhost:8081"
JavaScript error: resource://gre/modules/LoginManagerParent.jsm, line 136: TypeError: gRecipeManager is null
console.warn: LoginRecipes: "getRecipes: falling back tJavaScript error: resouro a syncce://grhe/mroduoles/LnogionMaus messangage for:" "ehrttParent.p://jsml, localhost:8081"
ine 136: TypeError: gRecipeManager is null
console.warn: LoginRecipes: "getRecipes: fallingJavaScript error :b arceks otuor cae :s/y/ngcrher/omnooduusl emse/sLsoagige fnoMr:" "http://localhosanagerParent.jsm, line 136t:8081"
: TypeError: gRecipeManager is null
console.warn: LoginRecipes: "getRecipes: falling bJaack to a vaScript error:s ynchresource:r//gre/moduloenso/us messaLogingMea nfor:" agerP"ahrtetnpt:./j/sm, linel o1c3a6l:h TypeEorsrto:r8:081"
 gRecipeManager is null
console.warn: LoginRecipes: "getRecipes: falling back to a synchronous message for:" "http://localhost:8081"
JavaScript error: resource://gre/modules/LoginManagerParent.jsm, line 136: TypeError: gRecipeManager is null
console.warn: LoginRecipes: "getRecipes: falling bacJavak to a synchronous message fScroipt error: rre:s"o u"rhcte://gre/mtopd:u/les/Lo/ginManagerPlarent.ojsm, line 136: Tycalhopst:80e8Error: gReci1peManage"r is nu
ll
console.warn: LoginRecipes: "getRecipes: falling back to a synchronous message for:" "http://loJavaScricalhospt:8081"
t error: resource://gre/modules/LoginManagerParent.jsm, line 136: TypeError: gRecipeManager is null
console.warn: LoginRecipes: "getRecipes: fallingJ bacakv aScrito pat  seyrnrcohrr: roensoouusr message cfeo:r/:/"g r"eh/tmtopd:u/l/elso/cLaolghiost:8081"
nManagerParent.jsm, line 136: TypeError: gRecipeManager is null
console.warn: LoginRecipes: "getRecipes: falling back to a synchronous message for:" "http://localhost:8081"
JavaScript error: resource://gre/modules/LoginManagerParent.jsm, line 136: TypeError: gRecipeManager is null
console.warn: LoginRecipes: "getRecipes: falling back to a sJavaySncricpt hronouse rmreor:s resourcse://grae/mgodules/LoeginManage rPafor:" "http:r//locent.jsma,l hloines 13t6:: T8ype0Err8o1r: "gRecip
eManager is null
console.warn: LoginRecipes: "getRecipes: falling back to a synchronous message for:" "http://localhost:8081"
JavaScript error: resource://gre/modules/LoginManagerParent.jsm, line 136: TypeError: gRecipeManager is null
console.warn: LoginRecipes: "getRecipes: falling back to a synJavacShronocript erurs message for: resoor:" "uhrcettp:://g//lore/modules/LoginManagerParent.jsm, line 136:c aTlhoyspeErrotr: :gR8ecipeM0a81"n
ager is null
console.warn: LoginRecipes: "getRecipes: falling back to a synchronous message for:" "htJtap://locvalhaost:8S081"
cript error: resource://gre/modules/LoginManagerParent.jsm, line 136: TypeError: gRecipeManager is null
console.warn: LoginRecipes: "getRecipes: falling back to a synchronous message for:" "http:J//localahost:808v1"
aScript error: resource://gre/modules/LoginManagerParent.jsm, line 136: TypeError: gRecipeManager is null
console.warn: LoginRecipes: "getRecipes: falling back to a sJyavaScript error:n resourchroce:/nous/gre mes/modsageules for/Log:i" "http:nManag//lerParocalehost:8n081"
t.jsm, line 136: TypeError: gRecipeManager is null
console.warn: LoginRecipes: "getRecipes: fallinJavaScript error: resourceg back to: a s/ynchro/nous mgessagere/modules/L for:" ogin"http://localhMoast:8nag0e8rPa1"
rent.jsm, line 136: TypeError: gRecipeManager is null

###!!! [Parent][PGPUParent] Error: RunMessage(msgname=PGPU::Msg_ShutdownVR) Channel closing: too late to send/recv, messages will be lost

