2022-03-18 03:00:16.720 INFO  [acme.Launcher@main] Starting Launcher using Java 1.8.0_281 on DESKTOP-L3UDB07 with PID 5200 (C:\Users\carlo\Desktop\Workspace-22.0\Frameworks\Acme-Framework-22.1\target\classes started by carlo in C:\Users\carlo\Desktop\dp2\Acme-Toolkits) 
2022-03-18 03:00:16.721 DEBUG [acme.Launcher@main] Running with Spring Boot v2.4.2, Spring v5.3.3 
2022-03-18 03:00:16.722 INFO  [acme.Launcher@main] The following profiles are active: development,populator 
2022-03-18 03:00:19.752 DEBUG [org.apache.jasper.servlet.JasperInitializer@main] Initializing Jasper for context [application] 
2022-03-18 03:00:24.251 DEBUG [org.apache.jasper.servlet.JspServlet@main] Scratch dir for the JSP engine is: [C:\Users\carlo\AppData\Local\Temp\tomcat.8083.7992388045155699665\work\Tomcat\localhost\acme-toolkits-1.0] 
2022-03-18 03:00:24.251 DEBUG [org.apache.jasper.servlet.JspServlet@main] IMPORTANT: Do not modify the generated servlets 
2022-03-18 03:00:24.265 INFO  [acme.Launcher@main] Started Launcher in 8.375 seconds (JVM running for 9.511) 
2022-03-18 03:00:24.270 DEBUG [acme.Launcher@main] Found classpath entry '/C:/Users/carlo/Desktop/dp2/Acme-Toolkits/target/classes/' 
2022-03-18 03:00:24.270 DEBUG [acme.Launcher@main] Found classpath entry '/C:/Users/carlo/Desktop/dp2/Acme-Toolkits/target/test-classes/' 
2022-03-18 03:00:24.270 DEBUG [acme.Launcher@main] Found classpath entry '/C:/Users/carlo/.m2/repository/org/springframework/boot/spring-boot-starter-tomcat/2.4.2/spring-boot-starter-tomcat-2.4.2.jar' 
2022-03-18 03:00:24.270 DEBUG [acme.Launcher@main] Found classpath entry '/C:/Users/carlo/.m2/repository/jakarta/annotation/jakarta.annotation-api/1.3.5/jakarta.annotation-api-1.3.5.jar' 
2022-03-18 03:00:24.271 DEBUG [acme.Launcher@main] Found classpath entry '/C:/Users/carlo/.m2/repository/org/apache/tomcat/embed/tomcat-embed-core/9.0.41/tomcat-embed-core-9.0.41.jar' 
2022-03-18 03:00:24.271 DEBUG [acme.Launcher@main] Found classpath entry '/C:/Users/carlo/.m2/repository/org/glassfish/jakarta.el/3.0.3/jakarta.el-3.0.3.jar' 
2022-03-18 03:00:24.271 DEBUG [acme.Launcher@main] Found classpath entry '/C:/Users/carlo/.m2/repository/org/apache/tomcat/embed/tomcat-embed-websocket/9.0.41/tomcat-embed-websocket-9.0.41.jar' 
2022-03-18 03:00:24.271 DEBUG [acme.Launcher@main] Found classpath entry '/C:/Users/carlo/.m2/repository/org/apache/tomcat/embed/tomcat-embed-jasper/9.0.41/tomcat-embed-jasper-9.0.41.jar' 
2022-03-18 03:00:24.271 DEBUG [acme.Launcher@main] Found classpath entry '/C:/Users/carlo/.m2/repository/org/apache/tomcat/embed/tomcat-embed-el/9.0.41/tomcat-embed-el-9.0.41.jar' 
2022-03-18 03:00:24.271 DEBUG [acme.Launcher@main] Found classpath entry '/C:/Users/carlo/.m2/repository/org/eclipse/jdt/ecj/3.18.0/ecj-3.18.0.jar' 
2022-03-18 03:00:24.272 DEBUG [acme.Launcher@main] Found classpath entry '/C:/Users/carlo/.m2/repository/javax/servlet/jstl/1.2/jstl-1.2.jar' 
2022-03-18 03:00:24.272 DEBUG [acme.Launcher@main] Found classpath entry '/C:/Users/carlo/.m2/repository/org/springframework/boot/spring-boot-starter-test/2.4.2/spring-boot-starter-test-2.4.2.jar' 
2022-03-18 03:00:24.272 DEBUG [acme.Launcher@main] Found classpath entry '/C:/Users/carlo/.m2/repository/org/springframework/boot/spring-boot-starter/2.4.2/spring-boot-starter-2.4.2.jar' 
2022-03-18 03:00:24.272 DEBUG [acme.Launcher@main] Found classpath entry '/C:/Users/carlo/.m2/repository/org/springframework/boot/spring-boot/2.4.2/spring-boot-2.4.2.jar' 
2022-03-18 03:00:24.272 DEBUG [acme.Launcher@main] Found classpath entry '/C:/Users/carlo/.m2/repository/org/springframework/boot/spring-boot-autoconfigure/2.4.2/spring-boot-autoconfigure-2.4.2.jar' 
2022-03-18 03:00:24.272 DEBUG [acme.Launcher@main] Found classpath entry '/C:/Users/carlo/.m2/repository/org/springframework/boot/spring-boot-starter-logging/2.4.2/spring-boot-starter-logging-2.4.2.jar' 
2022-03-18 03:00:24.273 DEBUG [acme.Launcher@main] Found classpath entry '/C:/Users/carlo/.m2/repository/ch/qos/logback/logback-classic/1.2.3/logback-classic-1.2.3.jar' 
2022-03-18 03:00:24.273 DEBUG [acme.Launcher@main] Found classpath entry '/C:/Users/carlo/.m2/repository/ch/qos/logback/logback-core/1.2.3/logback-core-1.2.3.jar' 
2022-03-18 03:00:24.273 DEBUG [acme.Launcher@main] Found classpath entry '/C:/Users/carlo/.m2/repository/org/apache/logging/log4j/log4j-to-slf4j/2.13.3/log4j-to-slf4j-2.13.3.jar' 
2022-03-18 03:00:24.273 DEBUG [acme.Launcher@main] Found classpath entry '/C:/Users/carlo/.m2/repository/org/apache/logging/log4j/log4j-api/2.13.3/log4j-api-2.13.3.jar' 
2022-03-18 03:00:24.274 DEBUG [acme.Launcher@main] Found classpath entry '/C:/Users/carlo/.m2/repository/org/slf4j/jul-to-slf4j/1.7.30/jul-to-slf4j-1.7.30.jar' 
2022-03-18 03:00:24.274 DEBUG [acme.Launcher@main] Found classpath entry '/C:/Users/carlo/.m2/repository/org/yaml/snakeyaml/1.27/snakeyaml-1.27.jar' 
2022-03-18 03:00:24.274 DEBUG [acme.Launcher@main] Found classpath entry '/C:/Users/carlo/.m2/repository/org/springframework/boot/spring-boot-test/2.4.2/spring-boot-test-2.4.2.jar' 
2022-03-18 03:00:24.274 DEBUG [acme.Launcher@main] Found classpath entry '/C:/Users/carlo/.m2/repository/org/springframework/boot/spring-boot-test-autoconfigure/2.4.2/spring-boot-test-autoconfigure-2.4.2.jar' 
2022-03-18 03:00:24.274 DEBUG [acme.Launcher@main] Found classpath entry '/C:/Users/carlo/.m2/repository/com/jayway/jsonpath/json-path/2.4.0/json-path-2.4.0.jar' 
2022-03-18 03:00:24.274 DEBUG [acme.Launcher@main] Found classpath entry '/C:/Users/carlo/.m2/repository/net/minidev/json-smart/2.3/json-smart-2.3.jar' 
2022-03-18 03:00:24.274 DEBUG [acme.Launcher@main] Found classpath entry '/C:/Users/carlo/.m2/repository/net/minidev/accessors-smart/1.2/accessors-smart-1.2.jar' 
2022-03-18 03:00:24.275 DEBUG [acme.Launcher@main] Found classpath entry '/C:/Users/carlo/.m2/repository/org/ow2/asm/asm/5.0.4/asm-5.0.4.jar' 
2022-03-18 03:00:24.275 DEBUG [acme.Launcher@main] Found classpath entry '/C:/Users/carlo/.m2/repository/jakarta/xml/bind/jakarta.xml.bind-api/2.3.3/jakarta.xml.bind-api-2.3.3.jar' 
2022-03-18 03:00:24.275 DEBUG [acme.Launcher@main] Found classpath entry '/C:/Users/carlo/.m2/repository/jakarta/activation/jakarta.activation-api/1.2.2/jakarta.activation-api-1.2.2.jar' 
2022-03-18 03:00:24.275 DEBUG [acme.Launcher@main] Found classpath entry '/C:/Users/carlo/.m2/repository/org/assertj/assertj-core/3.18.1/assertj-core-3.18.1.jar' 
2022-03-18 03:00:24.275 DEBUG [acme.Launcher@main] Found classpath entry '/C:/Users/carlo/.m2/repository/org/hamcrest/hamcrest/2.2/hamcrest-2.2.jar' 
2022-03-18 03:00:24.276 DEBUG [acme.Launcher@main] Found classpath entry '/C:/Users/carlo/.m2/repository/org/junit/jupiter/junit-jupiter/5.7.0/junit-jupiter-5.7.0.jar' 
2022-03-18 03:00:24.276 DEBUG [acme.Launcher@main] Found classpath entry '/C:/Users/carlo/.m2/repository/org/mockito/mockito-core/3.6.28/mockito-core-3.6.28.jar' 
2022-03-18 03:00:24.276 DEBUG [acme.Launcher@main] Found classpath entry '/C:/Users/carlo/.m2/repository/net/bytebuddy/byte-buddy-agent/1.10.19/byte-buddy-agent-1.10.19.jar' 
2022-03-18 03:00:24.276 DEBUG [acme.Launcher@main] Found classpath entry '/C:/Users/carlo/.m2/repository/org/objenesis/objenesis/3.1/objenesis-3.1.jar' 
2022-03-18 03:00:24.276 DEBUG [acme.Launcher@main] Found classpath entry '/C:/Users/carlo/.m2/repository/org/mockito/mockito-junit-jupiter/3.6.28/mockito-junit-jupiter-3.6.28.jar' 
2022-03-18 03:00:24.277 DEBUG [acme.Launcher@main] Found classpath entry '/C:/Users/carlo/.m2/repository/org/skyscreamer/jsonassert/1.5.0/jsonassert-1.5.0.jar' 
2022-03-18 03:00:24.277 DEBUG [acme.Launcher@main] Found classpath entry '/C:/Users/carlo/.m2/repository/com/vaadin/external/google/android-json/0.0.20131108.vaadin1/android-json-0.0.20131108.vaadin1.jar' 
2022-03-18 03:00:24.277 DEBUG [acme.Launcher@main] Found classpath entry '/C:/Users/carlo/.m2/repository/org/springframework/spring-core/5.3.3/spring-core-5.3.3.jar' 
2022-03-18 03:00:24.277 DEBUG [acme.Launcher@main] Found classpath entry '/C:/Users/carlo/.m2/repository/org/springframework/spring-jcl/5.3.3/spring-jcl-5.3.3.jar' 
2022-03-18 03:00:24.277 DEBUG [acme.Launcher@main] Found classpath entry '/C:/Users/carlo/.m2/repository/org/springframework/spring-test/5.3.3/spring-test-5.3.3.jar' 
2022-03-18 03:00:24.278 DEBUG [acme.Launcher@main] Found classpath entry '/C:/Users/carlo/.m2/repository/org/xmlunit/xmlunit-core/2.7.0/xmlunit-core-2.7.0.jar' 
2022-03-18 03:00:24.278 DEBUG [acme.Launcher@main] Found classpath entry '/C:/Users/carlo/.m2/repository/org/springframework/boot/spring-boot-starter-security/2.4.2/spring-boot-starter-security-2.4.2.jar' 
2022-03-18 03:00:24.278 DEBUG [acme.Launcher@main] Found classpath entry '/C:/Users/carlo/.m2/repository/org/springframework/spring-aop/5.3.3/spring-aop-5.3.3.jar' 
2022-03-18 03:00:24.278 DEBUG [acme.Launcher@main] Found classpath entry '/C:/Users/carlo/.m2/repository/org/springframework/security/spring-security-web/5.4.2/spring-security-web-5.4.2.jar' 
2022-03-18 03:00:24.279 DEBUG [acme.Launcher@main] Found classpath entry '/C:/Users/carlo/.m2/repository/org/springframework/security/spring-security-core/5.4.2/spring-security-core-5.4.2.jar' 
2022-03-18 03:00:24.279 DEBUG [acme.Launcher@main] Found classpath entry '/C:/Users/carlo/.m2/repository/org/springframework/spring-beans/5.3.3/spring-beans-5.3.3.jar' 
2022-03-18 03:00:24.279 DEBUG [acme.Launcher@main] Found classpath entry '/C:/Users/carlo/.m2/repository/org/springframework/spring-context/5.3.3/spring-context-5.3.3.jar' 
2022-03-18 03:00:24.279 DEBUG [acme.Launcher@main] Found classpath entry '/C:/Users/carlo/.m2/repository/org/springframework/spring-expression/5.3.3/spring-expression-5.3.3.jar' 
2022-03-18 03:00:24.279 DEBUG [acme.Launcher@main] Found classpath entry '/C:/Users/carlo/.m2/repository/org/springframework/spring-web/5.3.3/spring-web-5.3.3.jar' 
2022-03-18 03:00:24.280 DEBUG [acme.Launcher@main] Found classpath entry '/C:/Users/carlo/.m2/repository/org/springframework/security/spring-security-config/5.4.2/spring-security-config-5.4.2.jar' 
2022-03-18 03:00:24.280 DEBUG [acme.Launcher@main] Found classpath entry '/C:/Users/carlo/.m2/repository/org/springframework/security/spring-security-taglibs/5.4.2/spring-security-taglibs-5.4.2.jar' 
2022-03-18 03:00:24.280 DEBUG [acme.Launcher@main] Found classpath entry '/C:/Users/carlo/.m2/repository/org/springframework/security/spring-security-acl/5.4.2/spring-security-acl-5.4.2.jar' 
2022-03-18 03:00:24.280 DEBUG [acme.Launcher@main] Found classpath entry '/C:/Users/carlo/.m2/repository/org/springframework/spring-jdbc/5.3.3/spring-jdbc-5.3.3.jar' 
2022-03-18 03:00:24.280 DEBUG [acme.Launcher@main] Found classpath entry '/C:/Users/carlo/.m2/repository/org/springframework/spring-tx/5.3.3/spring-tx-5.3.3.jar' 
2022-03-18 03:00:24.280 DEBUG [acme.Launcher@main] Found classpath entry '/C:/Users/carlo/.m2/repository/org/springframework/boot/spring-boot-starter-web/2.4.2/spring-boot-starter-web-2.4.2.jar' 
2022-03-18 03:00:24.281 DEBUG [acme.Launcher@main] Found classpath entry '/C:/Users/carlo/.m2/repository/org/springframework/boot/spring-boot-starter-json/2.4.2/spring-boot-starter-json-2.4.2.jar' 
2022-03-18 03:00:24.281 DEBUG [acme.Launcher@main] Found classpath entry '/C:/Users/carlo/.m2/repository/com/fasterxml/jackson/core/jackson-databind/2.11.4/jackson-databind-2.11.4.jar' 
2022-03-18 03:00:24.281 DEBUG [acme.Launcher@main] Found classpath entry '/C:/Users/carlo/.m2/repository/com/fasterxml/jackson/core/jackson-annotations/2.11.4/jackson-annotations-2.11.4.jar' 
2022-03-18 03:00:24.281 DEBUG [acme.Launcher@main] Found classpath entry '/C:/Users/carlo/.m2/repository/com/fasterxml/jackson/core/jackson-core/2.11.4/jackson-core-2.11.4.jar' 
2022-03-18 03:00:24.281 DEBUG [acme.Launcher@main] Found classpath entry '/C:/Users/carlo/.m2/repository/com/fasterxml/jackson/datatype/jackson-datatype-jdk8/2.11.4/jackson-datatype-jdk8-2.11.4.jar' 
2022-03-18 03:00:24.281 DEBUG [acme.Launcher@main] Found classpath entry '/C:/Users/carlo/.m2/repository/com/fasterxml/jackson/datatype/jackson-datatype-jsr310/2.11.4/jackson-datatype-jsr310-2.11.4.jar' 
2022-03-18 03:00:24.282 DEBUG [acme.Launcher@main] Found classpath entry '/C:/Users/carlo/.m2/repository/com/fasterxml/jackson/module/jackson-module-parameter-names/2.11.4/jackson-module-parameter-names-2.11.4.jar' 
2022-03-18 03:00:24.282 DEBUG [acme.Launcher@main] Found classpath entry '/C:/Users/carlo/.m2/repository/org/springframework/spring-webmvc/5.3.3/spring-webmvc-5.3.3.jar' 
2022-03-18 03:00:24.282 DEBUG [acme.Launcher@main] Found classpath entry '/C:/Users/carlo/.m2/repository/org/apache/tiles/tiles-jsp/3.0.8/tiles-jsp-3.0.8.jar' 
2022-03-18 03:00:24.282 DEBUG [acme.Launcher@main] Found classpath entry '/C:/Users/carlo/.m2/repository/org/apache/tiles/tiles-servlet/3.0.8/tiles-servlet-3.0.8.jar' 
2022-03-18 03:00:24.282 DEBUG [acme.Launcher@main] Found classpath entry '/C:/Users/carlo/.m2/repository/org/apache/tiles/tiles-core/3.0.8/tiles-core-3.0.8.jar' 
2022-03-18 03:00:24.282 DEBUG [acme.Launcher@main] Found classpath entry '/C:/Users/carlo/.m2/repository/commons-digester/commons-digester/2.0/commons-digester-2.0.jar' 
2022-03-18 03:00:24.283 DEBUG [acme.Launcher@main] Found classpath entry '/C:/Users/carlo/.m2/repository/org/slf4j/jcl-over-slf4j/1.7.30/jcl-over-slf4j-1.7.30.jar' 
2022-03-18 03:00:24.283 DEBUG [acme.Launcher@main] Found classpath entry '/C:/Users/carlo/.m2/repository/org/apache/tiles/tiles-request-servlet/1.0.7/tiles-request-servlet-1.0.7.jar' 
2022-03-18 03:00:24.283 DEBUG [acme.Launcher@main] Found classpath entry '/C:/Users/carlo/.m2/repository/org/apache/tiles/tiles-template/3.0.8/tiles-template-3.0.8.jar' 
2022-03-18 03:00:24.283 DEBUG [acme.Launcher@main] Found classpath entry '/C:/Users/carlo/.m2/repository/org/apache/tiles/tiles-api/3.0.8/tiles-api-3.0.8.jar' 
2022-03-18 03:00:24.283 DEBUG [acme.Launcher@main] Found classpath entry '/C:/Users/carlo/.m2/repository/org/apache/tiles/tiles-autotag-core-runtime/1.2/tiles-autotag-core-runtime-1.2.jar' 
2022-03-18 03:00:24.283 DEBUG [acme.Launcher@main] Found classpath entry '/C:/Users/carlo/.m2/repository/org/slf4j/slf4j-api/1.7.30/slf4j-api-1.7.30.jar' 
2022-03-18 03:00:24.283 DEBUG [acme.Launcher@main] Found classpath entry '/C:/Users/carlo/.m2/repository/org/apache/tiles/tiles-request-jsp/1.0.7/tiles-request-jsp-1.0.7.jar' 
2022-03-18 03:00:24.284 DEBUG [acme.Launcher@main] Found classpath entry '/C:/Users/carlo/.m2/repository/org/apache/tiles/tiles-request-api/1.0.7/tiles-request-api-1.0.7.jar' 
2022-03-18 03:00:24.284 DEBUG [acme.Launcher@main] Found classpath entry '/C:/Users/carlo/.m2/repository/org/springframework/boot/spring-boot-starter-data-jpa/2.4.2/spring-boot-starter-data-jpa-2.4.2.jar' 
2022-03-18 03:00:24.284 DEBUG [acme.Launcher@main] Found classpath entry '/C:/Users/carlo/.m2/repository/org/springframework/boot/spring-boot-starter-aop/2.4.2/spring-boot-starter-aop-2.4.2.jar' 
2022-03-18 03:00:24.284 DEBUG [acme.Launcher@main] Found classpath entry '/C:/Users/carlo/.m2/repository/org/aspectj/aspectjweaver/1.9.6/aspectjweaver-1.9.6.jar' 
2022-03-18 03:00:24.284 DEBUG [acme.Launcher@main] Found classpath entry '/C:/Users/carlo/.m2/repository/org/springframework/boot/spring-boot-starter-jdbc/2.4.2/spring-boot-starter-jdbc-2.4.2.jar' 
2022-03-18 03:00:24.284 DEBUG [acme.Launcher@main] Found classpath entry '/C:/Users/carlo/.m2/repository/jakarta/transaction/jakarta.transaction-api/1.3.3/jakarta.transaction-api-1.3.3.jar' 
2022-03-18 03:00:24.285 DEBUG [acme.Launcher@main] Found classpath entry '/C:/Users/carlo/.m2/repository/jakarta/persistence/jakarta.persistence-api/2.2.3/jakarta.persistence-api-2.2.3.jar' 
2022-03-18 03:00:24.285 DEBUG [acme.Launcher@main] Found classpath entry '/C:/Users/carlo/.m2/repository/org/hibernate/hibernate-core/5.4.27.Final/hibernate-core-5.4.27.Final.jar' 
2022-03-18 03:00:24.285 DEBUG [acme.Launcher@main] Found classpath entry '/C:/Users/carlo/.m2/repository/org/jboss/logging/jboss-logging/3.4.1.Final/jboss-logging-3.4.1.Final.jar' 
2022-03-18 03:00:24.285 DEBUG [acme.Launcher@main] Found classpath entry '/C:/Users/carlo/.m2/repository/org/javassist/javassist/3.27.0-GA/javassist-3.27.0-GA.jar' 
2022-03-18 03:00:24.285 DEBUG [acme.Launcher@main] Found classpath entry '/C:/Users/carlo/.m2/repository/antlr/antlr/2.7.7/antlr-2.7.7.jar' 
2022-03-18 03:00:24.285 DEBUG [acme.Launcher@main] Found classpath entry '/C:/Users/carlo/.m2/repository/org/jboss/jandex/2.1.3.Final/jandex-2.1.3.Final.jar' 
2022-03-18 03:00:24.286 DEBUG [acme.Launcher@main] Found classpath entry '/C:/Users/carlo/.m2/repository/com/fasterxml/classmate/1.5.1/classmate-1.5.1.jar' 
2022-03-18 03:00:24.286 DEBUG [acme.Launcher@main] Found classpath entry '/C:/Users/carlo/.m2/repository/org/dom4j/dom4j/2.1.3/dom4j-2.1.3.jar' 
2022-03-18 03:00:24.286 DEBUG [acme.Launcher@main] Found classpath entry '/C:/Users/carlo/.m2/repository/org/hibernate/common/hibernate-commons-annotations/5.1.2.Final/hibernate-commons-annotations-5.1.2.Final.jar' 
2022-03-18 03:00:24.286 DEBUG [acme.Launcher@main] Found classpath entry '/C:/Users/carlo/.m2/repository/org/glassfish/jaxb/jaxb-runtime/2.3.3/jaxb-runtime-2.3.3.jar' 
2022-03-18 03:00:24.286 DEBUG [acme.Launcher@main] Found classpath entry '/C:/Users/carlo/.m2/repository/org/glassfish/jaxb/txw2/2.3.3/txw2-2.3.3.jar' 
2022-03-18 03:00:24.286 DEBUG [acme.Launcher@main] Found classpath entry '/C:/Users/carlo/.m2/repository/com/sun/istack/istack-commons-runtime/3.0.11/istack-commons-runtime-3.0.11.jar' 
2022-03-18 03:00:24.286 DEBUG [acme.Launcher@main] Found classpath entry '/C:/Users/carlo/.m2/repository/com/sun/activation/jakarta.activation/1.2.2/jakarta.activation-1.2.2.jar' 
2022-03-18 03:00:24.287 DEBUG [acme.Launcher@main] Found classpath entry '/C:/Users/carlo/.m2/repository/org/springframework/data/spring-data-jpa/2.4.3/spring-data-jpa-2.4.3.jar' 
2022-03-18 03:00:24.287 DEBUG [acme.Launcher@main] Found classpath entry '/C:/Users/carlo/.m2/repository/org/springframework/data/spring-data-commons/2.4.3/spring-data-commons-2.4.3.jar' 
2022-03-18 03:00:24.287 DEBUG [acme.Launcher@main] Found classpath entry '/C:/Users/carlo/.m2/repository/org/springframework/spring-orm/5.3.3/spring-orm-5.3.3.jar' 
2022-03-18 03:00:24.287 DEBUG [acme.Launcher@main] Found classpath entry '/C:/Users/carlo/.m2/repository/org/springframework/spring-aspects/5.3.3/spring-aspects-5.3.3.jar' 
2022-03-18 03:00:24.287 DEBUG [acme.Launcher@main] Found classpath entry '/C:/Users/carlo/.m2/repository/org/springframework/boot/spring-boot-starter-validation/2.4.2/spring-boot-starter-validation-2.4.2.jar' 
2022-03-18 03:00:24.287 DEBUG [acme.Launcher@main] Found classpath entry '/C:/Users/carlo/.m2/repository/org/hibernate/validator/hibernate-validator/6.1.7.Final/hibernate-validator-6.1.7.Final.jar' 
2022-03-18 03:00:24.288 DEBUG [acme.Launcher@main] Found classpath entry '/C:/Users/carlo/.m2/repository/jakarta/validation/jakarta.validation-api/2.0.2/jakarta.validation-api-2.0.2.jar' 
2022-03-18 03:00:24.288 DEBUG [acme.Launcher@main] Found classpath entry '/C:/Users/carlo/.m2/repository/mysql/mysql-connector-java/8.0.22/mysql-connector-java-8.0.22.jar' 
2022-03-18 03:00:24.288 DEBUG [acme.Launcher@main] Found classpath entry '/C:/Users/carlo/.m2/repository/com/zaxxer/HikariCP/3.4.5/HikariCP-3.4.5.jar' 
2022-03-18 03:00:24.288 DEBUG [acme.Launcher@main] Found classpath entry '/C:/Users/carlo/.m2/repository/org/junit/jupiter/junit-jupiter-engine/5.7.0/junit-jupiter-engine-5.7.0.jar' 
2022-03-18 03:00:24.288 DEBUG [acme.Launcher@main] Found classpath entry '/C:/Users/carlo/.m2/repository/org/apiguardian/apiguardian-api/1.1.0/apiguardian-api-1.1.0.jar' 
2022-03-18 03:00:24.289 DEBUG [acme.Launcher@main] Found classpath entry '/C:/Users/carlo/.m2/repository/org/junit/platform/junit-platform-engine/1.7.0/junit-platform-engine-1.7.0.jar' 
2022-03-18 03:00:24.289 DEBUG [acme.Launcher@main] Found classpath entry '/C:/Users/carlo/.m2/repository/org/junit/jupiter/junit-jupiter-api/5.7.0/junit-jupiter-api-5.7.0.jar' 
2022-03-18 03:00:24.289 DEBUG [acme.Launcher@main] Found classpath entry '/C:/Users/carlo/.m2/repository/org/opentest4j/opentest4j/1.2.0/opentest4j-1.2.0.jar' 
2022-03-18 03:00:24.289 DEBUG [acme.Launcher@main] Found classpath entry '/C:/Users/carlo/.m2/repository/org/junit/platform/junit-platform-commons/1.7.0/junit-platform-commons-1.7.0.jar' 
2022-03-18 03:00:24.289 DEBUG [acme.Launcher@main] Found classpath entry '/C:/Users/carlo/.m2/repository/org/junit/jupiter/junit-jupiter-params/5.7.0/junit-jupiter-params-5.7.0.jar' 
2022-03-18 03:00:24.289 DEBUG [acme.Launcher@main] Found classpath entry '/C:/Users/carlo/.m2/repository/org/junit/platform/junit-platform-launcher/1.7.0/junit-platform-launcher-1.7.0.jar' 
2022-03-18 03:00:24.289 DEBUG [acme.Launcher@main] Found classpath entry '/C:/Users/carlo/.m2/repository/org/seleniumhq/selenium/selenium-java/3.141.59/selenium-java-3.141.59.jar' 
2022-03-18 03:00:24.290 DEBUG [acme.Launcher@main] Found classpath entry '/C:/Users/carlo/.m2/repository/org/seleniumhq/selenium/selenium-api/3.141.59/selenium-api-3.141.59.jar' 
2022-03-18 03:00:24.291 DEBUG [acme.Launcher@main] Found classpath entry '/C:/Users/carlo/.m2/repository/org/seleniumhq/selenium/selenium-chrome-driver/3.141.59/selenium-chrome-driver-3.141.59.jar' 
2022-03-18 03:00:24.291 DEBUG [acme.Launcher@main] Found classpath entry '/C:/Users/carlo/.m2/repository/org/seleniumhq/selenium/selenium-edge-driver/3.141.59/selenium-edge-driver-3.141.59.jar' 
2022-03-18 03:00:24.291 DEBUG [acme.Launcher@main] Found classpath entry '/C:/Users/carlo/.m2/repository/org/seleniumhq/selenium/selenium-firefox-driver/3.141.59/selenium-firefox-driver-3.141.59.jar' 
2022-03-18 03:00:24.291 DEBUG [acme.Launcher@main] Found classpath entry '/C:/Users/carlo/.m2/repository/org/seleniumhq/selenium/selenium-ie-driver/3.141.59/selenium-ie-driver-3.141.59.jar' 
2022-03-18 03:00:24.291 DEBUG [acme.Launcher@main] Found classpath entry '/C:/Users/carlo/.m2/repository/org/seleniumhq/selenium/selenium-opera-driver/3.141.59/selenium-opera-driver-3.141.59.jar' 
2022-03-18 03:00:24.291 DEBUG [acme.Launcher@main] Found classpath entry '/C:/Users/carlo/.m2/repository/org/seleniumhq/selenium/selenium-remote-driver/3.141.59/selenium-remote-driver-3.141.59.jar' 
2022-03-18 03:00:24.291 DEBUG [acme.Launcher@main] Found classpath entry '/C:/Users/carlo/.m2/repository/org/seleniumhq/selenium/selenium-safari-driver/3.141.59/selenium-safari-driver-3.141.59.jar' 
2022-03-18 03:00:24.291 DEBUG [acme.Launcher@main] Found classpath entry '/C:/Users/carlo/.m2/repository/org/seleniumhq/selenium/selenium-support/3.141.59/selenium-support-3.141.59.jar' 
2022-03-18 03:00:24.291 DEBUG [acme.Launcher@main] Found classpath entry '/C:/Users/carlo/.m2/repository/net/bytebuddy/byte-buddy/1.10.19/byte-buddy-1.10.19.jar' 
2022-03-18 03:00:24.292 DEBUG [acme.Launcher@main] Found classpath entry '/C:/Users/carlo/.m2/repository/org/apache/commons/commons-exec/1.3/commons-exec-1.3.jar' 
2022-03-18 03:00:24.292 DEBUG [acme.Launcher@main] Found classpath entry '/C:/Users/carlo/.m2/repository/com/google/guava/guava/25.0-jre/guava-25.0-jre.jar' 
2022-03-18 03:00:24.292 DEBUG [acme.Launcher@main] Found classpath entry '/C:/Users/carlo/.m2/repository/com/google/code/findbugs/jsr305/1.3.9/jsr305-1.3.9.jar' 
2022-03-18 03:00:24.292 DEBUG [acme.Launcher@main] Found classpath entry '/C:/Users/carlo/.m2/repository/org/checkerframework/checker-compat-qual/2.0.0/checker-compat-qual-2.0.0.jar' 
2022-03-18 03:00:24.292 DEBUG [acme.Launcher@main] Found classpath entry '/C:/Users/carlo/.m2/repository/com/google/errorprone/error_prone_annotations/2.1.3/error_prone_annotations-2.1.3.jar' 
2022-03-18 03:00:24.292 DEBUG [acme.Launcher@main] Found classpath entry '/C:/Users/carlo/.m2/repository/com/google/j2objc/j2objc-annotations/1.1/j2objc-annotations-1.1.jar' 
2022-03-18 03:00:24.293 DEBUG [acme.Launcher@main] Found classpath entry '/C:/Users/carlo/.m2/repository/org/codehaus/mojo/animal-sniffer-annotations/1.14/animal-sniffer-annotations-1.14.jar' 
2022-03-18 03:00:24.293 DEBUG [acme.Launcher@main] Found classpath entry '/C:/Users/carlo/.m2/repository/com/squareup/okhttp3/okhttp/3.14.9/okhttp-3.14.9.jar' 
2022-03-18 03:00:24.293 DEBUG [acme.Launcher@main] Found classpath entry '/C:/Users/carlo/.m2/repository/com/squareup/okio/okio/1.14.0/okio-1.14.0.jar' 
2022-03-18 03:00:24.293 DEBUG [acme.Launcher@main] Found classpath entry '/C:/Users/carlo/.m2/repository/org/apache/commons/commons-lang3/3.11/commons-lang3-3.11.jar' 
2022-03-18 03:00:24.293 DEBUG [acme.Launcher@main] Found classpath entry '/C:/Users/carlo/.m2/repository/org/apache/commons/commons-text/1.8/commons-text-1.8.jar' 
2022-03-18 03:00:24.293 DEBUG [acme.Launcher@main] Found classpath entry '/C:/Users/carlo/.m2/repository/commons-io/commons-io/2.6/commons-io-2.6.jar' 
2022-03-18 03:00:24.293 DEBUG [acme.Launcher@main] Found classpath entry '/C:/Users/carlo/.m2/repository/commons-cli/commons-cli/1.4/commons-cli-1.4.jar' 
2022-03-18 03:00:24.293 DEBUG [acme.Launcher@main] Found classpath entry '/C:/Users/carlo/.m2/repository/org/projectlombok/lombok/1.18.16/lombok-1.18.16.jar' 
2022-03-18 03:00:24.293 DEBUG [acme.Launcher@main] Found classpath entry '/C:/Users/carlo/.m2/repository/com/opencsv/opencsv/5.4/opencsv-5.4.jar' 
2022-03-18 03:00:24.293 DEBUG [acme.Launcher@main] Found classpath entry '/C:/Users/carlo/.m2/repository/commons-beanutils/commons-beanutils/1.9.4/commons-beanutils-1.9.4.jar' 
2022-03-18 03:00:24.295 DEBUG [acme.Launcher@main] Found classpath entry '/C:/Users/carlo/.m2/repository/commons-logging/commons-logging/1.2/commons-logging-1.2.jar' 
2022-03-18 03:00:24.295 DEBUG [acme.Launcher@main] Found classpath entry '/C:/Users/carlo/.m2/repository/commons-collections/commons-collections/3.2.2/commons-collections-3.2.2.jar' 
2022-03-18 03:00:24.295 DEBUG [acme.Launcher@main] Found classpath entry '/C:/Users/carlo/.m2/repository/org/apache/commons/commons-collections4/4.4/commons-collections4-4.4.jar' 
2022-03-18 03:00:24.295 DEBUG [acme.Launcher@main] Found classpath entry '/C:/Users/carlo/Desktop/Workspace-22.0/Frameworks/Acme-Framework-22.1/target/classes/' 
2022-03-18 03:00:24.295 DEBUG [acme.Launcher@main] Found classpath entry '/C:/Users/carlo/Desktop/Workspace-22.0/Frameworks/Acme-Framework-22.1/target/test-classes/' 
2022-03-18 03:00:24.392 DEBUG [acme.Launcher@main] Found entity class 'acme.entities.Configuration 
2022-03-18 03:00:24.393 DEBUG [acme.Launcher@main] Found entity class 'acme.entities.announcements.Announcement 
2022-03-18 03:00:24.393 DEBUG [acme.Launcher@main] Found entity class 'acme.entities.chirps.Chirp 
2022-03-18 03:00:24.393 DEBUG [acme.Launcher@main] Found entity class 'acme.entities.components.Component 
2022-03-18 03:00:24.393 DEBUG [acme.Launcher@main] Found entity class 'acme.entities.patronages.Patronage 
2022-03-18 03:00:24.393 DEBUG [acme.Launcher@main] Found entity class 'acme.entities.patronages.PatronageReport 
2022-03-18 03:00:24.393 DEBUG [acme.Launcher@main] Found entity class 'acme.entities.toolkits.Toolkit 
2022-03-18 03:00:24.393 DEBUG [acme.Launcher@main] Found entity class 'acme.entities.tools.Tool 
2022-03-18 03:00:24.394 DEBUG [acme.Launcher@main] Found entity class 'acme.roles.Consumer 
2022-03-18 03:00:24.394 DEBUG [acme.Launcher@main] Found entity class 'acme.roles.Inventor 
2022-03-18 03:00:24.394 DEBUG [acme.Launcher@main] Found entity class 'acme.roles.Patron 
2022-03-18 03:00:24.394 DEBUG [acme.Launcher@main] Found entity class 'acme.roles.Provider 
2022-03-18 03:00:24.394 DEBUG [acme.Launcher@main] Found entity class 'acme.framework.entities.UserAccount 
2022-03-18 03:00:24.394 DEBUG [acme.Launcher@main] Found entity class 'acme.framework.roles.Administrator 
2022-03-18 03:00:24.395 DEBUG [acme.Launcher@main] Found entity class 'acme.framework.roles.Anonymous 
2022-03-18 03:00:24.395 DEBUG [acme.Launcher@main] Found entity class 'acme.framework.roles.Authenticated 
2022-03-18 03:00:24.399 INFO  [acme.Launcher@main] Populating (sample data) 
2022-03-18 03:00:24.400 INFO  [acme.framework.components.database.DatabasePopulator@main] Building database schema 
2022-03-18 03:00:24.442 DEBUG [acme.framework.components.database.DatabaseUtil@main] Executing script. 
2022-03-18 03:00:24.442 DEBUG [acme.framework.components.database.DatabaseUtil@main] Starting new transaction. 
2022-03-18 03:00:24.451 DEBUG [acme.framework.components.database.DatabaseUtil@main] Executing command 'set transaction isolation level read uncommitted;'. 
2022-03-18 03:00:24.468 DEBUG [acme.framework.components.database.DatabaseUtil@main] Starting transaction '1133251247'. 
2022-03-18 03:00:24.469 DEBUG [acme.framework.components.database.DatabaseUtil@main] Executing script command 'set foreign_key_checks=0'. 
2022-03-18 03:00:24.469 DEBUG [acme.framework.components.database.DatabaseUtil@main] Executing script command 'drop table if exists administrator'. 
2022-03-18 03:00:24.523 DEBUG [acme.framework.components.database.DatabaseUtil@main] Executing script command 'drop table if exists announcement'. 
2022-03-18 03:00:24.539 DEBUG [acme.framework.components.database.DatabaseUtil@main] Executing script command 'drop table if exists anonymous'. 
2022-03-18 03:00:24.554 DEBUG [acme.framework.components.database.DatabaseUtil@main] Executing script command 'drop table if exists authenticated'. 
2022-03-18 03:00:24.568 DEBUG [acme.framework.components.database.DatabaseUtil@main] Executing script command 'drop table if exists chirp'. 
2022-03-18 03:00:24.583 DEBUG [acme.framework.components.database.DatabaseUtil@main] Executing script command 'drop table if exists component'. 
2022-03-18 03:00:24.597 DEBUG [acme.framework.components.database.DatabaseUtil@main] Executing script command 'drop table if exists configuration'. 
2022-03-18 03:00:24.612 DEBUG [acme.framework.components.database.DatabaseUtil@main] Executing script command 'drop table if exists consumer'. 
2022-03-18 03:00:24.627 DEBUG [acme.framework.components.database.DatabaseUtil@main] Executing script command 'drop table if exists hibernate_sequence'. 
2022-03-18 03:00:24.642 DEBUG [acme.framework.components.database.DatabaseUtil@main] Executing script command 'drop table if exists inventor'. 
2022-03-18 03:00:24.657 DEBUG [acme.framework.components.database.DatabaseUtil@main] Executing script command 'drop table if exists patron'. 
2022-03-18 03:00:24.672 DEBUG [acme.framework.components.database.DatabaseUtil@main] Executing script command 'drop table if exists patronage'. 
2022-03-18 03:00:24.687 DEBUG [acme.framework.components.database.DatabaseUtil@main] Executing script command 'drop table if exists patronage_report'. 
2022-03-18 03:00:24.702 DEBUG [acme.framework.components.database.DatabaseUtil@main] Executing script command 'drop table if exists provider'. 
2022-03-18 03:00:24.717 DEBUG [acme.framework.components.database.DatabaseUtil@main] Executing script command 'drop table if exists tool'. 
2022-03-18 03:00:24.731 DEBUG [acme.framework.components.database.DatabaseUtil@main] Executing script command 'drop table if exists toolkit'. 
2022-03-18 03:00:24.747 DEBUG [acme.framework.components.database.DatabaseUtil@main] Executing script command 'drop table if exists user_account'. 
2022-03-18 03:00:24.762 DEBUG [acme.framework.components.database.DatabaseUtil@main] Executing script command 'set foreign_key_checks=1'. 
2022-03-18 03:00:24.763 DEBUG [acme.framework.components.database.DatabaseUtil@main] Committing transaction '1133251247'. 
2022-03-18 03:00:24.774 DEBUG [acme.framework.components.database.DatabaseUtil@main] Executing script. 
2022-03-18 03:00:24.775 DEBUG [acme.framework.components.database.DatabaseUtil@main] Starting new transaction. 
2022-03-18 03:00:24.775 DEBUG [acme.framework.components.database.DatabaseUtil@main] Executing command 'set transaction isolation level read uncommitted;'. 
2022-03-18 03:00:24.775 DEBUG [acme.framework.components.database.DatabaseUtil@main] Starting transaction '1199303255'. 
2022-03-18 03:00:24.776 DEBUG [acme.framework.components.database.DatabaseUtil@main] Executing script command 'set foreign_key_checks=0'. 
2022-03-18 03:00:24.776 DEBUG [acme.framework.components.database.DatabaseUtil@main] Executing script command 'create table administrator (id integer not null, version integer not null, user_account_id integer, primary key (id)) engine=InnoDB'. 
2022-03-18 03:00:24.796 DEBUG [acme.framework.components.database.DatabaseUtil@main] Executing script command 'create table announcement (id integer not null, version integer not null, url varchar(255), body varchar(255), creation datetime, critical_flag bit, title varchar(255), primary key (id)) engine=InnoDB'. 
2022-03-18 03:00:24.816 DEBUG [acme.framework.components.database.DatabaseUtil@main] Executing script command 'create table anonymous (id integer not null, version integer not null, user_account_id integer, primary key (id)) engine=InnoDB'. 
2022-03-18 03:00:24.835 DEBUG [acme.framework.components.database.DatabaseUtil@main] Executing script command 'create table authenticated (id integer not null, version integer not null, user_account_id integer, primary key (id)) engine=InnoDB'. 
2022-03-18 03:00:24.857 DEBUG [acme.framework.components.database.DatabaseUtil@main] Executing script command 'create table chirp (id integer not null, version integer not null, author varchar(255), body varchar(255), email varchar(255), title varchar(255), primary key (id)) engine=InnoDB'. 
2022-03-18 03:00:24.877 DEBUG [acme.framework.components.database.DatabaseUtil@main] Executing script command 'create table component (id integer not null, version integer not null, code varchar(255), description varchar(255), name varchar(255), optional_link varchar(255), retail_price_amount double precision, retail_price_currency varchar(255), technology varchar(255), primary key (id)) engine=InnoDB'. 
2022-03-18 03:00:24.895 DEBUG [acme.framework.components.database.DatabaseUtil@main] Executing script command 'create table configuration (id integer not null, version integer not null, accepted_currencies varchar(255), default_currency varchar(255), strong_spam_terms varchar(255), strong_spam_threshold double precision, weak_spam_terms varchar(255), weak_spam_threshold double precision, primary key (id)) engine=InnoDB'. 
2022-03-18 03:00:24.915 DEBUG [acme.framework.components.database.DatabaseUtil@main] Executing script command 'create table consumer (id integer not null, version integer not null, user_account_id integer, company varchar(255), sector varchar(255), primary key (id)) engine=InnoDB'. 
2022-03-18 03:00:24.935 DEBUG [acme.framework.components.database.DatabaseUtil@main] Executing script command 'create table hibernate_sequence (next_val bigint) engine=InnoDB'. 
2022-03-18 03:00:24.955 DEBUG [acme.framework.components.database.DatabaseUtil@main] Executing script command 'insert into hibernate_sequence values ( 1 )'. 
2022-03-18 03:00:24.959 DEBUG [acme.framework.components.database.DatabaseUtil@main] Executing script command 'create table inventor (id integer not null, version integer not null, user_account_id integer, company varchar(255), link varchar(255), statement varchar(255), primary key (id)) engine=InnoDB'. 
2022-03-18 03:00:24.980 DEBUG [acme.framework.components.database.DatabaseUtil@main] Executing script command 'create table patron (id integer not null, version integer not null, user_account_id integer, company varchar(255), link varchar(255), statement varchar(255), primary key (id)) engine=InnoDB'. 
2022-03-18 03:00:25 DEBUG [acme.framework.components.database.DatabaseUtil@main] Executing script command 'create table patronage (id integer not null, version integer not null, budget_amount double precision, budget_currency varchar(255), code varchar(255), end_period datetime, legal_stuff varchar(255), link varchar(255), start_period datetime, status integer, inventor_id integer not null, patron_id integer not null, primary key (id)) engine=InnoDB'. 
2022-03-18 03:00:25.021 DEBUG [acme.framework.components.database.DatabaseUtil@main] Executing script command 'create table patronage_report (id integer not null, version integer not null, creation_moment datetime, link varchar(255), memorandum varchar(255), sequence_number varchar(255), patronage_id integer, primary key (id)) engine=InnoDB'. 
2022-03-18 03:00:25.041 DEBUG [acme.framework.components.database.DatabaseUtil@main] Executing script command 'create table provider (id integer not null, version integer not null, user_account_id integer, company varchar(255), sector varchar(255), primary key (id)) engine=InnoDB'. 
2022-03-18 03:00:25.061 DEBUG [acme.framework.components.database.DatabaseUtil@main] Executing script command 'create table tool (id integer not null, version integer not null, code varchar(255), description varchar(255), name varchar(255), optional_link varchar(255), retail_price_amount double precision, retail_price_currency varchar(255), technology varchar(255), primary key (id)) engine=InnoDB'. 
2022-03-18 03:00:25.081 DEBUG [acme.framework.components.database.DatabaseUtil@main] Executing script command 'create table toolkit (id integer not null, version integer not null, assembly_note varchar(255), code varchar(255), description varchar(255), optional_link varchar(255), title varchar(255), component_id integer, tool_id integer not null, primary key (id)) engine=InnoDB'. 
2022-03-18 03:00:25.102 DEBUG [acme.framework.components.database.DatabaseUtil@main] Executing script command 'create table user_account (id integer not null, version integer not null, enabled bit not null, identity blob, password varchar(255), username varchar(255), primary key (id)) engine=InnoDB'. 
2022-03-18 03:00:25.124 DEBUG [acme.framework.components.database.DatabaseUtil@main] Executing script command 'alter table component add constraint UK_24wq1y3l3mfjohvgtsewd3vo unique (code)'. 
2022-03-18 03:00:25.155 DEBUG [acme.framework.components.database.DatabaseUtil@main] Executing script command 'alter table patronage add constraint UK_7s289l63ihnn85qwyna5cqbfh unique (code)'. 
2022-03-18 03:00:25.197 DEBUG [acme.framework.components.database.DatabaseUtil@main] Executing script command 'alter table patronage_report add constraint UK_138f2dgicdjhonrucx287hva6 unique (sequence_number)'. 
2022-03-18 03:00:25.226 DEBUG [acme.framework.components.database.DatabaseUtil@main] Executing script command 'alter table tool add constraint UK_puoe6iyimealhblj4mlwyn3t3 unique (code)'. 
2022-03-18 03:00:25.252 DEBUG [acme.framework.components.database.DatabaseUtil@main] Executing script command 'alter table toolkit add constraint UK_c3okkynhghye946qkofit3y7o unique (tool_id)'. 
2022-03-18 03:00:25.279 DEBUG [acme.framework.components.database.DatabaseUtil@main] Executing script command 'alter table toolkit add constraint UK_qvml9bbjdvicrw1wt0e1bej3c unique (code)'. 
2022-03-18 03:00:25.310 DEBUG [acme.framework.components.database.DatabaseUtil@main] Executing script command 'alter table user_account add constraint UK_castjbvpeeus0r8lbpehiu0e4 unique (username)'. 
2022-03-18 03:00:25.338 DEBUG [acme.framework.components.database.DatabaseUtil@main] Executing script command 'alter table administrator add constraint FK_2a5vcjo3stlfcwadosjfq49l1 foreign key (user_account_id) references user_account (id)'. 
2022-03-18 03:00:25.368 DEBUG [acme.framework.components.database.DatabaseUtil@main] Executing script command 'alter table anonymous add constraint FK_6lnbc6fo3om54vugoh8icg78m foreign key (user_account_id) references user_account (id)'. 
2022-03-18 03:00:25.397 DEBUG [acme.framework.components.database.DatabaseUtil@main] Executing script command 'alter table authenticated add constraint FK_h52w0f3wjoi68b63wv9vwon57 foreign key (user_account_id) references user_account (id)'. 
2022-03-18 03:00:25.425 DEBUG [acme.framework.components.database.DatabaseUtil@main] Executing script command 'alter table consumer add constraint FK_6cyha9f1wpj0dpbxrrjddrqed foreign key (user_account_id) references user_account (id)'. 
2022-03-18 03:00:25.454 DEBUG [acme.framework.components.database.DatabaseUtil@main] Executing script command 'alter table inventor add constraint FK_2upmsx50p5pou2l4uy8trxor6 foreign key (user_account_id) references user_account (id)'. 
2022-03-18 03:00:25.482 DEBUG [acme.framework.components.database.DatabaseUtil@main] Executing script command 'alter table patron add constraint FK_8xx5nujhuio3advxc2freyu65 foreign key (user_account_id) references user_account (id)'. 
2022-03-18 03:00:25.511 DEBUG [acme.framework.components.database.DatabaseUtil@main] Executing script command 'alter table patronage add constraint FKgkbt6mel1m6joiypsbc2ko6mi foreign key (inventor_id) references inventor (id)'. 
2022-03-18 03:00:25.540 DEBUG [acme.framework.components.database.DatabaseUtil@main] Executing script command 'alter table patronage add constraint FK7d5o2dlu1d9orplkn5g91lsgc foreign key (patron_id) references patron (id)'. 
2022-03-18 03:00:25.569 DEBUG [acme.framework.components.database.DatabaseUtil@main] Executing script command 'alter table patronage_report add constraint FKli7rh2qb2q6bjix6b8o2dpt41 foreign key (patronage_id) references patronage (id)'. 
2022-03-18 03:00:25.597 DEBUG [acme.framework.components.database.DatabaseUtil@main] Executing script command 'alter table provider add constraint FK_b1gwnjqm6ggy9yuiqm0o4rlmd foreign key (user_account_id) references user_account (id)'. 
2022-03-18 03:00:25.626 DEBUG [acme.framework.components.database.DatabaseUtil@main] Executing script command 'alter table toolkit add constraint FKf4bj14k460imc1pb6p5orr0k4 foreign key (component_id) references component (id)'. 
2022-03-18 03:00:25.656 DEBUG [acme.framework.components.database.DatabaseUtil@main] Executing script command 'alter table toolkit add constraint FKbkxo18pk88hja2voup7ypdsmx foreign key (tool_id) references tool (id)'. 
2022-03-18 03:00:25.678 DEBUG [acme.framework.components.database.DatabaseUtil@main] Executing script command 'set foreign_key_checks=1'. 
2022-03-18 03:00:25.679 DEBUG [acme.framework.components.database.DatabaseUtil@main] Committing transaction '1199303255'. 
2022-03-18 03:00:25.682 INFO  [acme.framework.components.database.DatabasePopulator@main] Reading entities from 'classpath:/WEB-INF/resources/initial-data' 
2022-03-18 03:00:25.689 DEBUG [acme.framework.components.database.Dataset@main] Reading dataset from 'C:\Users\carlo\Desktop\dp2\Acme-Toolkits\target\classes\WEB-INF\resources\initial-data\administrator.csv' 
2022-03-18 03:00:25.776 DEBUG [acme.framework.components.database.Dataset@main] Reading mapping '{key:user-account=user-account-administrator-01, key=administrator-01}' from 'C:\Users\carlo\Desktop\dp2\Acme-Toolkits\target\classes\WEB-INF\resources\initial-data\administrator.csv' 
2022-03-18 03:00:25.777 DEBUG [acme.framework.components.database.Dataset@main] Reading dataset from 'C:\Users\carlo\Desktop\dp2\Acme-Toolkits\target\classes\WEB-INF\resources\initial-data\anonymous.csv' 
2022-03-18 03:00:25.778 DEBUG [acme.framework.components.database.Dataset@main] Reading mapping '{key:user-account=user-account-anonymous-01, key=anonymous-01}' from 'C:\Users\carlo\Desktop\dp2\Acme-Toolkits\target\classes\WEB-INF\resources\initial-data\anonymous.csv' 
2022-03-18 03:00:25.779 DEBUG [acme.framework.components.database.Dataset@main] Reading dataset from 'C:\Users\carlo\Desktop\dp2\Acme-Toolkits\target\classes\WEB-INF\resources\initial-data\authenticated.csv' 
2022-03-18 03:00:25.779 DEBUG [acme.framework.components.database.Dataset@main] Reading mapping '{key:user-account=user-account-administrator-01, key=authenticated-administrator-01}' from 'C:\Users\carlo\Desktop\dp2\Acme-Toolkits\target\classes\WEB-INF\resources\initial-data\authenticated.csv' 
2022-03-18 03:00:25.779 DEBUG [acme.framework.components.database.Dataset@main] Reading mapping '{key:user-account=user-account-inventor-01, key=authenticated-inventor-01}' from 'C:\Users\carlo\Desktop\dp2\Acme-Toolkits\target\classes\WEB-INF\resources\initial-data\authenticated.csv' 
2022-03-18 03:00:25.779 DEBUG [acme.framework.components.database.Dataset@main] Reading mapping '{key:user-account=user-account-inventor-02, key=authenticated-inventor-02}' from 'C:\Users\carlo\Desktop\dp2\Acme-Toolkits\target\classes\WEB-INF\resources\initial-data\authenticated.csv' 
2022-03-18 03:00:25.780 DEBUG [acme.framework.components.database.Dataset@main] Reading mapping '{key:user-account=user-account-patron-01, key=authenticated-patron-01}' from 'C:\Users\carlo\Desktop\dp2\Acme-Toolkits\target\classes\WEB-INF\resources\initial-data\authenticated.csv' 
2022-03-18 03:00:25.780 DEBUG [acme.framework.components.database.Dataset@main] Reading mapping '{key:user-account=user-account-patron-02, key=authenticated-patron-02}' from 'C:\Users\carlo\Desktop\dp2\Acme-Toolkits\target\classes\WEB-INF\resources\initial-data\authenticated.csv' 
2022-03-18 03:00:25.780 DEBUG [acme.framework.components.database.Dataset@main] Reading dataset from 'C:\Users\carlo\Desktop\dp2\Acme-Toolkits\target\classes\WEB-INF\resources\initial-data\configuration.csv' 
2022-03-18 03:00:25.781 DEBUG [acme.framework.components.database.Dataset@main] Reading mapping '{acceptedCurrencies=EUR-USD-GBP, weakSpamTerms=sexy:sexi:nigeria:you've won:has ganado:one million:un millón, defaultCurrency=EUR, strongSpamTerms=sex:sexo:hard core:duro:viagra:cialis, weakSpamThreshold=0.25, strongSpamThreshold=0.10, key=configuration-01}' from 'C:\Users\carlo\Desktop\dp2\Acme-Toolkits\target\classes\WEB-INF\resources\initial-data\configuration.csv' 
2022-03-18 03:00:25.782 DEBUG [acme.framework.components.database.Dataset@main] Reading dataset from 'C:\Users\carlo\Desktop\dp2\Acme-Toolkits\target\classes\WEB-INF\resources\initial-data\inventor.csv' 
2022-03-18 03:00:25.782 DEBUG [acme.framework.components.database.Dataset@main] Reading mapping '{key:user-account=user-account-inventor-01, statement=To accelerate the world's transition to sustainable energy., link=https://en.wikipedia.org/wiki/Ecology, company=Acme Ecologic, Inc., key=inventor-01}' from 'C:\Users\carlo\Desktop\dp2\Acme-Toolkits\target\classes\WEB-INF\resources\initial-data\inventor.csv' 
2022-03-18 03:00:25.783 DEBUG [acme.framework.components.database.Dataset@main] Reading mapping '{key:user-account=user-account-inventor-02, statement=Spread ideas., link=https://en.wikipedia.org/wiki/Idea, company=Acme Logic, Inc., key=inventor-02}' from 'C:\Users\carlo\Desktop\dp2\Acme-Toolkits\target\classes\WEB-INF\resources\initial-data\inventor.csv' 
2022-03-18 03:00:25.783 DEBUG [acme.framework.components.database.Dataset@main] Reading dataset from 'C:\Users\carlo\Desktop\dp2\Acme-Toolkits\target\classes\WEB-INF\resources\initial-data\patron.csv' 
2022-03-18 03:00:25.784 DEBUG [acme.framework.components.database.Dataset@main] Reading mapping '{key:user-account=user-account-patron-01, statement=To accelerate the world's transition to sustainable energy., link=https://en.wikipedia.org/wiki/Ecology, company=Acme Ecologic, Inc., key=patron-01}' from 'C:\Users\carlo\Desktop\dp2\Acme-Toolkits\target\classes\WEB-INF\resources\initial-data\patron.csv' 
2022-03-18 03:00:25.784 DEBUG [acme.framework.components.database.Dataset@main] Reading mapping '{key:user-account=user-account-patron-02, statement=Spread ideas., link=https://en.wikipedia.org/wiki/Idea, company=Acme Logic, Inc., key=patron-02}' from 'C:\Users\carlo\Desktop\dp2\Acme-Toolkits\target\classes\WEB-INF\resources\initial-data\patron.csv' 
2022-03-18 03:00:25.786 DEBUG [acme.framework.components.database.Dataset@main] Reading dataset from 'C:\Users\carlo\Desktop\dp2\Acme-Toolkits\target\classes\WEB-INF\resources\initial-data\user-account.csv' 
2022-03-18 03:00:25.786 DEBUG [acme.framework.components.database.Dataset@main] Reading mapping '{password=HIDDEN-PASSWORD, identity=UserIdentity{name: 'John', surname: 'Doe', email: 'john.doe@acme.com'}, key=user-account-anonymous-01, enabled=false, username=anonymous}' from 'C:\Users\carlo\Desktop\dp2\Acme-Toolkits\target\classes\WEB-INF\resources\initial-data\user-account.csv' 
2022-03-18 03:00:25.787 DEBUG [acme.framework.components.database.Dataset@main] Reading mapping '{password=administrator, identity=UserIdentity{name: 'Administrator', surname: 'Acme', email: 'administrator@acme.com'}, key=user-account-administrator-01, enabled=true, username=administrator}' from 'C:\Users\carlo\Desktop\dp2\Acme-Toolkits\target\classes\WEB-INF\resources\initial-data\user-account.csv' 
2022-03-18 03:00:25.787 DEBUG [acme.framework.components.database.Dataset@main] Reading mapping '{password=inventor1, identity=UserIdentity{name: 'Inventor', surname: 'Number One', email: 'inventor1@acme.com'}, key=user-account-inventor-01, enabled=true, username=inventor1}' from 'C:\Users\carlo\Desktop\dp2\Acme-Toolkits\target\classes\WEB-INF\resources\initial-data\user-account.csv' 
2022-03-18 03:00:25.787 DEBUG [acme.framework.components.database.Dataset@main] Reading mapping '{password=inventor2, identity=UserIdentity{name: 'Inventor', surname: 'Number Two', email: 'inventor2@acme.com'}, key=user-account-inventor-02, enabled=true, username=inventor2}' from 'C:\Users\carlo\Desktop\dp2\Acme-Toolkits\target\classes\WEB-INF\resources\initial-data\user-account.csv' 
2022-03-18 03:00:25.788 DEBUG [acme.framework.components.database.Dataset@main] Reading mapping '{password=patron1, identity=UserIdentity{name: 'Patron', surname: 'Number One', email: 'patron1@acme.com'}, key=user-account-patron-01, enabled=true, username=patron1}' from 'C:\Users\carlo\Desktop\dp2\Acme-Toolkits\target\classes\WEB-INF\resources\initial-data\user-account.csv' 
2022-03-18 03:00:25.788 DEBUG [acme.framework.components.database.Dataset@main] Reading mapping '{password=patron2, identity=UserIdentity{name: 'Patron', surname: 'Number Two', email: 'patron2@acme.com'}, key=user-account-patron-02, enabled=true, username=patron2}' from 'C:\Users\carlo\Desktop\dp2\Acme-Toolkits\target\classes\WEB-INF\resources\initial-data\user-account.csv' 
2022-03-18 03:00:25.789 DEBUG [acme.framework.components.database.EntityWeb@main] Setting attributes of entities of class acme.framework.roles.Anonymous 
2022-03-18 03:00:25.789 DEBUG [acme.framework.components.database.EntityWeb@main] Setting attributes of entities of class acme.framework.entities.UserAccount 
2022-03-18 03:00:26.002 DEBUG [acme.framework.components.database.EntityWeb@main] Setting attributes of entities of class acme.framework.roles.Administrator 
2022-03-18 03:00:26.003 DEBUG [acme.framework.components.database.EntityWeb@main] Setting attributes of entities of class acme.entities.Configuration 
2022-03-18 03:00:26.007 DEBUG [acme.framework.components.database.EntityWeb@main] Setting attributes of entities of class acme.framework.roles.Authenticated 
2022-03-18 03:00:26.008 DEBUG [acme.framework.components.database.EntityWeb@main] Setting attributes of entities of class acme.roles.Inventor 
2022-03-18 03:00:26.016 DEBUG [acme.framework.components.database.EntityWeb@main] Setting attributes of entities of class acme.roles.Patron 
2022-03-18 03:00:26.021 DEBUG [acme.framework.components.database.EntityWeb@main] Linking entities of class acme.framework.roles.Anonymous 
2022-03-18 03:00:26.028 DEBUG [acme.framework.components.database.EntityWeb@main] Linking entities of class acme.framework.entities.UserAccount 
2022-03-18 03:00:26.029 DEBUG [acme.framework.components.database.EntityWeb@main] Linking entities of class acme.framework.roles.Administrator 
2022-03-18 03:00:26.033 DEBUG [acme.framework.components.database.EntityWeb@main] Linking entities of class acme.entities.Configuration 
2022-03-18 03:00:26.033 DEBUG [acme.framework.components.database.EntityWeb@main] Linking entities of class acme.framework.roles.Authenticated 
2022-03-18 03:00:26.041 DEBUG [acme.framework.components.database.EntityWeb@main] Linking entities of class acme.roles.Inventor 
2022-03-18 03:00:26.041 DEBUG [acme.framework.components.database.EntityWeb@main] Linking entities of class acme.roles.Patron 
2022-03-18 03:00:26.043 INFO  [acme.framework.components.database.DatabasePopulator@main] Reading entities from 'classpath:/WEB-INF/resources/sample-data' 
2022-03-18 03:00:26.045 DEBUG [acme.framework.components.database.Dataset@main] Reading dataset from 'C:\Users\carlo\Desktop\dp2\Acme-Toolkits\target\classes\WEB-INF\resources\sample-data\announcement.csv' 
2022-03-18 03:00:26.045 DEBUG [acme.framework.components.database.Dataset@main] Reading mapping '{criticalFlag=true, title=Title 01, body=Body 01, key=announcement-01, email=email@01.com, creation=2022/01/01 10:00, URL=https://www.twitch.tv}' from 'C:\Users\carlo\Desktop\dp2\Acme-Toolkits\target\classes\WEB-INF\resources\sample-data\announcement.csv' 
2022-03-18 03:00:26.045 DEBUG [acme.framework.components.database.Dataset@main] Reading mapping '{criticalFlag=false, title=Title 02, body=Body 02, key=announcement-02, email=email@02.com, creation=2022/02/02 20:00, URL=https://www.twitch.tv}' from 'C:\Users\carlo\Desktop\dp2\Acme-Toolkits\target\classes\WEB-INF\resources\sample-data\announcement.csv' 
2022-03-18 03:00:26.046 DEBUG [acme.framework.components.database.Dataset@main] Reading mapping '{criticalFlag=true, title=Title 03, body=Body 03, key=announcement-03, email=email@03.com, creation=2022/03/03 03:00, URL=https://www.twitch.tv}' from 'C:\Users\carlo\Desktop\dp2\Acme-Toolkits\target\classes\WEB-INF\resources\sample-data\announcement.csv' 
2022-03-18 03:00:26.046 DEBUG [acme.framework.components.database.Dataset@main] Reading mapping '{criticalFlag=false, title=Title 04, body=Body 04, key=announcement-04, email=email@04.com, creation=2022/02/01 12:00, URL=https://www.twitch.tv}' from 'C:\Users\carlo\Desktop\dp2\Acme-Toolkits\target\classes\WEB-INF\resources\sample-data\announcement.csv' 
2022-03-18 03:00:26.046 DEBUG [acme.framework.components.database.Dataset@main] Reading mapping '{criticalFlag=false, title=Title 05, body=Body 05, key=announcement-05, email=email@05.com, creation=2022/02/03 14:00, URL=https://www.twitch.tv}' from 'C:\Users\carlo\Desktop\dp2\Acme-Toolkits\target\classes\WEB-INF\resources\sample-data\announcement.csv' 
2022-03-18 03:00:26.046 DEBUG [acme.framework.components.database.Dataset@main] Reading mapping '{criticalFlag=false, title=Title 06, body=Body 06, key=announcement-06, email=email@06.com, creation=2022/01/01 13:00, URL=https://www.twitch.tv}' from 'C:\Users\carlo\Desktop\dp2\Acme-Toolkits\target\classes\WEB-INF\resources\sample-data\announcement.csv' 
2022-03-18 03:00:26.046 DEBUG [acme.framework.components.database.Dataset@main] Reading mapping '{criticalFlag=true, title=Title 07, body=Body 07, key=announcement-07, email=email@07.com, creation=2022/03/01 01:00, URL=https://www.twitch.tv}' from 'C:\Users\carlo\Desktop\dp2\Acme-Toolkits\target\classes\WEB-INF\resources\sample-data\announcement.csv' 
2022-03-18 03:00:26.046 DEBUG [acme.framework.components.database.Dataset@main] Reading mapping '{criticalFlag=false, title=Title 08, body=Body 08, key=announcement-08, email=email@08.com, creation=2022/03/03 18:00, URL=https://www.twitch.tv}' from 'C:\Users\carlo\Desktop\dp2\Acme-Toolkits\target\classes\WEB-INF\resources\sample-data\announcement.csv' 
2022-03-18 03:00:26.046 DEBUG [acme.framework.components.database.Dataset@main] Reading mapping '{criticalFlag=false, title=Title 09, body=Body 09, key=announcement-09, email=email@09.com, creation=2022/03/01 17:00, URL=https://www.twitch.tv}' from 'C:\Users\carlo\Desktop\dp2\Acme-Toolkits\target\classes\WEB-INF\resources\sample-data\announcement.csv' 
2022-03-18 03:00:26.047 DEBUG [acme.framework.components.database.Dataset@main] Reading mapping '{criticalFlag=true, title=Title 10, body=Body 10, key=announcement-10, email=email@10.com, creation=2022/03/02 08:00, URL=https://www.twitch.tv}' from 'C:\Users\carlo\Desktop\dp2\Acme-Toolkits\target\classes\WEB-INF\resources\sample-data\announcement.csv' 
2022-03-18 03:00:26.048 DEBUG [acme.framework.components.database.Dataset@main] Reading dataset from 'C:\Users\carlo\Desktop\dp2\Acme-Toolkits\target\classes\WEB-INF\resources\sample-data\chirp.csv' 
2022-03-18 03:00:26.048 DEBUG [acme.framework.components.database.Dataset@main] Reading mapping '{author=Author 01, title=Title 01, body=Body 01, key=chirp-01, email=email@01.com}' from 'C:\Users\carlo\Desktop\dp2\Acme-Toolkits\target\classes\WEB-INF\resources\sample-data\chirp.csv' 
2022-03-18 03:00:26.048 DEBUG [acme.framework.components.database.Dataset@main] Reading mapping '{author=Author 02, title=Title 02, body=Body 02, key=chirp-02, email=email@02.com}' from 'C:\Users\carlo\Desktop\dp2\Acme-Toolkits\target\classes\WEB-INF\resources\sample-data\chirp.csv' 
2022-03-18 03:00:26.048 DEBUG [acme.framework.components.database.Dataset@main] Reading mapping '{author=Author 03, title=Title 03, body=Body 03, key=chirp-03, email=email@03.com}' from 'C:\Users\carlo\Desktop\dp2\Acme-Toolkits\target\classes\WEB-INF\resources\sample-data\chirp.csv' 
2022-03-18 03:00:26.049 DEBUG [acme.framework.components.database.Dataset@main] Reading mapping '{author=Author 04, title=Title 04, body=Body 04, key=chirp-04, email=email@04.com}' from 'C:\Users\carlo\Desktop\dp2\Acme-Toolkits\target\classes\WEB-INF\resources\sample-data\chirp.csv' 
2022-03-18 03:00:26.049 DEBUG [acme.framework.components.database.Dataset@main] Reading mapping '{author=Author 05, title=Title 05, body=Body 05, key=chirp-05, email=email@05.com}' from 'C:\Users\carlo\Desktop\dp2\Acme-Toolkits\target\classes\WEB-INF\resources\sample-data\chirp.csv' 
2022-03-18 03:00:26.049 DEBUG [acme.framework.components.database.Dataset@main] Reading mapping '{author=Author 06, title=Title 06, body=Body 06, key=chirp-06, email=email@06.com}' from 'C:\Users\carlo\Desktop\dp2\Acme-Toolkits\target\classes\WEB-INF\resources\sample-data\chirp.csv' 
2022-03-18 03:00:26.049 DEBUG [acme.framework.components.database.Dataset@main] Reading mapping '{author=Author 07, title=Title 07, body=Body 07, key=chirp-07, email=email@07.com}' from 'C:\Users\carlo\Desktop\dp2\Acme-Toolkits\target\classes\WEB-INF\resources\sample-data\chirp.csv' 
2022-03-18 03:00:26.049 DEBUG [acme.framework.components.database.Dataset@main] Reading mapping '{author=Author 08, title=Title 08, body=Body 08, key=chirp-08, email=email@08.com}' from 'C:\Users\carlo\Desktop\dp2\Acme-Toolkits\target\classes\WEB-INF\resources\sample-data\chirp.csv' 
2022-03-18 03:00:26.049 DEBUG [acme.framework.components.database.Dataset@main] Reading mapping '{author=Author 09, title=Title 09, body=Body 09, key=chirp-09, email=email@09.com}' from 'C:\Users\carlo\Desktop\dp2\Acme-Toolkits\target\classes\WEB-INF\resources\sample-data\chirp.csv' 
2022-03-18 03:00:26.049 DEBUG [acme.framework.components.database.Dataset@main] Reading mapping '{author=Author 10, title=Title 10, body=Body 10, key=chirp-10, email=email@10.com}' from 'C:\Users\carlo\Desktop\dp2\Acme-Toolkits\target\classes\WEB-INF\resources\sample-data\chirp.csv' 
2022-03-18 03:00:26.049 DEBUG [acme.framework.components.database.Dataset@main] Reading dataset from 'C:\Users\carlo\Desktop\dp2\Acme-Toolkits\target\classes\WEB-INF\resources\sample-data\component.csv' 
2022-03-18 03:00:26.050 DEBUG [acme.framework.components.database.Dataset@main] Reading mapping '{code=AAA-000, optionalLink=null, name=Component 01, description=Sample Component, technology=Technology 01, retailPrice=EUR 16.0, key=component-01}' from 'C:\Users\carlo\Desktop\dp2\Acme-Toolkits\target\classes\WEB-INF\resources\sample-data\component.csv' 
2022-03-18 03:00:26.050 DEBUG [acme.framework.components.database.Dataset@main] Reading mapping '{code=AAA-000-A, optionalLink=https://en.wikipedia.org/wiki/Component, name=Component 02, description=Sample Component, technology=Technology 02, retailPrice=EUR 15.5, key=component-02}' from 'C:\Users\carlo\Desktop\dp2\Acme-Toolkits\target\classes\WEB-INF\resources\sample-data\component.csv' 
2022-03-18 03:00:26.050 DEBUG [acme.framework.components.database.Dataset@main] Reading mapping '{code=BBB-111, optionalLink=null, name=Component 03, description=Sample Component, technology=Technology 03, retailPrice=EUR 123.7, key=component-03}' from 'C:\Users\carlo\Desktop\dp2\Acme-Toolkits\target\classes\WEB-INF\resources\sample-data\component.csv' 
2022-03-18 03:00:26.050 DEBUG [acme.framework.components.database.Dataset@main] Reading mapping '{code=BBB-111-B, optionalLink=https://en.wikipedia.org/wiki/Component, name=Component 04, description=Sample Component, technology=Technology 04, retailPrice=EUR 987.67, key=component-04}' from 'C:\Users\carlo\Desktop\dp2\Acme-Toolkits\target\classes\WEB-INF\resources\sample-data\component.csv' 
2022-03-18 03:00:26.050 DEBUG [acme.framework.components.database.Dataset@main] Reading mapping '{code=CCC-222, optionalLink=null, name=Component 05, description=Sample Component, technology=Technology 05, retailPrice=EUR 1.0, key=component-05}' from 'C:\Users\carlo\Desktop\dp2\Acme-Toolkits\target\classes\WEB-INF\resources\sample-data\component.csv' 
2022-03-18 03:00:26.051 DEBUG [acme.framework.components.database.Dataset@main] Reading mapping '{code=CCC-222-C, optionalLink=https://en.wikipedia.org/wiki/Component, name=Component 06, description=Sample Component, technology=Technology 06, retailPrice=EUR 23.45, key=component-06}' from 'C:\Users\carlo\Desktop\dp2\Acme-Toolkits\target\classes\WEB-INF\resources\sample-data\component.csv' 
2022-03-18 03:00:26.051 DEBUG [acme.framework.components.database.Dataset@main] Reading mapping '{code=DDD-333, optionalLink=null, name=Component 07, description=Sample Component, technology=Technology 07, retailPrice=EUR 12.67, key=component-07}' from 'C:\Users\carlo\Desktop\dp2\Acme-Toolkits\target\classes\WEB-INF\resources\sample-data\component.csv' 
2022-03-18 03:00:26.051 DEBUG [acme.framework.components.database.Dataset@main] Reading mapping '{code=DDD-333-D, optionalLink=https://en.wikipedia.org/wiki/Component, name=Component 08, description=Sample Component, technology=Technology 08, retailPrice=EUR 764.78, key=component-08}' from 'C:\Users\carlo\Desktop\dp2\Acme-Toolkits\target\classes\WEB-INF\resources\sample-data\component.csv' 
2022-03-18 03:00:26.051 DEBUG [acme.framework.components.database.Dataset@main] Reading mapping '{code=EEE-444, optionalLink=null, name=Component 09, description=Sample Component, technology=Technology 09, retailPrice=EUR 45.61, key=component-09}' from 'C:\Users\carlo\Desktop\dp2\Acme-Toolkits\target\classes\WEB-INF\resources\sample-data\component.csv' 
2022-03-18 03:00:26.051 DEBUG [acme.framework.components.database.Dataset@main] Reading mapping '{code=EEE-444-E, optionalLink=https://en.wikipedia.org/wiki/Component, name=Component 10, description=Sample Component, technology=Technology 10, retailPrice=EUR 99.99, key=component-10}' from 'C:\Users\carlo\Desktop\dp2\Acme-Toolkits\target\classes\WEB-INF\resources\sample-data\component.csv' 
2022-03-18 03:00:26.051 DEBUG [acme.framework.components.database.Dataset@main] Reading mapping '{code=FFF-555, optionalLink=null, name=Component 11, description=Sample Component, technology=Technology 11, retailPrice=EUR 22.22, key=component-11}' from 'C:\Users\carlo\Desktop\dp2\Acme-Toolkits\target\classes\WEB-INF\resources\sample-data\component.csv' 
2022-03-18 03:00:26.051 DEBUG [acme.framework.components.database.Dataset@main] Reading mapping '{code=FFF-555-F, optionalLink=https://en.wikipedia.org/wiki/Component, name=Component 12, description=Sample Component, technology=Technology 12, retailPrice=EUR 50.50, key=component-12}' from 'C:\Users\carlo\Desktop\dp2\Acme-Toolkits\target\classes\WEB-INF\resources\sample-data\component.csv' 
2022-03-18 03:00:26.052 DEBUG [acme.framework.components.database.Dataset@main] Reading mapping '{code=GGG-666, optionalLink=null, name=Component 13, description=Sample Component, technology=Technology 13, retailPrice=EUR 45.45, key=component-13}' from 'C:\Users\carlo\Desktop\dp2\Acme-Toolkits\target\classes\WEB-INF\resources\sample-data\component.csv' 
2022-03-18 03:00:26.052 DEBUG [acme.framework.components.database.Dataset@main] Reading mapping '{code=GGG-666-G, optionalLink=https://en.wikipedia.org/wiki/Component, name=Component 14, description=Sample Component, technology=Technology 14, retailPrice=EUR 1.01, key=component-14}' from 'C:\Users\carlo\Desktop\dp2\Acme-Toolkits\target\classes\WEB-INF\resources\sample-data\component.csv' 
2022-03-18 03:00:26.052 DEBUG [acme.framework.components.database.Dataset@main] Reading dataset from 'C:\Users\carlo\Desktop\dp2\Acme-Toolkits\target\classes\WEB-INF\resources\sample-data\consumer.csv' 
2022-03-18 03:00:26.053 DEBUG [acme.framework.components.database.Dataset@main] Reading mapping '{key:user-account=user-account-administrator-01, company=Macarena, Inc., sector=Telecommunications, key=consumer-01}' from 'C:\Users\carlo\Desktop\dp2\Acme-Toolkits\target\classes\WEB-INF\resources\sample-data\consumer.csv' 
2022-03-18 03:00:26.053 DEBUG [acme.framework.components.database.Dataset@main] Reading dataset from 'C:\Users\carlo\Desktop\dp2\Acme-Toolkits\target\classes\WEB-INF\resources\sample-data\patronage-report.csv' 
2022-03-18 03:00:26.054 DEBUG [acme.framework.components.database.Dataset@main] Reading mapping '{sequenceNumber=ABC-123-A:0001, key:patronage=patronage-01, creationMoment=2022/02/01 00:00, link=https://www.twitch.tv, memorandum=Comienzo de las negociaciones, key=patronage-report-11}' from 'C:\Users\carlo\Desktop\dp2\Acme-Toolkits\target\classes\WEB-INF\resources\sample-data\patronage-report.csv' 
2022-03-18 03:00:26.055 DEBUG [acme.framework.components.database.Dataset@main] Reading mapping '{sequenceNumber=ABC-123-A:0002, key:patronage=patronage-02, creationMoment=2022/02/01 00:05, link=https://www.twitch.tv, memorandum=Acuerdos puestos sobre la mesa, key=patronage-report-12}' from 'C:\Users\carlo\Desktop\dp2\Acme-Toolkits\target\classes\WEB-INF\resources\sample-data\patronage-report.csv' 
2022-03-18 03:00:26.055 DEBUG [acme.framework.components.database.Dataset@main] Reading mapping '{sequenceNumber=ABC-123-A:0003, key:patronage=patronage-03, creationMoment=2022/02/01 00:10, link=https://www.twitch.tv, memorandum=Cierre de la negociación, key=patronage-report-13}' from 'C:\Users\carlo\Desktop\dp2\Acme-Toolkits\target\classes\WEB-INF\resources\sample-data\patronage-report.csv' 
2022-03-18 03:00:26.056 DEBUG [acme.framework.components.database.Dataset@main] Reading dataset from 'C:\Users\carlo\Desktop\dp2\Acme-Toolkits\target\classes\WEB-INF\resources\sample-data\patronage.csv' 
2022-03-18 03:00:26.056 DEBUG [acme.framework.components.database.Dataset@main] Reading mapping '{key:inventor=inventor-01, code=ABC-123-A, endPeriod=2024/03/01 00:00, link=https://www.twitch.tv, startPeriod=2024/01/01 00:00, key:patron=patron-01, key=patronage-01, status=accepted, legalStuff=Nueva funcionalidad de Twitch, budget=EUR 10,000.00}' from 'C:\Users\carlo\Desktop\dp2\Acme-Toolkits\target\classes\WEB-INF\resources\sample-data\patronage.csv' 
2022-03-18 03:00:26.058 DEBUG [acme.framework.components.database.Dataset@main] Reading mapping '{key:inventor=inventor-02, code=ABC-123-B, endPeriod=2024/03/01 00:00, link=https://www.twitch.tv, startPeriod=2024/01/01 00:00, key:patron=patron-01, key=patronage-02, status=accepted, legalStuff=Segunda nueva funcionalidad de Twitch, budget=EUR 15,000.00}' from 'C:\Users\carlo\Desktop\dp2\Acme-Toolkits\target\classes\WEB-INF\resources\sample-data\patronage.csv' 
2022-03-18 03:00:26.059 DEBUG [acme.framework.components.database.Dataset@main] Reading mapping '{key:inventor=inventor-01, code=ABC-123-C, endPeriod=2024/03/01 00:00, link=https://www.twitch.tv, startPeriod=2024/01/01 00:00, key:patron=patron-02, key=patronage-03, status=accepted, legalStuff=Tercera nueva funcionalidad de Twitch, budget=EUR 20,000.00}' from 'C:\Users\carlo\Desktop\dp2\Acme-Toolkits\target\classes\WEB-INF\resources\sample-data\patronage.csv' 
2022-03-18 03:00:26.059 DEBUG [acme.framework.components.database.Dataset@main] Reading dataset from 'C:\Users\carlo\Desktop\dp2\Acme-Toolkits\target\classes\WEB-INF\resources\sample-data\provider.csv' 
2022-03-18 03:00:26.060 DEBUG [acme.framework.components.database.Dataset@main] Reading mapping '{key:user-account=user-account-administrator-01, company=Terra Nets, S.A., sector=Internet, key=provider-01}' from 'C:\Users\carlo\Desktop\dp2\Acme-Toolkits\target\classes\WEB-INF\resources\sample-data\provider.csv' 
2022-03-18 03:00:26.060 DEBUG [acme.framework.components.database.Dataset@main] Reading dataset from 'C:\Users\carlo\Desktop\dp2\Acme-Toolkits\target\classes\WEB-INF\resources\sample-data\tool.csv' 
2022-03-18 03:00:26.061 DEBUG [acme.framework.components.database.Dataset@main] Reading mapping '{code=ABC-000, optionalLink=null, name=Tool 01, description=Sample Tool, technology=Technology 01, retailPrice=EUR 123.13, key=tool-01}' from 'C:\Users\carlo\Desktop\dp2\Acme-Toolkits\target\classes\WEB-INF\resources\sample-data\tool.csv' 
2022-03-18 03:00:26.061 DEBUG [acme.framework.components.database.Dataset@main] Reading mapping '{code=ABC-000-A, optionalLink=https://es.wikipedia.org/wiki/Tool, name=Tool 02, description=Sample Tool, technology=Technology 02, retailPrice=EUR 456.88, key=tool-02}' from 'C:\Users\carlo\Desktop\dp2\Acme-Toolkits\target\classes\WEB-INF\resources\sample-data\tool.csv' 
2022-03-18 03:00:26.061 DEBUG [acme.framework.components.database.Dataset@main] Reading mapping '{code=ABC-111, optionalLink=null, name=Tool 03, description=Sample Tool, technology=Technology 03, retailPrice=EUR 789.99, key=tool-03}' from 'C:\Users\carlo\Desktop\dp2\Acme-Toolkits\target\classes\WEB-INF\resources\sample-data\tool.csv' 
2022-03-18 03:00:26.062 DEBUG [acme.framework.components.database.Dataset@main] Reading mapping '{code=ABC-111-B, optionalLink=https://es.wikipedia.org/wiki/Tool, name=Tool 04, description=Sample Tool, technology=Technology 04, retailPrice=EUR 987.77, key=tool-04}' from 'C:\Users\carlo\Desktop\dp2\Acme-Toolkits\target\classes\WEB-INF\resources\sample-data\tool.csv' 
2022-03-18 03:00:26.062 DEBUG [acme.framework.components.database.Dataset@main] Reading mapping '{code=ABC-222, optionalLink=null, name=Tool 05, description=Sample Tool, technology=Technology 05, retailPrice=EUR 654.23, key=tool-05}' from 'C:\Users\carlo\Desktop\dp2\Acme-Toolkits\target\classes\WEB-INF\resources\sample-data\tool.csv' 
2022-03-18 03:00:26.062 DEBUG [acme.framework.components.database.Dataset@main] Reading mapping '{code=ABC-222-C, optionalLink=https://es.wikipedia.org/wiki/Tool, name=Tool 06, description=Sample Tool, technology=Technology 06, retailPrice=EUR 432.01, key=tool-06}' from 'C:\Users\carlo\Desktop\dp2\Acme-Toolkits\target\classes\WEB-INF\resources\sample-data\tool.csv' 
2022-03-18 03:00:26.062 DEBUG [acme.framework.components.database.Dataset@main] Reading mapping '{code=ABC-333, optionalLink=null, name=Tool 07, description=Sample Tool, technology=Technology 07, retailPrice=EUR 1693.23, key=tool-07}' from 'C:\Users\carlo\Desktop\dp2\Acme-Toolkits\target\classes\WEB-INF\resources\sample-data\tool.csv' 
2022-03-18 03:00:26.062 DEBUG [acme.framework.components.database.Dataset@main] Reading mapping '{code=ABC-333-D, optionalLink=https://es.wikipedia.org/wiki/Tool, name=Tool 08, description=Sample Tool, technology=Technology 08, retailPrice=EUR 873.43, key=tool-08}' from 'C:\Users\carlo\Desktop\dp2\Acme-Toolkits\target\classes\WEB-INF\resources\sample-data\tool.csv' 
2022-03-18 03:00:26.062 DEBUG [acme.framework.components.database.Dataset@main] Reading mapping '{code=ABC-444, optionalLink=null, name=Tool 09, description=Sample Tool, technology=Technology 09, retailPrice=EUR 2.78, key=tool-09}' from 'C:\Users\carlo\Desktop\dp2\Acme-Toolkits\target\classes\WEB-INF\resources\sample-data\tool.csv' 
2022-03-18 03:00:26.062 DEBUG [acme.framework.components.database.Dataset@main] Reading mapping '{code=ABC-444-E, optionalLink=https://es.wikipedia.org/wiki/Tool, name=Tool 10, description=Sample Tool, technology=Technology 10, retailPrice=EUR 90.00, key=tool-10}' from 'C:\Users\carlo\Desktop\dp2\Acme-Toolkits\target\classes\WEB-INF\resources\sample-data\tool.csv' 
2022-03-18 03:00:26.063 DEBUG [acme.framework.components.database.EntityWeb@main] Setting attributes of entities of class acme.entities.components.Component 
2022-03-18 03:00:26.074 DEBUG [acme.framework.components.database.EntityWeb@main] Setting attributes of entities of class acme.entities.announcements.Announcement 
2022-03-18 03:00:26.078 ERROR [acme.Launcher@main] acme.framework.components.database.EntityWeb.computeRegularAttributes(EntityWeb.java:252): C:\Users\carlo\Desktop\dp2\Acme-Toolkits\target\classes\WEB-INF\resources\sample-data\announcement.csv: cannot read/write property 'acme.entities.announcements.Announcement::email' 
2022-03-18 03:00:26.078 INFO  [acme.Launcher@main] The application log provides additional debugging messages! 
2022-03-18 03:00:27.237 INFO  [acme.framework.configuration.ShutdownConfiguration@main] The system is shutting down... 
2022-03-18 03:00:27.254 DEBUG [acme.Launcher@main] Exit code = 0 
