2022-03-15 19:46:41.154 INFO  [acme.Launcher@main] Starting Launcher using Java 1.8.0_281 on DESKTOP-1H6896L with PID 8052 (C:\DP2\Workspace-22.0\Frameworks\Acme-Framework-22.1\target\classes started by Fernando in C:\DP2\Workspace-22.0\Projects\Acme-Toolkits) 
2022-03-15 19:46:41.166 DEBUG [acme.Launcher@main] Running with Spring Boot v2.4.2, Spring v5.3.3 
2022-03-15 19:46:41.170 INFO  [acme.Launcher@main] The following profiles are active: development,populator 
2022-03-15 19:46:47.885 DEBUG [org.apache.jasper.servlet.JasperInitializer@main] Initializing Jasper for context [application] 
2022-03-15 19:46:57.299 DEBUG [org.apache.jasper.servlet.JspServlet@main] Scratch dir for the JSP engine is: [C:\Users\Fernando\AppData\Local\Temp\tomcat.8083.3362847868232003764\work\Tomcat\localhost\acme-toolkits-1.0] 
2022-03-15 19:46:57.302 DEBUG [org.apache.jasper.servlet.JspServlet@main] IMPORTANT: Do not modify the generated servlets 
2022-03-15 19:46:57.352 INFO  [acme.Launcher@main] Started Launcher in 17.809 seconds (JVM running for 19.059) 
2022-03-15 19:46:57.361 DEBUG [acme.Launcher@main] Found classpath entry '/C:/DP2/Workspace-22.0/Projects/Acme-Toolkits/target/test-classes/' 
2022-03-15 19:46:57.362 DEBUG [acme.Launcher@main] Found classpath entry '/C:/DP2/Workspace-22.0/Projects/Acme-Toolkits/target/classes/' 
2022-03-15 19:46:57.363 DEBUG [acme.Launcher@main] Found classpath entry '/C:/DP2/Workspace-22.0/Frameworks/Acme-Framework-22.1/target/classes/' 
2022-03-15 19:46:57.368 DEBUG [acme.Launcher@main] Found classpath entry '/C:/DP2/Workspace-22.0/Frameworks/Acme-Framework-22.1/target/test-classes/' 
2022-03-15 19:46:57.369 DEBUG [acme.Launcher@main] Found classpath entry '/C:/Users/Fernando/.m2/repository/org/springframework/boot/spring-boot-starter-tomcat/2.4.2/spring-boot-starter-tomcat-2.4.2.jar' 
2022-03-15 19:46:57.369 DEBUG [acme.Launcher@main] Found classpath entry '/C:/Users/Fernando/.m2/repository/jakarta/annotation/jakarta.annotation-api/1.3.5/jakarta.annotation-api-1.3.5.jar' 
2022-03-15 19:46:57.370 DEBUG [acme.Launcher@main] Found classpath entry '/C:/Users/Fernando/.m2/repository/org/apache/tomcat/embed/tomcat-embed-core/9.0.41/tomcat-embed-core-9.0.41.jar' 
2022-03-15 19:46:57.370 DEBUG [acme.Launcher@main] Found classpath entry '/C:/Users/Fernando/.m2/repository/org/glassfish/jakarta.el/3.0.3/jakarta.el-3.0.3.jar' 
2022-03-15 19:46:57.370 DEBUG [acme.Launcher@main] Found classpath entry '/C:/Users/Fernando/.m2/repository/org/apache/tomcat/embed/tomcat-embed-websocket/9.0.41/tomcat-embed-websocket-9.0.41.jar' 
2022-03-15 19:46:57.371 DEBUG [acme.Launcher@main] Found classpath entry '/C:/Users/Fernando/.m2/repository/org/apache/tomcat/embed/tomcat-embed-jasper/9.0.41/tomcat-embed-jasper-9.0.41.jar' 
2022-03-15 19:46:57.371 DEBUG [acme.Launcher@main] Found classpath entry '/C:/Users/Fernando/.m2/repository/org/apache/tomcat/embed/tomcat-embed-el/9.0.41/tomcat-embed-el-9.0.41.jar' 
2022-03-15 19:46:57.371 DEBUG [acme.Launcher@main] Found classpath entry '/C:/Users/Fernando/.m2/repository/org/eclipse/jdt/ecj/3.18.0/ecj-3.18.0.jar' 
2022-03-15 19:46:57.371 DEBUG [acme.Launcher@main] Found classpath entry '/C:/Users/Fernando/.m2/repository/javax/servlet/jstl/1.2/jstl-1.2.jar' 
2022-03-15 19:46:57.371 DEBUG [acme.Launcher@main] Found classpath entry '/C:/Users/Fernando/.m2/repository/org/springframework/boot/spring-boot-starter-test/2.4.2/spring-boot-starter-test-2.4.2.jar' 
2022-03-15 19:46:57.372 DEBUG [acme.Launcher@main] Found classpath entry '/C:/Users/Fernando/.m2/repository/org/springframework/boot/spring-boot-starter/2.4.2/spring-boot-starter-2.4.2.jar' 
2022-03-15 19:46:57.372 DEBUG [acme.Launcher@main] Found classpath entry '/C:/Users/Fernando/.m2/repository/org/springframework/boot/spring-boot/2.4.2/spring-boot-2.4.2.jar' 
2022-03-15 19:46:57.372 DEBUG [acme.Launcher@main] Found classpath entry '/C:/Users/Fernando/.m2/repository/org/springframework/boot/spring-boot-autoconfigure/2.4.2/spring-boot-autoconfigure-2.4.2.jar' 
2022-03-15 19:46:57.372 DEBUG [acme.Launcher@main] Found classpath entry '/C:/Users/Fernando/.m2/repository/org/springframework/boot/spring-boot-starter-logging/2.4.2/spring-boot-starter-logging-2.4.2.jar' 
2022-03-15 19:46:57.373 DEBUG [acme.Launcher@main] Found classpath entry '/C:/Users/Fernando/.m2/repository/ch/qos/logback/logback-classic/1.2.3/logback-classic-1.2.3.jar' 
2022-03-15 19:46:57.373 DEBUG [acme.Launcher@main] Found classpath entry '/C:/Users/Fernando/.m2/repository/ch/qos/logback/logback-core/1.2.3/logback-core-1.2.3.jar' 
2022-03-15 19:46:57.373 DEBUG [acme.Launcher@main] Found classpath entry '/C:/Users/Fernando/.m2/repository/org/apache/logging/log4j/log4j-to-slf4j/2.13.3/log4j-to-slf4j-2.13.3.jar' 
2022-03-15 19:46:57.373 DEBUG [acme.Launcher@main] Found classpath entry '/C:/Users/Fernando/.m2/repository/org/apache/logging/log4j/log4j-api/2.13.3/log4j-api-2.13.3.jar' 
2022-03-15 19:46:57.375 DEBUG [acme.Launcher@main] Found classpath entry '/C:/Users/Fernando/.m2/repository/org/slf4j/jul-to-slf4j/1.7.30/jul-to-slf4j-1.7.30.jar' 
2022-03-15 19:46:57.375 DEBUG [acme.Launcher@main] Found classpath entry '/C:/Users/Fernando/.m2/repository/org/yaml/snakeyaml/1.27/snakeyaml-1.27.jar' 
2022-03-15 19:46:57.376 DEBUG [acme.Launcher@main] Found classpath entry '/C:/Users/Fernando/.m2/repository/org/springframework/boot/spring-boot-test/2.4.2/spring-boot-test-2.4.2.jar' 
2022-03-15 19:46:57.376 DEBUG [acme.Launcher@main] Found classpath entry '/C:/Users/Fernando/.m2/repository/org/springframework/boot/spring-boot-test-autoconfigure/2.4.2/spring-boot-test-autoconfigure-2.4.2.jar' 
2022-03-15 19:46:57.378 DEBUG [acme.Launcher@main] Found classpath entry '/C:/Users/Fernando/.m2/repository/com/jayway/jsonpath/json-path/2.4.0/json-path-2.4.0.jar' 
2022-03-15 19:46:57.378 DEBUG [acme.Launcher@main] Found classpath entry '/C:/Users/Fernando/.m2/repository/net/minidev/json-smart/2.3/json-smart-2.3.jar' 
2022-03-15 19:46:57.378 DEBUG [acme.Launcher@main] Found classpath entry '/C:/Users/Fernando/.m2/repository/net/minidev/accessors-smart/1.2/accessors-smart-1.2.jar' 
2022-03-15 19:46:57.378 DEBUG [acme.Launcher@main] Found classpath entry '/C:/Users/Fernando/.m2/repository/org/ow2/asm/asm/5.0.4/asm-5.0.4.jar' 
2022-03-15 19:46:57.378 DEBUG [acme.Launcher@main] Found classpath entry '/C:/Users/Fernando/.m2/repository/jakarta/xml/bind/jakarta.xml.bind-api/2.3.3/jakarta.xml.bind-api-2.3.3.jar' 
2022-03-15 19:46:57.379 DEBUG [acme.Launcher@main] Found classpath entry '/C:/Users/Fernando/.m2/repository/jakarta/activation/jakarta.activation-api/1.2.2/jakarta.activation-api-1.2.2.jar' 
2022-03-15 19:46:57.379 DEBUG [acme.Launcher@main] Found classpath entry '/C:/Users/Fernando/.m2/repository/org/assertj/assertj-core/3.18.1/assertj-core-3.18.1.jar' 
2022-03-15 19:46:57.379 DEBUG [acme.Launcher@main] Found classpath entry '/C:/Users/Fernando/.m2/repository/org/hamcrest/hamcrest/2.2/hamcrest-2.2.jar' 
2022-03-15 19:46:57.379 DEBUG [acme.Launcher@main] Found classpath entry '/C:/Users/Fernando/.m2/repository/org/junit/jupiter/junit-jupiter/5.7.0/junit-jupiter-5.7.0.jar' 
2022-03-15 19:46:57.379 DEBUG [acme.Launcher@main] Found classpath entry '/C:/Users/Fernando/.m2/repository/org/mockito/mockito-core/3.6.28/mockito-core-3.6.28.jar' 
2022-03-15 19:46:57.379 DEBUG [acme.Launcher@main] Found classpath entry '/C:/Users/Fernando/.m2/repository/net/bytebuddy/byte-buddy-agent/1.10.19/byte-buddy-agent-1.10.19.jar' 
2022-03-15 19:46:57.379 DEBUG [acme.Launcher@main] Found classpath entry '/C:/Users/Fernando/.m2/repository/org/objenesis/objenesis/3.1/objenesis-3.1.jar' 
2022-03-15 19:46:57.380 DEBUG [acme.Launcher@main] Found classpath entry '/C:/Users/Fernando/.m2/repository/org/mockito/mockito-junit-jupiter/3.6.28/mockito-junit-jupiter-3.6.28.jar' 
2022-03-15 19:46:57.380 DEBUG [acme.Launcher@main] Found classpath entry '/C:/Users/Fernando/.m2/repository/org/skyscreamer/jsonassert/1.5.0/jsonassert-1.5.0.jar' 
2022-03-15 19:46:57.380 DEBUG [acme.Launcher@main] Found classpath entry '/C:/Users/Fernando/.m2/repository/com/vaadin/external/google/android-json/0.0.20131108.vaadin1/android-json-0.0.20131108.vaadin1.jar' 
2022-03-15 19:46:57.380 DEBUG [acme.Launcher@main] Found classpath entry '/C:/Users/Fernando/.m2/repository/org/springframework/spring-core/5.3.3/spring-core-5.3.3.jar' 
2022-03-15 19:46:57.380 DEBUG [acme.Launcher@main] Found classpath entry '/C:/Users/Fernando/.m2/repository/org/springframework/spring-jcl/5.3.3/spring-jcl-5.3.3.jar' 
2022-03-15 19:46:57.380 DEBUG [acme.Launcher@main] Found classpath entry '/C:/Users/Fernando/.m2/repository/org/springframework/spring-test/5.3.3/spring-test-5.3.3.jar' 
2022-03-15 19:46:57.381 DEBUG [acme.Launcher@main] Found classpath entry '/C:/Users/Fernando/.m2/repository/org/xmlunit/xmlunit-core/2.7.0/xmlunit-core-2.7.0.jar' 
2022-03-15 19:46:57.381 DEBUG [acme.Launcher@main] Found classpath entry '/C:/Users/Fernando/.m2/repository/org/springframework/boot/spring-boot-starter-security/2.4.2/spring-boot-starter-security-2.4.2.jar' 
2022-03-15 19:46:57.381 DEBUG [acme.Launcher@main] Found classpath entry '/C:/Users/Fernando/.m2/repository/org/springframework/spring-aop/5.3.3/spring-aop-5.3.3.jar' 
2022-03-15 19:46:57.381 DEBUG [acme.Launcher@main] Found classpath entry '/C:/Users/Fernando/.m2/repository/org/springframework/security/spring-security-web/5.4.2/spring-security-web-5.4.2.jar' 
2022-03-15 19:46:57.381 DEBUG [acme.Launcher@main] Found classpath entry '/C:/Users/Fernando/.m2/repository/org/springframework/security/spring-security-core/5.4.2/spring-security-core-5.4.2.jar' 
2022-03-15 19:46:57.382 DEBUG [acme.Launcher@main] Found classpath entry '/C:/Users/Fernando/.m2/repository/org/springframework/spring-beans/5.3.3/spring-beans-5.3.3.jar' 
2022-03-15 19:46:57.382 DEBUG [acme.Launcher@main] Found classpath entry '/C:/Users/Fernando/.m2/repository/org/springframework/spring-context/5.3.3/spring-context-5.3.3.jar' 
2022-03-15 19:46:57.382 DEBUG [acme.Launcher@main] Found classpath entry '/C:/Users/Fernando/.m2/repository/org/springframework/spring-expression/5.3.3/spring-expression-5.3.3.jar' 
2022-03-15 19:46:57.382 DEBUG [acme.Launcher@main] Found classpath entry '/C:/Users/Fernando/.m2/repository/org/springframework/spring-web/5.3.3/spring-web-5.3.3.jar' 
2022-03-15 19:46:57.382 DEBUG [acme.Launcher@main] Found classpath entry '/C:/Users/Fernando/.m2/repository/org/springframework/security/spring-security-config/5.4.2/spring-security-config-5.4.2.jar' 
2022-03-15 19:46:57.382 DEBUG [acme.Launcher@main] Found classpath entry '/C:/Users/Fernando/.m2/repository/org/springframework/security/spring-security-taglibs/5.4.2/spring-security-taglibs-5.4.2.jar' 
2022-03-15 19:46:57.383 DEBUG [acme.Launcher@main] Found classpath entry '/C:/Users/Fernando/.m2/repository/org/springframework/security/spring-security-acl/5.4.2/spring-security-acl-5.4.2.jar' 
2022-03-15 19:46:57.383 DEBUG [acme.Launcher@main] Found classpath entry '/C:/Users/Fernando/.m2/repository/org/springframework/spring-jdbc/5.3.3/spring-jdbc-5.3.3.jar' 
2022-03-15 19:46:57.383 DEBUG [acme.Launcher@main] Found classpath entry '/C:/Users/Fernando/.m2/repository/org/springframework/spring-tx/5.3.3/spring-tx-5.3.3.jar' 
2022-03-15 19:46:57.383 DEBUG [acme.Launcher@main] Found classpath entry '/C:/Users/Fernando/.m2/repository/org/springframework/boot/spring-boot-starter-web/2.4.2/spring-boot-starter-web-2.4.2.jar' 
2022-03-15 19:46:57.383 DEBUG [acme.Launcher@main] Found classpath entry '/C:/Users/Fernando/.m2/repository/org/springframework/boot/spring-boot-starter-json/2.4.2/spring-boot-starter-json-2.4.2.jar' 
2022-03-15 19:46:57.383 DEBUG [acme.Launcher@main] Found classpath entry '/C:/Users/Fernando/.m2/repository/com/fasterxml/jackson/core/jackson-databind/2.11.4/jackson-databind-2.11.4.jar' 
2022-03-15 19:46:57.383 DEBUG [acme.Launcher@main] Found classpath entry '/C:/Users/Fernando/.m2/repository/com/fasterxml/jackson/core/jackson-annotations/2.11.4/jackson-annotations-2.11.4.jar' 
2022-03-15 19:46:57.384 DEBUG [acme.Launcher@main] Found classpath entry '/C:/Users/Fernando/.m2/repository/com/fasterxml/jackson/core/jackson-core/2.11.4/jackson-core-2.11.4.jar' 
2022-03-15 19:46:57.384 DEBUG [acme.Launcher@main] Found classpath entry '/C:/Users/Fernando/.m2/repository/com/fasterxml/jackson/datatype/jackson-datatype-jdk8/2.11.4/jackson-datatype-jdk8-2.11.4.jar' 
2022-03-15 19:46:57.384 DEBUG [acme.Launcher@main] Found classpath entry '/C:/Users/Fernando/.m2/repository/com/fasterxml/jackson/datatype/jackson-datatype-jsr310/2.11.4/jackson-datatype-jsr310-2.11.4.jar' 
2022-03-15 19:46:57.385 DEBUG [acme.Launcher@main] Found classpath entry '/C:/Users/Fernando/.m2/repository/com/fasterxml/jackson/module/jackson-module-parameter-names/2.11.4/jackson-module-parameter-names-2.11.4.jar' 
2022-03-15 19:46:57.385 DEBUG [acme.Launcher@main] Found classpath entry '/C:/Users/Fernando/.m2/repository/org/springframework/spring-webmvc/5.3.3/spring-webmvc-5.3.3.jar' 
2022-03-15 19:46:57.385 DEBUG [acme.Launcher@main] Found classpath entry '/C:/Users/Fernando/.m2/repository/org/apache/tiles/tiles-jsp/3.0.8/tiles-jsp-3.0.8.jar' 
2022-03-15 19:46:57.385 DEBUG [acme.Launcher@main] Found classpath entry '/C:/Users/Fernando/.m2/repository/org/apache/tiles/tiles-servlet/3.0.8/tiles-servlet-3.0.8.jar' 
2022-03-15 19:46:57.385 DEBUG [acme.Launcher@main] Found classpath entry '/C:/Users/Fernando/.m2/repository/org/apache/tiles/tiles-core/3.0.8/tiles-core-3.0.8.jar' 
2022-03-15 19:46:57.385 DEBUG [acme.Launcher@main] Found classpath entry '/C:/Users/Fernando/.m2/repository/commons-digester/commons-digester/2.0/commons-digester-2.0.jar' 
2022-03-15 19:46:57.385 DEBUG [acme.Launcher@main] Found classpath entry '/C:/Users/Fernando/.m2/repository/org/slf4j/jcl-over-slf4j/1.7.30/jcl-over-slf4j-1.7.30.jar' 
2022-03-15 19:46:57.386 DEBUG [acme.Launcher@main] Found classpath entry '/C:/Users/Fernando/.m2/repository/org/apache/tiles/tiles-request-servlet/1.0.7/tiles-request-servlet-1.0.7.jar' 
2022-03-15 19:46:57.386 DEBUG [acme.Launcher@main] Found classpath entry '/C:/Users/Fernando/.m2/repository/org/apache/tiles/tiles-template/3.0.8/tiles-template-3.0.8.jar' 
2022-03-15 19:46:57.386 DEBUG [acme.Launcher@main] Found classpath entry '/C:/Users/Fernando/.m2/repository/org/apache/tiles/tiles-api/3.0.8/tiles-api-3.0.8.jar' 
2022-03-15 19:46:57.386 DEBUG [acme.Launcher@main] Found classpath entry '/C:/Users/Fernando/.m2/repository/org/apache/tiles/tiles-autotag-core-runtime/1.2/tiles-autotag-core-runtime-1.2.jar' 
2022-03-15 19:46:57.386 DEBUG [acme.Launcher@main] Found classpath entry '/C:/Users/Fernando/.m2/repository/org/slf4j/slf4j-api/1.7.30/slf4j-api-1.7.30.jar' 
2022-03-15 19:46:57.386 DEBUG [acme.Launcher@main] Found classpath entry '/C:/Users/Fernando/.m2/repository/org/apache/tiles/tiles-request-jsp/1.0.7/tiles-request-jsp-1.0.7.jar' 
2022-03-15 19:46:57.387 DEBUG [acme.Launcher@main] Found classpath entry '/C:/Users/Fernando/.m2/repository/org/apache/tiles/tiles-request-api/1.0.7/tiles-request-api-1.0.7.jar' 
2022-03-15 19:46:57.388 DEBUG [acme.Launcher@main] Found classpath entry '/C:/Users/Fernando/.m2/repository/org/springframework/boot/spring-boot-starter-data-jpa/2.4.2/spring-boot-starter-data-jpa-2.4.2.jar' 
2022-03-15 19:46:57.388 DEBUG [acme.Launcher@main] Found classpath entry '/C:/Users/Fernando/.m2/repository/org/springframework/boot/spring-boot-starter-aop/2.4.2/spring-boot-starter-aop-2.4.2.jar' 
2022-03-15 19:46:57.388 DEBUG [acme.Launcher@main] Found classpath entry '/C:/Users/Fernando/.m2/repository/org/aspectj/aspectjweaver/1.9.6/aspectjweaver-1.9.6.jar' 
2022-03-15 19:46:57.389 DEBUG [acme.Launcher@main] Found classpath entry '/C:/Users/Fernando/.m2/repository/org/springframework/boot/spring-boot-starter-jdbc/2.4.2/spring-boot-starter-jdbc-2.4.2.jar' 
2022-03-15 19:46:57.389 DEBUG [acme.Launcher@main] Found classpath entry '/C:/Users/Fernando/.m2/repository/jakarta/transaction/jakarta.transaction-api/1.3.3/jakarta.transaction-api-1.3.3.jar' 
2022-03-15 19:46:57.389 DEBUG [acme.Launcher@main] Found classpath entry '/C:/Users/Fernando/.m2/repository/jakarta/persistence/jakarta.persistence-api/2.2.3/jakarta.persistence-api-2.2.3.jar' 
2022-03-15 19:46:57.389 DEBUG [acme.Launcher@main] Found classpath entry '/C:/Users/Fernando/.m2/repository/org/hibernate/hibernate-core/5.4.27.Final/hibernate-core-5.4.27.Final.jar' 
2022-03-15 19:46:57.389 DEBUG [acme.Launcher@main] Found classpath entry '/C:/Users/Fernando/.m2/repository/org/jboss/logging/jboss-logging/3.4.1.Final/jboss-logging-3.4.1.Final.jar' 
2022-03-15 19:46:57.389 DEBUG [acme.Launcher@main] Found classpath entry '/C:/Users/Fernando/.m2/repository/org/javassist/javassist/3.27.0-GA/javassist-3.27.0-GA.jar' 
2022-03-15 19:46:57.389 DEBUG [acme.Launcher@main] Found classpath entry '/C:/Users/Fernando/.m2/repository/antlr/antlr/2.7.7/antlr-2.7.7.jar' 
2022-03-15 19:46:57.389 DEBUG [acme.Launcher@main] Found classpath entry '/C:/Users/Fernando/.m2/repository/org/jboss/jandex/2.1.3.Final/jandex-2.1.3.Final.jar' 
2022-03-15 19:46:57.390 DEBUG [acme.Launcher@main] Found classpath entry '/C:/Users/Fernando/.m2/repository/com/fasterxml/classmate/1.5.1/classmate-1.5.1.jar' 
2022-03-15 19:46:57.390 DEBUG [acme.Launcher@main] Found classpath entry '/C:/Users/Fernando/.m2/repository/org/dom4j/dom4j/2.1.3/dom4j-2.1.3.jar' 
2022-03-15 19:46:57.390 DEBUG [acme.Launcher@main] Found classpath entry '/C:/Users/Fernando/.m2/repository/org/hibernate/common/hibernate-commons-annotations/5.1.2.Final/hibernate-commons-annotations-5.1.2.Final.jar' 
2022-03-15 19:46:57.390 DEBUG [acme.Launcher@main] Found classpath entry '/C:/Users/Fernando/.m2/repository/org/glassfish/jaxb/jaxb-runtime/2.3.3/jaxb-runtime-2.3.3.jar' 
2022-03-15 19:46:57.391 DEBUG [acme.Launcher@main] Found classpath entry '/C:/Users/Fernando/.m2/repository/org/glassfish/jaxb/txw2/2.3.3/txw2-2.3.3.jar' 
2022-03-15 19:46:57.392 DEBUG [acme.Launcher@main] Found classpath entry '/C:/Users/Fernando/.m2/repository/com/sun/istack/istack-commons-runtime/3.0.11/istack-commons-runtime-3.0.11.jar' 
2022-03-15 19:46:57.392 DEBUG [acme.Launcher@main] Found classpath entry '/C:/Users/Fernando/.m2/repository/com/sun/activation/jakarta.activation/1.2.2/jakarta.activation-1.2.2.jar' 
2022-03-15 19:46:57.392 DEBUG [acme.Launcher@main] Found classpath entry '/C:/Users/Fernando/.m2/repository/org/springframework/data/spring-data-jpa/2.4.3/spring-data-jpa-2.4.3.jar' 
2022-03-15 19:46:57.392 DEBUG [acme.Launcher@main] Found classpath entry '/C:/Users/Fernando/.m2/repository/org/springframework/data/spring-data-commons/2.4.3/spring-data-commons-2.4.3.jar' 
2022-03-15 19:46:57.392 DEBUG [acme.Launcher@main] Found classpath entry '/C:/Users/Fernando/.m2/repository/org/springframework/spring-orm/5.3.3/spring-orm-5.3.3.jar' 
2022-03-15 19:46:57.392 DEBUG [acme.Launcher@main] Found classpath entry '/C:/Users/Fernando/.m2/repository/org/springframework/spring-aspects/5.3.3/spring-aspects-5.3.3.jar' 
2022-03-15 19:46:57.393 DEBUG [acme.Launcher@main] Found classpath entry '/C:/Users/Fernando/.m2/repository/org/springframework/boot/spring-boot-starter-validation/2.4.2/spring-boot-starter-validation-2.4.2.jar' 
2022-03-15 19:46:57.393 DEBUG [acme.Launcher@main] Found classpath entry '/C:/Users/Fernando/.m2/repository/org/hibernate/validator/hibernate-validator/6.1.7.Final/hibernate-validator-6.1.7.Final.jar' 
2022-03-15 19:46:57.393 DEBUG [acme.Launcher@main] Found classpath entry '/C:/Users/Fernando/.m2/repository/jakarta/validation/jakarta.validation-api/2.0.2/jakarta.validation-api-2.0.2.jar' 
2022-03-15 19:46:57.393 DEBUG [acme.Launcher@main] Found classpath entry '/C:/Users/Fernando/.m2/repository/mysql/mysql-connector-java/8.0.22/mysql-connector-java-8.0.22.jar' 
2022-03-15 19:46:57.393 DEBUG [acme.Launcher@main] Found classpath entry '/C:/Users/Fernando/.m2/repository/com/zaxxer/HikariCP/3.4.5/HikariCP-3.4.5.jar' 
2022-03-15 19:46:57.393 DEBUG [acme.Launcher@main] Found classpath entry '/C:/Users/Fernando/.m2/repository/org/junit/jupiter/junit-jupiter-engine/5.7.0/junit-jupiter-engine-5.7.0.jar' 
2022-03-15 19:46:57.393 DEBUG [acme.Launcher@main] Found classpath entry '/C:/Users/Fernando/.m2/repository/org/apiguardian/apiguardian-api/1.1.0/apiguardian-api-1.1.0.jar' 
2022-03-15 19:46:57.394 DEBUG [acme.Launcher@main] Found classpath entry '/C:/Users/Fernando/.m2/repository/org/junit/platform/junit-platform-engine/1.7.0/junit-platform-engine-1.7.0.jar' 
2022-03-15 19:46:57.394 DEBUG [acme.Launcher@main] Found classpath entry '/C:/Users/Fernando/.m2/repository/org/junit/jupiter/junit-jupiter-api/5.7.0/junit-jupiter-api-5.7.0.jar' 
2022-03-15 19:46:57.394 DEBUG [acme.Launcher@main] Found classpath entry '/C:/Users/Fernando/.m2/repository/org/opentest4j/opentest4j/1.2.0/opentest4j-1.2.0.jar' 
2022-03-15 19:46:57.394 DEBUG [acme.Launcher@main] Found classpath entry '/C:/Users/Fernando/.m2/repository/org/junit/platform/junit-platform-commons/1.7.0/junit-platform-commons-1.7.0.jar' 
2022-03-15 19:46:57.394 DEBUG [acme.Launcher@main] Found classpath entry '/C:/Users/Fernando/.m2/repository/org/junit/jupiter/junit-jupiter-params/5.7.0/junit-jupiter-params-5.7.0.jar' 
2022-03-15 19:46:57.394 DEBUG [acme.Launcher@main] Found classpath entry '/C:/Users/Fernando/.m2/repository/org/junit/platform/junit-platform-launcher/1.7.0/junit-platform-launcher-1.7.0.jar' 
2022-03-15 19:46:57.394 DEBUG [acme.Launcher@main] Found classpath entry '/C:/Users/Fernando/.m2/repository/org/seleniumhq/selenium/selenium-java/3.141.59/selenium-java-3.141.59.jar' 
2022-03-15 19:46:57.394 DEBUG [acme.Launcher@main] Found classpath entry '/C:/Users/Fernando/.m2/repository/org/seleniumhq/selenium/selenium-api/3.141.59/selenium-api-3.141.59.jar' 
2022-03-15 19:46:57.394 DEBUG [acme.Launcher@main] Found classpath entry '/C:/Users/Fernando/.m2/repository/org/seleniumhq/selenium/selenium-chrome-driver/3.141.59/selenium-chrome-driver-3.141.59.jar' 
2022-03-15 19:46:57.404 DEBUG [acme.Launcher@main] Found classpath entry '/C:/Users/Fernando/.m2/repository/org/seleniumhq/selenium/selenium-edge-driver/3.141.59/selenium-edge-driver-3.141.59.jar' 
2022-03-15 19:46:57.410 DEBUG [acme.Launcher@main] Found classpath entry '/C:/Users/Fernando/.m2/repository/org/seleniumhq/selenium/selenium-firefox-driver/3.141.59/selenium-firefox-driver-3.141.59.jar' 
2022-03-15 19:46:57.411 DEBUG [acme.Launcher@main] Found classpath entry '/C:/Users/Fernando/.m2/repository/org/seleniumhq/selenium/selenium-ie-driver/3.141.59/selenium-ie-driver-3.141.59.jar' 
2022-03-15 19:46:57.413 DEBUG [acme.Launcher@main] Found classpath entry '/C:/Users/Fernando/.m2/repository/org/seleniumhq/selenium/selenium-opera-driver/3.141.59/selenium-opera-driver-3.141.59.jar' 
2022-03-15 19:46:57.415 DEBUG [acme.Launcher@main] Found classpath entry '/C:/Users/Fernando/.m2/repository/org/seleniumhq/selenium/selenium-remote-driver/3.141.59/selenium-remote-driver-3.141.59.jar' 
2022-03-15 19:46:57.415 DEBUG [acme.Launcher@main] Found classpath entry '/C:/Users/Fernando/.m2/repository/org/seleniumhq/selenium/selenium-safari-driver/3.141.59/selenium-safari-driver-3.141.59.jar' 
2022-03-15 19:46:57.415 DEBUG [acme.Launcher@main] Found classpath entry '/C:/Users/Fernando/.m2/repository/org/seleniumhq/selenium/selenium-support/3.141.59/selenium-support-3.141.59.jar' 
2022-03-15 19:46:57.415 DEBUG [acme.Launcher@main] Found classpath entry '/C:/Users/Fernando/.m2/repository/net/bytebuddy/byte-buddy/1.10.19/byte-buddy-1.10.19.jar' 
2022-03-15 19:46:57.415 DEBUG [acme.Launcher@main] Found classpath entry '/C:/Users/Fernando/.m2/repository/org/apache/commons/commons-exec/1.3/commons-exec-1.3.jar' 
2022-03-15 19:46:57.415 DEBUG [acme.Launcher@main] Found classpath entry '/C:/Users/Fernando/.m2/repository/com/google/guava/guava/25.0-jre/guava-25.0-jre.jar' 
2022-03-15 19:46:57.416 DEBUG [acme.Launcher@main] Found classpath entry '/C:/Users/Fernando/.m2/repository/com/google/code/findbugs/jsr305/1.3.9/jsr305-1.3.9.jar' 
2022-03-15 19:46:57.416 DEBUG [acme.Launcher@main] Found classpath entry '/C:/Users/Fernando/.m2/repository/org/checkerframework/checker-compat-qual/2.0.0/checker-compat-qual-2.0.0.jar' 
2022-03-15 19:46:57.416 DEBUG [acme.Launcher@main] Found classpath entry '/C:/Users/Fernando/.m2/repository/com/google/errorprone/error_prone_annotations/2.1.3/error_prone_annotations-2.1.3.jar' 
2022-03-15 19:46:57.416 DEBUG [acme.Launcher@main] Found classpath entry '/C:/Users/Fernando/.m2/repository/com/google/j2objc/j2objc-annotations/1.1/j2objc-annotations-1.1.jar' 
2022-03-15 19:46:57.416 DEBUG [acme.Launcher@main] Found classpath entry '/C:/Users/Fernando/.m2/repository/org/codehaus/mojo/animal-sniffer-annotations/1.14/animal-sniffer-annotations-1.14.jar' 
2022-03-15 19:46:57.416 DEBUG [acme.Launcher@main] Found classpath entry '/C:/Users/Fernando/.m2/repository/com/squareup/okhttp3/okhttp/3.14.9/okhttp-3.14.9.jar' 
2022-03-15 19:46:57.422 DEBUG [acme.Launcher@main] Found classpath entry '/C:/Users/Fernando/.m2/repository/com/squareup/okio/okio/1.14.0/okio-1.14.0.jar' 
2022-03-15 19:46:57.423 DEBUG [acme.Launcher@main] Found classpath entry '/C:/Users/Fernando/.m2/repository/org/apache/commons/commons-lang3/3.11/commons-lang3-3.11.jar' 
2022-03-15 19:46:57.423 DEBUG [acme.Launcher@main] Found classpath entry '/C:/Users/Fernando/.m2/repository/org/apache/commons/commons-text/1.8/commons-text-1.8.jar' 
2022-03-15 19:46:57.423 DEBUG [acme.Launcher@main] Found classpath entry '/C:/Users/Fernando/.m2/repository/commons-io/commons-io/2.6/commons-io-2.6.jar' 
2022-03-15 19:46:57.423 DEBUG [acme.Launcher@main] Found classpath entry '/C:/Users/Fernando/.m2/repository/commons-cli/commons-cli/1.4/commons-cli-1.4.jar' 
2022-03-15 19:46:57.423 DEBUG [acme.Launcher@main] Found classpath entry '/C:/Users/Fernando/.m2/repository/org/projectlombok/lombok/1.18.16/lombok-1.18.16.jar' 
2022-03-15 19:46:57.423 DEBUG [acme.Launcher@main] Found classpath entry '/C:/Users/Fernando/.m2/repository/com/opencsv/opencsv/5.4/opencsv-5.4.jar' 
2022-03-15 19:46:57.423 DEBUG [acme.Launcher@main] Found classpath entry '/C:/Users/Fernando/.m2/repository/commons-beanutils/commons-beanutils/1.9.4/commons-beanutils-1.9.4.jar' 
2022-03-15 19:46:57.423 DEBUG [acme.Launcher@main] Found classpath entry '/C:/Users/Fernando/.m2/repository/commons-logging/commons-logging/1.2/commons-logging-1.2.jar' 
2022-03-15 19:46:57.423 DEBUG [acme.Launcher@main] Found classpath entry '/C:/Users/Fernando/.m2/repository/commons-collections/commons-collections/3.2.2/commons-collections-3.2.2.jar' 
2022-03-15 19:46:57.424 DEBUG [acme.Launcher@main] Found classpath entry '/C:/Users/Fernando/.m2/repository/org/apache/commons/commons-collections4/4.4/commons-collections4-4.4.jar' 
2022-03-15 19:46:57.424 DEBUG [acme.Launcher@main] Found classpath entry '/C:/DP2/Workspace-22.0/Tools/IDEs/eclipse-jee-2021-12-R/configuration/org.eclipse.osgi/418/0/.cp/lib/javaagent-shaded.jar' 
2022-03-15 19:46:57.516 DEBUG [acme.Launcher@main] Found entity class 'acme.entities.patronages.Patronage 
2022-03-15 19:46:57.516 DEBUG [acme.Launcher@main] Found entity class 'acme.entities.patronages.PatronageReport 
2022-03-15 19:46:57.516 DEBUG [acme.Launcher@main] Found entity class 'acme.roles.Consumer 
2022-03-15 19:46:57.516 DEBUG [acme.Launcher@main] Found entity class 'acme.roles.Inventor 
2022-03-15 19:46:57.516 DEBUG [acme.Launcher@main] Found entity class 'acme.roles.Patron 
2022-03-15 19:46:57.516 DEBUG [acme.Launcher@main] Found entity class 'acme.roles.Provider 
2022-03-15 19:46:57.516 DEBUG [acme.Launcher@main] Found entity class 'acme.framework.entities.UserAccount 
2022-03-15 19:46:57.517 DEBUG [acme.Launcher@main] Found entity class 'acme.framework.roles.Administrator 
2022-03-15 19:46:57.517 DEBUG [acme.Launcher@main] Found entity class 'acme.framework.roles.Anonymous 
2022-03-15 19:46:57.517 DEBUG [acme.Launcher@main] Found entity class 'acme.framework.roles.Authenticated 
2022-03-15 19:46:57.523 INFO  [acme.Launcher@main] Populating (sample data) 
2022-03-15 19:46:57.524 INFO  [acme.framework.components.database.DatabasePopulator@main] Building database schema 
2022-03-15 19:46:57.584 DEBUG [acme.framework.components.database.DatabaseUtil@main] Executing script. 
2022-03-15 19:46:57.584 DEBUG [acme.framework.components.database.DatabaseUtil@main] Starting new transaction. 
2022-03-15 19:46:57.600 DEBUG [acme.framework.components.database.DatabaseUtil@main] Executing command 'set transaction isolation level read uncommitted;'. 
2022-03-15 19:46:57.621 DEBUG [acme.framework.components.database.DatabaseUtil@main] Starting transaction '1561921531'. 
2022-03-15 19:46:57.622 DEBUG [acme.framework.components.database.DatabaseUtil@main] Executing script command 'set foreign_key_checks=0'. 
2022-03-15 19:46:57.624 DEBUG [acme.framework.components.database.DatabaseUtil@main] Executing script command 'drop table if exists administrator'. 
2022-03-15 19:46:57.900 DEBUG [acme.framework.components.database.DatabaseUtil@main] Executing script command 'drop table if exists anonymous'. 
2022-03-15 19:46:58.193 DEBUG [acme.framework.components.database.DatabaseUtil@main] Executing script command 'drop table if exists authenticated'. 
2022-03-15 19:46:58.438 DEBUG [acme.framework.components.database.DatabaseUtil@main] Executing script command 'drop table if exists consumer'. 
2022-03-15 19:46:58.680 DEBUG [acme.framework.components.database.DatabaseUtil@main] Executing script command 'drop table if exists hibernate_sequence'. 
2022-03-15 19:46:58.929 DEBUG [acme.framework.components.database.DatabaseUtil@main] Executing script command 'drop table if exists inventor'. 
2022-03-15 19:46:59.178 DEBUG [acme.framework.components.database.DatabaseUtil@main] Executing script command 'drop table if exists patron'. 
2022-03-15 19:46:59.423 DEBUG [acme.framework.components.database.DatabaseUtil@main] Executing script command 'drop table if exists patronage'. 
2022-03-15 19:46:59.720 DEBUG [acme.framework.components.database.DatabaseUtil@main] Executing script command 'drop table if exists patronage_report'. 
2022-03-15 19:46:59.966 DEBUG [acme.framework.components.database.DatabaseUtil@main] Executing script command 'drop table if exists provider'. 
2022-03-15 19:47:00.202 DEBUG [acme.framework.components.database.DatabaseUtil@main] Executing script command 'drop table if exists user_account'. 
2022-03-15 19:47:00.475 DEBUG [acme.framework.components.database.DatabaseUtil@main] Executing script command 'set foreign_key_checks=1'. 
2022-03-15 19:47:00.476 DEBUG [acme.framework.components.database.DatabaseUtil@main] Committing transaction '1561921531'. 
2022-03-15 19:47:00.488 DEBUG [acme.framework.components.database.DatabaseUtil@main] Executing script. 
2022-03-15 19:47:00.488 DEBUG [acme.framework.components.database.DatabaseUtil@main] Starting new transaction. 
2022-03-15 19:47:00.488 DEBUG [acme.framework.components.database.DatabaseUtil@main] Executing command 'set transaction isolation level read uncommitted;'. 
2022-03-15 19:47:00.489 DEBUG [acme.framework.components.database.DatabaseUtil@main] Starting transaction '1736021405'. 
2022-03-15 19:47:00.489 DEBUG [acme.framework.components.database.DatabaseUtil@main] Executing script command 'set foreign_key_checks=0'. 
2022-03-15 19:47:00.490 DEBUG [acme.framework.components.database.DatabaseUtil@main] Executing script command 'create table administrator (id integer not null, version integer not null, user_account_id integer, primary key (id)) engine=InnoDB'. 
2022-03-15 19:47:00.833 DEBUG [acme.framework.components.database.DatabaseUtil@main] Executing script command 'create table anonymous (id integer not null, version integer not null, user_account_id integer, primary key (id)) engine=InnoDB'. 
2022-03-15 19:47:01.109 DEBUG [acme.framework.components.database.DatabaseUtil@main] Executing script command 'create table authenticated (id integer not null, version integer not null, user_account_id integer, primary key (id)) engine=InnoDB'. 
2022-03-15 19:47:01.342 DEBUG [acme.framework.components.database.DatabaseUtil@main] Executing script command 'create table consumer (id integer not null, version integer not null, user_account_id integer, company varchar(255), sector varchar(255), primary key (id)) engine=InnoDB'. 
2022-03-15 19:47:01.575 DEBUG [acme.framework.components.database.DatabaseUtil@main] Executing script command 'create table hibernate_sequence (next_val bigint) engine=InnoDB'. 
2022-03-15 19:47:01.807 DEBUG [acme.framework.components.database.DatabaseUtil@main] Executing script command 'insert into hibernate_sequence values ( 1 )'. 
2022-03-15 19:47:01.810 DEBUG [acme.framework.components.database.DatabaseUtil@main] Executing script command 'create table inventor (id integer not null, version integer not null, user_account_id integer, company varchar(255), link varchar(255), statement varchar(255), primary key (id)) engine=InnoDB'. 
2022-03-15 19:47:02.106 DEBUG [acme.framework.components.database.DatabaseUtil@main] Executing script command 'create table patron (id integer not null, version integer not null, user_account_id integer, company varchar(255), link varchar(255), statement varchar(255), primary key (id)) engine=InnoDB'. 
2022-03-15 19:47:02.349 DEBUG [acme.framework.components.database.DatabaseUtil@main] Executing script command 'create table patronage (id integer not null, version integer not null, budget_amount double precision, budget_currency varchar(255), code varchar(255), end_period datetime, legal_stuff varchar(255), link varchar(255), start_period datetime, status integer, inventor_id integer not null, patron_id integer not null, primary key (id)) engine=InnoDB'. 
2022-03-15 19:47:02.715 DEBUG [acme.framework.components.database.DatabaseUtil@main] Executing script command 'create table patronage_report (id integer not null, version integer not null, creation_moment datetime, link varchar(255), memorandum varchar(255), sequence_number varchar(255), patronage_id integer, primary key (id)) engine=InnoDB'. 
2022-03-15 19:47:03.218 DEBUG [acme.framework.components.database.DatabaseUtil@main] Executing script command 'create table provider (id integer not null, version integer not null, user_account_id integer, company varchar(255), sector varchar(255), primary key (id)) engine=InnoDB'. 
2022-03-15 19:47:03.535 DEBUG [acme.framework.components.database.DatabaseUtil@main] Executing script command 'create table user_account (id integer not null, version integer not null, enabled bit not null, identity blob, password varchar(255), username varchar(255), primary key (id)) engine=InnoDB'. 
2022-03-15 19:47:03.812 DEBUG [acme.framework.components.database.DatabaseUtil@main] Executing script command 'alter table patronage add constraint UK_7s289l63ihnn85qwyna5cqbfh unique (code)'. 
2022-03-15 19:47:04.250 DEBUG [acme.framework.components.database.DatabaseUtil@main] Executing script command 'alter table patronage_report add constraint UK_138f2dgicdjhonrucx287hva6 unique (sequence_number)'. 
2022-03-15 19:47:04.774 DEBUG [acme.framework.components.database.DatabaseUtil@main] Executing script command 'alter table user_account add constraint UK_castjbvpeeus0r8lbpehiu0e4 unique (username)'. 
2022-03-15 19:47:05.481 DEBUG [acme.framework.components.database.DatabaseUtil@main] Executing script command 'alter table administrator add constraint FK_2a5vcjo3stlfcwadosjfq49l1 foreign key (user_account_id) references user_account (id)'. 
2022-03-15 19:47:05.997 DEBUG [acme.framework.components.database.DatabaseUtil@main] Executing script command 'alter table anonymous add constraint FK_6lnbc6fo3om54vugoh8icg78m foreign key (user_account_id) references user_account (id)'. 
2022-03-15 19:47:06.386 DEBUG [acme.framework.components.database.DatabaseUtil@main] Executing script command 'alter table authenticated add constraint FK_h52w0f3wjoi68b63wv9vwon57 foreign key (user_account_id) references user_account (id)'. 
2022-03-15 19:47:06.927 DEBUG [acme.framework.components.database.DatabaseUtil@main] Executing script command 'alter table consumer add constraint FK_6cyha9f1wpj0dpbxrrjddrqed foreign key (user_account_id) references user_account (id)'. 
2022-03-15 19:47:07.316 DEBUG [acme.framework.components.database.DatabaseUtil@main] Executing script command 'alter table inventor add constraint FK_2upmsx50p5pou2l4uy8trxor6 foreign key (user_account_id) references user_account (id)'. 
2022-03-15 19:47:07.713 DEBUG [acme.framework.components.database.DatabaseUtil@main] Executing script command 'alter table patron add constraint FK_8xx5nujhuio3advxc2freyu65 foreign key (user_account_id) references user_account (id)'. 
2022-03-15 19:47:08.157 DEBUG [acme.framework.components.database.DatabaseUtil@main] Executing script command 'alter table patronage add constraint FKgkbt6mel1m6joiypsbc2ko6mi foreign key (inventor_id) references inventor (id)'. 
2022-03-15 19:47:08.554 DEBUG [acme.framework.components.database.DatabaseUtil@main] Executing script command 'alter table patronage add constraint FK7d5o2dlu1d9orplkn5g91lsgc foreign key (patron_id) references patron (id)'. 
2022-03-15 19:47:08.944 DEBUG [acme.framework.components.database.DatabaseUtil@main] Executing script command 'alter table patronage_report add constraint FKli7rh2qb2q6bjix6b8o2dpt41 foreign key (patronage_id) references patronage (id)'. 
2022-03-15 19:47:09.490 DEBUG [acme.framework.components.database.DatabaseUtil@main] Executing script command 'alter table provider add constraint FK_b1gwnjqm6ggy9yuiqm0o4rlmd foreign key (user_account_id) references user_account (id)'. 
2022-03-15 19:47:10.017 DEBUG [acme.framework.components.database.DatabaseUtil@main] Executing script command 'set foreign_key_checks=1'. 
2022-03-15 19:47:10.018 DEBUG [acme.framework.components.database.DatabaseUtil@main] Committing transaction '1736021405'. 
2022-03-15 19:47:10.020 INFO  [acme.framework.components.database.DatabasePopulator@main] Reading entities from 'classpath:/WEB-INF/resources/initial-data' 
2022-03-15 19:47:10.031 DEBUG [acme.framework.components.database.Dataset@main] Reading dataset from 'C:\DP2\Workspace-22.0\Projects\Acme-Toolkits\target\classes\WEB-INF\resources\initial-data\administrator.csv' 
2022-03-15 19:47:10.304 DEBUG [acme.framework.components.database.Dataset@main] Reading mapping '{key:user-account=user-account-administrator-01, key=administrator-01}' from 'C:\DP2\Workspace-22.0\Projects\Acme-Toolkits\target\classes\WEB-INF\resources\initial-data\administrator.csv' 
2022-03-15 19:47:10.309 DEBUG [acme.framework.components.database.Dataset@main] Reading dataset from 'C:\DP2\Workspace-22.0\Projects\Acme-Toolkits\target\classes\WEB-INF\resources\initial-data\anonymous.csv' 
2022-03-15 19:47:10.310 DEBUG [acme.framework.components.database.Dataset@main] Reading mapping '{key:user-account=user-account-anonymous-01, key=anonymous-01}' from 'C:\DP2\Workspace-22.0\Projects\Acme-Toolkits\target\classes\WEB-INF\resources\initial-data\anonymous.csv' 
2022-03-15 19:47:10.311 DEBUG [acme.framework.components.database.Dataset@main] Reading dataset from 'C:\DP2\Workspace-22.0\Projects\Acme-Toolkits\target\classes\WEB-INF\resources\initial-data\authenticated.csv' 
2022-03-15 19:47:10.311 DEBUG [acme.framework.components.database.Dataset@main] Reading mapping '{key:user-account=user-account-administrator-01, key=authenticated-administrator-01}' from 'C:\DP2\Workspace-22.0\Projects\Acme-Toolkits\target\classes\WEB-INF\resources\initial-data\authenticated.csv' 
2022-03-15 19:47:10.312 DEBUG [acme.framework.components.database.Dataset@main] Reading mapping '{key:user-account=user-account-inventor-01, key=authenticated-inventor-01}' from 'C:\DP2\Workspace-22.0\Projects\Acme-Toolkits\target\classes\WEB-INF\resources\initial-data\authenticated.csv' 
2022-03-15 19:47:10.312 DEBUG [acme.framework.components.database.Dataset@main] Reading mapping '{key:user-account=user-account-inventor-02, key=authenticated-inventor-02}' from 'C:\DP2\Workspace-22.0\Projects\Acme-Toolkits\target\classes\WEB-INF\resources\initial-data\authenticated.csv' 
2022-03-15 19:47:10.312 DEBUG [acme.framework.components.database.Dataset@main] Reading mapping '{key:user-account=user-account-patron-01, key=authenticated-patron-01}' from 'C:\DP2\Workspace-22.0\Projects\Acme-Toolkits\target\classes\WEB-INF\resources\initial-data\authenticated.csv' 
2022-03-15 19:47:10.312 DEBUG [acme.framework.components.database.Dataset@main] Reading mapping '{key:user-account=user-account-patron-02, key=authenticated-patron-02}' from 'C:\DP2\Workspace-22.0\Projects\Acme-Toolkits\target\classes\WEB-INF\resources\initial-data\authenticated.csv' 
2022-03-15 19:47:10.313 DEBUG [acme.framework.components.database.Dataset@main] Reading dataset from 'C:\DP2\Workspace-22.0\Projects\Acme-Toolkits\target\classes\WEB-INF\resources\initial-data\inventor.csv' 
2022-03-15 19:47:10.314 DEBUG [acme.framework.components.database.Dataset@main] Reading mapping '{key:user-account=user-account-inventor-01, statement=To accelerate the world's transition to sustainable energy., link=https://en.wikipedia.org/wiki/Ecology, company=Acme Ecologic, Inc., key=inventor-01}' from 'C:\DP2\Workspace-22.0\Projects\Acme-Toolkits\target\classes\WEB-INF\resources\initial-data\inventor.csv' 
2022-03-15 19:47:10.314 DEBUG [acme.framework.components.database.Dataset@main] Reading mapping '{key:user-account=user-account-inventor-02, statement=Spread ideas., link=https://en.wikipedia.org/wiki/Idea, company=Acme Logic, Inc., key=inventor-02}' from 'C:\DP2\Workspace-22.0\Projects\Acme-Toolkits\target\classes\WEB-INF\resources\initial-data\inventor.csv' 
2022-03-15 19:47:10.317 DEBUG [acme.framework.components.database.Dataset@main] Reading dataset from 'C:\DP2\Workspace-22.0\Projects\Acme-Toolkits\target\classes\WEB-INF\resources\initial-data\patron.csv' 
2022-03-15 19:47:10.319 DEBUG [acme.framework.components.database.Dataset@main] Reading mapping '{key:user-account=user-account-patron-01, statement=To accelerate the world's transition to sustainable energy., link=https://en.wikipedia.org/wiki/Ecology, company=Acme Ecologic, Inc., key=patron-01}' from 'C:\DP2\Workspace-22.0\Projects\Acme-Toolkits\target\classes\WEB-INF\resources\initial-data\patron.csv' 
2022-03-15 19:47:10.320 DEBUG [acme.framework.components.database.Dataset@main] Reading mapping '{key:user-account=user-account-patron-02, statement=Spread ideas., link=https://en.wikipedia.org/wiki/Idea, company=Acme Logic, Inc., key=patron-02}' from 'C:\DP2\Workspace-22.0\Projects\Acme-Toolkits\target\classes\WEB-INF\resources\initial-data\patron.csv' 
2022-03-15 19:47:10.320 DEBUG [acme.framework.components.database.Dataset@main] Reading dataset from 'C:\DP2\Workspace-22.0\Projects\Acme-Toolkits\target\classes\WEB-INF\resources\initial-data\user-account.csv' 
2022-03-15 19:47:10.321 DEBUG [acme.framework.components.database.Dataset@main] Reading mapping '{password=HIDDEN-PASSWORD, identity=UserIdentity{name: 'John', surname: 'Doe', email: 'john.doe@acme.com'}, key=user-account-anonymous-01, enabled=false, username=anonymous}' from 'C:\DP2\Workspace-22.0\Projects\Acme-Toolkits\target\classes\WEB-INF\resources\initial-data\user-account.csv' 
2022-03-15 19:47:10.321 DEBUG [acme.framework.components.database.Dataset@main] Reading mapping '{password=administrator, identity=UserIdentity{name: 'Administrator', surname: 'Acme', email: 'administrator@acme.com'}, key=user-account-administrator-01, enabled=true, username=administrator}' from 'C:\DP2\Workspace-22.0\Projects\Acme-Toolkits\target\classes\WEB-INF\resources\initial-data\user-account.csv' 
2022-03-15 19:47:10.324 DEBUG [acme.framework.components.database.Dataset@main] Reading mapping '{password=inventor1, identity=UserIdentity{name: 'Inventor', surname: 'Number One', email: 'inventor1@acme.com'}, key=user-account-inventor-01, enabled=true, username=inventor1}' from 'C:\DP2\Workspace-22.0\Projects\Acme-Toolkits\target\classes\WEB-INF\resources\initial-data\user-account.csv' 
2022-03-15 19:47:10.324 DEBUG [acme.framework.components.database.Dataset@main] Reading mapping '{password=inventor2, identity=UserIdentity{name: 'Inventor', surname: 'Number Two', email: 'inventor2@acme.com'}, key=user-account-inventor-02, enabled=true, username=inventor2}' from 'C:\DP2\Workspace-22.0\Projects\Acme-Toolkits\target\classes\WEB-INF\resources\initial-data\user-account.csv' 
2022-03-15 19:47:10.325 DEBUG [acme.framework.components.database.Dataset@main] Reading mapping '{password=patron1, identity=UserIdentity{name: 'Patron', surname: 'Number One', email: 'patron1@acme.com'}, key=user-account-patron-01, enabled=true, username=patron1}' from 'C:\DP2\Workspace-22.0\Projects\Acme-Toolkits\target\classes\WEB-INF\resources\initial-data\user-account.csv' 
2022-03-15 19:47:10.325 DEBUG [acme.framework.components.database.Dataset@main] Reading mapping '{password=patron2, identity=UserIdentity{name: 'Patron', surname: 'Number Two', email: 'patron2@acme.com'}, key=user-account-patron-02, enabled=true, username=patron2}' from 'C:\DP2\Workspace-22.0\Projects\Acme-Toolkits\target\classes\WEB-INF\resources\initial-data\user-account.csv' 
2022-03-15 19:47:10.326 DEBUG [acme.framework.components.database.EntityWeb@main] Setting attributes of entities of class acme.roles.Inventor 
2022-03-15 19:47:10.374 DEBUG [acme.framework.components.database.EntityWeb@main] Setting attributes of entities of class acme.framework.roles.Administrator 
2022-03-15 19:47:10.376 DEBUG [acme.framework.components.database.EntityWeb@main] Setting attributes of entities of class acme.framework.roles.Authenticated 
2022-03-15 19:47:10.377 DEBUG [acme.framework.components.database.EntityWeb@main] Setting attributes of entities of class acme.framework.roles.Anonymous 
2022-03-15 19:47:10.378 DEBUG [acme.framework.components.database.EntityWeb@main] Setting attributes of entities of class acme.roles.Patron 
2022-03-15 19:47:10.388 DEBUG [acme.framework.components.database.EntityWeb@main] Setting attributes of entities of class acme.framework.entities.UserAccount 
2022-03-15 19:47:10.920 DEBUG [acme.framework.components.database.EntityWeb@main] Linking entities of class acme.roles.Inventor 
2022-03-15 19:47:10.920 DEBUG [acme.framework.components.database.EntityWeb@main] Linking entities of class acme.framework.roles.Administrator 
2022-03-15 19:47:10.952 DEBUG [acme.framework.components.database.EntityWeb@main] Linking entities of class acme.framework.roles.Authenticated 
2022-03-15 19:47:10.970 DEBUG [acme.framework.components.database.EntityWeb@main] Linking entities of class acme.framework.roles.Anonymous 
2022-03-15 19:47:10.983 DEBUG [acme.framework.components.database.EntityWeb@main] Linking entities of class acme.roles.Patron 
2022-03-15 19:47:10.984 DEBUG [acme.framework.components.database.EntityWeb@main] Linking entities of class acme.framework.entities.UserAccount 
2022-03-15 19:47:10.984 INFO  [acme.framework.components.database.DatabasePopulator@main] Reading entities from 'classpath:/WEB-INF/resources/sample-data' 
2022-03-15 19:47:10.987 DEBUG [acme.framework.components.database.Dataset@main] Reading dataset from 'C:\DP2\Workspace-22.0\Projects\Acme-Toolkits\target\classes\WEB-INF\resources\sample-data\consumer.csv' 
2022-03-15 19:47:10.988 DEBUG [acme.framework.components.database.Dataset@main] Reading mapping '{key:user-account=user-account-administrator-01, company=Macarena, Inc., sector=Telecommunications, key=consumer-01}' from 'C:\DP2\Workspace-22.0\Projects\Acme-Toolkits\target\classes\WEB-INF\resources\sample-data\consumer.csv' 
2022-03-15 19:47:10.993 DEBUG [acme.framework.components.database.Dataset@main] Reading dataset from 'C:\DP2\Workspace-22.0\Projects\Acme-Toolkits\target\classes\WEB-INF\resources\sample-data\patronage-report.csv' 
2022-03-15 19:47:10.994 DEBUG [acme.framework.components.database.Dataset@main] Reading mapping '{sequenceNumber=ABC-123-A:0001, key:patronage=patronage-01, creationMoment=2022/02/01 00:00, link=https://www.twitch.tv, memorandum=Comienzo de las negociaciones, key=patronage-report-11}' from 'C:\DP2\Workspace-22.0\Projects\Acme-Toolkits\target\classes\WEB-INF\resources\sample-data\patronage-report.csv' 
2022-03-15 19:47:10.994 DEBUG [acme.framework.components.database.Dataset@main] Reading mapping '{sequenceNumber=ABC-123-A:0002, key:patronage=patronage-02, creationMoment=2022/02/01 00:05, link=https://www.twitch.tv, memorandum=Acuerdos puestos sobre la mesa, key=patronage-report-12}' from 'C:\DP2\Workspace-22.0\Projects\Acme-Toolkits\target\classes\WEB-INF\resources\sample-data\patronage-report.csv' 
2022-03-15 19:47:10.994 DEBUG [acme.framework.components.database.Dataset@main] Reading mapping '{sequenceNumber=ABC-123-A:0003, key:patronage=patronage-03, creationMoment=2022/02/01 00:10, link=https://www.twitch.tv, memorandum=Cierre de la negociación, key=patronage-report-13}' from 'C:\DP2\Workspace-22.0\Projects\Acme-Toolkits\target\classes\WEB-INF\resources\sample-data\patronage-report.csv' 
2022-03-15 19:47:10.995 DEBUG [acme.framework.components.database.Dataset@main] Reading dataset from 'C:\DP2\Workspace-22.0\Projects\Acme-Toolkits\target\classes\WEB-INF\resources\sample-data\patronage.csv' 
2022-03-15 19:47:10.997 DEBUG [acme.framework.components.database.Dataset@main] Reading mapping '{key:inventor=inventor-01, code=ABC-123-A, endPeriod=2024/03/01 00:00, link=https://www.twitch.tv, startPeriod=2024/01/01 00:00, key:patron=patron-01, key=patronage-01, status=accepted, legalStuff=Nueva funcionalidad de Twitch, budget=EUR 10,000.00}' from 'C:\DP2\Workspace-22.0\Projects\Acme-Toolkits\target\classes\WEB-INF\resources\sample-data\patronage.csv' 
2022-03-15 19:47:10.998 DEBUG [acme.framework.components.database.Dataset@main] Reading mapping '{key:inventor=inventor-02, code=ABC-123-B, endPeriod=2024/03/01 00:00, link=https://www.twitch.tv, startPeriod=2024/01/01 00:00, key:patron=patron-01, key=patronage-02, status=accepted, legalStuff=Segunda nueva funcionalidad de Twitch, budget=EUR 15,000.00}' from 'C:\DP2\Workspace-22.0\Projects\Acme-Toolkits\target\classes\WEB-INF\resources\sample-data\patronage.csv' 
2022-03-15 19:47:10.998 DEBUG [acme.framework.components.database.Dataset@main] Reading mapping '{key:inventor=inventor-01, code=ABC-123-C, endPeriod=2024/03/01 00:00, link=https://www.twitch.tv, startPeriod=2024/01/01 00:00, key:patron=patron-02, key=patronage-03, status=accepted, legalStuff=Tercera nueva funcionalidad de Twitch, budget=EUR 20,000.00}' from 'C:\DP2\Workspace-22.0\Projects\Acme-Toolkits\target\classes\WEB-INF\resources\sample-data\patronage.csv' 
2022-03-15 19:47:10.999 DEBUG [acme.framework.components.database.Dataset@main] Reading dataset from 'C:\DP2\Workspace-22.0\Projects\Acme-Toolkits\target\classes\WEB-INF\resources\sample-data\provider.csv' 
2022-03-15 19:47:10.999 DEBUG [acme.framework.components.database.Dataset@main] Reading mapping '{key:user-account=user-account-administrator-01, company=Terra Nets, S.A., sector=Internet, key=provider-01}' from 'C:\DP2\Workspace-22.0\Projects\Acme-Toolkits\target\classes\WEB-INF\resources\sample-data\provider.csv' 
2022-03-15 19:47:10.999 DEBUG [acme.framework.components.database.EntityWeb@main] Setting attributes of entities of class acme.entities.patronages.PatronageReport 
2022-03-15 19:47:11.018 DEBUG [acme.framework.configuration.ExtendedMessageSource@main] Loading properties [C:\DP2\Workspace-22.0\Projects\Acme-Toolkits\target\classes\WEB-INF\views\administrator\user-account\messages-en.i18n] with encoding 'utf-8' 
2022-03-15 19:47:11.020 DEBUG [acme.framework.configuration.ExtendedMessageSource@main] Loading properties [C:\DP2\Workspace-22.0\Projects\Acme-Toolkits\target\classes\WEB-INF\views\authenticated\consumer\messsages-en.i18n] with encoding 'utf-8' 
2022-03-15 19:47:11.021 DEBUG [acme.framework.configuration.ExtendedMessageSource@main] Loading properties [C:\DP2\Workspace-22.0\Projects\Acme-Toolkits\target\classes\WEB-INF\views\authenticated\provider\messsages-en.i18n] with encoding 'utf-8' 
2022-03-15 19:47:11.021 DEBUG [acme.framework.configuration.ExtendedMessageSource@main] Loading properties [C:\DP2\Workspace-22.0\Projects\Acme-Toolkits\target\classes\WEB-INF\views\fragments\banner-en.i18n] with encoding 'utf-8' 
2022-03-15 19:47:11.024 DEBUG [acme.framework.configuration.ExtendedMessageSource@main] Loading properties [C:\DP2\Workspace-22.0\Projects\Acme-Toolkits\target\classes\WEB-INF\views\fragments\company-en.i18n] with encoding 'utf-8' 
2022-03-15 19:47:11.025 DEBUG [acme.framework.configuration.ExtendedMessageSource@main] Loading properties [C:\DP2\Workspace-22.0\Projects\Acme-Toolkits\target\classes\WEB-INF\views\fragments\footer-en.i18n] with encoding 'utf-8' 
2022-03-15 19:47:11.027 DEBUG [acme.framework.configuration.ExtendedMessageSource@main] Loading properties [C:\DP2\Workspace-22.0\Projects\Acme-Toolkits\target\classes\WEB-INF\views\fragments\license-en.i18n] with encoding 'utf-8' 
2022-03-15 19:47:11.028 DEBUG [acme.framework.configuration.ExtendedMessageSource@main] Loading properties [C:\DP2\Workspace-22.0\Projects\Acme-Toolkits\target\classes\WEB-INF\views\fragments\menu-en.i18n] with encoding 'utf-8' 
2022-03-15 19:47:11.028 DEBUG [acme.framework.configuration.ExtendedMessageSource@main] Loading properties [C:\DP2\Workspace-22.0\Projects\Acme-Toolkits\target\classes\WEB-INF\views\fragments\messsages-en.i18n] with encoding 'utf-8' 
2022-03-15 19:47:11.029 DEBUG [acme.framework.configuration.ExtendedMessageSource@main] Loading properties [C:\DP2\Workspace-22.0\Projects\Acme-Toolkits\target\classes\WEB-INF\views\fragments\title-en.i18n] with encoding 'utf-8' 
2022-03-15 19:47:11.030 DEBUG [acme.framework.configuration.ExtendedMessageSource@main] Loading properties [C:\DP2\Workspace-22.0\Projects\Acme-Toolkits\target\classes\WEB-INF\views\fragments\welcome-en.i18n] with encoding 'utf-8' 
2022-03-15 19:47:11.032 DEBUG [acme.framework.configuration.ExtendedMessageSource@main] Loading properties [C:\DP2\Workspace-22.0\Projects\Acme-Toolkits\target\classes\WEB-INF\views\master\defaults-en.i18n] with encoding 'utf-8' 
2022-03-15 19:47:11.033 DEBUG [acme.framework.configuration.ExtendedMessageSource@main] Loading properties [C:\DP2\Workspace-22.0\Projects\Acme-Toolkits\target\classes\WEB-INF\views\master\master-en.i18n] with encoding 'utf-8' 
2022-03-15 19:47:11.033 DEBUG [acme.framework.configuration.ExtendedMessageSource@main] Loading properties [C:\DP2\Workspace-22.0\Projects\Acme-Toolkits\target\classes\WEB-INF\views\master\throwables-en.i18n] with encoding 'utf-8' 
2022-03-15 19:47:11.034 DEBUG [acme.framework.configuration.ExtendedMessageSource@main] Loading properties [C:\DP2\Workspace-22.0\Projects\Acme-Toolkits\target\classes\WEB-INF\views\master\validation-en.i18n] with encoding 'utf-8' 
2022-03-15 19:47:11.038 DEBUG [acme.framework.components.database.EntityWeb@main] Setting attributes of entities of class acme.entities.patronages.Patronage 
2022-03-15 19:47:11.051 DEBUG [acme.framework.components.database.EntityWeb@main] Setting attributes of entities of class acme.roles.Provider 
2022-03-15 19:47:11.066 DEBUG [acme.framework.components.database.EntityWeb@main] Setting attributes of entities of class acme.roles.Consumer 
2022-03-15 19:47:11.082 DEBUG [acme.framework.components.database.EntityWeb@main] Linking entities of class acme.entities.patronages.PatronageReport 
2022-03-15 19:47:11.082 DEBUG [acme.framework.components.database.EntityWeb@main] Linking entities of class acme.entities.patronages.Patronage 
2022-03-15 19:47:11.083 DEBUG [acme.framework.components.database.EntityWeb@main] Linking entities of class acme.roles.Provider 
2022-03-15 19:47:11.084 DEBUG [acme.framework.components.database.EntityWeb@main] Linking entities of class acme.roles.Consumer 
2022-03-15 19:47:11.084 INFO  [acme.framework.components.database.DatabasePopulator@main] Validating your entities 
2022-03-15 19:47:11.235 DEBUG [acme.framework.components.database.DatabasePopulator@main] Validating 'acme.framework.roles.Authenticated@authenticated-inventor-02' ... PASS 
2022-03-15 19:47:11.237 DEBUG [acme.framework.components.database.DatabasePopulator@main] Validating 'acme.framework.roles.Authenticated@authenticated-inventor-01' ... PASS 
2022-03-15 19:47:11.241 DEBUG [acme.framework.components.database.DatabasePopulator@main] Validating 'acme.framework.entities.UserAccount@user-account-administrator-01' ... PASS 
2022-03-15 19:47:11.271 DEBUG [acme.framework.components.database.DatabasePopulator@main] Validating 'acme.roles.Patron@patron-01' ... PASS 
2022-03-15 19:47:11.278 DEBUG [acme.framework.components.database.DatabasePopulator@main] Validating 'acme.roles.Patron@patron-02' ... PASS 
2022-03-15 19:47:11.324 DEBUG [acme.framework.components.database.DatabasePopulator@main] Validating 'acme.entities.patronages.Patronage@patronage-01' ... PASS 
2022-03-15 19:47:11.332 DEBUG [acme.framework.components.database.DatabasePopulator@main] Validating 'acme.roles.Provider@provider-01' ... PASS 
2022-03-15 19:47:11.336 DEBUG [acme.framework.components.database.DatabasePopulator@main] Validating 'acme.entities.patronages.Patronage@patronage-02' ... PASS 
2022-03-15 19:47:11.345 DEBUG [acme.framework.components.database.DatabasePopulator@main] Validating 'acme.framework.roles.Administrator@administrator-01' ... PASS 
2022-03-15 19:47:11.349 DEBUG [acme.framework.components.database.DatabasePopulator@main] Validating 'acme.entities.patronages.Patronage@patronage-03' ... PASS 
2022-03-15 19:47:11.350 DEBUG [acme.framework.components.database.DatabasePopulator@main] Validating 'acme.framework.entities.UserAccount@user-account-patron-01' ... PASS 
2022-03-15 19:47:11.352 DEBUG [acme.framework.components.database.DatabasePopulator@main] Validating 'acme.framework.entities.UserAccount@user-account-patron-02' ... PASS 
2022-03-15 19:47:11.355 DEBUG [acme.framework.components.database.DatabasePopulator@main] Validating 'acme.framework.roles.Authenticated@authenticated-administrator-01' ... PASS 
2022-03-15 19:47:11.408 DEBUG [acme.framework.components.database.DatabasePopulator@main] Validating 'acme.entities.patronages.PatronageReport@patronage-report-11' ... PASS 
2022-03-15 19:47:11.411 DEBUG [acme.framework.components.database.DatabasePopulator@main] Validating 'acme.entities.patronages.PatronageReport@patronage-report-12' ... PASS 
2022-03-15 19:47:11.415 DEBUG [acme.framework.components.database.DatabasePopulator@main] Validating 'acme.entities.patronages.PatronageReport@patronage-report-13' ... PASS 
2022-03-15 19:47:11.417 DEBUG [acme.framework.components.database.DatabasePopulator@main] Validating 'acme.framework.entities.UserAccount@user-account-anonymous-01' ... PASS 
2022-03-15 19:47:11.419 DEBUG [acme.framework.components.database.DatabasePopulator@main] Validating 'acme.framework.entities.UserAccount@user-account-inventor-02' ... PASS 
2022-03-15 19:47:11.424 DEBUG [acme.framework.components.database.DatabasePopulator@main] Validating 'acme.roles.Consumer@consumer-01' ... PASS 
2022-03-15 19:47:11.425 DEBUG [acme.framework.components.database.DatabasePopulator@main] Validating 'acme.framework.roles.Authenticated@authenticated-patron-01' ... PASS 
2022-03-15 19:47:11.427 DEBUG [acme.framework.components.database.DatabasePopulator@main] Validating 'acme.framework.roles.Authenticated@authenticated-patron-02' ... PASS 
2022-03-15 19:47:11.438 DEBUG [acme.framework.components.database.DatabasePopulator@main] Validating 'acme.framework.roles.Anonymous@anonymous-01' ... PASS 
2022-03-15 19:47:11.441 DEBUG [acme.framework.components.database.DatabasePopulator@main] Validating 'acme.framework.entities.UserAccount@user-account-inventor-01' ... PASS 
2022-03-15 19:47:11.442 DEBUG [acme.framework.components.database.DatabasePopulator@main] Validating 'acme.roles.Inventor@inventor-02' ... PASS 
2022-03-15 19:47:11.444 DEBUG [acme.framework.components.database.DatabasePopulator@main] Validating 'acme.roles.Inventor@inventor-01' ... PASS 
2022-03-15 19:47:11.444 INFO  [acme.framework.components.database.DatabasePopulator@main] Sorting your entity classes 
2022-03-15 19:47:11.444 DEBUG [acme.framework.components.database.DatabasePopulator@main] Best topological order for your entity clazzes: 
2022-03-15 19:47:11.444 DEBUG [acme.framework.components.database.DatabasePopulator@main] - acme.framework.entities.UserAccount 
2022-03-15 19:47:11.444 DEBUG [acme.framework.components.database.DatabasePopulator@main] - acme.roles.Inventor 
2022-03-15 19:47:11.444 DEBUG [acme.framework.components.database.DatabasePopulator@main] - acme.framework.roles.Administrator 
2022-03-15 19:47:11.445 DEBUG [acme.framework.components.database.DatabasePopulator@main] - acme.roles.Patron 
2022-03-15 19:47:11.445 DEBUG [acme.framework.components.database.DatabasePopulator@main] - acme.entities.patronages.Patronage 
2022-03-15 19:47:11.445 DEBUG [acme.framework.components.database.DatabasePopulator@main] - acme.entities.patronages.PatronageReport 
2022-03-15 19:47:11.445 DEBUG [acme.framework.components.database.DatabasePopulator@main] - acme.framework.roles.Authenticated 
2022-03-15 19:47:11.445 DEBUG [acme.framework.components.database.DatabasePopulator@main] - acme.framework.roles.Anonymous 
2022-03-15 19:47:11.445 DEBUG [acme.framework.components.database.DatabasePopulator@main] - acme.roles.Provider 
2022-03-15 19:47:11.445 DEBUG [acme.framework.components.database.DatabasePopulator@main] - acme.roles.Consumer 
2022-03-15 19:47:11.445 INFO  [acme.framework.components.database.DatabasePopulator@main] Persisting your entities 
2022-03-15 19:47:11.445 DEBUG [acme.framework.components.database.DatabaseUtil@main] Starting new transaction. 
2022-03-15 19:47:11.448 DEBUG [acme.framework.components.database.DatabaseUtil@main] Executing command 'set transaction isolation level read uncommitted;'. 
2022-03-15 19:47:11.449 DEBUG [acme.framework.components.database.DatabaseUtil@main] Starting transaction '1518922937'. 
2022-03-15 19:47:11.449 DEBUG [acme.framework.components.database.DatabasePopulator@main] Persising entities of clazz 'acme.framework.entities.UserAccount' 
2022-03-15 19:47:11.495 DEBUG [org.hibernate.SQL@main] select next_val as id_val from hibernate_sequence for update 
2022-03-15 19:47:11.535 DEBUG [org.hibernate.SQL@main] update hibernate_sequence set next_val= ? where next_val=? 
2022-03-15 19:47:11.786 DEBUG [acme.framework.components.database.DatabaseUtil@main] Persisting entity UserAccount(username=anonymous) 
2022-03-15 19:47:11.787 DEBUG [org.hibernate.SQL@main] select next_val as id_val from hibernate_sequence for update 
2022-03-15 19:47:11.789 DEBUG [org.hibernate.SQL@main] update hibernate_sequence set next_val= ? where next_val=? 
2022-03-15 19:47:11.817 DEBUG [acme.framework.components.database.DatabaseUtil@main] Persisting entity UserAccount(username=patron1) 
2022-03-15 19:47:11.817 DEBUG [org.hibernate.SQL@main] select next_val as id_val from hibernate_sequence for update 
2022-03-15 19:47:11.818 DEBUG [org.hibernate.SQL@main] update hibernate_sequence set next_val= ? where next_val=? 
2022-03-15 19:47:11.839 DEBUG [acme.framework.components.database.DatabaseUtil@main] Persisting entity UserAccount(username=inventor2) 
2022-03-15 19:47:11.842 DEBUG [org.hibernate.SQL@main] select next_val as id_val from hibernate_sequence for update 
2022-03-15 19:47:11.843 DEBUG [org.hibernate.SQL@main] update hibernate_sequence set next_val= ? where next_val=? 
2022-03-15 19:47:11.861 DEBUG [acme.framework.components.database.DatabaseUtil@main] Persisting entity UserAccount(username=patron2) 
2022-03-15 19:47:11.862 DEBUG [org.hibernate.SQL@main] select next_val as id_val from hibernate_sequence for update 
2022-03-15 19:47:11.862 DEBUG [org.hibernate.SQL@main] update hibernate_sequence set next_val= ? where next_val=? 
2022-03-15 19:47:11.883 DEBUG [acme.framework.components.database.DatabaseUtil@main] Persisting entity UserAccount(username=administrator) 
2022-03-15 19:47:11.883 DEBUG [org.hibernate.SQL@main] select next_val as id_val from hibernate_sequence for update 
2022-03-15 19:47:11.884 DEBUG [org.hibernate.SQL@main] update hibernate_sequence set next_val= ? where next_val=? 
2022-03-15 19:47:11.905 DEBUG [acme.framework.components.database.DatabaseUtil@main] Persisting entity UserAccount(username=inventor1) 
2022-03-15 19:47:11.905 DEBUG [acme.framework.components.database.DatabasePopulator@main] Persising entities of clazz 'acme.roles.Inventor' 
2022-03-15 19:47:11.909 DEBUG [org.hibernate.SQL@main] select next_val as id_val from hibernate_sequence for update 
2022-03-15 19:47:11.911 DEBUG [org.hibernate.SQL@main] update hibernate_sequence set next_val= ? where next_val=? 
2022-03-15 19:47:11.930 DEBUG [acme.framework.components.database.DatabaseUtil@main] Persisting entity UserRole(userAccount=UserAccount(username=inventor2)) 
2022-03-15 19:47:11.932 DEBUG [org.hibernate.SQL@main] select next_val as id_val from hibernate_sequence for update 
2022-03-15 19:47:11.933 DEBUG [org.hibernate.SQL@main] update hibernate_sequence set next_val= ? where next_val=? 
2022-03-15 19:47:11.960 DEBUG [acme.framework.components.database.DatabaseUtil@main] Persisting entity UserRole(userAccount=UserAccount(username=inventor1)) 
2022-03-15 19:47:11.960 DEBUG [acme.framework.components.database.DatabasePopulator@main] Persising entities of clazz 'acme.framework.roles.Administrator' 
2022-03-15 19:47:11.961 DEBUG [org.hibernate.SQL@main] select next_val as id_val from hibernate_sequence for update 
2022-03-15 19:47:11.962 DEBUG [org.hibernate.SQL@main] update hibernate_sequence set next_val= ? where next_val=? 
2022-03-15 19:47:11.993 DEBUG [acme.framework.components.database.DatabaseUtil@main] Persisting entity UserRole(userAccount=UserAccount(username=administrator)) 
2022-03-15 19:47:11.994 DEBUG [acme.framework.components.database.DatabasePopulator@main] Persising entities of clazz 'acme.roles.Patron' 
2022-03-15 19:47:11.994 DEBUG [org.hibernate.SQL@main] select next_val as id_val from hibernate_sequence for update 
2022-03-15 19:47:11.995 DEBUG [org.hibernate.SQL@main] update hibernate_sequence set next_val= ? where next_val=? 
2022-03-15 19:47:12.054 DEBUG [acme.framework.components.database.DatabaseUtil@main] Persisting entity UserRole(userAccount=UserAccount(username=patron1)) 
2022-03-15 19:47:12.054 DEBUG [org.hibernate.SQL@main] select next_val as id_val from hibernate_sequence for update 
2022-03-15 19:47:12.078 DEBUG [org.hibernate.SQL@main] update hibernate_sequence set next_val= ? where next_val=? 
2022-03-15 19:47:12.103 DEBUG [acme.framework.components.database.DatabaseUtil@main] Persisting entity UserRole(userAccount=UserAccount(username=patron2)) 
2022-03-15 19:47:12.103 DEBUG [acme.framework.components.database.DatabasePopulator@main] Persising entities of clazz 'acme.entities.patronages.Patronage' 
2022-03-15 19:47:12.104 DEBUG [org.hibernate.SQL@main] select next_val as id_val from hibernate_sequence for update 
2022-03-15 19:47:12.107 DEBUG [org.hibernate.SQL@main] update hibernate_sequence set next_val= ? where next_val=? 
2022-03-15 19:47:12.126 DEBUG [acme.framework.components.database.DatabaseUtil@main] Persisting entity acme.entities.patronages.Patronage{id=12, version=0} 
2022-03-15 19:47:12.127 DEBUG [org.hibernate.SQL@main] select next_val as id_val from hibernate_sequence for update 
2022-03-15 19:47:12.127 DEBUG [org.hibernate.SQL@main] update hibernate_sequence set next_val= ? where next_val=? 
2022-03-15 19:47:12.178 DEBUG [acme.framework.components.database.DatabaseUtil@main] Persisting entity acme.entities.patronages.Patronage{id=13, version=0} 
2022-03-15 19:47:12.179 DEBUG [org.hibernate.SQL@main] select next_val as id_val from hibernate_sequence for update 
2022-03-15 19:47:12.179 DEBUG [org.hibernate.SQL@main] update hibernate_sequence set next_val= ? where next_val=? 
2022-03-15 19:47:12.204 DEBUG [acme.framework.components.database.DatabaseUtil@main] Persisting entity acme.entities.patronages.Patronage{id=14, version=0} 
2022-03-15 19:47:12.204 DEBUG [acme.framework.components.database.DatabasePopulator@main] Persising entities of clazz 'acme.entities.patronages.PatronageReport' 
2022-03-15 19:47:12.205 DEBUG [org.hibernate.SQL@main] select next_val as id_val from hibernate_sequence for update 
2022-03-15 19:47:12.210 DEBUG [org.hibernate.SQL@main] update hibernate_sequence set next_val= ? where next_val=? 
2022-03-15 19:47:12.226 DEBUG [acme.framework.components.database.DatabaseUtil@main] Persisting entity acme.entities.patronages.PatronageReport{id=15, version=0} 
2022-03-15 19:47:12.227 DEBUG [org.hibernate.SQL@main] select next_val as id_val from hibernate_sequence for update 
2022-03-15 19:47:12.228 DEBUG [org.hibernate.SQL@main] update hibernate_sequence set next_val= ? where next_val=? 
2022-03-15 19:47:12.248 DEBUG [acme.framework.components.database.DatabaseUtil@main] Persisting entity acme.entities.patronages.PatronageReport{id=16, version=0} 
2022-03-15 19:47:12.249 DEBUG [org.hibernate.SQL@main] select next_val as id_val from hibernate_sequence for update 
2022-03-15 19:47:12.249 DEBUG [org.hibernate.SQL@main] update hibernate_sequence set next_val= ? where next_val=? 
2022-03-15 19:47:12.270 DEBUG [acme.framework.components.database.DatabaseUtil@main] Persisting entity acme.entities.patronages.PatronageReport{id=17, version=0} 
2022-03-15 19:47:12.270 DEBUG [acme.framework.components.database.DatabasePopulator@main] Persising entities of clazz 'acme.framework.roles.Authenticated' 
2022-03-15 19:47:12.271 DEBUG [org.hibernate.SQL@main] select next_val as id_val from hibernate_sequence for update 
2022-03-15 19:47:12.271 DEBUG [org.hibernate.SQL@main] update hibernate_sequence set next_val= ? where next_val=? 
2022-03-15 19:47:12.293 DEBUG [acme.framework.components.database.DatabaseUtil@main] Persisting entity UserRole(userAccount=UserAccount(username=patron1)) 
2022-03-15 19:47:12.293 DEBUG [org.hibernate.SQL@main] select next_val as id_val from hibernate_sequence for update 
2022-03-15 19:47:12.294 DEBUG [org.hibernate.SQL@main] update hibernate_sequence set next_val= ? where next_val=? 
2022-03-15 19:47:12.314 DEBUG [acme.framework.components.database.DatabaseUtil@main] Persisting entity UserRole(userAccount=UserAccount(username=inventor2)) 
2022-03-15 19:47:12.315 DEBUG [org.hibernate.SQL@main] select next_val as id_val from hibernate_sequence for update 
2022-03-15 19:47:12.316 DEBUG [org.hibernate.SQL@main] update hibernate_sequence set next_val= ? where next_val=? 
2022-03-15 19:47:12.336 DEBUG [acme.framework.components.database.DatabaseUtil@main] Persisting entity UserRole(userAccount=UserAccount(username=patron2)) 
2022-03-15 19:47:12.337 DEBUG [org.hibernate.SQL@main] select next_val as id_val from hibernate_sequence for update 
2022-03-15 19:47:12.338 DEBUG [org.hibernate.SQL@main] update hibernate_sequence set next_val= ? where next_val=? 
2022-03-15 19:47:12.359 DEBUG [acme.framework.components.database.DatabaseUtil@main] Persisting entity UserRole(userAccount=UserAccount(username=inventor1)) 
2022-03-15 19:47:12.360 DEBUG [org.hibernate.SQL@main] select next_val as id_val from hibernate_sequence for update 
2022-03-15 19:47:12.361 DEBUG [org.hibernate.SQL@main] update hibernate_sequence set next_val= ? where next_val=? 
2022-03-15 19:47:12.380 DEBUG [acme.framework.components.database.DatabaseUtil@main] Persisting entity UserRole(userAccount=UserAccount(username=administrator)) 
2022-03-15 19:47:12.381 DEBUG [acme.framework.components.database.DatabasePopulator@main] Persising entities of clazz 'acme.framework.roles.Anonymous' 
2022-03-15 19:47:12.381 DEBUG [org.hibernate.SQL@main] select next_val as id_val from hibernate_sequence for update 
2022-03-15 19:47:12.382 DEBUG [org.hibernate.SQL@main] update hibernate_sequence set next_val= ? where next_val=? 
2022-03-15 19:47:12.403 DEBUG [acme.framework.components.database.DatabaseUtil@main] Persisting entity UserRole(userAccount=UserAccount(username=anonymous)) 
2022-03-15 19:47:12.403 DEBUG [acme.framework.components.database.DatabasePopulator@main] Persising entities of clazz 'acme.roles.Provider' 
2022-03-15 19:47:12.404 DEBUG [org.hibernate.SQL@main] select next_val as id_val from hibernate_sequence for update 
2022-03-15 19:47:12.404 DEBUG [org.hibernate.SQL@main] update hibernate_sequence set next_val= ? where next_val=? 
2022-03-15 19:47:12.425 DEBUG [acme.framework.components.database.DatabaseUtil@main] Persisting entity UserRole(userAccount=UserAccount(username=administrator)) 
2022-03-15 19:47:12.426 DEBUG [acme.framework.components.database.DatabasePopulator@main] Persising entities of clazz 'acme.roles.Consumer' 
2022-03-15 19:47:12.427 DEBUG [org.hibernate.SQL@main] select next_val as id_val from hibernate_sequence for update 
2022-03-15 19:47:12.427 DEBUG [org.hibernate.SQL@main] update hibernate_sequence set next_val= ? where next_val=? 
2022-03-15 19:47:12.447 DEBUG [acme.framework.components.database.DatabaseUtil@main] Persisting entity UserRole(userAccount=UserAccount(username=administrator)) 
2022-03-15 19:47:12.447 DEBUG [acme.framework.components.database.DatabaseUtil@main] Committing transaction '1518922937'. 
2022-03-15 19:47:12.497 DEBUG [org.hibernate.SQL@main] insert into user_account (version, enabled, identity, password, username, id) values (?, ?, ?, ?, ?, ?) 
2022-03-15 19:47:12.500 TRACE [org.hibernate.type.descriptor.sql.BasicBinder@main] binding parameter [1] as [INTEGER] - [0] 
2022-03-15 19:47:12.501 TRACE [org.hibernate.type.descriptor.sql.BasicBinder@main] binding parameter [2] as [BOOLEAN] - [false] 
2022-03-15 19:47:12.502 TRACE [org.hibernate.type.descriptor.sql.BasicBinder@main] binding parameter [3] as [BLOB] - [DefaultUserIdentity(name=John, surname=Doe, email=john.doe@acme.com)] 
2022-03-15 19:47:12.505 TRACE [org.hibernate.type.descriptor.sql.BasicBinder@main] binding parameter [4] as [VARCHAR] - [$2a$05$9Nznr9/sBFJMhchSRPAgxew5ebb/WR/MCmrRXrR0Gu2hwBM7nliFu] 
2022-03-15 19:47:12.505 TRACE [org.hibernate.type.descriptor.sql.BasicBinder@main] binding parameter [5] as [VARCHAR] - [anonymous] 
2022-03-15 19:47:12.506 TRACE [org.hibernate.type.descriptor.sql.BasicBinder@main] binding parameter [6] as [INTEGER] - [1] 
2022-03-15 19:47:12.514 DEBUG [org.hibernate.SQL@main] insert into user_account (version, enabled, identity, password, username, id) values (?, ?, ?, ?, ?, ?) 
2022-03-15 19:47:12.514 TRACE [org.hibernate.type.descriptor.sql.BasicBinder@main] binding parameter [1] as [INTEGER] - [0] 
2022-03-15 19:47:12.514 TRACE [org.hibernate.type.descriptor.sql.BasicBinder@main] binding parameter [2] as [BOOLEAN] - [true] 
2022-03-15 19:47:12.515 TRACE [org.hibernate.type.descriptor.sql.BasicBinder@main] binding parameter [3] as [BLOB] - [DefaultUserIdentity(name=Patron, surname=Number One, email=patron1@acme.com)] 
2022-03-15 19:47:12.515 TRACE [org.hibernate.type.descriptor.sql.BasicBinder@main] binding parameter [4] as [VARCHAR] - [$2a$05$5u1r4vROK.YaMZ0twvtKBeabrJWqIboBy9yOuSW1CEDRREy8Lprre] 
2022-03-15 19:47:12.515 TRACE [org.hibernate.type.descriptor.sql.BasicBinder@main] binding parameter [5] as [VARCHAR] - [patron1] 
2022-03-15 19:47:12.515 TRACE [org.hibernate.type.descriptor.sql.BasicBinder@main] binding parameter [6] as [INTEGER] - [2] 
2022-03-15 19:47:12.516 DEBUG [org.hibernate.SQL@main] insert into user_account (version, enabled, identity, password, username, id) values (?, ?, ?, ?, ?, ?) 
2022-03-15 19:47:12.517 TRACE [org.hibernate.type.descriptor.sql.BasicBinder@main] binding parameter [1] as [INTEGER] - [0] 
2022-03-15 19:47:12.517 TRACE [org.hibernate.type.descriptor.sql.BasicBinder@main] binding parameter [2] as [BOOLEAN] - [true] 
2022-03-15 19:47:12.517 TRACE [org.hibernate.type.descriptor.sql.BasicBinder@main] binding parameter [3] as [BLOB] - [DefaultUserIdentity(name=Inventor, surname=Number Two, email=inventor2@acme.com)] 
2022-03-15 19:47:12.517 TRACE [org.hibernate.type.descriptor.sql.BasicBinder@main] binding parameter [4] as [VARCHAR] - [$2a$05$rg6grAqE49kM9TdZFPJrBei.TCPgPixpF/iNX4RhZdVJNaqbiglEC] 
2022-03-15 19:47:12.518 TRACE [org.hibernate.type.descriptor.sql.BasicBinder@main] binding parameter [5] as [VARCHAR] - [inventor2] 
2022-03-15 19:47:12.518 TRACE [org.hibernate.type.descriptor.sql.BasicBinder@main] binding parameter [6] as [INTEGER] - [3] 
2022-03-15 19:47:12.519 DEBUG [org.hibernate.SQL@main] insert into user_account (version, enabled, identity, password, username, id) values (?, ?, ?, ?, ?, ?) 
2022-03-15 19:47:12.519 TRACE [org.hibernate.type.descriptor.sql.BasicBinder@main] binding parameter [1] as [INTEGER] - [0] 
2022-03-15 19:47:12.520 TRACE [org.hibernate.type.descriptor.sql.BasicBinder@main] binding parameter [2] as [BOOLEAN] - [true] 
2022-03-15 19:47:12.520 TRACE [org.hibernate.type.descriptor.sql.BasicBinder@main] binding parameter [3] as [BLOB] - [DefaultUserIdentity(name=Patron, surname=Number Two, email=patron2@acme.com)] 
2022-03-15 19:47:12.520 TRACE [org.hibernate.type.descriptor.sql.BasicBinder@main] binding parameter [4] as [VARCHAR] - [$2a$05$Rg.A45sYbMOzl/cjRwSENOkYywrITxUR9R0RokaIaoTfzRW3YAgU2] 
2022-03-15 19:47:12.520 TRACE [org.hibernate.type.descriptor.sql.BasicBinder@main] binding parameter [5] as [VARCHAR] - [patron2] 
2022-03-15 19:47:12.520 TRACE [org.hibernate.type.descriptor.sql.BasicBinder@main] binding parameter [6] as [INTEGER] - [4] 
2022-03-15 19:47:12.621 DEBUG [org.hibernate.SQL@main] insert into user_account (version, enabled, identity, password, username, id) values (?, ?, ?, ?, ?, ?) 
2022-03-15 19:47:12.623 TRACE [org.hibernate.type.descriptor.sql.BasicBinder@main] binding parameter [1] as [INTEGER] - [0] 
2022-03-15 19:47:12.624 TRACE [org.hibernate.type.descriptor.sql.BasicBinder@main] binding parameter [2] as [BOOLEAN] - [true] 
2022-03-15 19:47:12.624 TRACE [org.hibernate.type.descriptor.sql.BasicBinder@main] binding parameter [3] as [BLOB] - [DefaultUserIdentity(name=Administrator, surname=Acme, email=administrator@acme.com)] 
2022-03-15 19:47:12.624 TRACE [org.hibernate.type.descriptor.sql.BasicBinder@main] binding parameter [4] as [VARCHAR] - [$2a$05$UPdXTAqEPWi1yZfuSY58deT..hKz8ljQVYw9MuEX4ygxF3.9FZA3O] 
2022-03-15 19:47:12.624 TRACE [org.hibernate.type.descriptor.sql.BasicBinder@main] binding parameter [5] as [VARCHAR] - [administrator] 
2022-03-15 19:47:12.625 TRACE [org.hibernate.type.descriptor.sql.BasicBinder@main] binding parameter [6] as [INTEGER] - [5] 
2022-03-15 19:47:12.631 DEBUG [org.hibernate.SQL@main] insert into user_account (version, enabled, identity, password, username, id) values (?, ?, ?, ?, ?, ?) 
2022-03-15 19:47:12.632 TRACE [org.hibernate.type.descriptor.sql.BasicBinder@main] binding parameter [1] as [INTEGER] - [0] 
2022-03-15 19:47:12.632 TRACE [org.hibernate.type.descriptor.sql.BasicBinder@main] binding parameter [2] as [BOOLEAN] - [true] 
2022-03-15 19:47:12.632 TRACE [org.hibernate.type.descriptor.sql.BasicBinder@main] binding parameter [3] as [BLOB] - [DefaultUserIdentity(name=Inventor, surname=Number One, email=inventor1@acme.com)] 
2022-03-15 19:47:12.632 TRACE [org.hibernate.type.descriptor.sql.BasicBinder@main] binding parameter [4] as [VARCHAR] - [$2a$05$zlfkFC/rnE5adwBV77Itt.X.MDs8ztzoEUgggsqLyHcMF.Cutg9Ye] 
2022-03-15 19:47:12.633 TRACE [org.hibernate.type.descriptor.sql.BasicBinder@main] binding parameter [5] as [VARCHAR] - [inventor1] 
2022-03-15 19:47:12.633 TRACE [org.hibernate.type.descriptor.sql.BasicBinder@main] binding parameter [6] as [INTEGER] - [6] 
2022-03-15 19:47:12.637 DEBUG [org.hibernate.SQL@main] insert into inventor (version, user_account_id, company, link, statement, id) values (?, ?, ?, ?, ?, ?) 
2022-03-15 19:47:12.637 TRACE [org.hibernate.type.descriptor.sql.BasicBinder@main] binding parameter [1] as [INTEGER] - [0] 
2022-03-15 19:47:12.638 TRACE [org.hibernate.type.descriptor.sql.BasicBinder@main] binding parameter [2] as [INTEGER] - [3] 
2022-03-15 19:47:12.638 TRACE [org.hibernate.type.descriptor.sql.BasicBinder@main] binding parameter [3] as [VARCHAR] - [Acme Logic, Inc.] 
2022-03-15 19:47:12.639 TRACE [org.hibernate.type.descriptor.sql.BasicBinder@main] binding parameter [4] as [VARCHAR] - [https://en.wikipedia.org/wiki/Idea] 
2022-03-15 19:47:12.640 TRACE [org.hibernate.type.descriptor.sql.BasicBinder@main] binding parameter [5] as [VARCHAR] - [Spread ideas.] 
2022-03-15 19:47:12.641 TRACE [org.hibernate.type.descriptor.sql.BasicBinder@main] binding parameter [6] as [INTEGER] - [7] 
2022-03-15 19:47:12.647 DEBUG [org.hibernate.SQL@main] insert into inventor (version, user_account_id, company, link, statement, id) values (?, ?, ?, ?, ?, ?) 
2022-03-15 19:47:12.647 TRACE [org.hibernate.type.descriptor.sql.BasicBinder@main] binding parameter [1] as [INTEGER] - [0] 
2022-03-15 19:47:12.647 TRACE [org.hibernate.type.descriptor.sql.BasicBinder@main] binding parameter [2] as [INTEGER] - [6] 
2022-03-15 19:47:12.647 TRACE [org.hibernate.type.descriptor.sql.BasicBinder@main] binding parameter [3] as [VARCHAR] - [Acme Ecologic, Inc.] 
2022-03-15 19:47:12.647 TRACE [org.hibernate.type.descriptor.sql.BasicBinder@main] binding parameter [4] as [VARCHAR] - [https://en.wikipedia.org/wiki/Ecology] 
2022-03-15 19:47:12.647 TRACE [org.hibernate.type.descriptor.sql.BasicBinder@main] binding parameter [5] as [VARCHAR] - [To accelerate the world's transition to sustainable energy.] 
2022-03-15 19:47:12.648 TRACE [org.hibernate.type.descriptor.sql.BasicBinder@main] binding parameter [6] as [INTEGER] - [8] 
2022-03-15 19:47:12.649 DEBUG [org.hibernate.SQL@main] insert into administrator (version, user_account_id, id) values (?, ?, ?) 
2022-03-15 19:47:12.650 TRACE [org.hibernate.type.descriptor.sql.BasicBinder@main] binding parameter [1] as [INTEGER] - [0] 
2022-03-15 19:47:12.650 TRACE [org.hibernate.type.descriptor.sql.BasicBinder@main] binding parameter [2] as [INTEGER] - [5] 
2022-03-15 19:47:12.650 TRACE [org.hibernate.type.descriptor.sql.BasicBinder@main] binding parameter [3] as [INTEGER] - [9] 
2022-03-15 19:47:12.656 DEBUG [org.hibernate.SQL@main] insert into patron (version, user_account_id, company, link, statement, id) values (?, ?, ?, ?, ?, ?) 
2022-03-15 19:47:12.657 TRACE [org.hibernate.type.descriptor.sql.BasicBinder@main] binding parameter [1] as [INTEGER] - [0] 
2022-03-15 19:47:12.657 TRACE [org.hibernate.type.descriptor.sql.BasicBinder@main] binding parameter [2] as [INTEGER] - [2] 
2022-03-15 19:47:12.657 TRACE [org.hibernate.type.descriptor.sql.BasicBinder@main] binding parameter [3] as [VARCHAR] - [Acme Ecologic, Inc.] 
2022-03-15 19:47:12.657 TRACE [org.hibernate.type.descriptor.sql.BasicBinder@main] binding parameter [4] as [VARCHAR] - [https://en.wikipedia.org/wiki/Ecology] 
2022-03-15 19:47:12.657 TRACE [org.hibernate.type.descriptor.sql.BasicBinder@main] binding parameter [5] as [VARCHAR] - [To accelerate the world's transition to sustainable energy.] 
2022-03-15 19:47:12.657 TRACE [org.hibernate.type.descriptor.sql.BasicBinder@main] binding parameter [6] as [INTEGER] - [10] 
2022-03-15 19:47:12.672 DEBUG [org.hibernate.SQL@main] insert into patron (version, user_account_id, company, link, statement, id) values (?, ?, ?, ?, ?, ?) 
2022-03-15 19:47:12.673 TRACE [org.hibernate.type.descriptor.sql.BasicBinder@main] binding parameter [1] as [INTEGER] - [0] 
2022-03-15 19:47:12.673 TRACE [org.hibernate.type.descriptor.sql.BasicBinder@main] binding parameter [2] as [INTEGER] - [4] 
2022-03-15 19:47:12.673 TRACE [org.hibernate.type.descriptor.sql.BasicBinder@main] binding parameter [3] as [VARCHAR] - [Acme Logic, Inc.] 
2022-03-15 19:47:12.673 TRACE [org.hibernate.type.descriptor.sql.BasicBinder@main] binding parameter [4] as [VARCHAR] - [https://en.wikipedia.org/wiki/Idea] 
2022-03-15 19:47:12.673 TRACE [org.hibernate.type.descriptor.sql.BasicBinder@main] binding parameter [5] as [VARCHAR] - [Spread ideas.] 
2022-03-15 19:47:12.674 TRACE [org.hibernate.type.descriptor.sql.BasicBinder@main] binding parameter [6] as [INTEGER] - [11] 
2022-03-15 19:47:12.683 DEBUG [org.hibernate.SQL@main] insert into patronage (version, budget_amount, budget_currency, code, end_period, inventor_id, legal_stuff, link, patron_id, start_period, status, id) values (?, ?, ?, ?, ?, ?, ?, ?, ?, ?, ?, ?) 
2022-03-15 19:47:12.685 TRACE [org.hibernate.type.descriptor.sql.BasicBinder@main] binding parameter [1] as [INTEGER] - [0] 
2022-03-15 19:47:12.689 TRACE [org.hibernate.type.descriptor.sql.BasicBinder@main] binding parameter [2] as [DOUBLE] - [10000.0] 
2022-03-15 19:47:12.689 TRACE [org.hibernate.type.descriptor.sql.BasicBinder@main] binding parameter [3] as [VARCHAR] - [EUR] 
2022-03-15 19:47:12.689 TRACE [org.hibernate.type.descriptor.sql.BasicBinder@main] binding parameter [4] as [VARCHAR] - [ABC-123-A] 
2022-03-15 19:47:12.691 TRACE [org.hibernate.type.descriptor.sql.BasicBinder@main] binding parameter [5] as [TIMESTAMP] - [Fri Mar 01 00:00:00 CET 2024] 
2022-03-15 19:47:12.701 TRACE [org.hibernate.type.descriptor.sql.BasicBinder@main] binding parameter [6] as [INTEGER] - [8] 
2022-03-15 19:47:12.701 TRACE [org.hibernate.type.descriptor.sql.BasicBinder@main] binding parameter [7] as [VARCHAR] - [Nueva funcionalidad de Twitch] 
2022-03-15 19:47:12.701 TRACE [org.hibernate.type.descriptor.sql.BasicBinder@main] binding parameter [8] as [VARCHAR] - [https://www.twitch.tv] 
2022-03-15 19:47:12.701 TRACE [org.hibernate.type.descriptor.sql.BasicBinder@main] binding parameter [9] as [INTEGER] - [10] 
2022-03-15 19:47:12.701 TRACE [org.hibernate.type.descriptor.sql.BasicBinder@main] binding parameter [10] as [TIMESTAMP] - [Mon Jan 01 00:00:00 CET 2024] 
2022-03-15 19:47:12.702 TRACE [org.hibernate.type.descriptor.sql.BasicBinder@main] binding parameter [11] as [INTEGER] - [1] 
2022-03-15 19:47:12.702 TRACE [org.hibernate.type.descriptor.sql.BasicBinder@main] binding parameter [12] as [INTEGER] - [12] 
2022-03-15 19:47:12.755 DEBUG [org.hibernate.SQL@main] insert into patronage (version, budget_amount, budget_currency, code, end_period, inventor_id, legal_stuff, link, patron_id, start_period, status, id) values (?, ?, ?, ?, ?, ?, ?, ?, ?, ?, ?, ?) 
2022-03-15 19:47:12.757 TRACE [org.hibernate.type.descriptor.sql.BasicBinder@main] binding parameter [1] as [INTEGER] - [0] 
2022-03-15 19:47:12.758 TRACE [org.hibernate.type.descriptor.sql.BasicBinder@main] binding parameter [2] as [DOUBLE] - [15000.0] 
2022-03-15 19:47:12.758 TRACE [org.hibernate.type.descriptor.sql.BasicBinder@main] binding parameter [3] as [VARCHAR] - [EUR] 
2022-03-15 19:47:12.758 TRACE [org.hibernate.type.descriptor.sql.BasicBinder@main] binding parameter [4] as [VARCHAR] - [ABC-123-B] 
2022-03-15 19:47:12.759 TRACE [org.hibernate.type.descriptor.sql.BasicBinder@main] binding parameter [5] as [TIMESTAMP] - [Fri Mar 01 00:00:00 CET 2024] 
2022-03-15 19:47:12.759 TRACE [org.hibernate.type.descriptor.sql.BasicBinder@main] binding parameter [6] as [INTEGER] - [7] 
2022-03-15 19:47:12.759 TRACE [org.hibernate.type.descriptor.sql.BasicBinder@main] binding parameter [7] as [VARCHAR] - [Segunda nueva funcionalidad de Twitch] 
2022-03-15 19:47:12.759 TRACE [org.hibernate.type.descriptor.sql.BasicBinder@main] binding parameter [8] as [VARCHAR] - [https://www.twitch.tv] 
2022-03-15 19:47:12.759 TRACE [org.hibernate.type.descriptor.sql.BasicBinder@main] binding parameter [9] as [INTEGER] - [10] 
2022-03-15 19:47:12.759 TRACE [org.hibernate.type.descriptor.sql.BasicBinder@main] binding parameter [10] as [TIMESTAMP] - [Mon Jan 01 00:00:00 CET 2024] 
2022-03-15 19:47:12.760 TRACE [org.hibernate.type.descriptor.sql.BasicBinder@main] binding parameter [11] as [INTEGER] - [1] 
2022-03-15 19:47:12.760 TRACE [org.hibernate.type.descriptor.sql.BasicBinder@main] binding parameter [12] as [INTEGER] - [13] 
2022-03-15 19:47:12.766 DEBUG [org.hibernate.SQL@main] insert into patronage (version, budget_amount, budget_currency, code, end_period, inventor_id, legal_stuff, link, patron_id, start_period, status, id) values (?, ?, ?, ?, ?, ?, ?, ?, ?, ?, ?, ?) 
2022-03-15 19:47:12.767 TRACE [org.hibernate.type.descriptor.sql.BasicBinder@main] binding parameter [1] as [INTEGER] - [0] 
2022-03-15 19:47:12.767 TRACE [org.hibernate.type.descriptor.sql.BasicBinder@main] binding parameter [2] as [DOUBLE] - [20000.0] 
2022-03-15 19:47:12.767 TRACE [org.hibernate.type.descriptor.sql.BasicBinder@main] binding parameter [3] as [VARCHAR] - [EUR] 
2022-03-15 19:47:12.767 TRACE [org.hibernate.type.descriptor.sql.BasicBinder@main] binding parameter [4] as [VARCHAR] - [ABC-123-C] 
2022-03-15 19:47:12.767 TRACE [org.hibernate.type.descriptor.sql.BasicBinder@main] binding parameter [5] as [TIMESTAMP] - [Fri Mar 01 00:00:00 CET 2024] 
2022-03-15 19:47:12.769 TRACE [org.hibernate.type.descriptor.sql.BasicBinder@main] binding parameter [6] as [INTEGER] - [8] 
2022-03-15 19:47:12.769 TRACE [org.hibernate.type.descriptor.sql.BasicBinder@main] binding parameter [7] as [VARCHAR] - [Tercera nueva funcionalidad de Twitch] 
2022-03-15 19:47:12.769 TRACE [org.hibernate.type.descriptor.sql.BasicBinder@main] binding parameter [8] as [VARCHAR] - [https://www.twitch.tv] 
2022-03-15 19:47:12.770 TRACE [org.hibernate.type.descriptor.sql.BasicBinder@main] binding parameter [9] as [INTEGER] - [11] 
2022-03-15 19:47:12.770 TRACE [org.hibernate.type.descriptor.sql.BasicBinder@main] binding parameter [10] as [TIMESTAMP] - [Mon Jan 01 00:00:00 CET 2024] 
2022-03-15 19:47:12.770 TRACE [org.hibernate.type.descriptor.sql.BasicBinder@main] binding parameter [11] as [INTEGER] - [1] 
2022-03-15 19:47:12.770 TRACE [org.hibernate.type.descriptor.sql.BasicBinder@main] binding parameter [12] as [INTEGER] - [14] 
2022-03-15 19:47:12.772 DEBUG [org.hibernate.SQL@main] insert into patronage_report (version, creation_moment, link, memorandum, patronage_id, sequence_number, id) values (?, ?, ?, ?, ?, ?, ?) 
2022-03-15 19:47:12.773 TRACE [org.hibernate.type.descriptor.sql.BasicBinder@main] binding parameter [1] as [INTEGER] - [0] 
2022-03-15 19:47:12.773 TRACE [org.hibernate.type.descriptor.sql.BasicBinder@main] binding parameter [2] as [TIMESTAMP] - [Tue Feb 01 00:00:00 CET 2022] 
2022-03-15 19:47:12.774 TRACE [org.hibernate.type.descriptor.sql.BasicBinder@main] binding parameter [3] as [VARCHAR] - [https://www.twitch.tv] 
2022-03-15 19:47:12.774 TRACE [org.hibernate.type.descriptor.sql.BasicBinder@main] binding parameter [4] as [VARCHAR] - [Comienzo de las negociaciones] 
2022-03-15 19:47:12.774 TRACE [org.hibernate.type.descriptor.sql.BasicBinder@main] binding parameter [5] as [INTEGER] - [12] 
2022-03-15 19:47:12.775 TRACE [org.hibernate.type.descriptor.sql.BasicBinder@main] binding parameter [6] as [VARCHAR] - [ABC-123-A:0001] 
2022-03-15 19:47:12.775 TRACE [org.hibernate.type.descriptor.sql.BasicBinder@main] binding parameter [7] as [INTEGER] - [15] 
2022-03-15 19:47:12.779 DEBUG [org.hibernate.SQL@main] insert into patronage_report (version, creation_moment, link, memorandum, patronage_id, sequence_number, id) values (?, ?, ?, ?, ?, ?, ?) 
2022-03-15 19:47:12.779 TRACE [org.hibernate.type.descriptor.sql.BasicBinder@main] binding parameter [1] as [INTEGER] - [0] 
2022-03-15 19:47:12.779 TRACE [org.hibernate.type.descriptor.sql.BasicBinder@main] binding parameter [2] as [TIMESTAMP] - [Tue Feb 01 00:05:00 CET 2022] 
2022-03-15 19:47:12.780 TRACE [org.hibernate.type.descriptor.sql.BasicBinder@main] binding parameter [3] as [VARCHAR] - [https://www.twitch.tv] 
2022-03-15 19:47:12.780 TRACE [org.hibernate.type.descriptor.sql.BasicBinder@main] binding parameter [4] as [VARCHAR] - [Acuerdos puestos sobre la mesa] 
2022-03-15 19:47:12.780 TRACE [org.hibernate.type.descriptor.sql.BasicBinder@main] binding parameter [5] as [INTEGER] - [13] 
2022-03-15 19:47:12.780 TRACE [org.hibernate.type.descriptor.sql.BasicBinder@main] binding parameter [6] as [VARCHAR] - [ABC-123-A:0002] 
2022-03-15 19:47:12.780 TRACE [org.hibernate.type.descriptor.sql.BasicBinder@main] binding parameter [7] as [INTEGER] - [16] 
2022-03-15 19:47:12.781 DEBUG [org.hibernate.SQL@main] insert into patronage_report (version, creation_moment, link, memorandum, patronage_id, sequence_number, id) values (?, ?, ?, ?, ?, ?, ?) 
2022-03-15 19:47:12.782 TRACE [org.hibernate.type.descriptor.sql.BasicBinder@main] binding parameter [1] as [INTEGER] - [0] 
2022-03-15 19:47:12.782 TRACE [org.hibernate.type.descriptor.sql.BasicBinder@main] binding parameter [2] as [TIMESTAMP] - [Tue Feb 01 00:10:00 CET 2022] 
2022-03-15 19:47:12.782 TRACE [org.hibernate.type.descriptor.sql.BasicBinder@main] binding parameter [3] as [VARCHAR] - [https://www.twitch.tv] 
2022-03-15 19:47:12.782 TRACE [org.hibernate.type.descriptor.sql.BasicBinder@main] binding parameter [4] as [VARCHAR] - [Cierre de la negociación] 
2022-03-15 19:47:12.783 TRACE [org.hibernate.type.descriptor.sql.BasicBinder@main] binding parameter [5] as [INTEGER] - [14] 
2022-03-15 19:47:12.783 TRACE [org.hibernate.type.descriptor.sql.BasicBinder@main] binding parameter [6] as [VARCHAR] - [ABC-123-A:0003] 
2022-03-15 19:47:12.783 TRACE [org.hibernate.type.descriptor.sql.BasicBinder@main] binding parameter [7] as [INTEGER] - [17] 
2022-03-15 19:47:12.783 DEBUG [org.hibernate.SQL@main] insert into authenticated (version, user_account_id, id) values (?, ?, ?) 
2022-03-15 19:47:12.784 TRACE [org.hibernate.type.descriptor.sql.BasicBinder@main] binding parameter [1] as [INTEGER] - [0] 
2022-03-15 19:47:12.784 TRACE [org.hibernate.type.descriptor.sql.BasicBinder@main] binding parameter [2] as [INTEGER] - [2] 
2022-03-15 19:47:12.784 TRACE [org.hibernate.type.descriptor.sql.BasicBinder@main] binding parameter [3] as [INTEGER] - [18] 
2022-03-15 19:47:12.788 DEBUG [org.hibernate.SQL@main] insert into authenticated (version, user_account_id, id) values (?, ?, ?) 
2022-03-15 19:47:12.789 TRACE [org.hibernate.type.descriptor.sql.BasicBinder@main] binding parameter [1] as [INTEGER] - [0] 
2022-03-15 19:47:12.790 TRACE [org.hibernate.type.descriptor.sql.BasicBinder@main] binding parameter [2] as [INTEGER] - [3] 
2022-03-15 19:47:12.790 TRACE [org.hibernate.type.descriptor.sql.BasicBinder@main] binding parameter [3] as [INTEGER] - [19] 
2022-03-15 19:47:12.791 DEBUG [org.hibernate.SQL@main] insert into authenticated (version, user_account_id, id) values (?, ?, ?) 
2022-03-15 19:47:12.792 TRACE [org.hibernate.type.descriptor.sql.BasicBinder@main] binding parameter [1] as [INTEGER] - [0] 
2022-03-15 19:47:12.792 TRACE [org.hibernate.type.descriptor.sql.BasicBinder@main] binding parameter [2] as [INTEGER] - [4] 
2022-03-15 19:47:12.792 TRACE [org.hibernate.type.descriptor.sql.BasicBinder@main] binding parameter [3] as [INTEGER] - [20] 
2022-03-15 19:47:12.793 DEBUG [org.hibernate.SQL@main] insert into authenticated (version, user_account_id, id) values (?, ?, ?) 
2022-03-15 19:47:12.794 TRACE [org.hibernate.type.descriptor.sql.BasicBinder@main] binding parameter [1] as [INTEGER] - [0] 
2022-03-15 19:47:12.794 TRACE [org.hibernate.type.descriptor.sql.BasicBinder@main] binding parameter [2] as [INTEGER] - [6] 
2022-03-15 19:47:12.794 TRACE [org.hibernate.type.descriptor.sql.BasicBinder@main] binding parameter [3] as [INTEGER] - [21] 
2022-03-15 19:47:12.795 DEBUG [org.hibernate.SQL@main] insert into authenticated (version, user_account_id, id) values (?, ?, ?) 
2022-03-15 19:47:12.795 TRACE [org.hibernate.type.descriptor.sql.BasicBinder@main] binding parameter [1] as [INTEGER] - [0] 
2022-03-15 19:47:12.795 TRACE [org.hibernate.type.descriptor.sql.BasicBinder@main] binding parameter [2] as [INTEGER] - [5] 
2022-03-15 19:47:12.795 TRACE [org.hibernate.type.descriptor.sql.BasicBinder@main] binding parameter [3] as [INTEGER] - [22] 
2022-03-15 19:47:12.796 DEBUG [org.hibernate.SQL@main] insert into anonymous (version, user_account_id, id) values (?, ?, ?) 
2022-03-15 19:47:12.796 TRACE [org.hibernate.type.descriptor.sql.BasicBinder@main] binding parameter [1] as [INTEGER] - [0] 
2022-03-15 19:47:12.797 TRACE [org.hibernate.type.descriptor.sql.BasicBinder@main] binding parameter [2] as [INTEGER] - [1] 
2022-03-15 19:47:12.797 TRACE [org.hibernate.type.descriptor.sql.BasicBinder@main] binding parameter [3] as [INTEGER] - [23] 
2022-03-15 19:47:12.800 DEBUG [org.hibernate.SQL@main] insert into provider (version, user_account_id, company, sector, id) values (?, ?, ?, ?, ?) 
2022-03-15 19:47:12.801 TRACE [org.hibernate.type.descriptor.sql.BasicBinder@main] binding parameter [1] as [INTEGER] - [0] 
2022-03-15 19:47:12.801 TRACE [org.hibernate.type.descriptor.sql.BasicBinder@main] binding parameter [2] as [INTEGER] - [5] 
2022-03-15 19:47:12.801 TRACE [org.hibernate.type.descriptor.sql.BasicBinder@main] binding parameter [3] as [VARCHAR] - [Terra Nets, S.A.] 
2022-03-15 19:47:12.801 TRACE [org.hibernate.type.descriptor.sql.BasicBinder@main] binding parameter [4] as [VARCHAR] - [Internet] 
2022-03-15 19:47:12.801 TRACE [org.hibernate.type.descriptor.sql.BasicBinder@main] binding parameter [5] as [INTEGER] - [24] 
2022-03-15 19:47:12.806 DEBUG [org.hibernate.SQL@main] insert into consumer (version, user_account_id, company, sector, id) values (?, ?, ?, ?, ?) 
2022-03-15 19:47:12.808 TRACE [org.hibernate.type.descriptor.sql.BasicBinder@main] binding parameter [1] as [INTEGER] - [0] 
2022-03-15 19:47:12.808 TRACE [org.hibernate.type.descriptor.sql.BasicBinder@main] binding parameter [2] as [INTEGER] - [5] 
2022-03-15 19:47:12.809 TRACE [org.hibernate.type.descriptor.sql.BasicBinder@main] binding parameter [3] as [VARCHAR] - [Macarena, Inc.] 
2022-03-15 19:47:12.809 TRACE [org.hibernate.type.descriptor.sql.BasicBinder@main] binding parameter [4] as [VARCHAR] - [Telecommunications] 
2022-03-15 19:47:12.809 TRACE [org.hibernate.type.descriptor.sql.BasicBinder@main] binding parameter [5] as [INTEGER] - [25] 
2022-03-15 19:47:14.692 INFO  [acme.framework.configuration.ShutdownConfiguration@main] The system is shutting down... 
2022-03-15 19:47:14.749 DEBUG [acme.Launcher@main] Exit code = 0 
